ARM GAS  C:\Users\Rob\AppData\Local\Temp\cc2kM6nt.s 			page 1


   1              		.cpu cortex-m0
   2              		.fpu softvfp
   3              		.eabi_attribute 20, 1
   4              		.eabi_attribute 21, 1
   5              		.eabi_attribute 23, 3
   6              		.eabi_attribute 24, 1
   7              		.eabi_attribute 25, 1
   8              		.eabi_attribute 26, 1
   9              		.eabi_attribute 30, 2
  10              		.eabi_attribute 18, 4
  11              		.code	16
  12              		.file	"board.c"
  13              		.text
  14              	.Ltext0:
  15              		.cfi_sections	.debug_frame
  16              		.section	.text.__early_init,"ax",%progbits
  17              		.align	2
  18              		.p2align 4,,15
  19              		.global	__early_init
  20              		.code	16
  21              		.thumb_func
  22              		.type	__early_init, %function
  23              	__early_init:
  24              	.LFB40:
  25              		.file 1 "../../boards/ST_STM32F0_DISCOVERY/board.c"
  26              		.loc 1 46 0
  27              		.cfi_startproc
  28 0000 08B5     		push	{r3, lr}
  29              	.LCFI0:
  30              		.cfi_def_cfa_offset 8
  31              		.cfi_offset 3, -8
  32              		.cfi_offset 14, -4
  33              		.loc 1 48 0
  34 0002 FFF7FEFF 		bl	stm32_clock_init
  35              		.loc 1 49 0
  36              		@ sp needed for prologue
  37 0006 08BD     		pop	{r3, pc}
  38              		.cfi_endproc
  39              	.LFE40:
  40              		.size	__early_init, .-__early_init
  41 0008 C046C046 		.section	.text.boardInit,"ax",%progbits
  41      C046C046 
  42              		.align	2
  43              		.p2align 4,,15
  44              		.global	boardInit
  45              		.code	16
  46              		.thumb_func
  47              		.type	boardInit, %function
  48              	boardInit:
  49              	.LFB41:
  50              		.loc 1 77 0
  51              		.cfi_startproc
  52              		.loc 1 78 0
  53              		@ sp needed for prologue
  54 0000 7047     		bx	lr
  55              		.cfi_endproc
  56              	.LFE41:
ARM GAS  C:\Users\Rob\AppData\Local\Temp\cc2kM6nt.s 			page 2


  57              		.size	boardInit, .-boardInit
  58              		.global	pal_default_config
  59 0002 C046C046 		.section	.rodata.pal_default_config,"a",%progbits
  59      C046C046 
  59      C046C046 
  59      C046
  60              		.align	2
  61              		.type	pal_default_config, %object
  62              		.size	pal_default_config, 140
  63              	pal_default_config:
  64 0000 00000028 		.word	671088640
  65 0004 00000000 		.word	0
  66 0008 000000FC 		.word	-67108864
  67 000c 54555565 		.word	1700091220
  68 0010 FFFF0000 		.word	65535
  69 0014 00000000 		.word	0
  70 0018 00000000 		.word	0
  71 001c 00000000 		.word	0
  72 0020 00000000 		.word	0
  73 0024 F0030000 		.word	1008
  74 0028 55555555 		.word	1431655765
  75 002c FFFF0000 		.word	65535
  76 0030 00000000 		.word	0
  77 0034 00000000 		.word	0
  78 0038 00000500 		.word	327680
  79 003c 00000000 		.word	0
  80 0040 00000FF0 		.word	-267452416
  81 0044 55555005 		.word	89150805
  82 0048 FFFC0000 		.word	64767
  83 004c 00000000 		.word	0
  84 0050 00000000 		.word	0
  85 0054 00000000 		.word	0
  86 0058 00000000 		.word	0
  87 005c 00000000 		.word	0
  88 0060 55555555 		.word	1431655765
  89 0064 FFFF0000 		.word	65535
  90 0068 00000000 		.word	0
  91 006c 00000000 		.word	0
  92 0070 00000000 		.word	0
  93 0074 00000000 		.word	0
  94 0078 00000000 		.word	0
  95 007c 50555555 		.word	1431655760
  96 0080 FFFF0000 		.word	65535
  97 0084 00000000 		.word	0
  98 0088 00000000 		.word	0
  99              		.text
 100              	.Letext0:
 101              		.file 2 "../../os/hal/platforms/STM32/GPIOv2/pal_lld.h"
 102              		.file 3 "c:/yagarto/lib/gcc/../../arm-none-eabi/sys-include/stdint.h"
 103              		.section	.debug_info,"",%progbits
 104              	.Ldebug_info0:
 105 0000 95010000 		.4byte	0x195
 106 0004 0200     		.2byte	0x2
 107 0006 00000000 		.4byte	.Ldebug_abbrev0
 108 000a 04       		.byte	0x4
 109 000b 01       		.uleb128 0x1
 110 000c A7000000 		.4byte	.LASF27
ARM GAS  C:\Users\Rob\AppData\Local\Temp\cc2kM6nt.s 			page 3


 111 0010 01       		.byte	0x1
 112 0011 18010000 		.4byte	.LASF28
 113 0015 16000000 		.4byte	.LASF29
 114 0019 00000000 		.4byte	0
 115 001d 00000000 		.4byte	0
 116 0021 00000000 		.4byte	.Ldebug_ranges0+0
 117 0025 00000000 		.4byte	.Ldebug_line0
 118 0029 02       		.uleb128 0x2
 119 002a 04       		.byte	0x4
 120 002b 05       		.byte	0x5
 121 002c 696E7400 		.ascii	"int\000"
 122 0030 03       		.uleb128 0x3
 123 0031 04       		.byte	0x4
 124 0032 07       		.byte	0x7
 125 0033 DD000000 		.4byte	.LASF0
 126 0037 03       		.uleb128 0x3
 127 0038 01       		.byte	0x1
 128 0039 06       		.byte	0x6
 129 003a 7E010000 		.4byte	.LASF1
 130 003e 03       		.uleb128 0x3
 131 003f 01       		.byte	0x1
 132 0040 08       		.byte	0x8
 133 0041 63000000 		.4byte	.LASF2
 134 0045 03       		.uleb128 0x3
 135 0046 02       		.byte	0x2
 136 0047 05       		.byte	0x5
 137 0048 55010000 		.4byte	.LASF3
 138 004c 03       		.uleb128 0x3
 139 004d 02       		.byte	0x2
 140 004e 07       		.byte	0x7
 141 004f 49000000 		.4byte	.LASF4
 142 0053 03       		.uleb128 0x3
 143 0054 04       		.byte	0x4
 144 0055 05       		.byte	0x5
 145 0056 6F010000 		.4byte	.LASF5
 146 005a 04       		.uleb128 0x4
 147 005b 66010000 		.4byte	.LASF17
 148 005f 03       		.byte	0x3
 149 0060 50       		.byte	0x50
 150 0061 65000000 		.4byte	0x65
 151 0065 03       		.uleb128 0x3
 152 0066 04       		.byte	0x4
 153 0067 07       		.byte	0x7
 154 0068 8B000000 		.4byte	.LASF6
 155 006c 03       		.uleb128 0x3
 156 006d 08       		.byte	0x8
 157 006e 05       		.byte	0x5
 158 006f 42010000 		.4byte	.LASF7
 159 0073 03       		.uleb128 0x3
 160 0074 08       		.byte	0x8
 161 0075 07       		.byte	0x7
 162 0076 EA000000 		.4byte	.LASF8
 163 007a 03       		.uleb128 0x3
 164 007b 01       		.byte	0x1
 165 007c 02       		.byte	0x2
 166 007d 8A010000 		.4byte	.LASF9
 167 0081 03       		.uleb128 0x3
ARM GAS  C:\Users\Rob\AppData\Local\Temp\cc2kM6nt.s 			page 4


 168 0082 01       		.byte	0x1
 169 0083 08       		.byte	0x8
 170 0084 50010000 		.4byte	.LASF10
 171 0088 05       		.uleb128 0x5
 172 0089 1C       		.byte	0x1c
 173 008a 02       		.byte	0x2
 174 008b A3       		.byte	0xa3
 175 008c F3000000 		.4byte	0xf3
 176 0090 06       		.uleb128 0x6
 177 0091 78010000 		.4byte	.LASF11
 178 0095 02       		.byte	0x2
 179 0096 A5       		.byte	0xa5
 180 0097 5A000000 		.4byte	0x5a
 181 009b 02       		.byte	0x2
 182 009c 23       		.byte	0x23
 183 009d 00       		.uleb128 0
 184 009e 06       		.uleb128 0x6
 185 009f 5C000000 		.4byte	.LASF12
 186 00a3 02       		.byte	0x2
 187 00a4 A7       		.byte	0xa7
 188 00a5 5A000000 		.4byte	0x5a
 189 00a9 02       		.byte	0x2
 190 00aa 23       		.byte	0x23
 191 00ab 04       		.uleb128 0x4
 192 00ac 06       		.uleb128 0x6
 193 00ad 07000000 		.4byte	.LASF13
 194 00b1 02       		.byte	0x2
 195 00b2 A9       		.byte	0xa9
 196 00b3 5A000000 		.4byte	0x5a
 197 00b7 02       		.byte	0x2
 198 00b8 23       		.byte	0x23
 199 00b9 08       		.uleb128 0x8
 200 00ba 06       		.uleb128 0x6
 201 00bb D0000000 		.4byte	.LASF14
 202 00bf 02       		.byte	0x2
 203 00c0 AB       		.byte	0xab
 204 00c1 5A000000 		.4byte	0x5a
 205 00c5 02       		.byte	0x2
 206 00c6 23       		.byte	0x23
 207 00c7 0C       		.uleb128 0xc
 208 00c8 07       		.uleb128 0x7
 209 00c9 6F647200 		.ascii	"odr\000"
 210 00cd 02       		.byte	0x2
 211 00ce AD       		.byte	0xad
 212 00cf 5A000000 		.4byte	0x5a
 213 00d3 02       		.byte	0x2
 214 00d4 23       		.byte	0x23
 215 00d5 10       		.uleb128 0x10
 216 00d6 06       		.uleb128 0x6
 217 00d7 A2000000 		.4byte	.LASF15
 218 00db 02       		.byte	0x2
 219 00dc AF       		.byte	0xaf
 220 00dd 5A000000 		.4byte	0x5a
 221 00e1 02       		.byte	0x2
 222 00e2 23       		.byte	0x23
 223 00e3 14       		.uleb128 0x14
 224 00e4 06       		.uleb128 0x6
ARM GAS  C:\Users\Rob\AppData\Local\Temp\cc2kM6nt.s 			page 5


 225 00e5 9D000000 		.4byte	.LASF16
 226 00e9 02       		.byte	0x2
 227 00ea B1       		.byte	0xb1
 228 00eb 5A000000 		.4byte	0x5a
 229 00ef 02       		.byte	0x2
 230 00f0 23       		.byte	0x23
 231 00f1 18       		.uleb128 0x18
 232 00f2 00       		.byte	0
 233 00f3 04       		.uleb128 0x4
 234 00f4 71000000 		.4byte	.LASF18
 235 00f8 02       		.byte	0x2
 236 00f9 B2       		.byte	0xb2
 237 00fa 88000000 		.4byte	0x88
 238 00fe 05       		.uleb128 0x5
 239 00ff 8C       		.byte	0x8c
 240 0100 02       		.byte	0x2
 241 0101 BB       		.byte	0xbb
 242 0102 4D010000 		.4byte	0x14d
 243 0106 06       		.uleb128 0x6
 244 0107 84000000 		.4byte	.LASF19
 245 010b 02       		.byte	0x2
 246 010c BD       		.byte	0xbd
 247 010d F3000000 		.4byte	0xf3
 248 0111 02       		.byte	0x2
 249 0112 23       		.byte	0x23
 250 0113 00       		.uleb128 0
 251 0114 06       		.uleb128 0x6
 252 0115 0F000000 		.4byte	.LASF20
 253 0119 02       		.byte	0x2
 254 011a BF       		.byte	0xbf
 255 011b F3000000 		.4byte	0xf3
 256 011f 02       		.byte	0x2
 257 0120 23       		.byte	0x23
 258 0121 1C       		.uleb128 0x1c
 259 0122 06       		.uleb128 0x6
 260 0123 5F010000 		.4byte	.LASF21
 261 0127 02       		.byte	0x2
 262 0128 C1       		.byte	0xc1
 263 0129 F3000000 		.4byte	0xf3
 264 012d 02       		.byte	0x2
 265 012e 23       		.byte	0x23
 266 012f 38       		.uleb128 0x38
 267 0130 06       		.uleb128 0x6
 268 0131 00000000 		.4byte	.LASF22
 269 0135 02       		.byte	0x2
 270 0136 C3       		.byte	0xc3
 271 0137 F3000000 		.4byte	0xf3
 272 013b 02       		.byte	0x2
 273 013c 23       		.byte	0x23
 274 013d 54       		.uleb128 0x54
 275 013e 06       		.uleb128 0x6
 276 013f D6000000 		.4byte	.LASF23
 277 0143 02       		.byte	0x2
 278 0144 CA       		.byte	0xca
 279 0145 F3000000 		.4byte	0xf3
 280 0149 02       		.byte	0x2
 281 014a 23       		.byte	0x23
ARM GAS  C:\Users\Rob\AppData\Local\Temp\cc2kM6nt.s 			page 6


 282 014b 70       		.uleb128 0x70
 283 014c 00       		.byte	0
 284 014d 04       		.uleb128 0x4
 285 014e B3000000 		.4byte	.LASF24
 286 0152 02       		.byte	0x2
 287 0153 D8       		.byte	0xd8
 288 0154 FE000000 		.4byte	0xfe
 289 0158 08       		.uleb128 0x8
 290 0159 01       		.byte	0x1
 291 015a 0B010000 		.4byte	.LASF25
 292 015e 01       		.byte	0x1
 293 015f 2E       		.byte	0x2e
 294 0160 01       		.byte	0x1
 295 0161 00000000 		.4byte	.LFB40
 296 0165 08000000 		.4byte	.LFE40
 297 0169 00000000 		.4byte	.LLST0
 298 016d 09       		.uleb128 0x9
 299 016e 01       		.byte	0x1
 300 016f 01010000 		.4byte	.LASF26
 301 0173 01       		.byte	0x1
 302 0174 4D       		.byte	0x4d
 303 0175 01       		.byte	0x1
 304 0176 00000000 		.4byte	.LFB41
 305 017a 02000000 		.4byte	.LFE41
 306 017e 02       		.byte	0x2
 307 017f 7D       		.byte	0x7d
 308 0180 00       		.sleb128 0
 309 0181 0A       		.uleb128 0xa
 310 0182 BD000000 		.4byte	.LASF30
 311 0186 01       		.byte	0x1
 312 0187 1A       		.byte	0x1a
 313 0188 93010000 		.4byte	0x193
 314 018c 01       		.byte	0x1
 315 018d 05       		.byte	0x5
 316 018e 03       		.byte	0x3
 317 018f 00000000 		.4byte	pal_default_config
 318 0193 0B       		.uleb128 0xb
 319 0194 4D010000 		.4byte	0x14d
 320 0198 00       		.byte	0
 321              		.section	.debug_abbrev,"",%progbits
 322              	.Ldebug_abbrev0:
 323 0000 01       		.uleb128 0x1
 324 0001 11       		.uleb128 0x11
 325 0002 01       		.byte	0x1
 326 0003 25       		.uleb128 0x25
 327 0004 0E       		.uleb128 0xe
 328 0005 13       		.uleb128 0x13
 329 0006 0B       		.uleb128 0xb
 330 0007 03       		.uleb128 0x3
 331 0008 0E       		.uleb128 0xe
 332 0009 1B       		.uleb128 0x1b
 333 000a 0E       		.uleb128 0xe
 334 000b 11       		.uleb128 0x11
 335 000c 01       		.uleb128 0x1
 336 000d 52       		.uleb128 0x52
 337 000e 01       		.uleb128 0x1
 338 000f 55       		.uleb128 0x55
ARM GAS  C:\Users\Rob\AppData\Local\Temp\cc2kM6nt.s 			page 7


 339 0010 06       		.uleb128 0x6
 340 0011 10       		.uleb128 0x10
 341 0012 06       		.uleb128 0x6
 342 0013 00       		.byte	0
 343 0014 00       		.byte	0
 344 0015 02       		.uleb128 0x2
 345 0016 24       		.uleb128 0x24
 346 0017 00       		.byte	0
 347 0018 0B       		.uleb128 0xb
 348 0019 0B       		.uleb128 0xb
 349 001a 3E       		.uleb128 0x3e
 350 001b 0B       		.uleb128 0xb
 351 001c 03       		.uleb128 0x3
 352 001d 08       		.uleb128 0x8
 353 001e 00       		.byte	0
 354 001f 00       		.byte	0
 355 0020 03       		.uleb128 0x3
 356 0021 24       		.uleb128 0x24
 357 0022 00       		.byte	0
 358 0023 0B       		.uleb128 0xb
 359 0024 0B       		.uleb128 0xb
 360 0025 3E       		.uleb128 0x3e
 361 0026 0B       		.uleb128 0xb
 362 0027 03       		.uleb128 0x3
 363 0028 0E       		.uleb128 0xe
 364 0029 00       		.byte	0
 365 002a 00       		.byte	0
 366 002b 04       		.uleb128 0x4
 367 002c 16       		.uleb128 0x16
 368 002d 00       		.byte	0
 369 002e 03       		.uleb128 0x3
 370 002f 0E       		.uleb128 0xe
 371 0030 3A       		.uleb128 0x3a
 372 0031 0B       		.uleb128 0xb
 373 0032 3B       		.uleb128 0x3b
 374 0033 0B       		.uleb128 0xb
 375 0034 49       		.uleb128 0x49
 376 0035 13       		.uleb128 0x13
 377 0036 00       		.byte	0
 378 0037 00       		.byte	0
 379 0038 05       		.uleb128 0x5
 380 0039 13       		.uleb128 0x13
 381 003a 01       		.byte	0x1
 382 003b 0B       		.uleb128 0xb
 383 003c 0B       		.uleb128 0xb
 384 003d 3A       		.uleb128 0x3a
 385 003e 0B       		.uleb128 0xb
 386 003f 3B       		.uleb128 0x3b
 387 0040 0B       		.uleb128 0xb
 388 0041 01       		.uleb128 0x1
 389 0042 13       		.uleb128 0x13
 390 0043 00       		.byte	0
 391 0044 00       		.byte	0
 392 0045 06       		.uleb128 0x6
 393 0046 0D       		.uleb128 0xd
 394 0047 00       		.byte	0
 395 0048 03       		.uleb128 0x3
ARM GAS  C:\Users\Rob\AppData\Local\Temp\cc2kM6nt.s 			page 8


 396 0049 0E       		.uleb128 0xe
 397 004a 3A       		.uleb128 0x3a
 398 004b 0B       		.uleb128 0xb
 399 004c 3B       		.uleb128 0x3b
 400 004d 0B       		.uleb128 0xb
 401 004e 49       		.uleb128 0x49
 402 004f 13       		.uleb128 0x13
 403 0050 38       		.uleb128 0x38
 404 0051 0A       		.uleb128 0xa
 405 0052 00       		.byte	0
 406 0053 00       		.byte	0
 407 0054 07       		.uleb128 0x7
 408 0055 0D       		.uleb128 0xd
 409 0056 00       		.byte	0
 410 0057 03       		.uleb128 0x3
 411 0058 08       		.uleb128 0x8
 412 0059 3A       		.uleb128 0x3a
 413 005a 0B       		.uleb128 0xb
 414 005b 3B       		.uleb128 0x3b
 415 005c 0B       		.uleb128 0xb
 416 005d 49       		.uleb128 0x49
 417 005e 13       		.uleb128 0x13
 418 005f 38       		.uleb128 0x38
 419 0060 0A       		.uleb128 0xa
 420 0061 00       		.byte	0
 421 0062 00       		.byte	0
 422 0063 08       		.uleb128 0x8
 423 0064 2E       		.uleb128 0x2e
 424 0065 00       		.byte	0
 425 0066 3F       		.uleb128 0x3f
 426 0067 0C       		.uleb128 0xc
 427 0068 03       		.uleb128 0x3
 428 0069 0E       		.uleb128 0xe
 429 006a 3A       		.uleb128 0x3a
 430 006b 0B       		.uleb128 0xb
 431 006c 3B       		.uleb128 0x3b
 432 006d 0B       		.uleb128 0xb
 433 006e 27       		.uleb128 0x27
 434 006f 0C       		.uleb128 0xc
 435 0070 11       		.uleb128 0x11
 436 0071 01       		.uleb128 0x1
 437 0072 12       		.uleb128 0x12
 438 0073 01       		.uleb128 0x1
 439 0074 40       		.uleb128 0x40
 440 0075 06       		.uleb128 0x6
 441 0076 00       		.byte	0
 442 0077 00       		.byte	0
 443 0078 09       		.uleb128 0x9
 444 0079 2E       		.uleb128 0x2e
 445 007a 00       		.byte	0
 446 007b 3F       		.uleb128 0x3f
 447 007c 0C       		.uleb128 0xc
 448 007d 03       		.uleb128 0x3
 449 007e 0E       		.uleb128 0xe
 450 007f 3A       		.uleb128 0x3a
 451 0080 0B       		.uleb128 0xb
 452 0081 3B       		.uleb128 0x3b
ARM GAS  C:\Users\Rob\AppData\Local\Temp\cc2kM6nt.s 			page 9


 453 0082 0B       		.uleb128 0xb
 454 0083 27       		.uleb128 0x27
 455 0084 0C       		.uleb128 0xc
 456 0085 11       		.uleb128 0x11
 457 0086 01       		.uleb128 0x1
 458 0087 12       		.uleb128 0x12
 459 0088 01       		.uleb128 0x1
 460 0089 40       		.uleb128 0x40
 461 008a 0A       		.uleb128 0xa
 462 008b 00       		.byte	0
 463 008c 00       		.byte	0
 464 008d 0A       		.uleb128 0xa
 465 008e 34       		.uleb128 0x34
 466 008f 00       		.byte	0
 467 0090 03       		.uleb128 0x3
 468 0091 0E       		.uleb128 0xe
 469 0092 3A       		.uleb128 0x3a
 470 0093 0B       		.uleb128 0xb
 471 0094 3B       		.uleb128 0x3b
 472 0095 0B       		.uleb128 0xb
 473 0096 49       		.uleb128 0x49
 474 0097 13       		.uleb128 0x13
 475 0098 3F       		.uleb128 0x3f
 476 0099 0C       		.uleb128 0xc
 477 009a 02       		.uleb128 0x2
 478 009b 0A       		.uleb128 0xa
 479 009c 00       		.byte	0
 480 009d 00       		.byte	0
 481 009e 0B       		.uleb128 0xb
 482 009f 26       		.uleb128 0x26
 483 00a0 00       		.byte	0
 484 00a1 49       		.uleb128 0x49
 485 00a2 13       		.uleb128 0x13
 486 00a3 00       		.byte	0
 487 00a4 00       		.byte	0
 488 00a5 00       		.byte	0
 489              		.section	.debug_loc,"",%progbits
 490              	.Ldebug_loc0:
 491              	.LLST0:
 492 0000 00000000 		.4byte	.LFB40
 493 0004 02000000 		.4byte	.LCFI0
 494 0008 0200     		.2byte	0x2
 495 000a 7D       		.byte	0x7d
 496 000b 00       		.sleb128 0
 497 000c 02000000 		.4byte	.LCFI0
 498 0010 08000000 		.4byte	.LFE40
 499 0014 0200     		.2byte	0x2
 500 0016 7D       		.byte	0x7d
 501 0017 08       		.sleb128 8
 502 0018 00000000 		.4byte	0
 503 001c 00000000 		.4byte	0
 504              		.section	.debug_aranges,"",%progbits
 505 0000 24000000 		.4byte	0x24
 506 0004 0200     		.2byte	0x2
 507 0006 00000000 		.4byte	.Ldebug_info0
 508 000a 04       		.byte	0x4
 509 000b 00       		.byte	0
ARM GAS  C:\Users\Rob\AppData\Local\Temp\cc2kM6nt.s 			page 10


 510 000c 0000     		.2byte	0
 511 000e 0000     		.2byte	0
 512 0010 00000000 		.4byte	.LFB40
 513 0014 08000000 		.4byte	.LFE40-.LFB40
 514 0018 00000000 		.4byte	.LFB41
 515 001c 02000000 		.4byte	.LFE41-.LFB41
 516 0020 00000000 		.4byte	0
 517 0024 00000000 		.4byte	0
 518              		.section	.debug_ranges,"",%progbits
 519              	.Ldebug_ranges0:
 520 0000 00000000 		.4byte	.LFB40
 521 0004 08000000 		.4byte	.LFE40
 522 0008 00000000 		.4byte	.LFB41
 523 000c 02000000 		.4byte	.LFE41
 524 0010 00000000 		.4byte	0
 525 0014 00000000 		.4byte	0
 526              		.section	.debug_line,"",%progbits
 527              	.Ldebug_line0:
 528 0000 D8000000 		.section	.debug_str,"MS",%progbits,1
 528      0200B000 
 528      00000201 
 528      FB0E0D00 
 528      01010101 
 529              	.LASF22:
 530 0000 50444461 		.ascii	"PDData\000"
 530      746100
 531              	.LASF13:
 532 0007 6F737065 		.ascii	"ospeedr\000"
 532      65647200 
 533              	.LASF20:
 534 000f 50424461 		.ascii	"PBData\000"
 534      746100
 535              	.LASF29:
 536 0016 433A5C55 		.ascii	"C:\\Users\\Rob\\Projects\\ECE411Practicum\\src\\vir"
 536      73657273 
 536      5C526F62 
 536      5C50726F 
 536      6A656374 
 537 0043 756C656E 		.ascii	"ulent\000"
 537      7400
 538              	.LASF4:
 539 0049 73686F72 		.ascii	"short unsigned int\000"
 539      7420756E 
 539      7369676E 
 539      65642069 
 539      6E7400
 540              	.LASF12:
 541 005c 6F747970 		.ascii	"otyper\000"
 541      657200
 542              	.LASF2:
 543 0063 756E7369 		.ascii	"unsigned char\000"
 543      676E6564 
 543      20636861 
 543      7200
 544              	.LASF18:
 545 0071 73746D33 		.ascii	"stm32_gpio_setup_t\000"
 545      325F6770 
ARM GAS  C:\Users\Rob\AppData\Local\Temp\cc2kM6nt.s 			page 11


 545      696F5F73 
 545      65747570 
 545      5F7400
 546              	.LASF19:
 547 0084 50414461 		.ascii	"PAData\000"
 547      746100
 548              	.LASF6:
 549 008b 6C6F6E67 		.ascii	"long unsigned int\000"
 549      20756E73 
 549      69676E65 
 549      6420696E 
 549      7400
 550              	.LASF16:
 551 009d 61667268 		.ascii	"afrh\000"
 551      00
 552              	.LASF15:
 553 00a2 6166726C 		.ascii	"afrl\000"
 553      00
 554              	.LASF27:
 555 00a7 474E5520 		.ascii	"GNU C 4.6.2\000"
 555      4320342E 
 555      362E3200 
 556              	.LASF24:
 557 00b3 50414C43 		.ascii	"PALConfig\000"
 557      6F6E6669 
 557      6700
 558              	.LASF30:
 559 00bd 70616C5F 		.ascii	"pal_default_config\000"
 559      64656661 
 559      756C745F 
 559      636F6E66 
 559      696700
 560              	.LASF14:
 561 00d0 70757064 		.ascii	"pupdr\000"
 561      7200
 562              	.LASF23:
 563 00d6 50464461 		.ascii	"PFData\000"
 563      746100
 564              	.LASF0:
 565 00dd 756E7369 		.ascii	"unsigned int\000"
 565      676E6564 
 565      20696E74 
 565      00
 566              	.LASF8:
 567 00ea 6C6F6E67 		.ascii	"long long unsigned int\000"
 567      206C6F6E 
 567      6720756E 
 567      7369676E 
 567      65642069 
 568              	.LASF26:
 569 0101 626F6172 		.ascii	"boardInit\000"
 569      64496E69 
 569      7400
 570              	.LASF25:
 571 010b 5F5F6561 		.ascii	"__early_init\000"
 571      726C795F 
 571      696E6974 
ARM GAS  C:\Users\Rob\AppData\Local\Temp\cc2kM6nt.s 			page 12


 571      00
 572              	.LASF28:
 573 0118 2E2E2F2E 		.ascii	"../../boards/ST_STM32F0_DISCOVERY/board.c\000"
 573      2E2F626F 
 573      61726473 
 573      2F53545F 
 573      53544D33 
 574              	.LASF7:
 575 0142 6C6F6E67 		.ascii	"long long int\000"
 575      206C6F6E 
 575      6720696E 
 575      7400
 576              	.LASF10:
 577 0150 63686172 		.ascii	"char\000"
 577      00
 578              	.LASF3:
 579 0155 73686F72 		.ascii	"short int\000"
 579      7420696E 
 579      7400
 580              	.LASF21:
 581 015f 50434461 		.ascii	"PCData\000"
 581      746100
 582              	.LASF17:
 583 0166 75696E74 		.ascii	"uint32_t\000"
 583      33325F74 
 583      00
 584              	.LASF5:
 585 016f 6C6F6E67 		.ascii	"long int\000"
 585      20696E74 
 585      00
 586              	.LASF11:
 587 0178 6D6F6465 		.ascii	"moder\000"
 587      7200
 588              	.LASF1:
 589 017e 7369676E 		.ascii	"signed char\000"
 589      65642063 
 589      68617200 
 590              	.LASF9:
 591 018a 5F426F6F 		.ascii	"_Bool\000"
 591      6C00
 592              		.ident	"GCC: (GNU) 4.6.2"
ARM GAS  C:\Users\Rob\AppData\Local\Temp\cc2kM6nt.s 			page 13


DEFINED SYMBOLS
                            *ABS*:00000000 board.c
C:\Users\Rob\AppData\Local\Temp\cc2kM6nt.s:17     .text.__early_init:00000000 $t
C:\Users\Rob\AppData\Local\Temp\cc2kM6nt.s:23     .text.__early_init:00000000 __early_init
C:\Users\Rob\AppData\Local\Temp\cc2kM6nt.s:42     .text.boardInit:00000000 $t
C:\Users\Rob\AppData\Local\Temp\cc2kM6nt.s:48     .text.boardInit:00000000 boardInit
C:\Users\Rob\AppData\Local\Temp\cc2kM6nt.s:63     .rodata.pal_default_config:00000000 pal_default_config
C:\Users\Rob\AppData\Local\Temp\cc2kM6nt.s:60     .rodata.pal_default_config:00000000 $d
                     .debug_frame:00000010 $d

UNDEFINED SYMBOLS
stm32_clock_init
