ARM GAS  C:\Users\Rob\AppData\Local\Temp\ccqYRopk.s 			page 1


   1              		.cpu cortex-m0
   2              		.fpu softvfp
   3              		.eabi_attribute 20, 1
   4              		.eabi_attribute 21, 1
   5              		.eabi_attribute 23, 3
   6              		.eabi_attribute 24, 1
   7              		.eabi_attribute 25, 1
   8              		.eabi_attribute 26, 1
   9              		.eabi_attribute 30, 2
  10              		.eabi_attribute 18, 4
  11              		.code	16
  12              		.file	"chcore.c"
  13              		.text
  14              	.Ltext0:
  15              		.cfi_sections	.debug_frame
  16              		.section	.text.port_halt,"ax",%progbits
  17              		.align	2
  18              		.p2align 4,,15
  19              		.weak	port_halt
  20              		.code	16
  21              		.thumb_func
  22              		.type	port_halt, %function
  23              	port_halt:
  24              	.LFB7:
  25              		.file 1 "../../os/ports/GCC/ARMCMx/chcore.c"
  26              		.loc 1 39 0
  27              		.cfi_startproc
  28 0000 00B5     		push	{lr}
  29              	.LCFI0:
  30              		.cfi_def_cfa_offset 4
  31              		.cfi_offset 14, -4
  32              		.loc 1 41 0
  33              	@ 41 "../../os/ports/GCC/ARMCMx/chcore.c" 1
  34 0002 72B6     		cpsid   i
  35              	@ 0 "" 2
  36              		.code	16
  37              	.L2:
  38 0004 FEE7     		b	.L2
  39              		.cfi_endproc
  40              	.LFE7:
  41              		.size	port_halt, .-port_halt
  42 0006 C046C046 		.text
  42      C046C046 
  42      C046
  43              	.Letext0:
  44              		.section	.debug_info,"",%progbits
  45              	.Ldebug_info0:
  46 0000 8F000000 		.4byte	0x8f
  47 0004 0200     		.2byte	0x2
  48 0006 00000000 		.4byte	.Ldebug_abbrev0
  49 000a 04       		.byte	0x4
  50 000b 01       		.uleb128 0x1
  51 000c 75000000 		.4byte	.LASF11
  52 0010 01       		.byte	0x1
  53 0011 1B000000 		.4byte	.LASF12
  54 0015 8F000000 		.4byte	.LASF13
  55 0019 00000000 		.4byte	0
ARM GAS  C:\Users\Rob\AppData\Local\Temp\ccqYRopk.s 			page 2


  56 001d 00000000 		.4byte	0
  57 0021 00000000 		.4byte	.Ldebug_ranges0+0
  58 0025 00000000 		.4byte	.Ldebug_line0
  59 0029 02       		.uleb128 0x2
  60 002a 04       		.byte	0x4
  61 002b 05       		.byte	0x5
  62 002c 696E7400 		.ascii	"int\000"
  63 0030 03       		.uleb128 0x3
  64 0031 04       		.byte	0x4
  65 0032 07       		.byte	0x7
  66 0033 0E000000 		.4byte	.LASF0
  67 0037 03       		.uleb128 0x3
  68 0038 01       		.byte	0x1
  69 0039 06       		.byte	0x6
  70 003a DB000000 		.4byte	.LASF1
  71 003e 03       		.uleb128 0x3
  72 003f 01       		.byte	0x1
  73 0040 08       		.byte	0x8
  74 0041 67000000 		.4byte	.LASF2
  75 0045 03       		.uleb128 0x3
  76 0046 02       		.byte	0x2
  77 0047 05       		.byte	0x5
  78 0048 F1000000 		.4byte	.LASF3
  79 004c 03       		.uleb128 0x3
  80 004d 02       		.byte	0x2
  81 004e 07       		.byte	0x7
  82 004f C8000000 		.4byte	.LASF4
  83 0053 03       		.uleb128 0x3
  84 0054 04       		.byte	0x4
  85 0055 05       		.byte	0x5
  86 0056 86000000 		.4byte	.LASF5
  87 005a 03       		.uleb128 0x3
  88 005b 04       		.byte	0x4
  89 005c 07       		.byte	0x7
  90 005d 3E000000 		.4byte	.LASF6
  91 0061 03       		.uleb128 0x3
  92 0062 08       		.byte	0x8
  93 0063 05       		.byte	0x5
  94 0064 00000000 		.4byte	.LASF7
  95 0068 03       		.uleb128 0x3
  96 0069 08       		.byte	0x8
  97 006a 07       		.byte	0x7
  98 006b 50000000 		.4byte	.LASF8
  99 006f 03       		.uleb128 0x3
 100 0070 01       		.byte	0x1
 101 0071 02       		.byte	0x2
 102 0072 C2000000 		.4byte	.LASF9
 103 0076 03       		.uleb128 0x3
 104 0077 01       		.byte	0x1
 105 0078 08       		.byte	0x8
 106 0079 81000000 		.4byte	.LASF10
 107 007d 04       		.uleb128 0x4
 108 007e 01       		.byte	0x1
 109 007f E7000000 		.4byte	.LASF14
 110 0083 01       		.byte	0x1
 111 0084 27       		.byte	0x27
 112 0085 01       		.byte	0x1
ARM GAS  C:\Users\Rob\AppData\Local\Temp\ccqYRopk.s 			page 3


 113 0086 00000000 		.4byte	.LFB7
 114 008a 06000000 		.4byte	.LFE7
 115 008e 00000000 		.4byte	.LLST0
 116 0092 00       		.byte	0
 117              		.section	.debug_abbrev,"",%progbits
 118              	.Ldebug_abbrev0:
 119 0000 01       		.uleb128 0x1
 120 0001 11       		.uleb128 0x11
 121 0002 01       		.byte	0x1
 122 0003 25       		.uleb128 0x25
 123 0004 0E       		.uleb128 0xe
 124 0005 13       		.uleb128 0x13
 125 0006 0B       		.uleb128 0xb
 126 0007 03       		.uleb128 0x3
 127 0008 0E       		.uleb128 0xe
 128 0009 1B       		.uleb128 0x1b
 129 000a 0E       		.uleb128 0xe
 130 000b 11       		.uleb128 0x11
 131 000c 01       		.uleb128 0x1
 132 000d 52       		.uleb128 0x52
 133 000e 01       		.uleb128 0x1
 134 000f 55       		.uleb128 0x55
 135 0010 06       		.uleb128 0x6
 136 0011 10       		.uleb128 0x10
 137 0012 06       		.uleb128 0x6
 138 0013 00       		.byte	0
 139 0014 00       		.byte	0
 140 0015 02       		.uleb128 0x2
 141 0016 24       		.uleb128 0x24
 142 0017 00       		.byte	0
 143 0018 0B       		.uleb128 0xb
 144 0019 0B       		.uleb128 0xb
 145 001a 3E       		.uleb128 0x3e
 146 001b 0B       		.uleb128 0xb
 147 001c 03       		.uleb128 0x3
 148 001d 08       		.uleb128 0x8
 149 001e 00       		.byte	0
 150 001f 00       		.byte	0
 151 0020 03       		.uleb128 0x3
 152 0021 24       		.uleb128 0x24
 153 0022 00       		.byte	0
 154 0023 0B       		.uleb128 0xb
 155 0024 0B       		.uleb128 0xb
 156 0025 3E       		.uleb128 0x3e
 157 0026 0B       		.uleb128 0xb
 158 0027 03       		.uleb128 0x3
 159 0028 0E       		.uleb128 0xe
 160 0029 00       		.byte	0
 161 002a 00       		.byte	0
 162 002b 04       		.uleb128 0x4
 163 002c 2E       		.uleb128 0x2e
 164 002d 00       		.byte	0
 165 002e 3F       		.uleb128 0x3f
 166 002f 0C       		.uleb128 0xc
 167 0030 03       		.uleb128 0x3
 168 0031 0E       		.uleb128 0xe
 169 0032 3A       		.uleb128 0x3a
ARM GAS  C:\Users\Rob\AppData\Local\Temp\ccqYRopk.s 			page 4


 170 0033 0B       		.uleb128 0xb
 171 0034 3B       		.uleb128 0x3b
 172 0035 0B       		.uleb128 0xb
 173 0036 27       		.uleb128 0x27
 174 0037 0C       		.uleb128 0xc
 175 0038 11       		.uleb128 0x11
 176 0039 01       		.uleb128 0x1
 177 003a 12       		.uleb128 0x12
 178 003b 01       		.uleb128 0x1
 179 003c 40       		.uleb128 0x40
 180 003d 06       		.uleb128 0x6
 181 003e 00       		.byte	0
 182 003f 00       		.byte	0
 183 0040 00       		.byte	0
 184              		.section	.debug_loc,"",%progbits
 185              	.Ldebug_loc0:
 186              	.LLST0:
 187 0000 00000000 		.4byte	.LFB7
 188 0004 02000000 		.4byte	.LCFI0
 189 0008 0200     		.2byte	0x2
 190 000a 7D       		.byte	0x7d
 191 000b 00       		.sleb128 0
 192 000c 02000000 		.4byte	.LCFI0
 193 0010 06000000 		.4byte	.LFE7
 194 0014 0200     		.2byte	0x2
 195 0016 7D       		.byte	0x7d
 196 0017 04       		.sleb128 4
 197 0018 00000000 		.4byte	0
 198 001c 00000000 		.4byte	0
 199              		.section	.debug_aranges,"",%progbits
 200 0000 1C000000 		.4byte	0x1c
 201 0004 0200     		.2byte	0x2
 202 0006 00000000 		.4byte	.Ldebug_info0
 203 000a 04       		.byte	0x4
 204 000b 00       		.byte	0
 205 000c 0000     		.2byte	0
 206 000e 0000     		.2byte	0
 207 0010 00000000 		.4byte	.LFB7
 208 0014 06000000 		.4byte	.LFE7-.LFB7
 209 0018 00000000 		.4byte	0
 210 001c 00000000 		.4byte	0
 211              		.section	.debug_ranges,"",%progbits
 212              	.Ldebug_ranges0:
 213 0000 00000000 		.4byte	.LFB7
 214 0004 06000000 		.4byte	.LFE7
 215 0008 00000000 		.4byte	0
 216 000c 00000000 		.4byte	0
 217              		.section	.debug_line,"",%progbits
 218              	.Ldebug_line0:
 219 0000 4F000000 		.section	.debug_str,"MS",%progbits,1
 219      02003900 
 219      00000201 
 219      FB0E0D00 
 219      01010101 
 220              	.LASF7:
 221 0000 6C6F6E67 		.ascii	"long long int\000"
 221      206C6F6E 
ARM GAS  C:\Users\Rob\AppData\Local\Temp\ccqYRopk.s 			page 5


 221      6720696E 
 221      7400
 222              	.LASF0:
 223 000e 756E7369 		.ascii	"unsigned int\000"
 223      676E6564 
 223      20696E74 
 223      00
 224              	.LASF12:
 225 001b 2E2E2F2E 		.ascii	"../../os/ports/GCC/ARMCMx/chcore.c\000"
 225      2E2F6F73 
 225      2F706F72 
 225      74732F47 
 225      43432F41 
 226              	.LASF6:
 227 003e 6C6F6E67 		.ascii	"long unsigned int\000"
 227      20756E73 
 227      69676E65 
 227      6420696E 
 227      7400
 228              	.LASF8:
 229 0050 6C6F6E67 		.ascii	"long long unsigned int\000"
 229      206C6F6E 
 229      6720756E 
 229      7369676E 
 229      65642069 
 230              	.LASF2:
 231 0067 756E7369 		.ascii	"unsigned char\000"
 231      676E6564 
 231      20636861 
 231      7200
 232              	.LASF11:
 233 0075 474E5520 		.ascii	"GNU C 4.6.2\000"
 233      4320342E 
 233      362E3200 
 234              	.LASF10:
 235 0081 63686172 		.ascii	"char\000"
 235      00
 236              	.LASF5:
 237 0086 6C6F6E67 		.ascii	"long int\000"
 237      20696E74 
 237      00
 238              	.LASF13:
 239 008f 433A5C55 		.ascii	"C:\\Users\\Rob\\Projects\\ECE411Practicum\\src\\vir"
 239      73657273 
 239      5C526F62 
 239      5C50726F 
 239      6A656374 
 240 00bc 756C656E 		.ascii	"ulent\000"
 240      7400
 241              	.LASF9:
 242 00c2 5F426F6F 		.ascii	"_Bool\000"
 242      6C00
 243              	.LASF4:
 244 00c8 73686F72 		.ascii	"short unsigned int\000"
 244      7420756E 
 244      7369676E 
 244      65642069 
ARM GAS  C:\Users\Rob\AppData\Local\Temp\ccqYRopk.s 			page 6


 244      6E7400
 245              	.LASF1:
 246 00db 7369676E 		.ascii	"signed char\000"
 246      65642063 
 246      68617200 
 247              	.LASF14:
 248 00e7 706F7274 		.ascii	"port_halt\000"
 248      5F68616C 
 248      7400
 249              	.LASF3:
 250 00f1 73686F72 		.ascii	"short int\000"
 250      7420696E 
 250      7400
 251              		.ident	"GCC: (GNU) 4.6.2"
ARM GAS  C:\Users\Rob\AppData\Local\Temp\ccqYRopk.s 			page 7


DEFINED SYMBOLS
                            *ABS*:00000000 chcore.c
C:\Users\Rob\AppData\Local\Temp\ccqYRopk.s:17     .text.port_halt:00000000 $t
C:\Users\Rob\AppData\Local\Temp\ccqYRopk.s:23     .text.port_halt:00000000 port_halt
                     .debug_frame:00000010 $d

NO UNDEFINED SYMBOLS
