ARM GAS  C:\Users\Rob\AppData\Local\Temp\ccluZUqq.s 			page 1


   1              		.cpu cortex-m0
   2              		.fpu softvfp
   3              		.eabi_attribute 20, 1
   4              		.eabi_attribute 21, 1
   5              		.eabi_attribute 23, 3
   6              		.eabi_attribute 24, 1
   7              		.eabi_attribute 25, 1
   8              		.eabi_attribute 26, 1
   9              		.eabi_attribute 30, 2
  10              		.eabi_attribute 18, 4
  11              		.code	16
  12              		.file	"chdynamic.c"
  13              		.text
  14              	.Ltext0:
  15              		.cfi_sections	.debug_frame
  16              		.section	.text.chThdAddRef,"ax",%progbits
  17              		.align	2
  18              		.p2align 4,,15
  19              		.global	chThdAddRef
  20              		.code	16
  21              		.thumb_func
  22              		.type	chThdAddRef, %function
  23              	chThdAddRef:
  24              	.LFB7:
  25              		.file 1 "../../os/kernel/src/chdynamic.c"
  26              		.loc 1 45 0
  27              		.cfi_startproc
  28              	.LVL0:
  29              		.loc 1 47 0
  30              	@ 47 "../../os/kernel/src/chdynamic.c" 1
  31 0000 72B6     		cpsid   i
  32              	@ 0 "" 2
  33              		.loc 1 49 0
  34              		.code	16
  35 0002 837F     		ldrb	r3, [r0, #30]
  36 0004 0133     		add	r3, r3, #1
  37 0006 8377     		strb	r3, [r0, #30]
  38              		.loc 1 50 0
  39              	@ 50 "../../os/kernel/src/chdynamic.c" 1
  40 0008 62B6     		cpsie   i
  41              	@ 0 "" 2
  42              		.loc 1 52 0
  43              		.code	16
  44              		@ sp needed for prologue
  45 000a 7047     		bx	lr
  46              		.cfi_endproc
  47              	.LFE7:
  48              		.size	chThdAddRef, .-chThdAddRef
  49 000c C046C046 		.section	.text.chThdRelease,"ax",%progbits
  50              		.align	2
  51              		.p2align 4,,15
  52              		.global	chThdRelease
  53              		.code	16
  54              		.thumb_func
  55              		.type	chThdRelease, %function
  56              	chThdRelease:
  57              	.LFB8:
ARM GAS  C:\Users\Rob\AppData\Local\Temp\ccluZUqq.s 			page 2


  58              		.loc 1 67 0
  59              		.cfi_startproc
  60 0000 08B5     		push	{r3, lr}
  61              	.LCFI0:
  62              		.cfi_def_cfa_offset 8
  63              		.cfi_offset 3, -8
  64              		.cfi_offset 14, -4
  65              	.LVL1:
  66              		.loc 1 67 0
  67 0002 011C     		mov	r1, r0
  68              		.loc 1 70 0
  69              	@ 70 "../../os/kernel/src/chdynamic.c" 1
  70 0004 72B6     		cpsid   i
  71              	@ 0 "" 2
  72              		.loc 1 72 0
  73              		.code	16
  74 0006 837F     		ldrb	r3, [r0, #30]
  75 0008 013B     		sub	r3, r3, #1
  76 000a DBB2     		uxtb	r3, r3
  77 000c 8377     		strb	r3, [r0, #30]
  78              	.LVL2:
  79              		.loc 1 73 0
  80              	@ 73 "../../os/kernel/src/chdynamic.c" 1
  81 000e 62B6     		cpsie   i
  82              	@ 0 "" 2
  83              		.loc 1 78 0
  84              		.code	16
  85 0010 002B     		cmp	r3, #0
  86 0012 02D1     		bne	.L2
  87              		.loc 1 78 0 is_stmt 0 discriminator 1
  88 0014 037F     		ldrb	r3, [r0, #28]
  89              	.LVL3:
  90 0016 0E2B     		cmp	r3, #14
  91 0018 00D0     		beq	.L7
  92              	.LVL4:
  93              	.L2:
  94              		.loc 1 98 0 is_stmt 1
  95              		@ sp needed for prologue
  96 001a 08BD     		pop	{r3, pc}
  97              	.LVL5:
  98              	.L7:
  99              		.loc 1 79 0
 100 001c 437F     		ldrb	r3, [r0, #29]
 101 001e 0322     		mov	r2, #3
 102 0020 1340     		and	r3, r2
 103 0022 012B     		cmp	r3, #1
 104 0024 0AD0     		beq	.L4
 105 0026 022B     		cmp	r3, #2
 106 0028 F7D1     		bne	.L2
 107              		.loc 1 91 0
 108 002a 4369     		ldr	r3, [r0, #20]
 109 002c 0269     		ldr	r2, [r0, #16]
 110 002e 1A61     		str	r2, [r3, #16]
 111 0030 0269     		ldr	r2, [r0, #16]
 112              		.loc 1 93 0
 113 0032 406C     		ldr	r0, [r0, #68]
 114              	.LVL6:
ARM GAS  C:\Users\Rob\AppData\Local\Temp\ccluZUqq.s 			page 3


 115              		.loc 1 91 0
 116 0034 5361     		str	r3, [r2, #20]
 117              		.loc 1 93 0
 118 0036 FFF7FEFF 		bl	chPoolFree
 119              	.LVL7:
 120              		.loc 1 94 0
 121 003a EEE7     		b	.L2
 122              	.LVL8:
 123              	.L4:
 124              		.loc 1 83 0
 125 003c 4369     		ldr	r3, [r0, #20]
 126 003e 0269     		ldr	r2, [r0, #16]
 127 0040 1A61     		str	r2, [r3, #16]
 128 0042 0269     		ldr	r2, [r0, #16]
 129 0044 5361     		str	r3, [r2, #20]
 130              		.loc 1 85 0
 131 0046 FFF7FEFF 		bl	chHeapFree
 132              	.LVL9:
 133              		.loc 1 86 0
 134 004a E6E7     		b	.L2
 135              		.cfi_endproc
 136              	.LFE8:
 137              		.size	chThdRelease, .-chThdRelease
 138 004c C046C046 		.section	.text.chThdCreateFromHeap,"ax",%progbits
 139              		.align	2
 140              		.p2align 4,,15
 141              		.global	chThdCreateFromHeap
 142              		.code	16
 143              		.thumb_func
 144              		.type	chThdCreateFromHeap, %function
 145              	chThdCreateFromHeap:
 146              	.LFB9:
 147              		.loc 1 124 0
 148              		.cfi_startproc
 149 0000 F0B5     		push	{r4, r5, r6, r7, lr}
 150              	.LCFI1:
 151              		.cfi_def_cfa_offset 20
 152              		.cfi_offset 4, -20
 153              		.cfi_offset 5, -16
 154              		.cfi_offset 6, -12
 155              		.cfi_offset 7, -8
 156              		.cfi_offset 14, -4
 157              	.LVL10:
 158 0002 83B0     		sub	sp, sp, #12
 159              	.LCFI2:
 160              		.cfi_def_cfa_offset 32
 161              		.loc 1 124 0
 162 0004 0D1C     		mov	r5, r1
 163 0006 161C     		mov	r6, r2
 164 0008 1F1C     		mov	r7, r3
 165              		.loc 1 128 0
 166 000a FFF7FEFF 		bl	chHeapAlloc
 167              	.LVL11:
 168              		.loc 1 130 0
 169 000e 0024     		mov	r4, #0
 170              		.loc 1 129 0
 171 0010 0028     		cmp	r0, #0
ARM GAS  C:\Users\Rob\AppData\Local\Temp\ccluZUqq.s 			page 4


 172 0012 0ED0     		beq	.L9
 173              		.loc 1 141 0
 174              	@ 141 "../../os/kernel/src/chdynamic.c" 1
 175 0014 72B6     		cpsid   i
 176              	@ 0 "" 2
 177              		.loc 1 142 0
 178              		.code	16
 179 0016 089B     		ldr	r3, [sp, #32]
 180 0018 291C     		mov	r1, r5
 181 001a 0093     		str	r3, [sp]
 182 001c 321C     		mov	r2, r6
 183 001e 3B1C     		mov	r3, r7
 184 0020 FFF7FEFF 		bl	chThdCreateI
 185              	.LVL12:
 186              		.loc 1 143 0
 187 0024 0123     		mov	r3, #1
 188 0026 4377     		strb	r3, [r0, #29]
 189              		.loc 1 144 0
 190 0028 0021     		mov	r1, #0
 191              		.loc 1 142 0
 192 002a 041C     		mov	r4, r0
 193              	.LVL13:
 194              		.loc 1 144 0
 195 002c FFF7FEFF 		bl	chSchWakeupS
 196              	.LVL14:
 197              		.loc 1 145 0
 198              	@ 145 "../../os/kernel/src/chdynamic.c" 1
 199 0030 62B6     		cpsie   i
 200              	@ 0 "" 2
 201              	.LVL15:
 202              		.code	16
 203              	.L9:
 204              		.loc 1 147 0
 205 0032 03B0     		add	sp, sp, #12
 206 0034 201C     		mov	r0, r4
 207              		@ sp needed for prologue
 208              	.LVL16:
 209              	.LVL17:
 210              	.LVL18:
 211 0036 F0BD     		pop	{r4, r5, r6, r7, pc}
 212              		.cfi_endproc
 213              	.LFE9:
 214              		.size	chThdCreateFromHeap, .-chThdCreateFromHeap
 215 0038 C046C046 		.section	.text.chThdCreateFromMemoryPool,"ax",%progbits
 215      C046C046 
 216              		.align	2
 217              		.p2align 4,,15
 218              		.global	chThdCreateFromMemoryPool
 219              		.code	16
 220              		.thumb_func
 221              		.type	chThdCreateFromMemoryPool, %function
 222              	chThdCreateFromMemoryPool:
 223              	.LFB10:
 224              		.loc 1 173 0
 225              		.cfi_startproc
 226 0000 F0B5     		push	{r4, r5, r6, r7, lr}
 227              	.LCFI3:
ARM GAS  C:\Users\Rob\AppData\Local\Temp\ccluZUqq.s 			page 5


 228              		.cfi_def_cfa_offset 20
 229              		.cfi_offset 4, -20
 230              		.cfi_offset 5, -16
 231              		.cfi_offset 6, -12
 232              		.cfi_offset 7, -8
 233              		.cfi_offset 14, -4
 234 0002 4746     		mov	r7, r8
 235 0004 80B4     		push	{r7}
 236              	.LCFI4:
 237              		.cfi_def_cfa_offset 24
 238              		.cfi_offset 8, -24
 239              	.LVL19:
 240 0006 82B0     		sub	sp, sp, #8
 241              	.LCFI5:
 242              		.cfi_def_cfa_offset 32
 243              		.loc 1 173 0
 244 0008 051C     		mov	r5, r0
 245 000a 0F1C     		mov	r7, r1
 246 000c 9046     		mov	r8, r2
 247 000e 1E1C     		mov	r6, r3
 248              		.loc 1 179 0
 249 0010 FFF7FEFF 		bl	chPoolAlloc
 250              	.LVL20:
 251              		.loc 1 181 0
 252 0014 0024     		mov	r4, #0
 253              		.loc 1 180 0
 254 0016 0028     		cmp	r0, #0
 255 0018 0ED0     		beq	.L12
 256              		.loc 1 192 0
 257              	@ 192 "../../os/kernel/src/chdynamic.c" 1
 258 001a 72B6     		cpsid   i
 259              	@ 0 "" 2
 260              		.loc 1 193 0
 261              		.code	16
 262 001c 6968     		ldr	r1, [r5, #4]
 263 001e 3A1C     		mov	r2, r7
 264 0020 4346     		mov	r3, r8
 265 0022 0096     		str	r6, [sp]
 266 0024 FFF7FEFF 		bl	chThdCreateI
 267              	.LVL21:
 268              		.loc 1 194 0
 269 0028 0223     		mov	r3, #2
 270 002a 4377     		strb	r3, [r0, #29]
 271              		.loc 1 195 0
 272 002c 4564     		str	r5, [r0, #68]
 273              		.loc 1 196 0
 274 002e 0021     		mov	r1, #0
 275              		.loc 1 193 0
 276 0030 041C     		mov	r4, r0
 277              	.LVL22:
 278              		.loc 1 196 0
 279 0032 FFF7FEFF 		bl	chSchWakeupS
 280              	.LVL23:
 281              		.loc 1 197 0
 282              	@ 197 "../../os/kernel/src/chdynamic.c" 1
 283 0036 62B6     		cpsie   i
 284              	@ 0 "" 2
ARM GAS  C:\Users\Rob\AppData\Local\Temp\ccluZUqq.s 			page 6


 285              	.LVL24:
 286              		.code	16
 287              	.L12:
 288              		.loc 1 199 0
 289 0038 02B0     		add	sp, sp, #8
 290 003a 201C     		mov	r0, r4
 291              		@ sp needed for prologue
 292              	.LVL25:
 293              	.LVL26:
 294              	.LVL27:
 295              	.LVL28:
 296 003c 04BC     		pop	{r2}
 297 003e 9046     		mov	r8, r2
 298 0040 F0BD     		pop	{r4, r5, r6, r7, pc}
 299              		.cfi_endproc
 300              	.LFE10:
 301              		.size	chThdCreateFromMemoryPool, .-chThdCreateFromMemoryPool
 302 0042 C046C046 		.text
 302      C046C046 
 302      C046C046 
 302      C046
 303              	.Letext0:
 304              		.file 2 "c:\\yagarto\\bin\\../lib/gcc/arm-none-eabi/4.6.2/include/stddef.h"
 305              		.file 3 "c:/yagarto/lib/gcc/../../arm-none-eabi/sys-include/stdint.h"
 306              		.file 4 "../../os/ports/GCC/ARMCMx/chtypes.h"
 307              		.file 5 "../../os/kernel/include/chlists.h"
 308              		.file 6 "../../os/kernel/include/chthreads.h"
 309              		.file 7 "../../os/ports/GCC/ARMCMx/chcore_v6m.h"
 310              		.file 8 "../../os/kernel/include/chmtx.h"
 311              		.file 9 "../../os/kernel/include/chmemcore.h"
 312              		.file 10 "../../os/kernel/include/chheap.h"
 313              		.file 11 "../../os/kernel/include/chmempools.h"
 314              		.section	.debug_info,"",%progbits
 315              	.Ldebug_info0:
 316 0000 92060000 		.4byte	0x692
 317 0004 0200     		.2byte	0x2
 318 0006 00000000 		.4byte	.Ldebug_abbrev0
 319 000a 04       		.byte	0x4
 320 000b 01       		.uleb128 0x1
 321 000c E4020000 		.4byte	.LASF81
 322 0010 01       		.byte	0x1
 323 0011 0E000000 		.4byte	.LASF82
 324 0015 96000000 		.4byte	.LASF83
 325 0019 00000000 		.4byte	0
 326 001d 00000000 		.4byte	0
 327 0021 00000000 		.4byte	.Ldebug_ranges0+0
 328 0025 00000000 		.4byte	.Ldebug_line0
 329 0029 02       		.uleb128 0x2
 330 002a 04       		.byte	0x4
 331 002b 05       		.byte	0x5
 332 002c 696E7400 		.ascii	"int\000"
 333 0030 03       		.uleb128 0x3
 334 0031 2E000000 		.4byte	.LASF2
 335 0035 02       		.byte	0x2
 336 0036 D4       		.byte	0xd4
 337 0037 3B000000 		.4byte	0x3b
 338 003b 04       		.uleb128 0x4
ARM GAS  C:\Users\Rob\AppData\Local\Temp\ccluZUqq.s 			page 7


 339 003c 04       		.byte	0x4
 340 003d 07       		.byte	0x7
 341 003e 73010000 		.4byte	.LASF0
 342 0042 04       		.uleb128 0x4
 343 0043 01       		.byte	0x1
 344 0044 06       		.byte	0x6
 345 0045 D7000000 		.4byte	.LASF1
 346 0049 03       		.uleb128 0x3
 347 004a 3D030000 		.4byte	.LASF3
 348 004e 03       		.byte	0x3
 349 004f 2A       		.byte	0x2a
 350 0050 54000000 		.4byte	0x54
 351 0054 04       		.uleb128 0x4
 352 0055 01       		.byte	0x1
 353 0056 08       		.byte	0x8
 354 0057 5B020000 		.4byte	.LASF4
 355 005b 04       		.uleb128 0x4
 356 005c 02       		.byte	0x2
 357 005d 05       		.byte	0x5
 358 005e 7E020000 		.4byte	.LASF5
 359 0062 04       		.uleb128 0x4
 360 0063 02       		.byte	0x2
 361 0064 07       		.byte	0x7
 362 0065 9F010000 		.4byte	.LASF6
 363 0069 03       		.uleb128 0x3
 364 006a 53020000 		.4byte	.LASF7
 365 006e 03       		.byte	0x3
 366 006f 4F       		.byte	0x4f
 367 0070 74000000 		.4byte	0x74
 368 0074 04       		.uleb128 0x4
 369 0075 04       		.byte	0x4
 370 0076 05       		.byte	0x5
 371 0077 03010000 		.4byte	.LASF8
 372 007b 03       		.uleb128 0x3
 373 007c DB020000 		.4byte	.LASF9
 374 0080 03       		.byte	0x3
 375 0081 50       		.byte	0x50
 376 0082 86000000 		.4byte	0x86
 377 0086 04       		.uleb128 0x4
 378 0087 04       		.byte	0x4
 379 0088 07       		.byte	0x7
 380 0089 80010000 		.4byte	.LASF10
 381 008d 04       		.uleb128 0x4
 382 008e 08       		.byte	0x8
 383 008f 05       		.byte	0x5
 384 0090 C9000000 		.4byte	.LASF11
 385 0094 03       		.uleb128 0x3
 386 0095 3C000000 		.4byte	.LASF12
 387 0099 03       		.byte	0x3
 388 009a 78       		.byte	0x78
 389 009b 9F000000 		.4byte	0x9f
 390 009f 04       		.uleb128 0x4
 391 00a0 08       		.byte	0x8
 392 00a1 07       		.byte	0x7
 393 00a2 5D000000 		.4byte	.LASF13
 394 00a6 04       		.uleb128 0x4
 395 00a7 01       		.byte	0x1
ARM GAS  C:\Users\Rob\AppData\Local\Temp\ccluZUqq.s 			page 8


 396 00a8 02       		.byte	0x2
 397 00a9 4D020000 		.4byte	.LASF14
 398 00ad 03       		.uleb128 0x3
 399 00ae B8010000 		.4byte	.LASF15
 400 00b2 04       		.byte	0x4
 401 00b3 25       		.byte	0x25
 402 00b4 49000000 		.4byte	0x49
 403 00b8 03       		.uleb128 0x3
 404 00b9 20010000 		.4byte	.LASF16
 405 00bd 04       		.byte	0x4
 406 00be 26       		.byte	0x26
 407 00bf 49000000 		.4byte	0x49
 408 00c3 03       		.uleb128 0x3
 409 00c4 31020000 		.4byte	.LASF17
 410 00c8 04       		.byte	0x4
 411 00c9 27       		.byte	0x27
 412 00ca 49000000 		.4byte	0x49
 413 00ce 03       		.uleb128 0x3
 414 00cf F9000000 		.4byte	.LASF18
 415 00d3 04       		.byte	0x4
 416 00d4 28       		.byte	0x28
 417 00d5 49000000 		.4byte	0x49
 418 00d9 03       		.uleb128 0x3
 419 00da 45020000 		.4byte	.LASF19
 420 00de 04       		.byte	0x4
 421 00df 29       		.byte	0x29
 422 00e0 7B000000 		.4byte	0x7b
 423 00e4 03       		.uleb128 0x3
 424 00e5 B2010000 		.4byte	.LASF20
 425 00e9 04       		.byte	0x4
 426 00ea 2A       		.byte	0x2a
 427 00eb 69000000 		.4byte	0x69
 428 00ef 03       		.uleb128 0x3
 429 00f0 CC010000 		.4byte	.LASF21
 430 00f4 04       		.byte	0x4
 431 00f5 2C       		.byte	0x2c
 432 00f6 7B000000 		.4byte	0x7b
 433 00fa 03       		.uleb128 0x3
 434 00fb FC020000 		.4byte	.LASF22
 435 00ff 04       		.byte	0x4
 436 0100 2E       		.byte	0x2e
 437 0101 7B000000 		.4byte	0x7b
 438 0105 03       		.uleb128 0x3
 439 0106 C9020000 		.4byte	.LASF23
 440 010a 05       		.byte	0x5
 441 010b 23       		.byte	0x23
 442 010c 10010000 		.4byte	0x110
 443 0110 05       		.uleb128 0x5
 444 0111 C9020000 		.4byte	.LASF23
 445 0115 48       		.byte	0x48
 446 0116 06       		.byte	0x6
 447 0117 57       		.byte	0x57
 448 0118 35020000 		.4byte	0x235
 449 011c 06       		.uleb128 0x6
 450 011d AD020000 		.4byte	.LASF24
 451 0121 06       		.byte	0x6
 452 0122 58       		.byte	0x58
ARM GAS  C:\Users\Rob\AppData\Local\Temp\ccluZUqq.s 			page 9


 453 0123 5A020000 		.4byte	0x25a
 454 0127 02       		.byte	0x2
 455 0128 23       		.byte	0x23
 456 0129 00       		.uleb128 0
 457 012a 06       		.uleb128 0x6
 458 012b 3E020000 		.4byte	.LASF25
 459 012f 06       		.byte	0x6
 460 0130 5A       		.byte	0x5a
 461 0131 5A020000 		.4byte	0x25a
 462 0135 02       		.byte	0x2
 463 0136 23       		.byte	0x23
 464 0137 04       		.uleb128 0x4
 465 0138 06       		.uleb128 0x6
 466 0139 8F000000 		.4byte	.LASF26
 467 013d 06       		.byte	0x6
 468 013e 5C       		.byte	0x5c
 469 013f D9000000 		.4byte	0xd9
 470 0143 02       		.byte	0x2
 471 0144 23       		.byte	0x23
 472 0145 08       		.uleb128 0x8
 473 0146 06       		.uleb128 0x6
 474 0147 5B030000 		.4byte	.LASF27
 475 014b 06       		.byte	0x6
 476 014c 5D       		.byte	0x5d
 477 014d 29030000 		.4byte	0x329
 478 0151 02       		.byte	0x2
 479 0152 23       		.byte	0x23
 480 0153 0C       		.uleb128 0xc
 481 0154 06       		.uleb128 0x6
 482 0155 31010000 		.4byte	.LASF28
 483 0159 06       		.byte	0x6
 484 015a 5F       		.byte	0x5f
 485 015b 5A020000 		.4byte	0x25a
 486 015f 02       		.byte	0x2
 487 0160 23       		.byte	0x23
 488 0161 10       		.uleb128 0x10
 489 0162 06       		.uleb128 0x6
 490 0163 F5010000 		.4byte	.LASF29
 491 0167 06       		.byte	0x6
 492 0168 60       		.byte	0x60
 493 0169 5A020000 		.4byte	0x25a
 494 016d 02       		.byte	0x2
 495 016e 23       		.byte	0x23
 496 016f 14       		.uleb128 0x14
 497 0170 06       		.uleb128 0x6
 498 0171 4C030000 		.4byte	.LASF30
 499 0175 06       		.byte	0x6
 500 0176 67       		.byte	0x67
 501 0177 FD040000 		.4byte	0x4fd
 502 017b 02       		.byte	0x2
 503 017c 23       		.byte	0x23
 504 017d 18       		.uleb128 0x18
 505 017e 06       		.uleb128 0x6
 506 017f 88020000 		.4byte	.LASF31
 507 0183 06       		.byte	0x6
 508 0184 72       		.byte	0x72
 509 0185 B8000000 		.4byte	0xb8
ARM GAS  C:\Users\Rob\AppData\Local\Temp\ccluZUqq.s 			page 10


 510 0189 02       		.byte	0x2
 511 018a 23       		.byte	0x23
 512 018b 1C       		.uleb128 0x1c
 513 018c 06       		.uleb128 0x6
 514 018d B4020000 		.4byte	.LASF32
 515 0191 06       		.byte	0x6
 516 0192 76       		.byte	0x76
 517 0193 AD000000 		.4byte	0xad
 518 0197 02       		.byte	0x2
 519 0198 23       		.byte	0x23
 520 0199 1D       		.uleb128 0x1d
 521 019a 06       		.uleb128 0x6
 522 019b 36030000 		.4byte	.LASF33
 523 019f 06       		.byte	0x6
 524 01a0 7B       		.byte	0x7b
 525 01a1 C3000000 		.4byte	0xc3
 526 01a5 02       		.byte	0x2
 527 01a6 23       		.byte	0x23
 528 01a7 1E       		.uleb128 0x1e
 529 01a8 06       		.uleb128 0x6
 530 01a9 90020000 		.4byte	.LASF34
 531 01ad 06       		.byte	0x6
 532 01ae 81       		.byte	0x81
 533 01af CE000000 		.4byte	0xce
 534 01b3 02       		.byte	0x2
 535 01b4 23       		.byte	0x23
 536 01b5 1F       		.uleb128 0x1f
 537 01b6 06       		.uleb128 0x6
 538 01b7 11030000 		.4byte	.LASF35
 539 01bb 06       		.byte	0x6
 540 01bc 88       		.byte	0x88
 541 01bd 4A030000 		.4byte	0x34a
 542 01c1 02       		.byte	0x2
 543 01c2 23       		.byte	0x23
 544 01c3 20       		.uleb128 0x20
 545 01c4 07       		.uleb128 0x7
 546 01c5 705F7500 		.ascii	"p_u\000"
 547 01c9 06       		.byte	0x6
 548 01ca AD       		.byte	0xad
 549 01cb C8040000 		.4byte	0x4c8
 550 01cf 02       		.byte	0x2
 551 01d0 23       		.byte	0x23
 552 01d1 24       		.uleb128 0x24
 553 01d2 06       		.uleb128 0x6
 554 01d3 61030000 		.4byte	.LASF36
 555 01d7 06       		.byte	0x6
 556 01d8 B2       		.byte	0xb2
 557 01d9 82020000 		.4byte	0x282
 558 01dd 02       		.byte	0x2
 559 01de 23       		.byte	0x23
 560 01df 28       		.uleb128 0x28
 561 01e0 06       		.uleb128 0x6
 562 01e1 1F030000 		.4byte	.LASF37
 563 01e5 06       		.byte	0x6
 564 01e6 B8       		.byte	0xb8
 565 01e7 60020000 		.4byte	0x260
 566 01eb 02       		.byte	0x2
ARM GAS  C:\Users\Rob\AppData\Local\Temp\ccluZUqq.s 			page 11


 567 01ec 23       		.byte	0x23
 568 01ed 2C       		.uleb128 0x2c
 569 01ee 06       		.uleb128 0x6
 570 01ef 08000000 		.4byte	.LASF38
 571 01f3 06       		.byte	0x6
 572 01f4 BC       		.byte	0xbc
 573 01f5 E4000000 		.4byte	0xe4
 574 01f9 02       		.byte	0x2
 575 01fa 23       		.byte	0x23
 576 01fb 34       		.uleb128 0x34
 577 01fc 06       		.uleb128 0x6
 578 01fd D0020000 		.4byte	.LASF39
 579 0201 06       		.byte	0x6
 580 0202 C2       		.byte	0xc2
 581 0203 EF000000 		.4byte	0xef
 582 0207 02       		.byte	0x2
 583 0208 23       		.byte	0x23
 584 0209 38       		.uleb128 0x38
 585 020a 06       		.uleb128 0x6
 586 020b 74020000 		.4byte	.LASF40
 587 020f 06       		.byte	0x6
 588 0210 C9       		.byte	0xc9
 589 0211 0F050000 		.4byte	0x50f
 590 0215 02       		.byte	0x2
 591 0216 23       		.byte	0x23
 592 0217 3C       		.uleb128 0x3c
 593 0218 06       		.uleb128 0x6
 594 0219 06030000 		.4byte	.LASF41
 595 021d 06       		.byte	0x6
 596 021e CD       		.byte	0xcd
 597 021f D9000000 		.4byte	0xd9
 598 0223 02       		.byte	0x2
 599 0224 23       		.byte	0x23
 600 0225 40       		.uleb128 0x40
 601 0226 06       		.uleb128 0x6
 602 0227 E9000000 		.4byte	.LASF42
 603 022b 06       		.byte	0x6
 604 022c D3       		.byte	0xd3
 605 022d 98020000 		.4byte	0x298
 606 0231 02       		.byte	0x2
 607 0232 23       		.byte	0x23
 608 0233 44       		.uleb128 0x44
 609 0234 00       		.byte	0
 610 0235 08       		.uleb128 0x8
 611 0236 08       		.byte	0x8
 612 0237 05       		.byte	0x5
 613 0238 5A       		.byte	0x5a
 614 0239 5A020000 		.4byte	0x25a
 615 023d 06       		.uleb128 0x6
 616 023e AD020000 		.4byte	.LASF24
 617 0242 05       		.byte	0x5
 618 0243 5B       		.byte	0x5b
 619 0244 5A020000 		.4byte	0x25a
 620 0248 02       		.byte	0x2
 621 0249 23       		.byte	0x23
 622 024a 00       		.uleb128 0
 623 024b 06       		.uleb128 0x6
ARM GAS  C:\Users\Rob\AppData\Local\Temp\ccluZUqq.s 			page 12


 624 024c 3E020000 		.4byte	.LASF25
 625 0250 05       		.byte	0x5
 626 0251 5D       		.byte	0x5d
 627 0252 5A020000 		.4byte	0x25a
 628 0256 02       		.byte	0x2
 629 0257 23       		.byte	0x23
 630 0258 04       		.uleb128 0x4
 631 0259 00       		.byte	0
 632 025a 09       		.uleb128 0x9
 633 025b 04       		.byte	0x4
 634 025c 05010000 		.4byte	0x105
 635 0260 03       		.uleb128 0x3
 636 0261 FD010000 		.4byte	.LASF43
 637 0265 05       		.byte	0x5
 638 0266 5F       		.byte	0x5f
 639 0267 35020000 		.4byte	0x235
 640 026b 08       		.uleb128 0x8
 641 026c 04       		.byte	0x4
 642 026d 05       		.byte	0x5
 643 026e 64       		.byte	0x64
 644 026f 82020000 		.4byte	0x282
 645 0273 06       		.uleb128 0x6
 646 0274 AD020000 		.4byte	.LASF24
 647 0278 05       		.byte	0x5
 648 0279 66       		.byte	0x66
 649 027a 5A020000 		.4byte	0x25a
 650 027e 02       		.byte	0x2
 651 027f 23       		.byte	0x23
 652 0280 00       		.uleb128 0
 653 0281 00       		.byte	0
 654 0282 03       		.uleb128 0x3
 655 0283 C0010000 		.4byte	.LASF44
 656 0287 05       		.byte	0x5
 657 0288 69       		.byte	0x69
 658 0289 6B020000 		.4byte	0x26b
 659 028d 03       		.uleb128 0x3
 660 028e 5F010000 		.4byte	.LASF45
 661 0292 07       		.byte	0x7
 662 0293 A0       		.byte	0xa0
 663 0294 98020000 		.4byte	0x298
 664 0298 0A       		.uleb128 0xa
 665 0299 04       		.byte	0x4
 666 029a 03       		.uleb128 0x3
 667 029b EA010000 		.4byte	.LASF46
 668 029f 07       		.byte	0x7
 669 02a0 A6       		.byte	0xa6
 670 02a1 94000000 		.4byte	0x94
 671 02a5 05       		.uleb128 0x5
 672 02a6 18030000 		.4byte	.LASF47
 673 02aa 24       		.byte	0x24
 674 02ab 07       		.byte	0x7
 675 02ac B3       		.byte	0xb3
 676 02ad 29030000 		.4byte	0x329
 677 02b1 07       		.uleb128 0x7
 678 02b2 723800   		.ascii	"r8\000"
 679 02b5 07       		.byte	0x7
 680 02b6 B4       		.byte	0xb4
ARM GAS  C:\Users\Rob\AppData\Local\Temp\ccluZUqq.s 			page 13


 681 02b7 8D020000 		.4byte	0x28d
 682 02bb 02       		.byte	0x2
 683 02bc 23       		.byte	0x23
 684 02bd 00       		.uleb128 0
 685 02be 07       		.uleb128 0x7
 686 02bf 723900   		.ascii	"r9\000"
 687 02c2 07       		.byte	0x7
 688 02c3 B5       		.byte	0xb5
 689 02c4 8D020000 		.4byte	0x28d
 690 02c8 02       		.byte	0x2
 691 02c9 23       		.byte	0x23
 692 02ca 04       		.uleb128 0x4
 693 02cb 07       		.uleb128 0x7
 694 02cc 72313000 		.ascii	"r10\000"
 695 02d0 07       		.byte	0x7
 696 02d1 B6       		.byte	0xb6
 697 02d2 8D020000 		.4byte	0x28d
 698 02d6 02       		.byte	0x2
 699 02d7 23       		.byte	0x23
 700 02d8 08       		.uleb128 0x8
 701 02d9 07       		.uleb128 0x7
 702 02da 72313100 		.ascii	"r11\000"
 703 02de 07       		.byte	0x7
 704 02df B7       		.byte	0xb7
 705 02e0 8D020000 		.4byte	0x28d
 706 02e4 02       		.byte	0x2
 707 02e5 23       		.byte	0x23
 708 02e6 0C       		.uleb128 0xc
 709 02e7 07       		.uleb128 0x7
 710 02e8 723400   		.ascii	"r4\000"
 711 02eb 07       		.byte	0x7
 712 02ec B8       		.byte	0xb8
 713 02ed 8D020000 		.4byte	0x28d
 714 02f1 02       		.byte	0x2
 715 02f2 23       		.byte	0x23
 716 02f3 10       		.uleb128 0x10
 717 02f4 07       		.uleb128 0x7
 718 02f5 723500   		.ascii	"r5\000"
 719 02f8 07       		.byte	0x7
 720 02f9 B9       		.byte	0xb9
 721 02fa 8D020000 		.4byte	0x28d
 722 02fe 02       		.byte	0x2
 723 02ff 23       		.byte	0x23
 724 0300 14       		.uleb128 0x14
 725 0301 07       		.uleb128 0x7
 726 0302 723600   		.ascii	"r6\000"
 727 0305 07       		.byte	0x7
 728 0306 BA       		.byte	0xba
 729 0307 8D020000 		.4byte	0x28d
 730 030b 02       		.byte	0x2
 731 030c 23       		.byte	0x23
 732 030d 18       		.uleb128 0x18
 733 030e 07       		.uleb128 0x7
 734 030f 723700   		.ascii	"r7\000"
 735 0312 07       		.byte	0x7
 736 0313 BB       		.byte	0xbb
 737 0314 8D020000 		.4byte	0x28d
ARM GAS  C:\Users\Rob\AppData\Local\Temp\ccluZUqq.s 			page 14


 738 0318 02       		.byte	0x2
 739 0319 23       		.byte	0x23
 740 031a 1C       		.uleb128 0x1c
 741 031b 07       		.uleb128 0x7
 742 031c 6C7200   		.ascii	"lr\000"
 743 031f 07       		.byte	0x7
 744 0320 BC       		.byte	0xbc
 745 0321 8D020000 		.4byte	0x28d
 746 0325 02       		.byte	0x2
 747 0326 23       		.byte	0x23
 748 0327 20       		.uleb128 0x20
 749 0328 00       		.byte	0
 750 0329 05       		.uleb128 0x5
 751 032a 92010000 		.4byte	.LASF48
 752 032e 04       		.byte	0x4
 753 032f 07       		.byte	0x7
 754 0330 C6       		.byte	0xc6
 755 0331 44030000 		.4byte	0x344
 756 0335 07       		.uleb128 0x7
 757 0336 72313300 		.ascii	"r13\000"
 758 033a 07       		.byte	0x7
 759 033b C7       		.byte	0xc7
 760 033c 44030000 		.4byte	0x344
 761 0340 02       		.byte	0x2
 762 0341 23       		.byte	0x23
 763 0342 00       		.uleb128 0
 764 0343 00       		.byte	0
 765 0344 09       		.uleb128 0x9
 766 0345 04       		.byte	0x4
 767 0346 A5020000 		.4byte	0x2a5
 768 034a 0B       		.uleb128 0xb
 769 034b FA000000 		.4byte	0xfa
 770 034f 05       		.uleb128 0x5
 771 0350 D8010000 		.4byte	.LASF49
 772 0354 10       		.byte	0x10
 773 0355 08       		.byte	0x8
 774 0356 25       		.byte	0x25
 775 0357 86030000 		.4byte	0x386
 776 035b 06       		.uleb128 0x6
 777 035c F1000000 		.4byte	.LASF50
 778 0360 08       		.byte	0x8
 779 0361 26       		.byte	0x26
 780 0362 60020000 		.4byte	0x260
 781 0366 02       		.byte	0x2
 782 0367 23       		.byte	0x23
 783 0368 00       		.uleb128 0
 784 0369 06       		.uleb128 0x6
 785 036a 53030000 		.4byte	.LASF51
 786 036e 08       		.byte	0x8
 787 036f 28       		.byte	0x28
 788 0370 5A020000 		.4byte	0x25a
 789 0374 02       		.byte	0x2
 790 0375 23       		.byte	0x23
 791 0376 08       		.uleb128 0x8
 792 0377 06       		.uleb128 0x6
 793 0378 F5020000 		.4byte	.LASF52
 794 037c 08       		.byte	0x8
ARM GAS  C:\Users\Rob\AppData\Local\Temp\ccluZUqq.s 			page 15


 795 037d 2A       		.byte	0x2a
 796 037e 86030000 		.4byte	0x386
 797 0382 02       		.byte	0x2
 798 0383 23       		.byte	0x23
 799 0384 0C       		.uleb128 0xc
 800 0385 00       		.byte	0
 801 0386 09       		.uleb128 0x9
 802 0387 04       		.byte	0x4
 803 0388 4F030000 		.4byte	0x34f
 804 038c 03       		.uleb128 0x3
 805 038d D8010000 		.4byte	.LASF49
 806 0391 08       		.byte	0x8
 807 0392 2C       		.byte	0x2c
 808 0393 4F030000 		.4byte	0x34f
 809 0397 03       		.uleb128 0x3
 810 0398 50000000 		.4byte	.LASF53
 811 039c 09       		.byte	0x9
 812 039d 25       		.byte	0x25
 813 039e A2030000 		.4byte	0x3a2
 814 03a2 09       		.uleb128 0x9
 815 03a3 04       		.byte	0x4
 816 03a4 A8030000 		.4byte	0x3a8
 817 03a8 0C       		.uleb128 0xc
 818 03a9 01       		.byte	0x1
 819 03aa 98020000 		.4byte	0x298
 820 03ae B8030000 		.4byte	0x3b8
 821 03b2 0D       		.uleb128 0xd
 822 03b3 30000000 		.4byte	0x30
 823 03b7 00       		.byte	0
 824 03b8 03       		.uleb128 0x3
 825 03b9 1E020000 		.4byte	.LASF54
 826 03bd 0A       		.byte	0xa
 827 03be 2D       		.byte	0x2d
 828 03bf C3030000 		.4byte	0x3c3
 829 03c3 05       		.uleb128 0x5
 830 03c4 6B030000 		.4byte	.LASF55
 831 03c8 20       		.byte	0x20
 832 03c9 0A       		.byte	0xa
 833 03ca 40       		.byte	0x40
 834 03cb FA030000 		.4byte	0x3fa
 835 03cf 06       		.uleb128 0x6
 836 03d0 69020000 		.4byte	.LASF56
 837 03d4 0A       		.byte	0xa
 838 03d5 41       		.byte	0x41
 839 03d6 97030000 		.4byte	0x397
 840 03da 02       		.byte	0x2
 841 03db 23       		.byte	0x23
 842 03dc 00       		.uleb128 0
 843 03dd 06       		.uleb128 0x6
 844 03de 7D000000 		.4byte	.LASF57
 845 03e2 0A       		.byte	0xa
 846 03e3 43       		.byte	0x43
 847 03e4 19040000 		.4byte	0x419
 848 03e8 02       		.byte	0x2
 849 03e9 23       		.byte	0x23
 850 03ea 08       		.uleb128 0x8
 851 03eb 06       		.uleb128 0x6
ARM GAS  C:\Users\Rob\AppData\Local\Temp\ccluZUqq.s 			page 16


 852 03ec E3000000 		.4byte	.LASF58
 853 03f0 0A       		.byte	0xa
 854 03f1 45       		.byte	0x45
 855 03f2 8C030000 		.4byte	0x38c
 856 03f6 02       		.byte	0x2
 857 03f7 23       		.byte	0x23
 858 03f8 10       		.uleb128 0x10
 859 03f9 00       		.byte	0
 860 03fa 0E       		.uleb128 0xe
 861 03fb 04       		.byte	0x4
 862 03fc 0A       		.byte	0xa
 863 03fd 35       		.byte	0x35
 864 03fe 19040000 		.4byte	0x419
 865 0402 0F       		.uleb128 0xf
 866 0403 8A000000 		.4byte	.LASF59
 867 0407 0A       		.byte	0xa
 868 0408 36       		.byte	0x36
 869 0409 3A040000 		.4byte	0x43a
 870 040d 0F       		.uleb128 0xf
 871 040e 68010000 		.4byte	.LASF60
 872 0412 0A       		.byte	0xa
 873 0413 37       		.byte	0x37
 874 0414 40040000 		.4byte	0x440
 875 0418 00       		.byte	0
 876 0419 10       		.uleb128 0x10
 877 041a 9A020000 		.4byte	.LASF84
 878 041e 08       		.byte	0x8
 879 041f 0A       		.byte	0xa
 880 0420 32       		.byte	0x32
 881 0421 3A040000 		.4byte	0x43a
 882 0425 0F       		.uleb128 0xf
 883 0426 6D010000 		.4byte	.LASF61
 884 042a 0A       		.byte	0xa
 885 042b 33       		.byte	0x33
 886 042c 9A020000 		.4byte	0x29a
 887 0430 11       		.uleb128 0x11
 888 0431 6800     		.ascii	"h\000"
 889 0433 0A       		.byte	0xa
 890 0434 3A       		.byte	0x3a
 891 0435 46040000 		.4byte	0x446
 892 0439 00       		.byte	0
 893 043a 09       		.uleb128 0x9
 894 043b 04       		.byte	0x4
 895 043c 19040000 		.4byte	0x419
 896 0440 09       		.uleb128 0x9
 897 0441 04       		.byte	0x4
 898 0442 B8030000 		.4byte	0x3b8
 899 0446 08       		.uleb128 0x8
 900 0447 08       		.byte	0x8
 901 0448 0A       		.byte	0xa
 902 0449 34       		.byte	0x34
 903 044a 69040000 		.4byte	0x469
 904 044e 07       		.uleb128 0x7
 905 044f 7500     		.ascii	"u\000"
 906 0451 0A       		.byte	0xa
 907 0452 38       		.byte	0x38
 908 0453 FA030000 		.4byte	0x3fa
ARM GAS  C:\Users\Rob\AppData\Local\Temp\ccluZUqq.s 			page 17


 909 0457 02       		.byte	0x2
 910 0458 23       		.byte	0x23
 911 0459 00       		.uleb128 0
 912 045a 06       		.uleb128 0x6
 913 045b 9A010000 		.4byte	.LASF62
 914 045f 0A       		.byte	0xa
 915 0460 39       		.byte	0x39
 916 0461 30000000 		.4byte	0x30
 917 0465 02       		.byte	0x2
 918 0466 23       		.byte	0x23
 919 0467 04       		.uleb128 0x4
 920 0468 00       		.byte	0
 921 0469 05       		.uleb128 0x5
 922 046a 2A030000 		.4byte	.LASF63
 923 046e 04       		.byte	0x4
 924 046f 0B       		.byte	0xb
 925 0470 25       		.byte	0x25
 926 0471 84040000 		.4byte	0x484
 927 0475 06       		.uleb128 0x6
 928 0476 29020000 		.4byte	.LASF64
 929 047a 0B       		.byte	0xb
 930 047b 26       		.byte	0x26
 931 047c 84040000 		.4byte	0x484
 932 0480 02       		.byte	0x2
 933 0481 23       		.byte	0x23
 934 0482 00       		.uleb128 0
 935 0483 00       		.byte	0
 936 0484 09       		.uleb128 0x9
 937 0485 04       		.byte	0x4
 938 0486 69040000 		.4byte	0x469
 939 048a 08       		.uleb128 0x8
 940 048b 0C       		.byte	0xc
 941 048c 0B       		.byte	0xb
 942 048d 2D       		.byte	0x2d
 943 048e BD040000 		.4byte	0x4bd
 944 0492 06       		.uleb128 0x6
 945 0493 29010000 		.4byte	.LASF65
 946 0497 0B       		.byte	0xb
 947 0498 2E       		.byte	0x2e
 948 0499 84040000 		.4byte	0x484
 949 049d 02       		.byte	0x2
 950 049e 23       		.byte	0x23
 951 049f 00       		.uleb128 0
 952 04a0 06       		.uleb128 0x6
 953 04a1 0A020000 		.4byte	.LASF66
 954 04a5 0B       		.byte	0xb
 955 04a6 2F       		.byte	0x2f
 956 04a7 30000000 		.4byte	0x30
 957 04ab 02       		.byte	0x2
 958 04ac 23       		.byte	0x23
 959 04ad 04       		.uleb128 0x4
 960 04ae 06       		.uleb128 0x6
 961 04af 53010000 		.4byte	.LASF67
 962 04b3 0B       		.byte	0xb
 963 04b4 31       		.byte	0x31
 964 04b5 97030000 		.4byte	0x397
 965 04b9 02       		.byte	0x2
ARM GAS  C:\Users\Rob\AppData\Local\Temp\ccluZUqq.s 			page 18


 966 04ba 23       		.byte	0x23
 967 04bb 08       		.uleb128 0x8
 968 04bc 00       		.byte	0
 969 04bd 03       		.uleb128 0x3
 970 04be 45000000 		.4byte	.LASF68
 971 04c2 0B       		.byte	0xb
 972 04c3 33       		.byte	0x33
 973 04c4 8A040000 		.4byte	0x48a
 974 04c8 0E       		.uleb128 0xe
 975 04c9 04       		.byte	0x4
 976 04ca 06       		.byte	0x6
 977 04cb 8F       		.byte	0x8f
 978 04cc FD040000 		.4byte	0x4fd
 979 04d0 0F       		.uleb128 0xf
 980 04d1 35000000 		.4byte	.LASF69
 981 04d5 06       		.byte	0x6
 982 04d6 96       		.byte	0x96
 983 04d7 E4000000 		.4byte	0xe4
 984 04db 0F       		.uleb128 0xf
 985 04dc 74000000 		.4byte	.LASF70
 986 04e0 06       		.byte	0x6
 987 04e1 9D       		.byte	0x9d
 988 04e2 E4000000 		.4byte	0xe4
 989 04e6 0F       		.uleb128 0xf
 990 04e7 45030000 		.4byte	.LASF71
 991 04eb 06       		.byte	0x6
 992 04ec A4       		.byte	0xa4
 993 04ed 98020000 		.4byte	0x298
 994 04f1 0F       		.uleb128 0xf
 995 04f2 A6020000 		.4byte	.LASF72
 996 04f6 06       		.byte	0x6
 997 04f7 AB       		.byte	0xab
 998 04f8 EF000000 		.4byte	0xef
 999 04fc 00       		.byte	0
 1000 04fd 09       		.uleb128 0x9
 1001 04fe 04       		.byte	0x4
 1002 04ff 03050000 		.4byte	0x503
 1003 0503 12       		.uleb128 0x12
 1004 0504 08050000 		.4byte	0x508
 1005 0508 04       		.uleb128 0x4
 1006 0509 01       		.byte	0x1
 1007 050a 08       		.byte	0x8
 1008 050b F0020000 		.4byte	.LASF73
 1009 050f 09       		.uleb128 0x9
 1010 0510 04       		.byte	0x4
 1011 0511 8C030000 		.4byte	0x38c
 1012 0515 03       		.uleb128 0x3
 1013 0516 00000000 		.4byte	.LASF74
 1014 051a 06       		.byte	0x6
 1015 051b DE       		.byte	0xde
 1016 051c 20050000 		.4byte	0x520
 1017 0520 09       		.uleb128 0x9
 1018 0521 04       		.byte	0x4
 1019 0522 26050000 		.4byte	0x526
 1020 0526 0C       		.uleb128 0xc
 1021 0527 01       		.byte	0x1
 1022 0528 E4000000 		.4byte	0xe4
ARM GAS  C:\Users\Rob\AppData\Local\Temp\ccluZUqq.s 			page 19


 1023 052c 36050000 		.4byte	0x536
 1024 0530 0D       		.uleb128 0xd
 1025 0531 98020000 		.4byte	0x298
 1026 0535 00       		.byte	0
 1027 0536 13       		.uleb128 0x13
 1028 0537 01       		.byte	0x1
 1029 0538 DE010000 		.4byte	.LASF75
 1030 053c 01       		.byte	0x1
 1031 053d 2D       		.byte	0x2d
 1032 053e 01       		.byte	0x1
 1033 053f 5A020000 		.4byte	0x25a
 1034 0543 00000000 		.4byte	.LFB7
 1035 0547 0C000000 		.4byte	.LFE7
 1036 054b 02       		.byte	0x2
 1037 054c 7D       		.byte	0x7d
 1038 054d 00       		.sleb128 0
 1039 054e 5F050000 		.4byte	0x55f
 1040 0552 14       		.uleb128 0x14
 1041 0553 747000   		.ascii	"tp\000"
 1042 0556 01       		.byte	0x1
 1043 0557 2D       		.byte	0x2d
 1044 0558 5A020000 		.4byte	0x25a
 1045 055c 01       		.byte	0x1
 1046 055d 50       		.byte	0x50
 1047 055e 00       		.byte	0
 1048 055f 15       		.uleb128 0x15
 1049 0560 01       		.byte	0x1
 1050 0561 BC020000 		.4byte	.LASF85
 1051 0565 01       		.byte	0x1
 1052 0566 43       		.byte	0x43
 1053 0567 01       		.byte	0x1
 1054 0568 00000000 		.4byte	.LFB8
 1055 056c 4C000000 		.4byte	.LFE8
 1056 0570 00000000 		.4byte	.LLST0
 1057 0574 96050000 		.4byte	0x596
 1058 0578 16       		.uleb128 0x16
 1059 0579 747000   		.ascii	"tp\000"
 1060 057c 01       		.byte	0x1
 1061 057d 43       		.byte	0x43
 1062 057e 5A020000 		.4byte	0x25a
 1063 0582 20000000 		.4byte	.LLST1
 1064 0586 17       		.uleb128 0x17
 1065 0587 39020000 		.4byte	.LASF79
 1066 058b 01       		.byte	0x1
 1067 058c 44       		.byte	0x44
 1068 058d C3000000 		.4byte	0xc3
 1069 0591 54000000 		.4byte	.LLST2
 1070 0595 00       		.byte	0
 1071 0596 18       		.uleb128 0x18
 1072 0597 01       		.byte	0x1
 1073 0598 0C010000 		.4byte	.LASF76
 1074 059c 01       		.byte	0x1
 1075 059d 7B       		.byte	0x7b
 1076 059e 01       		.byte	0x1
 1077 059f 5A020000 		.4byte	0x25a
 1078 05a3 00000000 		.4byte	.LFB9
 1079 05a7 38000000 		.4byte	.LFE9
ARM GAS  C:\Users\Rob\AppData\Local\Temp\ccluZUqq.s 			page 20


 1080 05ab 67000000 		.4byte	.LLST3
 1081 05af 1A060000 		.4byte	0x61a
 1082 05b3 19       		.uleb128 0x19
 1083 05b4 84000000 		.4byte	.LASF77
 1084 05b8 01       		.byte	0x1
 1085 05b9 7B       		.byte	0x7b
 1086 05ba 40040000 		.4byte	0x440
 1087 05be 93000000 		.4byte	.LLST4
 1088 05c2 19       		.uleb128 0x19
 1089 05c3 9A010000 		.4byte	.LASF62
 1090 05c7 01       		.byte	0x1
 1091 05c8 7B       		.byte	0x7b
 1092 05c9 30000000 		.4byte	0x30
 1093 05cd A6000000 		.4byte	.LLST5
 1094 05d1 19       		.uleb128 0x19
 1095 05d2 19020000 		.4byte	.LASF78
 1096 05d6 01       		.byte	0x1
 1097 05d7 7C       		.byte	0x7c
 1098 05d8 D9000000 		.4byte	0xd9
 1099 05dc C4000000 		.4byte	.LLST6
 1100 05e0 16       		.uleb128 0x16
 1101 05e1 706600   		.ascii	"pf\000"
 1102 05e4 01       		.byte	0x1
 1103 05e5 7C       		.byte	0x7c
 1104 05e6 15050000 		.4byte	0x515
 1105 05ea E2000000 		.4byte	.LLST7
 1106 05ee 14       		.uleb128 0x14
 1107 05ef 61726700 		.ascii	"arg\000"
 1108 05f3 01       		.byte	0x1
 1109 05f4 7C       		.byte	0x7c
 1110 05f5 98020000 		.4byte	0x298
 1111 05f9 02       		.byte	0x2
 1112 05fa 91       		.byte	0x91
 1113 05fb 00       		.sleb128 0
 1114 05fc 1A       		.uleb128 0x1a
 1115 05fd 77737000 		.ascii	"wsp\000"
 1116 0601 01       		.byte	0x1
 1117 0602 7D       		.byte	0x7d
 1118 0603 98020000 		.4byte	0x298
 1119 0607 00010000 		.4byte	.LLST8
 1120 060b 1A       		.uleb128 0x1a
 1121 060c 747000   		.ascii	"tp\000"
 1122 060f 01       		.byte	0x1
 1123 0610 7E       		.byte	0x7e
 1124 0611 5A020000 		.4byte	0x25a
 1125 0615 13010000 		.4byte	.LLST9
 1126 0619 00       		.byte	0
 1127 061a 18       		.uleb128 0x18
 1128 061b 01       		.byte	0x1
 1129 061c 39010000 		.4byte	.LASF80
 1130 0620 01       		.byte	0x1
 1131 0621 AC       		.byte	0xac
 1132 0622 01       		.byte	0x1
 1133 0623 5A020000 		.4byte	0x25a
 1134 0627 00000000 		.4byte	.LFB10
 1135 062b 42000000 		.4byte	.LFE10
 1136 062f 31010000 		.4byte	.LLST10
ARM GAS  C:\Users\Rob\AppData\Local\Temp\ccluZUqq.s 			page 21


 1137 0633 8F060000 		.4byte	0x68f
 1138 0637 16       		.uleb128 0x16
 1139 0638 6D7000   		.ascii	"mp\000"
 1140 063b 01       		.byte	0x1
 1141 063c AC       		.byte	0xac
 1142 063d 8F060000 		.4byte	0x68f
 1143 0641 69010000 		.4byte	.LLST11
 1144 0645 19       		.uleb128 0x19
 1145 0646 19020000 		.4byte	.LASF78
 1146 064a 01       		.byte	0x1
 1147 064b AC       		.byte	0xac
 1148 064c D9000000 		.4byte	0xd9
 1149 0650 87010000 		.4byte	.LLST12
 1150 0654 16       		.uleb128 0x16
 1151 0655 706600   		.ascii	"pf\000"
 1152 0658 01       		.byte	0x1
 1153 0659 AD       		.byte	0xad
 1154 065a 15050000 		.4byte	0x515
 1155 065e A5010000 		.4byte	.LLST13
 1156 0662 16       		.uleb128 0x16
 1157 0663 61726700 		.ascii	"arg\000"
 1158 0667 01       		.byte	0x1
 1159 0668 AD       		.byte	0xad
 1160 0669 98020000 		.4byte	0x298
 1161 066d C3010000 		.4byte	.LLST14
 1162 0671 1A       		.uleb128 0x1a
 1163 0672 77737000 		.ascii	"wsp\000"
 1164 0676 01       		.byte	0x1
 1165 0677 AE       		.byte	0xae
 1166 0678 98020000 		.4byte	0x298
 1167 067c E1010000 		.4byte	.LLST15
 1168 0680 1A       		.uleb128 0x1a
 1169 0681 747000   		.ascii	"tp\000"
 1170 0684 01       		.byte	0x1
 1171 0685 AF       		.byte	0xaf
 1172 0686 5A020000 		.4byte	0x25a
 1173 068a F4010000 		.4byte	.LLST16
 1174 068e 00       		.byte	0
 1175 068f 09       		.uleb128 0x9
 1176 0690 04       		.byte	0x4
 1177 0691 BD040000 		.4byte	0x4bd
 1178 0695 00       		.byte	0
 1179              		.section	.debug_abbrev,"",%progbits
 1180              	.Ldebug_abbrev0:
 1181 0000 01       		.uleb128 0x1
 1182 0001 11       		.uleb128 0x11
 1183 0002 01       		.byte	0x1
 1184 0003 25       		.uleb128 0x25
 1185 0004 0E       		.uleb128 0xe
 1186 0005 13       		.uleb128 0x13
 1187 0006 0B       		.uleb128 0xb
 1188 0007 03       		.uleb128 0x3
 1189 0008 0E       		.uleb128 0xe
 1190 0009 1B       		.uleb128 0x1b
 1191 000a 0E       		.uleb128 0xe
 1192 000b 11       		.uleb128 0x11
 1193 000c 01       		.uleb128 0x1
ARM GAS  C:\Users\Rob\AppData\Local\Temp\ccluZUqq.s 			page 22


 1194 000d 52       		.uleb128 0x52
 1195 000e 01       		.uleb128 0x1
 1196 000f 55       		.uleb128 0x55
 1197 0010 06       		.uleb128 0x6
 1198 0011 10       		.uleb128 0x10
 1199 0012 06       		.uleb128 0x6
 1200 0013 00       		.byte	0
 1201 0014 00       		.byte	0
 1202 0015 02       		.uleb128 0x2
 1203 0016 24       		.uleb128 0x24
 1204 0017 00       		.byte	0
 1205 0018 0B       		.uleb128 0xb
 1206 0019 0B       		.uleb128 0xb
 1207 001a 3E       		.uleb128 0x3e
 1208 001b 0B       		.uleb128 0xb
 1209 001c 03       		.uleb128 0x3
 1210 001d 08       		.uleb128 0x8
 1211 001e 00       		.byte	0
 1212 001f 00       		.byte	0
 1213 0020 03       		.uleb128 0x3
 1214 0021 16       		.uleb128 0x16
 1215 0022 00       		.byte	0
 1216 0023 03       		.uleb128 0x3
 1217 0024 0E       		.uleb128 0xe
 1218 0025 3A       		.uleb128 0x3a
 1219 0026 0B       		.uleb128 0xb
 1220 0027 3B       		.uleb128 0x3b
 1221 0028 0B       		.uleb128 0xb
 1222 0029 49       		.uleb128 0x49
 1223 002a 13       		.uleb128 0x13
 1224 002b 00       		.byte	0
 1225 002c 00       		.byte	0
 1226 002d 04       		.uleb128 0x4
 1227 002e 24       		.uleb128 0x24
 1228 002f 00       		.byte	0
 1229 0030 0B       		.uleb128 0xb
 1230 0031 0B       		.uleb128 0xb
 1231 0032 3E       		.uleb128 0x3e
 1232 0033 0B       		.uleb128 0xb
 1233 0034 03       		.uleb128 0x3
 1234 0035 0E       		.uleb128 0xe
 1235 0036 00       		.byte	0
 1236 0037 00       		.byte	0
 1237 0038 05       		.uleb128 0x5
 1238 0039 13       		.uleb128 0x13
 1239 003a 01       		.byte	0x1
 1240 003b 03       		.uleb128 0x3
 1241 003c 0E       		.uleb128 0xe
 1242 003d 0B       		.uleb128 0xb
 1243 003e 0B       		.uleb128 0xb
 1244 003f 3A       		.uleb128 0x3a
 1245 0040 0B       		.uleb128 0xb
 1246 0041 3B       		.uleb128 0x3b
 1247 0042 0B       		.uleb128 0xb
 1248 0043 01       		.uleb128 0x1
 1249 0044 13       		.uleb128 0x13
 1250 0045 00       		.byte	0
ARM GAS  C:\Users\Rob\AppData\Local\Temp\ccluZUqq.s 			page 23


 1251 0046 00       		.byte	0
 1252 0047 06       		.uleb128 0x6
 1253 0048 0D       		.uleb128 0xd
 1254 0049 00       		.byte	0
 1255 004a 03       		.uleb128 0x3
 1256 004b 0E       		.uleb128 0xe
 1257 004c 3A       		.uleb128 0x3a
 1258 004d 0B       		.uleb128 0xb
 1259 004e 3B       		.uleb128 0x3b
 1260 004f 0B       		.uleb128 0xb
 1261 0050 49       		.uleb128 0x49
 1262 0051 13       		.uleb128 0x13
 1263 0052 38       		.uleb128 0x38
 1264 0053 0A       		.uleb128 0xa
 1265 0054 00       		.byte	0
 1266 0055 00       		.byte	0
 1267 0056 07       		.uleb128 0x7
 1268 0057 0D       		.uleb128 0xd
 1269 0058 00       		.byte	0
 1270 0059 03       		.uleb128 0x3
 1271 005a 08       		.uleb128 0x8
 1272 005b 3A       		.uleb128 0x3a
 1273 005c 0B       		.uleb128 0xb
 1274 005d 3B       		.uleb128 0x3b
 1275 005e 0B       		.uleb128 0xb
 1276 005f 49       		.uleb128 0x49
 1277 0060 13       		.uleb128 0x13
 1278 0061 38       		.uleb128 0x38
 1279 0062 0A       		.uleb128 0xa
 1280 0063 00       		.byte	0
 1281 0064 00       		.byte	0
 1282 0065 08       		.uleb128 0x8
 1283 0066 13       		.uleb128 0x13
 1284 0067 01       		.byte	0x1
 1285 0068 0B       		.uleb128 0xb
 1286 0069 0B       		.uleb128 0xb
 1287 006a 3A       		.uleb128 0x3a
 1288 006b 0B       		.uleb128 0xb
 1289 006c 3B       		.uleb128 0x3b
 1290 006d 0B       		.uleb128 0xb
 1291 006e 01       		.uleb128 0x1
 1292 006f 13       		.uleb128 0x13
 1293 0070 00       		.byte	0
 1294 0071 00       		.byte	0
 1295 0072 09       		.uleb128 0x9
 1296 0073 0F       		.uleb128 0xf
 1297 0074 00       		.byte	0
 1298 0075 0B       		.uleb128 0xb
 1299 0076 0B       		.uleb128 0xb
 1300 0077 49       		.uleb128 0x49
 1301 0078 13       		.uleb128 0x13
 1302 0079 00       		.byte	0
 1303 007a 00       		.byte	0
 1304 007b 0A       		.uleb128 0xa
 1305 007c 0F       		.uleb128 0xf
 1306 007d 00       		.byte	0
 1307 007e 0B       		.uleb128 0xb
ARM GAS  C:\Users\Rob\AppData\Local\Temp\ccluZUqq.s 			page 24


 1308 007f 0B       		.uleb128 0xb
 1309 0080 00       		.byte	0
 1310 0081 00       		.byte	0
 1311 0082 0B       		.uleb128 0xb
 1312 0083 35       		.uleb128 0x35
 1313 0084 00       		.byte	0
 1314 0085 49       		.uleb128 0x49
 1315 0086 13       		.uleb128 0x13
 1316 0087 00       		.byte	0
 1317 0088 00       		.byte	0
 1318 0089 0C       		.uleb128 0xc
 1319 008a 15       		.uleb128 0x15
 1320 008b 01       		.byte	0x1
 1321 008c 27       		.uleb128 0x27
 1322 008d 0C       		.uleb128 0xc
 1323 008e 49       		.uleb128 0x49
 1324 008f 13       		.uleb128 0x13
 1325 0090 01       		.uleb128 0x1
 1326 0091 13       		.uleb128 0x13
 1327 0092 00       		.byte	0
 1328 0093 00       		.byte	0
 1329 0094 0D       		.uleb128 0xd
 1330 0095 05       		.uleb128 0x5
 1331 0096 00       		.byte	0
 1332 0097 49       		.uleb128 0x49
 1333 0098 13       		.uleb128 0x13
 1334 0099 00       		.byte	0
 1335 009a 00       		.byte	0
 1336 009b 0E       		.uleb128 0xe
 1337 009c 17       		.uleb128 0x17
 1338 009d 01       		.byte	0x1
 1339 009e 0B       		.uleb128 0xb
 1340 009f 0B       		.uleb128 0xb
 1341 00a0 3A       		.uleb128 0x3a
 1342 00a1 0B       		.uleb128 0xb
 1343 00a2 3B       		.uleb128 0x3b
 1344 00a3 0B       		.uleb128 0xb
 1345 00a4 01       		.uleb128 0x1
 1346 00a5 13       		.uleb128 0x13
 1347 00a6 00       		.byte	0
 1348 00a7 00       		.byte	0
 1349 00a8 0F       		.uleb128 0xf
 1350 00a9 0D       		.uleb128 0xd
 1351 00aa 00       		.byte	0
 1352 00ab 03       		.uleb128 0x3
 1353 00ac 0E       		.uleb128 0xe
 1354 00ad 3A       		.uleb128 0x3a
 1355 00ae 0B       		.uleb128 0xb
 1356 00af 3B       		.uleb128 0x3b
 1357 00b0 0B       		.uleb128 0xb
 1358 00b1 49       		.uleb128 0x49
 1359 00b2 13       		.uleb128 0x13
 1360 00b3 00       		.byte	0
 1361 00b4 00       		.byte	0
 1362 00b5 10       		.uleb128 0x10
 1363 00b6 17       		.uleb128 0x17
 1364 00b7 01       		.byte	0x1
ARM GAS  C:\Users\Rob\AppData\Local\Temp\ccluZUqq.s 			page 25


 1365 00b8 03       		.uleb128 0x3
 1366 00b9 0E       		.uleb128 0xe
 1367 00ba 0B       		.uleb128 0xb
 1368 00bb 0B       		.uleb128 0xb
 1369 00bc 3A       		.uleb128 0x3a
 1370 00bd 0B       		.uleb128 0xb
 1371 00be 3B       		.uleb128 0x3b
 1372 00bf 0B       		.uleb128 0xb
 1373 00c0 01       		.uleb128 0x1
 1374 00c1 13       		.uleb128 0x13
 1375 00c2 00       		.byte	0
 1376 00c3 00       		.byte	0
 1377 00c4 11       		.uleb128 0x11
 1378 00c5 0D       		.uleb128 0xd
 1379 00c6 00       		.byte	0
 1380 00c7 03       		.uleb128 0x3
 1381 00c8 08       		.uleb128 0x8
 1382 00c9 3A       		.uleb128 0x3a
 1383 00ca 0B       		.uleb128 0xb
 1384 00cb 3B       		.uleb128 0x3b
 1385 00cc 0B       		.uleb128 0xb
 1386 00cd 49       		.uleb128 0x49
 1387 00ce 13       		.uleb128 0x13
 1388 00cf 00       		.byte	0
 1389 00d0 00       		.byte	0
 1390 00d1 12       		.uleb128 0x12
 1391 00d2 26       		.uleb128 0x26
 1392 00d3 00       		.byte	0
 1393 00d4 49       		.uleb128 0x49
 1394 00d5 13       		.uleb128 0x13
 1395 00d6 00       		.byte	0
 1396 00d7 00       		.byte	0
 1397 00d8 13       		.uleb128 0x13
 1398 00d9 2E       		.uleb128 0x2e
 1399 00da 01       		.byte	0x1
 1400 00db 3F       		.uleb128 0x3f
 1401 00dc 0C       		.uleb128 0xc
 1402 00dd 03       		.uleb128 0x3
 1403 00de 0E       		.uleb128 0xe
 1404 00df 3A       		.uleb128 0x3a
 1405 00e0 0B       		.uleb128 0xb
 1406 00e1 3B       		.uleb128 0x3b
 1407 00e2 0B       		.uleb128 0xb
 1408 00e3 27       		.uleb128 0x27
 1409 00e4 0C       		.uleb128 0xc
 1410 00e5 49       		.uleb128 0x49
 1411 00e6 13       		.uleb128 0x13
 1412 00e7 11       		.uleb128 0x11
 1413 00e8 01       		.uleb128 0x1
 1414 00e9 12       		.uleb128 0x12
 1415 00ea 01       		.uleb128 0x1
 1416 00eb 40       		.uleb128 0x40
 1417 00ec 0A       		.uleb128 0xa
 1418 00ed 01       		.uleb128 0x1
 1419 00ee 13       		.uleb128 0x13
 1420 00ef 00       		.byte	0
 1421 00f0 00       		.byte	0
ARM GAS  C:\Users\Rob\AppData\Local\Temp\ccluZUqq.s 			page 26


 1422 00f1 14       		.uleb128 0x14
 1423 00f2 05       		.uleb128 0x5
 1424 00f3 00       		.byte	0
 1425 00f4 03       		.uleb128 0x3
 1426 00f5 08       		.uleb128 0x8
 1427 00f6 3A       		.uleb128 0x3a
 1428 00f7 0B       		.uleb128 0xb
 1429 00f8 3B       		.uleb128 0x3b
 1430 00f9 0B       		.uleb128 0xb
 1431 00fa 49       		.uleb128 0x49
 1432 00fb 13       		.uleb128 0x13
 1433 00fc 02       		.uleb128 0x2
 1434 00fd 0A       		.uleb128 0xa
 1435 00fe 00       		.byte	0
 1436 00ff 00       		.byte	0
 1437 0100 15       		.uleb128 0x15
 1438 0101 2E       		.uleb128 0x2e
 1439 0102 01       		.byte	0x1
 1440 0103 3F       		.uleb128 0x3f
 1441 0104 0C       		.uleb128 0xc
 1442 0105 03       		.uleb128 0x3
 1443 0106 0E       		.uleb128 0xe
 1444 0107 3A       		.uleb128 0x3a
 1445 0108 0B       		.uleb128 0xb
 1446 0109 3B       		.uleb128 0x3b
 1447 010a 0B       		.uleb128 0xb
 1448 010b 27       		.uleb128 0x27
 1449 010c 0C       		.uleb128 0xc
 1450 010d 11       		.uleb128 0x11
 1451 010e 01       		.uleb128 0x1
 1452 010f 12       		.uleb128 0x12
 1453 0110 01       		.uleb128 0x1
 1454 0111 40       		.uleb128 0x40
 1455 0112 06       		.uleb128 0x6
 1456 0113 01       		.uleb128 0x1
 1457 0114 13       		.uleb128 0x13
 1458 0115 00       		.byte	0
 1459 0116 00       		.byte	0
 1460 0117 16       		.uleb128 0x16
 1461 0118 05       		.uleb128 0x5
 1462 0119 00       		.byte	0
 1463 011a 03       		.uleb128 0x3
 1464 011b 08       		.uleb128 0x8
 1465 011c 3A       		.uleb128 0x3a
 1466 011d 0B       		.uleb128 0xb
 1467 011e 3B       		.uleb128 0x3b
 1468 011f 0B       		.uleb128 0xb
 1469 0120 49       		.uleb128 0x49
 1470 0121 13       		.uleb128 0x13
 1471 0122 02       		.uleb128 0x2
 1472 0123 06       		.uleb128 0x6
 1473 0124 00       		.byte	0
 1474 0125 00       		.byte	0
 1475 0126 17       		.uleb128 0x17
 1476 0127 34       		.uleb128 0x34
 1477 0128 00       		.byte	0
 1478 0129 03       		.uleb128 0x3
ARM GAS  C:\Users\Rob\AppData\Local\Temp\ccluZUqq.s 			page 27


 1479 012a 0E       		.uleb128 0xe
 1480 012b 3A       		.uleb128 0x3a
 1481 012c 0B       		.uleb128 0xb
 1482 012d 3B       		.uleb128 0x3b
 1483 012e 0B       		.uleb128 0xb
 1484 012f 49       		.uleb128 0x49
 1485 0130 13       		.uleb128 0x13
 1486 0131 02       		.uleb128 0x2
 1487 0132 06       		.uleb128 0x6
 1488 0133 00       		.byte	0
 1489 0134 00       		.byte	0
 1490 0135 18       		.uleb128 0x18
 1491 0136 2E       		.uleb128 0x2e
 1492 0137 01       		.byte	0x1
 1493 0138 3F       		.uleb128 0x3f
 1494 0139 0C       		.uleb128 0xc
 1495 013a 03       		.uleb128 0x3
 1496 013b 0E       		.uleb128 0xe
 1497 013c 3A       		.uleb128 0x3a
 1498 013d 0B       		.uleb128 0xb
 1499 013e 3B       		.uleb128 0x3b
 1500 013f 0B       		.uleb128 0xb
 1501 0140 27       		.uleb128 0x27
 1502 0141 0C       		.uleb128 0xc
 1503 0142 49       		.uleb128 0x49
 1504 0143 13       		.uleb128 0x13
 1505 0144 11       		.uleb128 0x11
 1506 0145 01       		.uleb128 0x1
 1507 0146 12       		.uleb128 0x12
 1508 0147 01       		.uleb128 0x1
 1509 0148 40       		.uleb128 0x40
 1510 0149 06       		.uleb128 0x6
 1511 014a 01       		.uleb128 0x1
 1512 014b 13       		.uleb128 0x13
 1513 014c 00       		.byte	0
 1514 014d 00       		.byte	0
 1515 014e 19       		.uleb128 0x19
 1516 014f 05       		.uleb128 0x5
 1517 0150 00       		.byte	0
 1518 0151 03       		.uleb128 0x3
 1519 0152 0E       		.uleb128 0xe
 1520 0153 3A       		.uleb128 0x3a
 1521 0154 0B       		.uleb128 0xb
 1522 0155 3B       		.uleb128 0x3b
 1523 0156 0B       		.uleb128 0xb
 1524 0157 49       		.uleb128 0x49
 1525 0158 13       		.uleb128 0x13
 1526 0159 02       		.uleb128 0x2
 1527 015a 06       		.uleb128 0x6
 1528 015b 00       		.byte	0
 1529 015c 00       		.byte	0
 1530 015d 1A       		.uleb128 0x1a
 1531 015e 34       		.uleb128 0x34
 1532 015f 00       		.byte	0
 1533 0160 03       		.uleb128 0x3
 1534 0161 08       		.uleb128 0x8
 1535 0162 3A       		.uleb128 0x3a
ARM GAS  C:\Users\Rob\AppData\Local\Temp\ccluZUqq.s 			page 28


 1536 0163 0B       		.uleb128 0xb
 1537 0164 3B       		.uleb128 0x3b
 1538 0165 0B       		.uleb128 0xb
 1539 0166 49       		.uleb128 0x49
 1540 0167 13       		.uleb128 0x13
 1541 0168 02       		.uleb128 0x2
 1542 0169 06       		.uleb128 0x6
 1543 016a 00       		.byte	0
 1544 016b 00       		.byte	0
 1545 016c 00       		.byte	0
 1546              		.section	.debug_loc,"",%progbits
 1547              	.Ldebug_loc0:
 1548              	.LLST0:
 1549 0000 00000000 		.4byte	.LFB8
 1550 0004 02000000 		.4byte	.LCFI0
 1551 0008 0200     		.2byte	0x2
 1552 000a 7D       		.byte	0x7d
 1553 000b 00       		.sleb128 0
 1554 000c 02000000 		.4byte	.LCFI0
 1555 0010 4C000000 		.4byte	.LFE8
 1556 0014 0200     		.2byte	0x2
 1557 0016 7D       		.byte	0x7d
 1558 0017 08       		.sleb128 8
 1559 0018 00000000 		.4byte	0
 1560 001c 00000000 		.4byte	0
 1561              	.LLST1:
 1562 0020 02000000 		.4byte	.LVL1
 1563 0024 1A000000 		.4byte	.LVL4
 1564 0028 0100     		.2byte	0x1
 1565 002a 50       		.byte	0x50
 1566 002b 1C000000 		.4byte	.LVL5
 1567 002f 34000000 		.4byte	.LVL6
 1568 0033 0100     		.2byte	0x1
 1569 0035 50       		.byte	0x50
 1570 0036 34000000 		.4byte	.LVL6
 1571 003a 39000000 		.4byte	.LVL7-1
 1572 003e 0100     		.2byte	0x1
 1573 0040 51       		.byte	0x51
 1574 0041 3C000000 		.4byte	.LVL8
 1575 0045 49000000 		.4byte	.LVL9-1
 1576 0049 0100     		.2byte	0x1
 1577 004b 50       		.byte	0x50
 1578 004c 00000000 		.4byte	0
 1579 0050 00000000 		.4byte	0
 1580              	.LLST2:
 1581 0054 0E000000 		.4byte	.LVL2
 1582 0058 16000000 		.4byte	.LVL3
 1583 005c 0100     		.2byte	0x1
 1584 005e 53       		.byte	0x53
 1585 005f 00000000 		.4byte	0
 1586 0063 00000000 		.4byte	0
 1587              	.LLST3:
 1588 0067 00000000 		.4byte	.LFB9
 1589 006b 02000000 		.4byte	.LCFI1
 1590 006f 0200     		.2byte	0x2
 1591 0071 7D       		.byte	0x7d
 1592 0072 00       		.sleb128 0
ARM GAS  C:\Users\Rob\AppData\Local\Temp\ccluZUqq.s 			page 29


 1593 0073 02000000 		.4byte	.LCFI1
 1594 0077 04000000 		.4byte	.LCFI2
 1595 007b 0200     		.2byte	0x2
 1596 007d 7D       		.byte	0x7d
 1597 007e 14       		.sleb128 20
 1598 007f 04000000 		.4byte	.LCFI2
 1599 0083 38000000 		.4byte	.LFE9
 1600 0087 0200     		.2byte	0x2
 1601 0089 7D       		.byte	0x7d
 1602 008a 20       		.sleb128 32
 1603 008b 00000000 		.4byte	0
 1604 008f 00000000 		.4byte	0
 1605              	.LLST4:
 1606 0093 02000000 		.4byte	.LVL10
 1607 0097 0D000000 		.4byte	.LVL11-1
 1608 009b 0100     		.2byte	0x1
 1609 009d 50       		.byte	0x50
 1610 009e 00000000 		.4byte	0
 1611 00a2 00000000 		.4byte	0
 1612              	.LLST5:
 1613 00a6 02000000 		.4byte	.LVL10
 1614 00aa 0D000000 		.4byte	.LVL11-1
 1615 00ae 0100     		.2byte	0x1
 1616 00b0 51       		.byte	0x51
 1617 00b1 0D000000 		.4byte	.LVL11-1
 1618 00b5 36000000 		.4byte	.LVL16
 1619 00b9 0100     		.2byte	0x1
 1620 00bb 55       		.byte	0x55
 1621 00bc 00000000 		.4byte	0
 1622 00c0 00000000 		.4byte	0
 1623              	.LLST6:
 1624 00c4 02000000 		.4byte	.LVL10
 1625 00c8 0D000000 		.4byte	.LVL11-1
 1626 00cc 0100     		.2byte	0x1
 1627 00ce 52       		.byte	0x52
 1628 00cf 0D000000 		.4byte	.LVL11-1
 1629 00d3 36000000 		.4byte	.LVL17
 1630 00d7 0100     		.2byte	0x1
 1631 00d9 56       		.byte	0x56
 1632 00da 00000000 		.4byte	0
 1633 00de 00000000 		.4byte	0
 1634              	.LLST7:
 1635 00e2 02000000 		.4byte	.LVL10
 1636 00e6 0D000000 		.4byte	.LVL11-1
 1637 00ea 0100     		.2byte	0x1
 1638 00ec 53       		.byte	0x53
 1639 00ed 0D000000 		.4byte	.LVL11-1
 1640 00f1 36000000 		.4byte	.LVL18
 1641 00f5 0100     		.2byte	0x1
 1642 00f7 57       		.byte	0x57
 1643 00f8 00000000 		.4byte	0
 1644 00fc 00000000 		.4byte	0
 1645              	.LLST8:
 1646 0100 0E000000 		.4byte	.LVL11
 1647 0104 23000000 		.4byte	.LVL12-1
 1648 0108 0100     		.2byte	0x1
 1649 010a 50       		.byte	0x50
ARM GAS  C:\Users\Rob\AppData\Local\Temp\ccluZUqq.s 			page 30


 1650 010b 00000000 		.4byte	0
 1651 010f 00000000 		.4byte	0
 1652              	.LLST9:
 1653 0113 2C000000 		.4byte	.LVL13
 1654 0117 2F000000 		.4byte	.LVL14-1
 1655 011b 0100     		.2byte	0x1
 1656 011d 50       		.byte	0x50
 1657 011e 2F000000 		.4byte	.LVL14-1
 1658 0122 32000000 		.4byte	.LVL15
 1659 0126 0100     		.2byte	0x1
 1660 0128 54       		.byte	0x54
 1661 0129 00000000 		.4byte	0
 1662 012d 00000000 		.4byte	0
 1663              	.LLST10:
 1664 0131 00000000 		.4byte	.LFB10
 1665 0135 02000000 		.4byte	.LCFI3
 1666 0139 0200     		.2byte	0x2
 1667 013b 7D       		.byte	0x7d
 1668 013c 00       		.sleb128 0
 1669 013d 02000000 		.4byte	.LCFI3
 1670 0141 06000000 		.4byte	.LCFI4
 1671 0145 0200     		.2byte	0x2
 1672 0147 7D       		.byte	0x7d
 1673 0148 14       		.sleb128 20
 1674 0149 06000000 		.4byte	.LCFI4
 1675 014d 08000000 		.4byte	.LCFI5
 1676 0151 0200     		.2byte	0x2
 1677 0153 7D       		.byte	0x7d
 1678 0154 18       		.sleb128 24
 1679 0155 08000000 		.4byte	.LCFI5
 1680 0159 42000000 		.4byte	.LFE10
 1681 015d 0200     		.2byte	0x2
 1682 015f 7D       		.byte	0x7d
 1683 0160 20       		.sleb128 32
 1684 0161 00000000 		.4byte	0
 1685 0165 00000000 		.4byte	0
 1686              	.LLST11:
 1687 0169 06000000 		.4byte	.LVL19
 1688 016d 13000000 		.4byte	.LVL20-1
 1689 0171 0100     		.2byte	0x1
 1690 0173 50       		.byte	0x50
 1691 0174 13000000 		.4byte	.LVL20-1
 1692 0178 3C000000 		.4byte	.LVL25
 1693 017c 0100     		.2byte	0x1
 1694 017e 55       		.byte	0x55
 1695 017f 00000000 		.4byte	0
 1696 0183 00000000 		.4byte	0
 1697              	.LLST12:
 1698 0187 06000000 		.4byte	.LVL19
 1699 018b 13000000 		.4byte	.LVL20-1
 1700 018f 0100     		.2byte	0x1
 1701 0191 51       		.byte	0x51
 1702 0192 13000000 		.4byte	.LVL20-1
 1703 0196 3C000000 		.4byte	.LVL27
 1704 019a 0100     		.2byte	0x1
 1705 019c 57       		.byte	0x57
 1706 019d 00000000 		.4byte	0
ARM GAS  C:\Users\Rob\AppData\Local\Temp\ccluZUqq.s 			page 31


 1707 01a1 00000000 		.4byte	0
 1708              	.LLST13:
 1709 01a5 06000000 		.4byte	.LVL19
 1710 01a9 13000000 		.4byte	.LVL20-1
 1711 01ad 0100     		.2byte	0x1
 1712 01af 52       		.byte	0x52
 1713 01b0 13000000 		.4byte	.LVL20-1
 1714 01b4 3C000000 		.4byte	.LVL28
 1715 01b8 0100     		.2byte	0x1
 1716 01ba 58       		.byte	0x58
 1717 01bb 00000000 		.4byte	0
 1718 01bf 00000000 		.4byte	0
 1719              	.LLST14:
 1720 01c3 06000000 		.4byte	.LVL19
 1721 01c7 13000000 		.4byte	.LVL20-1
 1722 01cb 0100     		.2byte	0x1
 1723 01cd 53       		.byte	0x53
 1724 01ce 13000000 		.4byte	.LVL20-1
 1725 01d2 3C000000 		.4byte	.LVL26
 1726 01d6 0100     		.2byte	0x1
 1727 01d8 56       		.byte	0x56
 1728 01d9 00000000 		.4byte	0
 1729 01dd 00000000 		.4byte	0
 1730              	.LLST15:
 1731 01e1 14000000 		.4byte	.LVL20
 1732 01e5 27000000 		.4byte	.LVL21-1
 1733 01e9 0100     		.2byte	0x1
 1734 01eb 50       		.byte	0x50
 1735 01ec 00000000 		.4byte	0
 1736 01f0 00000000 		.4byte	0
 1737              	.LLST16:
 1738 01f4 32000000 		.4byte	.LVL22
 1739 01f8 35000000 		.4byte	.LVL23-1
 1740 01fc 0100     		.2byte	0x1
 1741 01fe 50       		.byte	0x50
 1742 01ff 35000000 		.4byte	.LVL23-1
 1743 0203 38000000 		.4byte	.LVL24
 1744 0207 0100     		.2byte	0x1
 1745 0209 54       		.byte	0x54
 1746 020a 00000000 		.4byte	0
 1747 020e 00000000 		.4byte	0
 1748              		.section	.debug_aranges,"",%progbits
 1749 0000 34000000 		.4byte	0x34
 1750 0004 0200     		.2byte	0x2
 1751 0006 00000000 		.4byte	.Ldebug_info0
 1752 000a 04       		.byte	0x4
 1753 000b 00       		.byte	0
 1754 000c 0000     		.2byte	0
 1755 000e 0000     		.2byte	0
 1756 0010 00000000 		.4byte	.LFB7
 1757 0014 0C000000 		.4byte	.LFE7-.LFB7
 1758 0018 00000000 		.4byte	.LFB8
 1759 001c 4C000000 		.4byte	.LFE8-.LFB8
 1760 0020 00000000 		.4byte	.LFB9
 1761 0024 38000000 		.4byte	.LFE9-.LFB9
 1762 0028 00000000 		.4byte	.LFB10
 1763 002c 42000000 		.4byte	.LFE10-.LFB10
ARM GAS  C:\Users\Rob\AppData\Local\Temp\ccluZUqq.s 			page 32


 1764 0030 00000000 		.4byte	0
 1765 0034 00000000 		.4byte	0
 1766              		.section	.debug_ranges,"",%progbits
 1767              	.Ldebug_ranges0:
 1768 0000 00000000 		.4byte	.LFB7
 1769 0004 0C000000 		.4byte	.LFE7
 1770 0008 00000000 		.4byte	.LFB8
 1771 000c 4C000000 		.4byte	.LFE8
 1772 0010 00000000 		.4byte	.LFB9
 1773 0014 38000000 		.4byte	.LFE9
 1774 0018 00000000 		.4byte	.LFB10
 1775 001c 42000000 		.4byte	.LFE10
 1776 0020 00000000 		.4byte	0
 1777 0024 00000000 		.4byte	0
 1778              		.section	.debug_line,"",%progbits
 1779              	.Ldebug_line0:
 1780 0000 DC010000 		.section	.debug_str,"MS",%progbits,1
 1780      02005801 
 1780      00000201 
 1780      FB0E0D00 
 1780      01010101 
 1781              	.LASF74:
 1782 0000 7466756E 		.ascii	"tfunc_t\000"
 1782      635F7400 
 1783              	.LASF38:
 1784 0008 705F6D73 		.ascii	"p_msg\000"
 1784      6700
 1785              	.LASF82:
 1786 000e 2E2E2F2E 		.ascii	"../../os/kernel/src/chdynamic.c\000"
 1786      2E2F6F73 
 1786      2F6B6572 
 1786      6E656C2F 
 1786      7372632F 
 1787              	.LASF2:
 1788 002e 73697A65 		.ascii	"size_t\000"
 1788      5F7400
 1789              	.LASF69:
 1790 0035 7264796D 		.ascii	"rdymsg\000"
 1790      736700
 1791              	.LASF12:
 1792 003c 75696E74 		.ascii	"uint64_t\000"
 1792      36345F74 
 1792      00
 1793              	.LASF68:
 1794 0045 4D656D6F 		.ascii	"MemoryPool\000"
 1794      7279506F 
 1794      6F6C00
 1795              	.LASF53:
 1796 0050 6D656D67 		.ascii	"memgetfunc_t\000"
 1796      65746675 
 1796      6E635F74 
 1796      00
 1797              	.LASF13:
 1798 005d 6C6F6E67 		.ascii	"long long unsigned int\000"
 1798      206C6F6E 
 1798      6720756E 
 1798      7369676E 
ARM GAS  C:\Users\Rob\AppData\Local\Temp\ccluZUqq.s 			page 33


 1798      65642069 
 1799              	.LASF70:
 1800 0074 65786974 		.ascii	"exitcode\000"
 1800      636F6465 
 1800      00
 1801              	.LASF57:
 1802 007d 685F6672 		.ascii	"h_free\000"
 1802      656500
 1803              	.LASF77:
 1804 0084 68656170 		.ascii	"heapp\000"
 1804      7000
 1805              	.LASF59:
 1806 008a 6E657874 		.ascii	"next\000"
 1806      00
 1807              	.LASF26:
 1808 008f 705F7072 		.ascii	"p_prio\000"
 1808      696F00
 1809              	.LASF83:
 1810 0096 433A5C55 		.ascii	"C:\\Users\\Rob\\Projects\\ECE411Practicum\\src\\vir"
 1810      73657273 
 1810      5C526F62 
 1810      5C50726F 
 1810      6A656374 
 1811 00c3 756C656E 		.ascii	"ulent\000"
 1811      7400
 1812              	.LASF11:
 1813 00c9 6C6F6E67 		.ascii	"long long int\000"
 1813      206C6F6E 
 1813      6720696E 
 1813      7400
 1814              	.LASF1:
 1815 00d7 7369676E 		.ascii	"signed char\000"
 1815      65642063 
 1815      68617200 
 1816              	.LASF58:
 1817 00e3 685F6D74 		.ascii	"h_mtx\000"
 1817      7800
 1818              	.LASF42:
 1819 00e9 705F6D70 		.ascii	"p_mpool\000"
 1819      6F6F6C00 
 1820              	.LASF50:
 1821 00f1 6D5F7175 		.ascii	"m_queue\000"
 1821      65756500 
 1822              	.LASF18:
 1823 00f9 74736C69 		.ascii	"tslices_t\000"
 1823      6365735F 
 1823      7400
 1824              	.LASF8:
 1825 0103 6C6F6E67 		.ascii	"long int\000"
 1825      20696E74 
 1825      00
 1826              	.LASF76:
 1827 010c 63685468 		.ascii	"chThdCreateFromHeap\000"
 1827      64437265 
 1827      61746546 
 1827      726F6D48 
 1827      65617000 
ARM GAS  C:\Users\Rob\AppData\Local\Temp\ccluZUqq.s 			page 34


 1828              	.LASF16:
 1829 0120 74737461 		.ascii	"tstate_t\000"
 1829      74655F74 
 1829      00
 1830              	.LASF65:
 1831 0129 6D705F6E 		.ascii	"mp_next\000"
 1831      65787400 
 1832              	.LASF28:
 1833 0131 705F6E65 		.ascii	"p_newer\000"
 1833      77657200 
 1834              	.LASF80:
 1835 0139 63685468 		.ascii	"chThdCreateFromMemoryPool\000"
 1835      64437265 
 1835      61746546 
 1835      726F6D4D 
 1835      656D6F72 
 1836              	.LASF67:
 1837 0153 6D705F70 		.ascii	"mp_provider\000"
 1837      726F7669 
 1837      64657200 
 1838              	.LASF45:
 1839 015f 72656761 		.ascii	"regarm_t\000"
 1839      726D5F74 
 1839      00
 1840              	.LASF60:
 1841 0168 68656170 		.ascii	"heap\000"
 1841      00
 1842              	.LASF61:
 1843 016d 616C6967 		.ascii	"align\000"
 1843      6E00
 1844              	.LASF0:
 1845 0173 756E7369 		.ascii	"unsigned int\000"
 1845      676E6564 
 1845      20696E74 
 1845      00
 1846              	.LASF10:
 1847 0180 6C6F6E67 		.ascii	"long unsigned int\000"
 1847      20756E73 
 1847      69676E65 
 1847      6420696E 
 1847      7400
 1848              	.LASF48:
 1849 0192 636F6E74 		.ascii	"context\000"
 1849      65787400 
 1850              	.LASF62:
 1851 019a 73697A65 		.ascii	"size\000"
 1851      00
 1852              	.LASF6:
 1853 019f 73686F72 		.ascii	"short unsigned int\000"
 1853      7420756E 
 1853      7369676E 
 1853      65642069 
 1853      6E7400
 1854              	.LASF20:
 1855 01b2 6D73675F 		.ascii	"msg_t\000"
 1855      7400
 1856              	.LASF15:
ARM GAS  C:\Users\Rob\AppData\Local\Temp\ccluZUqq.s 			page 35


 1857 01b8 746D6F64 		.ascii	"tmode_t\000"
 1857      655F7400 
 1858              	.LASF44:
 1859 01c0 54687265 		.ascii	"ThreadsList\000"
 1859      6164734C 
 1859      69737400 
 1860              	.LASF21:
 1861 01cc 6576656E 		.ascii	"eventmask_t\000"
 1861      746D6173 
 1861      6B5F7400 
 1862              	.LASF49:
 1863 01d8 4D757465 		.ascii	"Mutex\000"
 1863      7800
 1864              	.LASF75:
 1865 01de 63685468 		.ascii	"chThdAddRef\000"
 1865      64416464 
 1865      52656600 
 1866              	.LASF46:
 1867 01ea 73746B61 		.ascii	"stkalign_t\000"
 1867      6C69676E 
 1867      5F7400
 1868              	.LASF29:
 1869 01f5 705F6F6C 		.ascii	"p_older\000"
 1869      64657200 
 1870              	.LASF43:
 1871 01fd 54687265 		.ascii	"ThreadsQueue\000"
 1871      61647351 
 1871      75657565 
 1871      00
 1872              	.LASF66:
 1873 020a 6D705F6F 		.ascii	"mp_object_size\000"
 1873      626A6563 
 1873      745F7369 
 1873      7A6500
 1874              	.LASF78:
 1875 0219 7072696F 		.ascii	"prio\000"
 1875      00
 1876              	.LASF54:
 1877 021e 4D656D6F 		.ascii	"MemoryHeap\000"
 1877      72794865 
 1877      617000
 1878              	.LASF64:
 1879 0229 70685F6E 		.ascii	"ph_next\000"
 1879      65787400 
 1880              	.LASF17:
 1881 0231 74726566 		.ascii	"trefs_t\000"
 1881      735F7400 
 1882              	.LASF79:
 1883 0239 72656673 		.ascii	"refs\000"
 1883      00
 1884              	.LASF25:
 1885 023e 705F7072 		.ascii	"p_prev\000"
 1885      657600
 1886              	.LASF19:
 1887 0245 74707269 		.ascii	"tprio_t\000"
 1887      6F5F7400 
 1888              	.LASF14:
ARM GAS  C:\Users\Rob\AppData\Local\Temp\ccluZUqq.s 			page 36


 1889 024d 5F426F6F 		.ascii	"_Bool\000"
 1889      6C00
 1890              	.LASF7:
 1891 0253 696E7433 		.ascii	"int32_t\000"
 1891      325F7400 
 1892              	.LASF4:
 1893 025b 756E7369 		.ascii	"unsigned char\000"
 1893      676E6564 
 1893      20636861 
 1893      7200
 1894              	.LASF56:
 1895 0269 685F7072 		.ascii	"h_provider\000"
 1895      6F766964 
 1895      657200
 1896              	.LASF40:
 1897 0274 705F6D74 		.ascii	"p_mtxlist\000"
 1897      786C6973 
 1897      7400
 1898              	.LASF5:
 1899 027e 73686F72 		.ascii	"short int\000"
 1899      7420696E 
 1899      7400
 1900              	.LASF31:
 1901 0288 705F7374 		.ascii	"p_state\000"
 1901      61746500 
 1902              	.LASF34:
 1903 0290 705F7072 		.ascii	"p_preempt\000"
 1903      65656D70 
 1903      7400
 1904              	.LASF84:
 1905 029a 68656170 		.ascii	"heap_header\000"
 1905      5F686561 
 1905      64657200 
 1906              	.LASF72:
 1907 02a6 65776D61 		.ascii	"ewmask\000"
 1907      736B00
 1908              	.LASF24:
 1909 02ad 705F6E65 		.ascii	"p_next\000"
 1909      787400
 1910              	.LASF32:
 1911 02b4 705F666C 		.ascii	"p_flags\000"
 1911      61677300 
 1912              	.LASF85:
 1913 02bc 63685468 		.ascii	"chThdRelease\000"
 1913      6452656C 
 1913      65617365 
 1913      00
 1914              	.LASF23:
 1915 02c9 54687265 		.ascii	"Thread\000"
 1915      616400
 1916              	.LASF39:
 1917 02d0 705F6570 		.ascii	"p_epending\000"
 1917      656E6469 
 1917      6E6700
 1918              	.LASF9:
 1919 02db 75696E74 		.ascii	"uint32_t\000"
 1919      33325F74 
ARM GAS  C:\Users\Rob\AppData\Local\Temp\ccluZUqq.s 			page 37


 1919      00
 1920              	.LASF81:
 1921 02e4 474E5520 		.ascii	"GNU C 4.6.2\000"
 1921      4320342E 
 1921      362E3200 
 1922              	.LASF73:
 1923 02f0 63686172 		.ascii	"char\000"
 1923      00
 1924              	.LASF52:
 1925 02f5 6D5F6E65 		.ascii	"m_next\000"
 1925      787400
 1926              	.LASF22:
 1927 02fc 73797374 		.ascii	"systime_t\000"
 1927      696D655F 
 1927      7400
 1928              	.LASF41:
 1929 0306 705F7265 		.ascii	"p_realprio\000"
 1929      616C7072 
 1929      696F00
 1930              	.LASF35:
 1931 0311 705F7469 		.ascii	"p_time\000"
 1931      6D6500
 1932              	.LASF47:
 1933 0318 696E7463 		.ascii	"intctx\000"
 1933      747800
 1934              	.LASF37:
 1935 031f 705F6D73 		.ascii	"p_msgqueue\000"
 1935      67717565 
 1935      756500
 1936              	.LASF63:
 1937 032a 706F6F6C 		.ascii	"pool_header\000"
 1937      5F686561 
 1937      64657200 
 1938              	.LASF33:
 1939 0336 705F7265 		.ascii	"p_refs\000"
 1939      667300
 1940              	.LASF3:
 1941 033d 75696E74 		.ascii	"uint8_t\000"
 1941      385F7400 
 1942              	.LASF71:
 1943 0345 77746F62 		.ascii	"wtobjp\000"
 1943      6A7000
 1944              	.LASF30:
 1945 034c 705F6E61 		.ascii	"p_name\000"
 1945      6D6500
 1946              	.LASF51:
 1947 0353 6D5F6F77 		.ascii	"m_owner\000"
 1947      6E657200 
 1948              	.LASF27:
 1949 035b 705F6374 		.ascii	"p_ctx\000"
 1949      7800
 1950              	.LASF36:
 1951 0361 705F7761 		.ascii	"p_waiting\000"
 1951      6974696E 
 1951      6700
 1952              	.LASF55:
 1953 036b 6D656D6F 		.ascii	"memory_heap\000"
ARM GAS  C:\Users\Rob\AppData\Local\Temp\ccluZUqq.s 			page 38


 1953      72795F68 
 1953      65617000 
 1954              		.ident	"GCC: (GNU) 4.6.2"
ARM GAS  C:\Users\Rob\AppData\Local\Temp\ccluZUqq.s 			page 39


DEFINED SYMBOLS
                            *ABS*:00000000 chdynamic.c
C:\Users\Rob\AppData\Local\Temp\ccluZUqq.s:17     .text.chThdAddRef:00000000 $t
C:\Users\Rob\AppData\Local\Temp\ccluZUqq.s:23     .text.chThdAddRef:00000000 chThdAddRef
C:\Users\Rob\AppData\Local\Temp\ccluZUqq.s:50     .text.chThdRelease:00000000 $t
C:\Users\Rob\AppData\Local\Temp\ccluZUqq.s:56     .text.chThdRelease:00000000 chThdRelease
C:\Users\Rob\AppData\Local\Temp\ccluZUqq.s:139    .text.chThdCreateFromHeap:00000000 $t
C:\Users\Rob\AppData\Local\Temp\ccluZUqq.s:145    .text.chThdCreateFromHeap:00000000 chThdCreateFromHeap
C:\Users\Rob\AppData\Local\Temp\ccluZUqq.s:216    .text.chThdCreateFromMemoryPool:00000000 $t
C:\Users\Rob\AppData\Local\Temp\ccluZUqq.s:222    .text.chThdCreateFromMemoryPool:00000000 chThdCreateFromMemoryPool
                     .debug_frame:00000010 $d

UNDEFINED SYMBOLS
chPoolFree
chHeapFree
chHeapAlloc
chThdCreateI
chSchWakeupS
chPoolAlloc
