ARM GAS  C:\Users\Rob\AppData\Local\Temp\ccN78y4Z.s 			page 1


   1              		.cpu cortex-m0
   2              		.fpu softvfp
   3              		.eabi_attribute 20, 1
   4              		.eabi_attribute 21, 1
   5              		.eabi_attribute 23, 3
   6              		.eabi_attribute 24, 1
   7              		.eabi_attribute 25, 1
   8              		.eabi_attribute 26, 1
   9              		.eabi_attribute 30, 2
  10              		.eabi_attribute 18, 4
  11              		.code	16
  12              		.file	"chmboxes.c"
  13              		.text
  14              	.Ltext0:
  15              		.cfi_sections	.debug_frame
  16              		.section	.text.chMBInit,"ax",%progbits
  17              		.align	2
  18              		.p2align 4,,15
  19              		.global	chMBInit
  20              		.code	16
  21              		.thumb_func
  22              		.type	chMBInit, %function
  23              	chMBInit:
  24              	.LFB7:
  25              		.file 1 "../../os/kernel/src/chmboxes.c"
  26              		.loc 1 65 0
  27              		.cfi_startproc
  28 0000 10B5     		push	{r4, lr}
  29              	.LCFI0:
  30              		.cfi_def_cfa_offset 8
  31              		.cfi_offset 4, -8
  32              		.cfi_offset 14, -4
  33              	.LVL0:
  34              		.loc 1 65 0
  35 0002 041C     		mov	r4, r0
  36              		.loc 1 69 0
  37 0004 E160     		str	r1, [r4, #12]
  38 0006 A160     		str	r1, [r4, #8]
  39 0008 2160     		str	r1, [r4]
  40              		.loc 1 65 0
  41 000a 0B1C     		mov	r3, r1
  42              		.loc 1 70 0
  43 000c 9100     		lsl	r1, r2, #2
  44              	.LVL1:
  45 000e 5B18     		add	r3, r3, r1
  46              	.LVL2:
  47 0010 4360     		str	r3, [r0, #4]
  48              		.loc 1 71 0
  49 0012 111C     		mov	r1, r2
  50 0014 1C30     		add	r0, r0, #28
  51              	.LVL3:
  52 0016 FFF7FEFF 		bl	chSemInit
  53              	.LVL4:
  54              		.loc 1 72 0
  55 001a 201C     		mov	r0, r4
  56 001c 1030     		add	r0, r0, #16
  57 001e 0021     		mov	r1, #0
ARM GAS  C:\Users\Rob\AppData\Local\Temp\ccN78y4Z.s 			page 2


  58 0020 FFF7FEFF 		bl	chSemInit
  59              		.loc 1 73 0
  60              		@ sp needed for prologue
  61              	.LVL5:
  62 0024 10BD     		pop	{r4, pc}
  63              		.cfi_endproc
  64              	.LFE7:
  65              		.size	chMBInit, .-chMBInit
  66 0026 C046C046 		.section	.text.chMBReset,"ax",%progbits
  66      C046C046 
  66      C046
  67              		.align	2
  68              		.p2align 4,,15
  69              		.global	chMBReset
  70              		.code	16
  71              		.thumb_func
  72              		.type	chMBReset, %function
  73              	chMBReset:
  74              	.LFB8:
  75              		.loc 1 84 0
  76              		.cfi_startproc
  77 0000 10B5     		push	{r4, lr}
  78              	.LCFI1:
  79              		.cfi_def_cfa_offset 8
  80              		.cfi_offset 4, -8
  81              		.cfi_offset 14, -4
  82              	.LVL6:
  83              		.loc 1 84 0
  84 0002 041C     		mov	r4, r0
  85              		.loc 1 88 0
  86              	@ 88 "../../os/kernel/src/chmboxes.c" 1
  87 0004 72B6     		cpsid   i
  88              	@ 0 "" 2
  89              		.loc 1 89 0
  90              		.code	16
  91 0006 0368     		ldr	r3, [r0]
  92              		.loc 1 90 0
  93 0008 6168     		ldr	r1, [r4, #4]
  94              		.loc 1 89 0
  95 000a C360     		str	r3, [r0, #12]
  96              		.loc 1 90 0
  97 000c C91A     		sub	r1, r1, r3
  98              		.loc 1 89 0
  99 000e 8360     		str	r3, [r0, #8]
 100              		.loc 1 90 0
 101 0010 8910     		asr	r1, r1, #2
 102 0012 1C30     		add	r0, r0, #28
 103              	.LVL7:
 104 0014 FFF7FEFF 		bl	chSemResetI
 105              		.loc 1 91 0
 106 0018 201C     		mov	r0, r4
 107 001a 1030     		add	r0, r0, #16
 108 001c 0021     		mov	r1, #0
 109 001e FFF7FEFF 		bl	chSemResetI
 110              		.loc 1 92 0
 111 0022 FFF7FEFF 		bl	chSchRescheduleS
 112              		.loc 1 93 0
ARM GAS  C:\Users\Rob\AppData\Local\Temp\ccN78y4Z.s 			page 3


 113              	@ 93 "../../os/kernel/src/chmboxes.c" 1
 114 0026 62B6     		cpsie   i
 115              	@ 0 "" 2
 116              		.loc 1 94 0
 117              		.code	16
 118              		@ sp needed for prologue
 119              	.LVL8:
 120 0028 10BD     		pop	{r4, pc}
 121              		.cfi_endproc
 122              	.LFE8:
 123              		.size	chMBReset, .-chMBReset
 124 002a C046C046 		.section	.text.chMBPostS,"ax",%progbits
 124      C046
 125              		.align	2
 126              		.p2align 4,,15
 127              		.global	chMBPostS
 128              		.code	16
 129              		.thumb_func
 130              		.type	chMBPostS, %function
 131              	chMBPostS:
 132              	.LFB10:
 133              		.loc 1 143 0
 134              		.cfi_startproc
 135 0000 70B5     		push	{r4, r5, r6, lr}
 136              	.LCFI2:
 137              		.cfi_def_cfa_offset 16
 138              		.cfi_offset 4, -16
 139              		.cfi_offset 5, -12
 140              		.cfi_offset 6, -8
 141              		.cfi_offset 14, -4
 142              	.LVL9:
 143              		.loc 1 143 0
 144 0002 041C     		mov	r4, r0
 145 0004 0E1C     		mov	r6, r1
 146              		.loc 1 149 0
 147 0006 1C30     		add	r0, r0, #28
 148              	.LVL10:
 149 0008 111C     		mov	r1, r2
 150              	.LVL11:
 151 000a FFF7FEFF 		bl	chSemWaitTimeoutS
 152              	.LVL12:
 153              		.loc 1 150 0
 154 000e 051E     		sub	r5, r0, #0
 155 0010 0BD1     		bne	.L4
 156              		.loc 1 151 0
 157 0012 A368     		ldr	r3, [r4, #8]
 158              		.loc 1 152 0
 159 0014 6268     		ldr	r2, [r4, #4]
 160              		.loc 1 151 0
 161 0016 40C3     		stmia	r3!, {r6}
 162 0018 A360     		str	r3, [r4, #8]
 163              		.loc 1 152 0
 164 001a 9342     		cmp	r3, r2
 165 001c 07D2     		bcs	.L7
 166              	.L5:
 167              		.loc 1 154 0
 168 001e 201C     		mov	r0, r4
ARM GAS  C:\Users\Rob\AppData\Local\Temp\ccN78y4Z.s 			page 4


 169 0020 1030     		add	r0, r0, #16
 170 0022 FFF7FEFF 		bl	chSemSignalI
 171              		.loc 1 155 0
 172 0026 FFF7FEFF 		bl	chSchRescheduleS
 173              	.L4:
 174              		.loc 1 158 0
 175 002a 281C     		mov	r0, r5
 176              		@ sp needed for prologue
 177              	.LVL13:
 178              	.LVL14:
 179 002c 70BD     		pop	{r4, r5, r6, pc}
 180              	.LVL15:
 181              	.L7:
 182              		.loc 1 153 0
 183 002e 2368     		ldr	r3, [r4]
 184 0030 A360     		str	r3, [r4, #8]
 185 0032 F4E7     		b	.L5
 186              		.cfi_endproc
 187              	.LFE10:
 188              		.size	chMBPostS, .-chMBPostS
 189 0034 C046C046 		.section	.text.chMBPost,"ax",%progbits
 189      C046C046 
 189      C046C046 
 190              		.align	2
 191              		.p2align 4,,15
 192              		.global	chMBPost
 193              		.code	16
 194              		.thumb_func
 195              		.type	chMBPost, %function
 196              	chMBPost:
 197              	.LFB9:
 198              		.loc 1 115 0
 199              		.cfi_startproc
 200 0000 08B5     		push	{r3, lr}
 201              	.LCFI3:
 202              		.cfi_def_cfa_offset 8
 203              		.cfi_offset 3, -8
 204              		.cfi_offset 14, -4
 205              	.LVL16:
 206              		.loc 1 118 0
 207              	@ 118 "../../os/kernel/src/chmboxes.c" 1
 208 0002 72B6     		cpsid   i
 209              	@ 0 "" 2
 210              		.loc 1 119 0
 211              		.code	16
 212 0004 FFF7FEFF 		bl	chMBPostS
 213              	.LVL17:
 214              		.loc 1 120 0
 215              	@ 120 "../../os/kernel/src/chmboxes.c" 1
 216 0008 62B6     		cpsie   i
 217              	@ 0 "" 2
 218              		.loc 1 122 0
 219              		.code	16
 220              		@ sp needed for prologue
 221 000a 08BD     		pop	{r3, pc}
 222              		.cfi_endproc
 223              	.LFE9:
ARM GAS  C:\Users\Rob\AppData\Local\Temp\ccN78y4Z.s 			page 5


 224              		.size	chMBPost, .-chMBPost
 225 000c C046C046 		.section	.text.chMBPostI,"ax",%progbits
 226              		.align	2
 227              		.p2align 4,,15
 228              		.global	chMBPostI
 229              		.code	16
 230              		.thumb_func
 231              		.type	chMBPostI, %function
 232              	chMBPostI:
 233              	.LFB11:
 234              		.loc 1 174 0
 235              		.cfi_startproc
 236 0000 08B5     		push	{r3, lr}
 237              	.LCFI4:
 238              		.cfi_def_cfa_offset 8
 239              		.cfi_offset 3, -8
 240              		.cfi_offset 14, -4
 241              	.LVL18:
 242              		.loc 1 179 0
 243 0002 436A     		ldr	r3, [r0, #36]
 244 0004 002B     		cmp	r3, #0
 245 0006 0FDD     		ble	.L12
 246              		.loc 1 181 0
 247 0008 013B     		sub	r3, r3, #1
 248 000a 4362     		str	r3, [r0, #36]
 249              		.loc 1 182 0
 250 000c 8368     		ldr	r3, [r0, #8]
 251              		.loc 1 183 0
 252 000e 4268     		ldr	r2, [r0, #4]
 253              		.loc 1 182 0
 254 0010 02C3     		stmia	r3!, {r1}
 255 0012 8360     		str	r3, [r0, #8]
 256              		.loc 1 183 0
 257 0014 9342     		cmp	r3, r2
 258 0016 04D2     		bcs	.L13
 259              	.L11:
 260              		.loc 1 185 0
 261 0018 1030     		add	r0, r0, #16
 262              	.LVL19:
 263 001a FFF7FEFF 		bl	chSemSignalI
 264              	.LVL20:
 265              		.loc 1 186 0
 266 001e 0020     		mov	r0, #0
 267              	.L10:
 268              		.loc 1 187 0
 269              		@ sp needed for prologue
 270 0020 08BD     		pop	{r3, pc}
 271              	.LVL21:
 272              	.L13:
 273              		.loc 1 184 0
 274 0022 0368     		ldr	r3, [r0]
 275 0024 8360     		str	r3, [r0, #8]
 276 0026 F7E7     		b	.L11
 277              	.L12:
 278              		.loc 1 180 0
 279 0028 0120     		mov	r0, #1
 280              	.LVL22:
ARM GAS  C:\Users\Rob\AppData\Local\Temp\ccN78y4Z.s 			page 6


 281 002a 4042     		neg	r0, r0
 282 002c F8E7     		b	.L10
 283              		.cfi_endproc
 284              	.LFE11:
 285              		.size	chMBPostI, .-chMBPostI
 286 002e C046     		.section	.text.chMBPostAheadS,"ax",%progbits
 287              		.align	2
 288              		.p2align 4,,15
 289              		.global	chMBPostAheadS
 290              		.code	16
 291              		.thumb_func
 292              		.type	chMBPostAheadS, %function
 293              	chMBPostAheadS:
 294              	.LFB13:
 295              		.loc 1 236 0
 296              		.cfi_startproc
 297 0000 70B5     		push	{r4, r5, r6, lr}
 298              	.LCFI5:
 299              		.cfi_def_cfa_offset 16
 300              		.cfi_offset 4, -16
 301              		.cfi_offset 5, -12
 302              		.cfi_offset 6, -8
 303              		.cfi_offset 14, -4
 304              	.LVL23:
 305              		.loc 1 236 0
 306 0002 041C     		mov	r4, r0
 307 0004 0E1C     		mov	r6, r1
 308              		.loc 1 242 0
 309 0006 1C30     		add	r0, r0, #28
 310              	.LVL24:
 311 0008 111C     		mov	r1, r2
 312              	.LVL25:
 313 000a FFF7FEFF 		bl	chSemWaitTimeoutS
 314              	.LVL26:
 315              		.loc 1 243 0
 316 000e 051E     		sub	r5, r0, #0
 317 0010 0CD1     		bne	.L15
 318              		.loc 1 244 0
 319 0012 E368     		ldr	r3, [r4, #12]
 320 0014 2268     		ldr	r2, [r4]
 321 0016 043B     		sub	r3, r3, #4
 322 0018 E360     		str	r3, [r4, #12]
 323 001a 9342     		cmp	r3, r2
 324 001c 08D3     		bcc	.L17
 325              	.L16:
 326              		.loc 1 247 0
 327 001e 201C     		mov	r0, r4
 328              		.loc 1 246 0
 329 0020 1E60     		str	r6, [r3]
 330              		.loc 1 247 0
 331 0022 1030     		add	r0, r0, #16
 332 0024 FFF7FEFF 		bl	chSemSignalI
 333              		.loc 1 248 0
 334 0028 FFF7FEFF 		bl	chSchRescheduleS
 335              	.L15:
 336              		.loc 1 251 0
 337 002c 281C     		mov	r0, r5
ARM GAS  C:\Users\Rob\AppData\Local\Temp\ccN78y4Z.s 			page 7


 338              		@ sp needed for prologue
 339              	.LVL27:
 340              	.LVL28:
 341 002e 70BD     		pop	{r4, r5, r6, pc}
 342              	.LVL29:
 343              	.L17:
 344              		.loc 1 245 0
 345 0030 6368     		ldr	r3, [r4, #4]
 346 0032 043B     		sub	r3, r3, #4
 347 0034 E360     		str	r3, [r4, #12]
 348 0036 F2E7     		b	.L16
 349              		.cfi_endproc
 350              	.LFE13:
 351              		.size	chMBPostAheadS, .-chMBPostAheadS
 352 0038 C046C046 		.section	.text.chMBPostAhead,"ax",%progbits
 352      C046C046 
 353              		.align	2
 354              		.p2align 4,,15
 355              		.global	chMBPostAhead
 356              		.code	16
 357              		.thumb_func
 358              		.type	chMBPostAhead, %function
 359              	chMBPostAhead:
 360              	.LFB12:
 361              		.loc 1 208 0
 362              		.cfi_startproc
 363 0000 08B5     		push	{r3, lr}
 364              	.LCFI6:
 365              		.cfi_def_cfa_offset 8
 366              		.cfi_offset 3, -8
 367              		.cfi_offset 14, -4
 368              	.LVL30:
 369              		.loc 1 211 0
 370              	@ 211 "../../os/kernel/src/chmboxes.c" 1
 371 0002 72B6     		cpsid   i
 372              	@ 0 "" 2
 373              		.loc 1 212 0
 374              		.code	16
 375 0004 FFF7FEFF 		bl	chMBPostAheadS
 376              	.LVL31:
 377              		.loc 1 213 0
 378              	@ 213 "../../os/kernel/src/chmboxes.c" 1
 379 0008 62B6     		cpsie   i
 380              	@ 0 "" 2
 381              		.loc 1 215 0
 382              		.code	16
 383              		@ sp needed for prologue
 384 000a 08BD     		pop	{r3, pc}
 385              		.cfi_endproc
 386              	.LFE12:
 387              		.size	chMBPostAhead, .-chMBPostAhead
 388 000c C046C046 		.section	.text.chMBPostAheadI,"ax",%progbits
 389              		.align	2
 390              		.p2align 4,,15
 391              		.global	chMBPostAheadI
 392              		.code	16
 393              		.thumb_func
ARM GAS  C:\Users\Rob\AppData\Local\Temp\ccN78y4Z.s 			page 8


 394              		.type	chMBPostAheadI, %function
 395              	chMBPostAheadI:
 396              	.LFB14:
 397              		.loc 1 267 0
 398              		.cfi_startproc
 399 0000 08B5     		push	{r3, lr}
 400              	.LCFI7:
 401              		.cfi_def_cfa_offset 8
 402              		.cfi_offset 3, -8
 403              		.cfi_offset 14, -4
 404              	.LVL32:
 405              		.loc 1 272 0
 406 0002 436A     		ldr	r3, [r0, #36]
 407 0004 002B     		cmp	r3, #0
 408 0006 11DD     		ble	.L22
 409              		.loc 1 274 0
 410 0008 013B     		sub	r3, r3, #1
 411 000a 4362     		str	r3, [r0, #36]
 412              		.loc 1 275 0
 413 000c C368     		ldr	r3, [r0, #12]
 414 000e 0268     		ldr	r2, [r0]
 415 0010 043B     		sub	r3, r3, #4
 416 0012 C360     		str	r3, [r0, #12]
 417 0014 9342     		cmp	r3, r2
 418 0016 05D3     		bcc	.L23
 419              	.L21:
 420              		.loc 1 278 0
 421 0018 1030     		add	r0, r0, #16
 422              	.LVL33:
 423              		.loc 1 277 0
 424 001a 1960     		str	r1, [r3]
 425              		.loc 1 278 0
 426 001c FFF7FEFF 		bl	chSemSignalI
 427              	.LVL34:
 428              		.loc 1 279 0
 429 0020 0020     		mov	r0, #0
 430              	.L20:
 431              		.loc 1 280 0
 432              		@ sp needed for prologue
 433 0022 08BD     		pop	{r3, pc}
 434              	.LVL35:
 435              	.L23:
 436              		.loc 1 276 0
 437 0024 4368     		ldr	r3, [r0, #4]
 438 0026 043B     		sub	r3, r3, #4
 439 0028 C360     		str	r3, [r0, #12]
 440 002a F5E7     		b	.L21
 441              	.L22:
 442              		.loc 1 273 0
 443 002c 0120     		mov	r0, #1
 444              	.LVL36:
 445 002e 4042     		neg	r0, r0
 446 0030 F7E7     		b	.L20
 447              		.cfi_endproc
 448              	.LFE14:
 449              		.size	chMBPostAheadI, .-chMBPostAheadI
 450 0032 C046C046 		.section	.text.chMBFetchS,"ax",%progbits
ARM GAS  C:\Users\Rob\AppData\Local\Temp\ccN78y4Z.s 			page 9


 450      C046C046 
 450      C046C046 
 450      C046
 451              		.align	2
 452              		.p2align 4,,15
 453              		.global	chMBFetchS
 454              		.code	16
 455              		.thumb_func
 456              		.type	chMBFetchS, %function
 457              	chMBFetchS:
 458              	.LFB16:
 459              		.loc 1 329 0
 460              		.cfi_startproc
 461 0000 70B5     		push	{r4, r5, r6, lr}
 462              	.LCFI8:
 463              		.cfi_def_cfa_offset 16
 464              		.cfi_offset 4, -16
 465              		.cfi_offset 5, -12
 466              		.cfi_offset 6, -8
 467              		.cfi_offset 14, -4
 468              	.LVL37:
 469              		.loc 1 329 0
 470 0002 041C     		mov	r4, r0
 471 0004 0E1C     		mov	r6, r1
 472              		.loc 1 335 0
 473 0006 1030     		add	r0, r0, #16
 474              	.LVL38:
 475 0008 111C     		mov	r1, r2
 476              	.LVL39:
 477 000a FFF7FEFF 		bl	chSemWaitTimeoutS
 478              	.LVL40:
 479              		.loc 1 336 0
 480 000e 051E     		sub	r5, r0, #0
 481 0010 0CD1     		bne	.L25
 482              		.loc 1 337 0
 483 0012 E368     		ldr	r3, [r4, #12]
 484 0014 04CB     		ldmia	r3!, {r2}
 485 0016 3260     		str	r2, [r6]
 486              		.loc 1 338 0
 487 0018 6268     		ldr	r2, [r4, #4]
 488              		.loc 1 337 0
 489 001a E360     		str	r3, [r4, #12]
 490              		.loc 1 338 0
 491 001c 9342     		cmp	r3, r2
 492 001e 07D2     		bcs	.L27
 493              	.L26:
 494              		.loc 1 340 0
 495 0020 201C     		mov	r0, r4
 496 0022 1C30     		add	r0, r0, #28
 497 0024 FFF7FEFF 		bl	chSemSignalI
 498              		.loc 1 341 0
 499 0028 FFF7FEFF 		bl	chSchRescheduleS
 500              	.L25:
 501              		.loc 1 344 0
 502 002c 281C     		mov	r0, r5
 503              		@ sp needed for prologue
 504              	.LVL41:
ARM GAS  C:\Users\Rob\AppData\Local\Temp\ccN78y4Z.s 			page 10


 505              	.LVL42:
 506 002e 70BD     		pop	{r4, r5, r6, pc}
 507              	.LVL43:
 508              	.L27:
 509              		.loc 1 339 0
 510 0030 2368     		ldr	r3, [r4]
 511 0032 E360     		str	r3, [r4, #12]
 512 0034 F4E7     		b	.L26
 513              		.cfi_endproc
 514              	.LFE16:
 515              		.size	chMBFetchS, .-chMBFetchS
 516 0036 C046C046 		.section	.text.chMBFetch,"ax",%progbits
 516      C046C046 
 516      C046
 517              		.align	2
 518              		.p2align 4,,15
 519              		.global	chMBFetch
 520              		.code	16
 521              		.thumb_func
 522              		.type	chMBFetch, %function
 523              	chMBFetch:
 524              	.LFB15:
 525              		.loc 1 301 0
 526              		.cfi_startproc
 527 0000 08B5     		push	{r3, lr}
 528              	.LCFI9:
 529              		.cfi_def_cfa_offset 8
 530              		.cfi_offset 3, -8
 531              		.cfi_offset 14, -4
 532              	.LVL44:
 533              		.loc 1 304 0
 534              	@ 304 "../../os/kernel/src/chmboxes.c" 1
 535 0002 72B6     		cpsid   i
 536              	@ 0 "" 2
 537              		.loc 1 305 0
 538              		.code	16
 539 0004 FFF7FEFF 		bl	chMBFetchS
 540              	.LVL45:
 541              		.loc 1 306 0
 542              	@ 306 "../../os/kernel/src/chmboxes.c" 1
 543 0008 62B6     		cpsie   i
 544              	@ 0 "" 2
 545              		.loc 1 308 0
 546              		.code	16
 547              		@ sp needed for prologue
 548 000a 08BD     		pop	{r3, pc}
 549              		.cfi_endproc
 550              	.LFE15:
 551              		.size	chMBFetch, .-chMBFetch
 552 000c C046C046 		.section	.text.chMBFetchI,"ax",%progbits
 553              		.align	2
 554              		.p2align 4,,15
 555              		.global	chMBFetchI
 556              		.code	16
 557              		.thumb_func
 558              		.type	chMBFetchI, %function
 559              	chMBFetchI:
ARM GAS  C:\Users\Rob\AppData\Local\Temp\ccN78y4Z.s 			page 11


 560              	.LFB17:
 561              		.loc 1 360 0
 562              		.cfi_startproc
 563 0000 08B5     		push	{r3, lr}
 564              	.LCFI10:
 565              		.cfi_def_cfa_offset 8
 566              		.cfi_offset 3, -8
 567              		.cfi_offset 14, -4
 568              	.LVL46:
 569              		.loc 1 365 0
 570 0002 8369     		ldr	r3, [r0, #24]
 571 0004 002B     		cmp	r3, #0
 572 0006 10DD     		ble	.L32
 573              		.loc 1 367 0
 574 0008 013B     		sub	r3, r3, #1
 575 000a 8361     		str	r3, [r0, #24]
 576              		.loc 1 368 0
 577 000c C368     		ldr	r3, [r0, #12]
 578 000e 04CB     		ldmia	r3!, {r2}
 579 0010 0A60     		str	r2, [r1]
 580              		.loc 1 369 0
 581 0012 4268     		ldr	r2, [r0, #4]
 582              		.loc 1 368 0
 583 0014 C360     		str	r3, [r0, #12]
 584              		.loc 1 369 0
 585 0016 9342     		cmp	r3, r2
 586 0018 04D2     		bcs	.L33
 587              	.L31:
 588              		.loc 1 371 0
 589 001a 1C30     		add	r0, r0, #28
 590              	.LVL47:
 591 001c FFF7FEFF 		bl	chSemSignalI
 592              	.LVL48:
 593              		.loc 1 372 0
 594 0020 0020     		mov	r0, #0
 595              	.L30:
 596              		.loc 1 373 0
 597              		@ sp needed for prologue
 598 0022 08BD     		pop	{r3, pc}
 599              	.LVL49:
 600              	.L33:
 601              		.loc 1 370 0
 602 0024 0368     		ldr	r3, [r0]
 603 0026 C360     		str	r3, [r0, #12]
 604 0028 F7E7     		b	.L31
 605              	.L32:
 606              		.loc 1 366 0
 607 002a 0120     		mov	r0, #1
 608              	.LVL50:
 609 002c 4042     		neg	r0, r0
 610 002e F8E7     		b	.L30
 611              		.cfi_endproc
 612              	.LFE17:
 613              		.size	chMBFetchI, .-chMBFetchI
 614              		.text
 615              	.Letext0:
 616              		.file 2 "c:/yagarto/lib/gcc/../../arm-none-eabi/sys-include/stdint.h"
ARM GAS  C:\Users\Rob\AppData\Local\Temp\ccN78y4Z.s 			page 12


 617              		.file 3 "../../os/ports/GCC/ARMCMx/chtypes.h"
 618              		.file 4 "../../os/kernel/include/chlists.h"
 619              		.file 5 "../../os/kernel/include/chthreads.h"
 620              		.file 6 "../../os/ports/GCC/ARMCMx/chcore_v6m.h"
 621              		.file 7 "../../os/kernel/include/chsem.h"
 622              		.file 8 "../../os/kernel/include/chmtx.h"
 623              		.file 9 "../../os/kernel/include/chmboxes.h"
 624              		.section	.debug_info,"",%progbits
 625              	.Ldebug_info0:
 626 0000 B1070000 		.4byte	0x7b1
 627 0004 0200     		.2byte	0x2
 628 0006 00000000 		.4byte	.Ldebug_abbrev0
 629 000a 04       		.byte	0x4
 630 000b 01       		.uleb128 0x1
 631 000c 9B020000 		.4byte	.LASF79
 632 0010 01       		.byte	0x1
 633 0011 00010000 		.4byte	.LASF80
 634 0015 77000000 		.4byte	.LASF81
 635 0019 00000000 		.4byte	0
 636 001d 00000000 		.4byte	0
 637 0021 00000000 		.4byte	.Ldebug_ranges0+0
 638 0025 00000000 		.4byte	.Ldebug_line0
 639 0029 02       		.uleb128 0x2
 640 002a 04       		.byte	0x4
 641 002b 05       		.byte	0x5
 642 002c 696E7400 		.ascii	"int\000"
 643 0030 03       		.uleb128 0x3
 644 0031 04       		.byte	0x4
 645 0032 07       		.byte	0x7
 646 0033 2E010000 		.4byte	.LASF0
 647 0037 03       		.uleb128 0x3
 648 0038 01       		.byte	0x1
 649 0039 06       		.byte	0x6
 650 003a B8000000 		.4byte	.LASF1
 651 003e 04       		.uleb128 0x4
 652 003f 15030000 		.4byte	.LASF5
 653 0043 02       		.byte	0x2
 654 0044 2A       		.byte	0x2a
 655 0045 49000000 		.4byte	0x49
 656 0049 03       		.uleb128 0x3
 657 004a 01       		.byte	0x1
 658 004b 08       		.byte	0x8
 659 004c 26020000 		.4byte	.LASF2
 660 0050 03       		.uleb128 0x3
 661 0051 02       		.byte	0x2
 662 0052 05       		.byte	0x5
 663 0053 45020000 		.4byte	.LASF3
 664 0057 03       		.uleb128 0x3
 665 0058 02       		.byte	0x2
 666 0059 07       		.byte	0x7
 667 005a 70010000 		.4byte	.LASF4
 668 005e 04       		.uleb128 0x4
 669 005f 1E020000 		.4byte	.LASF6
 670 0063 02       		.byte	0x2
 671 0064 4F       		.byte	0x4f
 672 0065 69000000 		.4byte	0x69
 673 0069 03       		.uleb128 0x3
ARM GAS  C:\Users\Rob\AppData\Local\Temp\ccN78y4Z.s 			page 13


 674 006a 04       		.byte	0x4
 675 006b 05       		.byte	0x5
 676 006c DE000000 		.4byte	.LASF7
 677 0070 04       		.uleb128 0x4
 678 0071 92020000 		.4byte	.LASF8
 679 0075 02       		.byte	0x2
 680 0076 50       		.byte	0x50
 681 0077 7B000000 		.4byte	0x7b
 682 007b 03       		.uleb128 0x3
 683 007c 04       		.byte	0x4
 684 007d 07       		.byte	0x7
 685 007e 44010000 		.4byte	.LASF9
 686 0082 03       		.uleb128 0x3
 687 0083 08       		.byte	0x8
 688 0084 05       		.byte	0x5
 689 0085 AA000000 		.4byte	.LASF10
 690 0089 03       		.uleb128 0x3
 691 008a 08       		.byte	0x8
 692 008b 07       		.byte	0x7
 693 008c 38000000 		.4byte	.LASF11
 694 0090 03       		.uleb128 0x3
 695 0091 01       		.byte	0x1
 696 0092 02       		.byte	0x2
 697 0093 18020000 		.4byte	.LASF12
 698 0097 04       		.uleb128 0x4
 699 0098 9F010000 		.4byte	.LASF13
 700 009c 03       		.byte	0x3
 701 009d 25       		.byte	0x25
 702 009e 3E000000 		.4byte	0x3e
 703 00a2 04       		.uleb128 0x4
 704 00a3 E7000000 		.4byte	.LASF14
 705 00a7 03       		.byte	0x3
 706 00a8 26       		.byte	0x26
 707 00a9 3E000000 		.4byte	0x3e
 708 00ad 04       		.uleb128 0x4
 709 00ae 01020000 		.4byte	.LASF15
 710 00b2 03       		.byte	0x3
 711 00b3 27       		.byte	0x27
 712 00b4 3E000000 		.4byte	0x3e
 713 00b8 04       		.uleb128 0x4
 714 00b9 D4000000 		.4byte	.LASF16
 715 00bd 03       		.byte	0x3
 716 00be 28       		.byte	0x28
 717 00bf 3E000000 		.4byte	0x3e
 718 00c3 04       		.uleb128 0x4
 719 00c4 10020000 		.4byte	.LASF17
 720 00c8 03       		.byte	0x3
 721 00c9 29       		.byte	0x29
 722 00ca 70000000 		.4byte	0x70
 723 00ce 04       		.uleb128 0x4
 724 00cf 8E010000 		.4byte	.LASF18
 725 00d3 03       		.byte	0x3
 726 00d4 2A       		.byte	0x2a
 727 00d5 5E000000 		.4byte	0x5e
 728 00d9 04       		.uleb128 0x4
 729 00da B3010000 		.4byte	.LASF19
 730 00de 03       		.byte	0x3
ARM GAS  C:\Users\Rob\AppData\Local\Temp\ccN78y4Z.s 			page 14


 731 00df 2C       		.byte	0x2c
 732 00e0 70000000 		.4byte	0x70
 733 00e4 04       		.uleb128 0x4
 734 00e5 B3020000 		.4byte	.LASF20
 735 00e9 03       		.byte	0x3
 736 00ea 2E       		.byte	0x2e
 737 00eb 70000000 		.4byte	0x70
 738 00ef 04       		.uleb128 0x4
 739 00f0 28010000 		.4byte	.LASF21
 740 00f4 03       		.byte	0x3
 741 00f5 2F       		.byte	0x2f
 742 00f6 5E000000 		.4byte	0x5e
 743 00fa 04       		.uleb128 0x4
 744 00fb 80020000 		.4byte	.LASF22
 745 00ff 04       		.byte	0x4
 746 0100 23       		.byte	0x23
 747 0101 05010000 		.4byte	0x105
 748 0105 05       		.uleb128 0x5
 749 0106 80020000 		.4byte	.LASF22
 750 010a 48       		.byte	0x48
 751 010b 05       		.byte	0x5
 752 010c 57       		.byte	0x57
 753 010d 2A020000 		.4byte	0x22a
 754 0111 06       		.uleb128 0x6
 755 0112 68020000 		.4byte	.LASF23
 756 0116 05       		.byte	0x5
 757 0117 58       		.byte	0x58
 758 0118 4F020000 		.4byte	0x24f
 759 011c 02       		.byte	0x2
 760 011d 23       		.byte	0x23
 761 011e 00       		.uleb128 0
 762 011f 06       		.uleb128 0x6
 763 0120 09020000 		.4byte	.LASF24
 764 0124 05       		.byte	0x5
 765 0125 5A       		.byte	0x5a
 766 0126 4F020000 		.4byte	0x24f
 767 012a 02       		.byte	0x2
 768 012b 23       		.byte	0x23
 769 012c 04       		.uleb128 0x4
 770 012d 06       		.uleb128 0x6
 771 012e 70000000 		.4byte	.LASF25
 772 0132 05       		.byte	0x5
 773 0133 5C       		.byte	0x5c
 774 0134 C3000000 		.4byte	0xc3
 775 0138 02       		.byte	0x2
 776 0139 23       		.byte	0x23
 777 013a 08       		.uleb128 0x8
 778 013b 06       		.uleb128 0x6
 779 013c 33030000 		.4byte	.LASF26
 780 0140 05       		.byte	0x5
 781 0141 5D       		.byte	0x5d
 782 0142 13030000 		.4byte	0x313
 783 0146 02       		.byte	0x2
 784 0147 23       		.byte	0x23
 785 0148 0C       		.uleb128 0xc
 786 0149 06       		.uleb128 0x6
 787 014a F0000000 		.4byte	.LASF27
ARM GAS  C:\Users\Rob\AppData\Local\Temp\ccN78y4Z.s 			page 15


 788 014e 05       		.byte	0x5
 789 014f 5F       		.byte	0x5f
 790 0150 4F020000 		.4byte	0x24f
 791 0154 02       		.byte	0x2
 792 0155 23       		.byte	0x23
 793 0156 10       		.uleb128 0x10
 794 0157 06       		.uleb128 0x6
 795 0158 DD010000 		.4byte	.LASF28
 796 015c 05       		.byte	0x5
 797 015d 60       		.byte	0x60
 798 015e 4F020000 		.4byte	0x24f
 799 0162 02       		.byte	0x2
 800 0163 23       		.byte	0x23
 801 0164 14       		.uleb128 0x14
 802 0165 06       		.uleb128 0x6
 803 0166 24030000 		.4byte	.LASF29
 804 016a 05       		.byte	0x5
 805 016b 67       		.byte	0x67
 806 016c 58040000 		.4byte	0x458
 807 0170 02       		.byte	0x2
 808 0171 23       		.byte	0x23
 809 0172 18       		.uleb128 0x18
 810 0173 06       		.uleb128 0x6
 811 0174 4F020000 		.4byte	.LASF30
 812 0178 05       		.byte	0x5
 813 0179 72       		.byte	0x72
 814 017a A2000000 		.4byte	0xa2
 815 017e 02       		.byte	0x2
 816 017f 23       		.byte	0x23
 817 0180 1C       		.uleb128 0x1c
 818 0181 06       		.uleb128 0x6
 819 0182 6F020000 		.4byte	.LASF31
 820 0186 05       		.byte	0x5
 821 0187 76       		.byte	0x76
 822 0188 97000000 		.4byte	0x97
 823 018c 02       		.byte	0x2
 824 018d 23       		.byte	0x23
 825 018e 1D       		.uleb128 0x1d
 826 018f 06       		.uleb128 0x6
 827 0190 0E030000 		.4byte	.LASF32
 828 0194 05       		.byte	0x5
 829 0195 7B       		.byte	0x7b
 830 0196 AD000000 		.4byte	0xad
 831 019a 02       		.byte	0x2
 832 019b 23       		.byte	0x23
 833 019c 1E       		.uleb128 0x1e
 834 019d 06       		.uleb128 0x6
 835 019e 57020000 		.4byte	.LASF33
 836 01a2 05       		.byte	0x5
 837 01a3 81       		.byte	0x81
 838 01a4 B8000000 		.4byte	0xb8
 839 01a8 02       		.byte	0x2
 840 01a9 23       		.byte	0x23
 841 01aa 1F       		.uleb128 0x1f
 842 01ab 06       		.uleb128 0x6
 843 01ac C8020000 		.4byte	.LASF34
 844 01b0 05       		.byte	0x5
ARM GAS  C:\Users\Rob\AppData\Local\Temp\ccN78y4Z.s 			page 16


 845 01b1 88       		.byte	0x88
 846 01b2 34030000 		.4byte	0x334
 847 01b6 02       		.byte	0x2
 848 01b7 23       		.byte	0x23
 849 01b8 20       		.uleb128 0x20
 850 01b9 07       		.uleb128 0x7
 851 01ba 705F7500 		.ascii	"p_u\000"
 852 01be 05       		.byte	0x5
 853 01bf AD       		.byte	0xad
 854 01c0 23040000 		.4byte	0x423
 855 01c4 02       		.byte	0x2
 856 01c5 23       		.byte	0x23
 857 01c6 24       		.uleb128 0x24
 858 01c7 06       		.uleb128 0x6
 859 01c8 39030000 		.4byte	.LASF35
 860 01cc 05       		.byte	0x5
 861 01cd B2       		.byte	0xb2
 862 01ce 77020000 		.4byte	0x277
 863 01d2 02       		.byte	0x2
 864 01d3 23       		.byte	0x23
 865 01d4 28       		.uleb128 0x28
 866 01d5 06       		.uleb128 0x6
 867 01d6 E4020000 		.4byte	.LASF36
 868 01da 05       		.byte	0x5
 869 01db B8       		.byte	0xb8
 870 01dc 55020000 		.4byte	0x255
 871 01e0 02       		.byte	0x2
 872 01e1 23       		.byte	0x23
 873 01e2 2C       		.uleb128 0x2c
 874 01e3 06       		.uleb128 0x6
 875 01e4 00000000 		.4byte	.LASF37
 876 01e8 05       		.byte	0x5
 877 01e9 BC       		.byte	0xbc
 878 01ea CE000000 		.4byte	0xce
 879 01ee 02       		.byte	0x2
 880 01ef 23       		.byte	0x23
 881 01f0 34       		.uleb128 0x34
 882 01f1 06       		.uleb128 0x6
 883 01f2 87020000 		.4byte	.LASF38
 884 01f6 05       		.byte	0x5
 885 01f7 C2       		.byte	0xc2
 886 01f8 D9000000 		.4byte	0xd9
 887 01fc 02       		.byte	0x2
 888 01fd 23       		.byte	0x23
 889 01fe 38       		.uleb128 0x38
 890 01ff 06       		.uleb128 0x6
 891 0200 3B020000 		.4byte	.LASF39
 892 0204 05       		.byte	0x5
 893 0205 C9       		.byte	0xc9
 894 0206 6A040000 		.4byte	0x46a
 895 020a 02       		.byte	0x2
 896 020b 23       		.byte	0x23
 897 020c 3C       		.uleb128 0x3c
 898 020d 06       		.uleb128 0x6
 899 020e BD020000 		.4byte	.LASF40
 900 0212 05       		.byte	0x5
 901 0213 CD       		.byte	0xcd
ARM GAS  C:\Users\Rob\AppData\Local\Temp\ccN78y4Z.s 			page 17


 902 0214 C3000000 		.4byte	0xc3
 903 0218 02       		.byte	0x2
 904 0219 23       		.byte	0x23
 905 021a 40       		.uleb128 0x40
 906 021b 06       		.uleb128 0x6
 907 021c C4000000 		.4byte	.LASF41
 908 0220 05       		.byte	0x5
 909 0221 D3       		.byte	0xd3
 910 0222 8D020000 		.4byte	0x28d
 911 0226 02       		.byte	0x2
 912 0227 23       		.byte	0x23
 913 0228 44       		.uleb128 0x44
 914 0229 00       		.byte	0
 915 022a 08       		.uleb128 0x8
 916 022b 08       		.byte	0x8
 917 022c 04       		.byte	0x4
 918 022d 5A       		.byte	0x5a
 919 022e 4F020000 		.4byte	0x24f
 920 0232 06       		.uleb128 0x6
 921 0233 68020000 		.4byte	.LASF23
 922 0237 04       		.byte	0x4
 923 0238 5B       		.byte	0x5b
 924 0239 4F020000 		.4byte	0x24f
 925 023d 02       		.byte	0x2
 926 023e 23       		.byte	0x23
 927 023f 00       		.uleb128 0
 928 0240 06       		.uleb128 0x6
 929 0241 09020000 		.4byte	.LASF24
 930 0245 04       		.byte	0x4
 931 0246 5D       		.byte	0x5d
 932 0247 4F020000 		.4byte	0x24f
 933 024b 02       		.byte	0x2
 934 024c 23       		.byte	0x23
 935 024d 04       		.uleb128 0x4
 936 024e 00       		.byte	0
 937 024f 09       		.uleb128 0x9
 938 0250 04       		.byte	0x4
 939 0251 FA000000 		.4byte	0xfa
 940 0255 04       		.uleb128 0x4
 941 0256 E5010000 		.4byte	.LASF42
 942 025a 04       		.byte	0x4
 943 025b 5F       		.byte	0x5f
 944 025c 2A020000 		.4byte	0x22a
 945 0260 08       		.uleb128 0x8
 946 0261 04       		.byte	0x4
 947 0262 04       		.byte	0x4
 948 0263 64       		.byte	0x64
 949 0264 77020000 		.4byte	0x277
 950 0268 06       		.uleb128 0x6
 951 0269 68020000 		.4byte	.LASF23
 952 026d 04       		.byte	0x4
 953 026e 66       		.byte	0x66
 954 026f 4F020000 		.4byte	0x24f
 955 0273 02       		.byte	0x2
 956 0274 23       		.byte	0x23
 957 0275 00       		.uleb128 0
 958 0276 00       		.byte	0
ARM GAS  C:\Users\Rob\AppData\Local\Temp\ccN78y4Z.s 			page 18


 959 0277 04       		.uleb128 0x4
 960 0278 A7010000 		.4byte	.LASF43
 961 027c 04       		.byte	0x4
 962 027d 69       		.byte	0x69
 963 027e 60020000 		.4byte	0x260
 964 0282 04       		.uleb128 0x4
 965 0283 1F010000 		.4byte	.LASF44
 966 0287 06       		.byte	0x6
 967 0288 A0       		.byte	0xa0
 968 0289 8D020000 		.4byte	0x28d
 969 028d 0A       		.uleb128 0xa
 970 028e 04       		.byte	0x4
 971 028f 05       		.uleb128 0x5
 972 0290 DD020000 		.4byte	.LASF45
 973 0294 24       		.byte	0x24
 974 0295 06       		.byte	0x6
 975 0296 B3       		.byte	0xb3
 976 0297 13030000 		.4byte	0x313
 977 029b 07       		.uleb128 0x7
 978 029c 723800   		.ascii	"r8\000"
 979 029f 06       		.byte	0x6
 980 02a0 B4       		.byte	0xb4
 981 02a1 82020000 		.4byte	0x282
 982 02a5 02       		.byte	0x2
 983 02a6 23       		.byte	0x23
 984 02a7 00       		.uleb128 0
 985 02a8 07       		.uleb128 0x7
 986 02a9 723900   		.ascii	"r9\000"
 987 02ac 06       		.byte	0x6
 988 02ad B5       		.byte	0xb5
 989 02ae 82020000 		.4byte	0x282
 990 02b2 02       		.byte	0x2
 991 02b3 23       		.byte	0x23
 992 02b4 04       		.uleb128 0x4
 993 02b5 07       		.uleb128 0x7
 994 02b6 72313000 		.ascii	"r10\000"
 995 02ba 06       		.byte	0x6
 996 02bb B6       		.byte	0xb6
 997 02bc 82020000 		.4byte	0x282
 998 02c0 02       		.byte	0x2
 999 02c1 23       		.byte	0x23
 1000 02c2 08       		.uleb128 0x8
 1001 02c3 07       		.uleb128 0x7
 1002 02c4 72313100 		.ascii	"r11\000"
 1003 02c8 06       		.byte	0x6
 1004 02c9 B7       		.byte	0xb7
 1005 02ca 82020000 		.4byte	0x282
 1006 02ce 02       		.byte	0x2
 1007 02cf 23       		.byte	0x23
 1008 02d0 0C       		.uleb128 0xc
 1009 02d1 07       		.uleb128 0x7
 1010 02d2 723400   		.ascii	"r4\000"
 1011 02d5 06       		.byte	0x6
 1012 02d6 B8       		.byte	0xb8
 1013 02d7 82020000 		.4byte	0x282
 1014 02db 02       		.byte	0x2
 1015 02dc 23       		.byte	0x23
ARM GAS  C:\Users\Rob\AppData\Local\Temp\ccN78y4Z.s 			page 19


 1016 02dd 10       		.uleb128 0x10
 1017 02de 07       		.uleb128 0x7
 1018 02df 723500   		.ascii	"r5\000"
 1019 02e2 06       		.byte	0x6
 1020 02e3 B9       		.byte	0xb9
 1021 02e4 82020000 		.4byte	0x282
 1022 02e8 02       		.byte	0x2
 1023 02e9 23       		.byte	0x23
 1024 02ea 14       		.uleb128 0x14
 1025 02eb 07       		.uleb128 0x7
 1026 02ec 723600   		.ascii	"r6\000"
 1027 02ef 06       		.byte	0x6
 1028 02f0 BA       		.byte	0xba
 1029 02f1 82020000 		.4byte	0x282
 1030 02f5 02       		.byte	0x2
 1031 02f6 23       		.byte	0x23
 1032 02f7 18       		.uleb128 0x18
 1033 02f8 07       		.uleb128 0x7
 1034 02f9 723700   		.ascii	"r7\000"
 1035 02fc 06       		.byte	0x6
 1036 02fd BB       		.byte	0xbb
 1037 02fe 82020000 		.4byte	0x282
 1038 0302 02       		.byte	0x2
 1039 0303 23       		.byte	0x23
 1040 0304 1C       		.uleb128 0x1c
 1041 0305 07       		.uleb128 0x7
 1042 0306 6C7200   		.ascii	"lr\000"
 1043 0309 06       		.byte	0x6
 1044 030a BC       		.byte	0xbc
 1045 030b 82020000 		.4byte	0x282
 1046 030f 02       		.byte	0x2
 1047 0310 23       		.byte	0x23
 1048 0311 20       		.uleb128 0x20
 1049 0312 00       		.byte	0
 1050 0313 05       		.uleb128 0x5
 1051 0314 68010000 		.4byte	.LASF46
 1052 0318 04       		.byte	0x4
 1053 0319 06       		.byte	0x6
 1054 031a C6       		.byte	0xc6
 1055 031b 2E030000 		.4byte	0x32e
 1056 031f 07       		.uleb128 0x7
 1057 0320 72313300 		.ascii	"r13\000"
 1058 0324 06       		.byte	0x6
 1059 0325 C7       		.byte	0xc7
 1060 0326 2E030000 		.4byte	0x32e
 1061 032a 02       		.byte	0x2
 1062 032b 23       		.byte	0x23
 1063 032c 00       		.uleb128 0
 1064 032d 00       		.byte	0
 1065 032e 09       		.uleb128 0x9
 1066 032f 04       		.byte	0x4
 1067 0330 8F020000 		.4byte	0x28f
 1068 0334 0B       		.uleb128 0xb
 1069 0335 E4000000 		.4byte	0xe4
 1070 0339 05       		.uleb128 0x5
 1071 033a F9020000 		.4byte	.LASF47
 1072 033e 0C       		.byte	0xc
ARM GAS  C:\Users\Rob\AppData\Local\Temp\ccN78y4Z.s 			page 20


 1073 033f 07       		.byte	0x7
 1074 0340 25       		.byte	0x25
 1075 0341 62030000 		.4byte	0x362
 1076 0345 06       		.uleb128 0x6
 1077 0346 F8000000 		.4byte	.LASF48
 1078 034a 07       		.byte	0x7
 1079 034b 26       		.byte	0x26
 1080 034c 55020000 		.4byte	0x255
 1081 0350 02       		.byte	0x2
 1082 0351 23       		.byte	0x23
 1083 0352 00       		.uleb128 0
 1084 0353 06       		.uleb128 0x6
 1085 0354 62010000 		.4byte	.LASF49
 1086 0358 07       		.byte	0x7
 1087 0359 28       		.byte	0x28
 1088 035a EF000000 		.4byte	0xef
 1089 035e 02       		.byte	0x2
 1090 035f 23       		.byte	0x23
 1091 0360 08       		.uleb128 0x8
 1092 0361 00       		.byte	0
 1093 0362 04       		.uleb128 0x4
 1094 0363 F9020000 		.4byte	.LASF47
 1095 0367 07       		.byte	0x7
 1096 0368 29       		.byte	0x29
 1097 0369 39030000 		.4byte	0x339
 1098 036d 05       		.uleb128 0x5
 1099 036e BF010000 		.4byte	.LASF50
 1100 0372 10       		.byte	0x10
 1101 0373 08       		.byte	0x8
 1102 0374 25       		.byte	0x25
 1103 0375 A4030000 		.4byte	0x3a4
 1104 0379 06       		.uleb128 0x6
 1105 037a CC000000 		.4byte	.LASF51
 1106 037e 08       		.byte	0x8
 1107 037f 26       		.byte	0x26
 1108 0380 55020000 		.4byte	0x255
 1109 0384 02       		.byte	0x2
 1110 0385 23       		.byte	0x23
 1111 0386 00       		.uleb128 0
 1112 0387 06       		.uleb128 0x6
 1113 0388 2B030000 		.4byte	.LASF52
 1114 038c 08       		.byte	0x8
 1115 038d 28       		.byte	0x28
 1116 038e 4F020000 		.4byte	0x24f
 1117 0392 02       		.byte	0x2
 1118 0393 23       		.byte	0x23
 1119 0394 08       		.uleb128 0x8
 1120 0395 06       		.uleb128 0x6
 1121 0396 AC020000 		.4byte	.LASF53
 1122 039a 08       		.byte	0x8
 1123 039b 2A       		.byte	0x2a
 1124 039c A4030000 		.4byte	0x3a4
 1125 03a0 02       		.byte	0x2
 1126 03a1 23       		.byte	0x23
 1127 03a2 0C       		.uleb128 0xc
 1128 03a3 00       		.byte	0
 1129 03a4 09       		.uleb128 0x9
ARM GAS  C:\Users\Rob\AppData\Local\Temp\ccN78y4Z.s 			page 21


 1130 03a5 04       		.byte	0x4
 1131 03a6 6D030000 		.4byte	0x36d
 1132 03aa 04       		.uleb128 0x4
 1133 03ab BF010000 		.4byte	.LASF50
 1134 03af 08       		.byte	0x8
 1135 03b0 2C       		.byte	0x2c
 1136 03b1 6D030000 		.4byte	0x36d
 1137 03b5 08       		.uleb128 0x8
 1138 03b6 28       		.byte	0x28
 1139 03b7 09       		.byte	0x9
 1140 03b8 2C       		.byte	0x2c
 1141 03b9 12040000 		.4byte	0x412
 1142 03bd 06       		.uleb128 0x6
 1143 03be F2010000 		.4byte	.LASF54
 1144 03c2 09       		.byte	0x9
 1145 03c3 2D       		.byte	0x2d
 1146 03c4 12040000 		.4byte	0x412
 1147 03c8 02       		.byte	0x2
 1148 03c9 23       		.byte	0x23
 1149 03ca 00       		.uleb128 0
 1150 03cb 06       		.uleb128 0x6
 1151 03cc 34020000 		.4byte	.LASF55
 1152 03d0 09       		.byte	0x9
 1153 03d1 2F       		.byte	0x2f
 1154 03d2 12040000 		.4byte	0x412
 1155 03d6 02       		.byte	0x2
 1156 03d7 23       		.byte	0x23
 1157 03d8 04       		.uleb128 0x4
 1158 03d9 06       		.uleb128 0x6
 1159 03da 67000000 		.4byte	.LASF56
 1160 03de 09       		.byte	0x9
 1161 03df 31       		.byte	0x31
 1162 03e0 12040000 		.4byte	0x412
 1163 03e4 02       		.byte	0x2
 1164 03e5 23       		.byte	0x23
 1165 03e6 08       		.uleb128 0x8
 1166 03e7 06       		.uleb128 0x6
 1167 03e8 CA010000 		.4byte	.LASF57
 1168 03ec 09       		.byte	0x9
 1169 03ed 32       		.byte	0x32
 1170 03ee 12040000 		.4byte	0x412
 1171 03f2 02       		.byte	0x2
 1172 03f3 23       		.byte	0x23
 1173 03f4 0C       		.uleb128 0xc
 1174 03f5 06       		.uleb128 0x6
 1175 03f6 03030000 		.4byte	.LASF58
 1176 03fa 09       		.byte	0x9
 1177 03fb 33       		.byte	0x33
 1178 03fc 62030000 		.4byte	0x362
 1179 0400 02       		.byte	0x2
 1180 0401 23       		.byte	0x23
 1181 0402 10       		.uleb128 0x10
 1182 0403 06       		.uleb128 0x6
 1183 0404 56010000 		.4byte	.LASF59
 1184 0408 09       		.byte	0x9
 1185 0409 35       		.byte	0x35
 1186 040a 62030000 		.4byte	0x362
ARM GAS  C:\Users\Rob\AppData\Local\Temp\ccN78y4Z.s 			page 22


 1187 040e 02       		.byte	0x2
 1188 040f 23       		.byte	0x23
 1189 0410 1C       		.uleb128 0x1c
 1190 0411 00       		.byte	0
 1191 0412 09       		.uleb128 0x9
 1192 0413 04       		.byte	0x4
 1193 0414 CE000000 		.4byte	0xce
 1194 0418 04       		.uleb128 0x4
 1195 0419 21000000 		.4byte	.LASF60
 1196 041d 09       		.byte	0x9
 1197 041e 37       		.byte	0x37
 1198 041f B5030000 		.4byte	0x3b5
 1199 0423 0C       		.uleb128 0xc
 1200 0424 04       		.byte	0x4
 1201 0425 05       		.byte	0x5
 1202 0426 8F       		.byte	0x8f
 1203 0427 58040000 		.4byte	0x458
 1204 042b 0D       		.uleb128 0xd
 1205 042c 06000000 		.4byte	.LASF61
 1206 0430 05       		.byte	0x5
 1207 0431 96       		.byte	0x96
 1208 0432 CE000000 		.4byte	0xce
 1209 0436 0D       		.uleb128 0xd
 1210 0437 4F000000 		.4byte	.LASF62
 1211 043b 05       		.byte	0x5
 1212 043c 9D       		.byte	0x9d
 1213 043d CE000000 		.4byte	0xce
 1214 0441 0D       		.uleb128 0xd
 1215 0442 1D030000 		.4byte	.LASF63
 1216 0446 05       		.byte	0x5
 1217 0447 A4       		.byte	0xa4
 1218 0448 8D020000 		.4byte	0x28d
 1219 044c 0D       		.uleb128 0xd
 1220 044d 61020000 		.4byte	.LASF64
 1221 0451 05       		.byte	0x5
 1222 0452 AB       		.byte	0xab
 1223 0453 D9000000 		.4byte	0xd9
 1224 0457 00       		.byte	0
 1225 0458 09       		.uleb128 0x9
 1226 0459 04       		.byte	0x4
 1227 045a 5E040000 		.4byte	0x45e
 1228 045e 0E       		.uleb128 0xe
 1229 045f 63040000 		.4byte	0x463
 1230 0463 03       		.uleb128 0x3
 1231 0464 01       		.byte	0x1
 1232 0465 08       		.byte	0x8
 1233 0466 A7020000 		.4byte	.LASF65
 1234 046a 09       		.uleb128 0x9
 1235 046b 04       		.byte	0x4
 1236 046c AA030000 		.4byte	0x3aa
 1237 0470 0F       		.uleb128 0xf
 1238 0471 01       		.byte	0x1
 1239 0472 3B010000 		.4byte	.LASF66
 1240 0476 01       		.byte	0x1
 1241 0477 41       		.byte	0x41
 1242 0478 01       		.byte	0x1
 1243 0479 00000000 		.4byte	.LFB7
ARM GAS  C:\Users\Rob\AppData\Local\Temp\ccN78y4Z.s 			page 23


 1244 047d 26000000 		.4byte	.LFE7
 1245 0481 00000000 		.4byte	.LLST0
 1246 0485 B5040000 		.4byte	0x4b5
 1247 0489 10       		.uleb128 0x10
 1248 048a 6D627000 		.ascii	"mbp\000"
 1249 048e 01       		.byte	0x1
 1250 048f 41       		.byte	0x41
 1251 0490 B5040000 		.4byte	0x4b5
 1252 0494 20000000 		.4byte	.LLST1
 1253 0498 10       		.uleb128 0x10
 1254 0499 62756600 		.ascii	"buf\000"
 1255 049d 01       		.byte	0x1
 1256 049e 41       		.byte	0x41
 1257 049f 12040000 		.4byte	0x412
 1258 04a3 3E000000 		.4byte	.LLST2
 1259 04a7 10       		.uleb128 0x10
 1260 04a8 6E00     		.ascii	"n\000"
 1261 04aa 01       		.byte	0x1
 1262 04ab 41       		.byte	0x41
 1263 04ac EF000000 		.4byte	0xef
 1264 04b0 74000000 		.4byte	.LLST3
 1265 04b4 00       		.byte	0
 1266 04b5 09       		.uleb128 0x9
 1267 04b6 04       		.byte	0x4
 1268 04b7 18040000 		.4byte	0x418
 1269 04bb 0F       		.uleb128 0xf
 1270 04bc 01       		.byte	0x1
 1271 04bd D3010000 		.4byte	.LASF67
 1272 04c1 01       		.byte	0x1
 1273 04c2 54       		.byte	0x54
 1274 04c3 01       		.byte	0x1
 1275 04c4 00000000 		.4byte	.LFB8
 1276 04c8 2A000000 		.4byte	.LFE8
 1277 04cc 87000000 		.4byte	.LLST4
 1278 04d0 E4040000 		.4byte	0x4e4
 1279 04d4 10       		.uleb128 0x10
 1280 04d5 6D627000 		.ascii	"mbp\000"
 1281 04d9 01       		.byte	0x1
 1282 04da 54       		.byte	0x54
 1283 04db B5040000 		.4byte	0x4b5
 1284 04df A7000000 		.4byte	.LLST5
 1285 04e3 00       		.byte	0
 1286 04e4 11       		.uleb128 0x11
 1287 04e5 01       		.byte	0x1
 1288 04e6 17000000 		.4byte	.LASF69
 1289 04ea 01       		.byte	0x1
 1290 04eb 8F       		.byte	0x8f
 1291 04ec 01       		.byte	0x1
 1292 04ed CE000000 		.4byte	0xce
 1293 04f1 00000000 		.4byte	.LFB10
 1294 04f5 34000000 		.4byte	.LFE10
 1295 04f9 C5000000 		.4byte	.LLST6
 1296 04fd 3C050000 		.4byte	0x53c
 1297 0501 10       		.uleb128 0x10
 1298 0502 6D627000 		.ascii	"mbp\000"
 1299 0506 01       		.byte	0x1
 1300 0507 8F       		.byte	0x8f
ARM GAS  C:\Users\Rob\AppData\Local\Temp\ccN78y4Z.s 			page 24


 1301 0508 B5040000 		.4byte	0x4b5
 1302 050c E5000000 		.4byte	.LLST7
 1303 0510 10       		.uleb128 0x10
 1304 0511 6D736700 		.ascii	"msg\000"
 1305 0515 01       		.byte	0x1
 1306 0516 8F       		.byte	0x8f
 1307 0517 CE000000 		.4byte	0xce
 1308 051b 0E010000 		.4byte	.LLST8
 1309 051f 12       		.uleb128 0x12
 1310 0520 FC010000 		.4byte	.LASF68
 1311 0524 01       		.byte	0x1
 1312 0525 8F       		.byte	0x8f
 1313 0526 E4000000 		.4byte	0xe4
 1314 052a 37010000 		.4byte	.LLST9
 1315 052e 13       		.uleb128 0x13
 1316 052f 06000000 		.4byte	.LASF61
 1317 0533 01       		.byte	0x1
 1318 0534 90       		.byte	0x90
 1319 0535 CE000000 		.4byte	0xce
 1320 0539 01       		.byte	0x1
 1321 053a 55       		.byte	0x55
 1322 053b 00       		.byte	0
 1323 053c 11       		.uleb128 0x11
 1324 053d 01       		.byte	0x1
 1325 053e 77020000 		.4byte	.LASF70
 1326 0542 01       		.byte	0x1
 1327 0543 73       		.byte	0x73
 1328 0544 01       		.byte	0x1
 1329 0545 CE000000 		.4byte	0xce
 1330 0549 00000000 		.4byte	.LFB9
 1331 054d 0C000000 		.4byte	.LFE9
 1332 0551 4A010000 		.4byte	.LLST10
 1333 0555 94050000 		.4byte	0x594
 1334 0559 10       		.uleb128 0x10
 1335 055a 6D627000 		.ascii	"mbp\000"
 1336 055e 01       		.byte	0x1
 1337 055f 73       		.byte	0x73
 1338 0560 B5040000 		.4byte	0x4b5
 1339 0564 6A010000 		.4byte	.LLST11
 1340 0568 10       		.uleb128 0x10
 1341 0569 6D736700 		.ascii	"msg\000"
 1342 056d 01       		.byte	0x1
 1343 056e 73       		.byte	0x73
 1344 056f CE000000 		.4byte	0xce
 1345 0573 7D010000 		.4byte	.LLST12
 1346 0577 12       		.uleb128 0x12
 1347 0578 FC010000 		.4byte	.LASF68
 1348 057c 01       		.byte	0x1
 1349 057d 73       		.byte	0x73
 1350 057e E4000000 		.4byte	0xe4
 1351 0582 90010000 		.4byte	.LLST13
 1352 0586 13       		.uleb128 0x13
 1353 0587 06000000 		.4byte	.LASF61
 1354 058b 01       		.byte	0x1
 1355 058c 74       		.byte	0x74
 1356 058d CE000000 		.4byte	0xce
 1357 0591 01       		.byte	0x1
ARM GAS  C:\Users\Rob\AppData\Local\Temp\ccN78y4Z.s 			page 25


 1358 0592 50       		.byte	0x50
 1359 0593 00       		.byte	0
 1360 0594 11       		.uleb128 0x11
 1361 0595 01       		.byte	0x1
 1362 0596 0D000000 		.4byte	.LASF71
 1363 059a 01       		.byte	0x1
 1364 059b AE       		.byte	0xae
 1365 059c 01       		.byte	0x1
 1366 059d CE000000 		.4byte	0xce
 1367 05a1 00000000 		.4byte	.LFB11
 1368 05a5 2E000000 		.4byte	.LFE11
 1369 05a9 A3010000 		.4byte	.LLST14
 1370 05ad D0050000 		.4byte	0x5d0
 1371 05b1 10       		.uleb128 0x10
 1372 05b2 6D627000 		.ascii	"mbp\000"
 1373 05b6 01       		.byte	0x1
 1374 05b7 AE       		.byte	0xae
 1375 05b8 B5040000 		.4byte	0x4b5
 1376 05bc C3010000 		.4byte	.LLST15
 1377 05c0 10       		.uleb128 0x10
 1378 05c1 6D736700 		.ascii	"msg\000"
 1379 05c5 01       		.byte	0x1
 1380 05c6 AE       		.byte	0xae
 1381 05c7 CE000000 		.4byte	0xce
 1382 05cb EE010000 		.4byte	.LLST16
 1383 05cf 00       		.byte	0
 1384 05d0 11       		.uleb128 0x11
 1385 05d1 01       		.byte	0x1
 1386 05d2 58000000 		.4byte	.LASF72
 1387 05d6 01       		.byte	0x1
 1388 05d7 EC       		.byte	0xec
 1389 05d8 01       		.byte	0x1
 1390 05d9 CE000000 		.4byte	0xce
 1391 05dd 00000000 		.4byte	.LFB13
 1392 05e1 38000000 		.4byte	.LFE13
 1393 05e5 0C020000 		.4byte	.LLST17
 1394 05e9 28060000 		.4byte	0x628
 1395 05ed 10       		.uleb128 0x10
 1396 05ee 6D627000 		.ascii	"mbp\000"
 1397 05f2 01       		.byte	0x1
 1398 05f3 EC       		.byte	0xec
 1399 05f4 B5040000 		.4byte	0x4b5
 1400 05f8 2C020000 		.4byte	.LLST18
 1401 05fc 10       		.uleb128 0x10
 1402 05fd 6D736700 		.ascii	"msg\000"
 1403 0601 01       		.byte	0x1
 1404 0602 EC       		.byte	0xec
 1405 0603 CE000000 		.4byte	0xce
 1406 0607 55020000 		.4byte	.LLST19
 1407 060b 12       		.uleb128 0x12
 1408 060c FC010000 		.4byte	.LASF68
 1409 0610 01       		.byte	0x1
 1410 0611 EC       		.byte	0xec
 1411 0612 E4000000 		.4byte	0xe4
 1412 0616 7E020000 		.4byte	.LLST20
 1413 061a 13       		.uleb128 0x13
 1414 061b 06000000 		.4byte	.LASF61
ARM GAS  C:\Users\Rob\AppData\Local\Temp\ccN78y4Z.s 			page 26


 1415 061f 01       		.byte	0x1
 1416 0620 ED       		.byte	0xed
 1417 0621 CE000000 		.4byte	0xce
 1418 0625 01       		.byte	0x1
 1419 0626 55       		.byte	0x55
 1420 0627 00       		.byte	0
 1421 0628 11       		.uleb128 0x11
 1422 0629 01       		.byte	0x1
 1423 062a CF020000 		.4byte	.LASF73
 1424 062e 01       		.byte	0x1
 1425 062f D0       		.byte	0xd0
 1426 0630 01       		.byte	0x1
 1427 0631 CE000000 		.4byte	0xce
 1428 0635 00000000 		.4byte	.LFB12
 1429 0639 0C000000 		.4byte	.LFE12
 1430 063d 91020000 		.4byte	.LLST21
 1431 0641 80060000 		.4byte	0x680
 1432 0645 10       		.uleb128 0x10
 1433 0646 6D627000 		.ascii	"mbp\000"
 1434 064a 01       		.byte	0x1
 1435 064b D0       		.byte	0xd0
 1436 064c B5040000 		.4byte	0x4b5
 1437 0650 B1020000 		.4byte	.LLST22
 1438 0654 10       		.uleb128 0x10
 1439 0655 6D736700 		.ascii	"msg\000"
 1440 0659 01       		.byte	0x1
 1441 065a D0       		.byte	0xd0
 1442 065b CE000000 		.4byte	0xce
 1443 065f C4020000 		.4byte	.LLST23
 1444 0663 12       		.uleb128 0x12
 1445 0664 FC010000 		.4byte	.LASF68
 1446 0668 01       		.byte	0x1
 1447 0669 D0       		.byte	0xd0
 1448 066a E4000000 		.4byte	0xe4
 1449 066e D7020000 		.4byte	.LLST24
 1450 0672 13       		.uleb128 0x13
 1451 0673 06000000 		.4byte	.LASF61
 1452 0677 01       		.byte	0x1
 1453 0678 D1       		.byte	0xd1
 1454 0679 CE000000 		.4byte	0xce
 1455 067d 01       		.byte	0x1
 1456 067e 50       		.byte	0x50
 1457 067f 00       		.byte	0
 1458 0680 14       		.uleb128 0x14
 1459 0681 01       		.byte	0x1
 1460 0682 29000000 		.4byte	.LASF74
 1461 0686 01       		.byte	0x1
 1462 0687 0B01     		.2byte	0x10b
 1463 0689 01       		.byte	0x1
 1464 068a CE000000 		.4byte	0xce
 1465 068e 00000000 		.4byte	.LFB14
 1466 0692 32000000 		.4byte	.LFE14
 1467 0696 EA020000 		.4byte	.LLST25
 1468 069a BF060000 		.4byte	0x6bf
 1469 069e 15       		.uleb128 0x15
 1470 069f 6D627000 		.ascii	"mbp\000"
 1471 06a3 01       		.byte	0x1
ARM GAS  C:\Users\Rob\AppData\Local\Temp\ccN78y4Z.s 			page 27


 1472 06a4 0B01     		.2byte	0x10b
 1473 06a6 B5040000 		.4byte	0x4b5
 1474 06aa 0A030000 		.4byte	.LLST26
 1475 06ae 15       		.uleb128 0x15
 1476 06af 6D736700 		.ascii	"msg\000"
 1477 06b3 01       		.byte	0x1
 1478 06b4 0B01     		.2byte	0x10b
 1479 06b6 CE000000 		.4byte	0xce
 1480 06ba 35030000 		.4byte	.LLST27
 1481 06be 00       		.byte	0
 1482 06bf 14       		.uleb128 0x14
 1483 06c0 01       		.byte	0x1
 1484 06c1 94010000 		.4byte	.LASF75
 1485 06c5 01       		.byte	0x1
 1486 06c6 4901     		.2byte	0x149
 1487 06c8 01       		.byte	0x1
 1488 06c9 CE000000 		.4byte	0xce
 1489 06cd 00000000 		.4byte	.LFB16
 1490 06d1 36000000 		.4byte	.LFE16
 1491 06d5 53030000 		.4byte	.LLST28
 1492 06d9 1C070000 		.4byte	0x71c
 1493 06dd 15       		.uleb128 0x15
 1494 06de 6D627000 		.ascii	"mbp\000"
 1495 06e2 01       		.byte	0x1
 1496 06e3 4901     		.2byte	0x149
 1497 06e5 B5040000 		.4byte	0x4b5
 1498 06e9 73030000 		.4byte	.LLST29
 1499 06ed 16       		.uleb128 0x16
 1500 06ee C5010000 		.4byte	.LASF76
 1501 06f2 01       		.byte	0x1
 1502 06f3 4901     		.2byte	0x149
 1503 06f5 12040000 		.4byte	0x412
 1504 06f9 9C030000 		.4byte	.LLST30
 1505 06fd 16       		.uleb128 0x16
 1506 06fe FC010000 		.4byte	.LASF68
 1507 0702 01       		.byte	0x1
 1508 0703 4901     		.2byte	0x149
 1509 0705 E4000000 		.4byte	0xe4
 1510 0709 C5030000 		.4byte	.LLST31
 1511 070d 17       		.uleb128 0x17
 1512 070e 06000000 		.4byte	.LASF61
 1513 0712 01       		.byte	0x1
 1514 0713 4A01     		.2byte	0x14a
 1515 0715 CE000000 		.4byte	0xce
 1516 0719 01       		.byte	0x1
 1517 071a 55       		.byte	0x55
 1518 071b 00       		.byte	0
 1519 071c 14       		.uleb128 0x14
 1520 071d 01       		.byte	0x1
 1521 071e EF020000 		.4byte	.LASF77
 1522 0722 01       		.byte	0x1
 1523 0723 2D01     		.2byte	0x12d
 1524 0725 01       		.byte	0x1
 1525 0726 CE000000 		.4byte	0xce
 1526 072a 00000000 		.4byte	.LFB15
 1527 072e 0C000000 		.4byte	.LFE15
 1528 0732 D8030000 		.4byte	.LLST32
ARM GAS  C:\Users\Rob\AppData\Local\Temp\ccN78y4Z.s 			page 28


 1529 0736 79070000 		.4byte	0x779
 1530 073a 15       		.uleb128 0x15
 1531 073b 6D627000 		.ascii	"mbp\000"
 1532 073f 01       		.byte	0x1
 1533 0740 2D01     		.2byte	0x12d
 1534 0742 B5040000 		.4byte	0x4b5
 1535 0746 F8030000 		.4byte	.LLST33
 1536 074a 16       		.uleb128 0x16
 1537 074b C5010000 		.4byte	.LASF76
 1538 074f 01       		.byte	0x1
 1539 0750 2D01     		.2byte	0x12d
 1540 0752 12040000 		.4byte	0x412
 1541 0756 0B040000 		.4byte	.LLST34
 1542 075a 16       		.uleb128 0x16
 1543 075b FC010000 		.4byte	.LASF68
 1544 075f 01       		.byte	0x1
 1545 0760 2D01     		.2byte	0x12d
 1546 0762 E4000000 		.4byte	0xe4
 1547 0766 1E040000 		.4byte	.LLST35
 1548 076a 17       		.uleb128 0x17
 1549 076b 06000000 		.4byte	.LASF61
 1550 076f 01       		.byte	0x1
 1551 0770 2E01     		.2byte	0x12e
 1552 0772 CE000000 		.4byte	0xce
 1553 0776 01       		.byte	0x1
 1554 0777 50       		.byte	0x50
 1555 0778 00       		.byte	0
 1556 0779 18       		.uleb128 0x18
 1557 077a 01       		.byte	0x1
 1558 077b 83010000 		.4byte	.LASF78
 1559 077f 01       		.byte	0x1
 1560 0780 6801     		.2byte	0x168
 1561 0782 01       		.byte	0x1
 1562 0783 CE000000 		.4byte	0xce
 1563 0787 00000000 		.4byte	.LFB17
 1564 078b 30000000 		.4byte	.LFE17
 1565 078f 31040000 		.4byte	.LLST36
 1566 0793 15       		.uleb128 0x15
 1567 0794 6D627000 		.ascii	"mbp\000"
 1568 0798 01       		.byte	0x1
 1569 0799 6801     		.2byte	0x168
 1570 079b B5040000 		.4byte	0x4b5
 1571 079f 51040000 		.4byte	.LLST37
 1572 07a3 16       		.uleb128 0x16
 1573 07a4 C5010000 		.4byte	.LASF76
 1574 07a8 01       		.byte	0x1
 1575 07a9 6801     		.2byte	0x168
 1576 07ab 12040000 		.4byte	0x412
 1577 07af 7C040000 		.4byte	.LLST38
 1578 07b3 00       		.byte	0
 1579 07b4 00       		.byte	0
 1580              		.section	.debug_abbrev,"",%progbits
 1581              	.Ldebug_abbrev0:
 1582 0000 01       		.uleb128 0x1
 1583 0001 11       		.uleb128 0x11
 1584 0002 01       		.byte	0x1
 1585 0003 25       		.uleb128 0x25
ARM GAS  C:\Users\Rob\AppData\Local\Temp\ccN78y4Z.s 			page 29


 1586 0004 0E       		.uleb128 0xe
 1587 0005 13       		.uleb128 0x13
 1588 0006 0B       		.uleb128 0xb
 1589 0007 03       		.uleb128 0x3
 1590 0008 0E       		.uleb128 0xe
 1591 0009 1B       		.uleb128 0x1b
 1592 000a 0E       		.uleb128 0xe
 1593 000b 11       		.uleb128 0x11
 1594 000c 01       		.uleb128 0x1
 1595 000d 52       		.uleb128 0x52
 1596 000e 01       		.uleb128 0x1
 1597 000f 55       		.uleb128 0x55
 1598 0010 06       		.uleb128 0x6
 1599 0011 10       		.uleb128 0x10
 1600 0012 06       		.uleb128 0x6
 1601 0013 00       		.byte	0
 1602 0014 00       		.byte	0
 1603 0015 02       		.uleb128 0x2
 1604 0016 24       		.uleb128 0x24
 1605 0017 00       		.byte	0
 1606 0018 0B       		.uleb128 0xb
 1607 0019 0B       		.uleb128 0xb
 1608 001a 3E       		.uleb128 0x3e
 1609 001b 0B       		.uleb128 0xb
 1610 001c 03       		.uleb128 0x3
 1611 001d 08       		.uleb128 0x8
 1612 001e 00       		.byte	0
 1613 001f 00       		.byte	0
 1614 0020 03       		.uleb128 0x3
 1615 0021 24       		.uleb128 0x24
 1616 0022 00       		.byte	0
 1617 0023 0B       		.uleb128 0xb
 1618 0024 0B       		.uleb128 0xb
 1619 0025 3E       		.uleb128 0x3e
 1620 0026 0B       		.uleb128 0xb
 1621 0027 03       		.uleb128 0x3
 1622 0028 0E       		.uleb128 0xe
 1623 0029 00       		.byte	0
 1624 002a 00       		.byte	0
 1625 002b 04       		.uleb128 0x4
 1626 002c 16       		.uleb128 0x16
 1627 002d 00       		.byte	0
 1628 002e 03       		.uleb128 0x3
 1629 002f 0E       		.uleb128 0xe
 1630 0030 3A       		.uleb128 0x3a
 1631 0031 0B       		.uleb128 0xb
 1632 0032 3B       		.uleb128 0x3b
 1633 0033 0B       		.uleb128 0xb
 1634 0034 49       		.uleb128 0x49
 1635 0035 13       		.uleb128 0x13
 1636 0036 00       		.byte	0
 1637 0037 00       		.byte	0
 1638 0038 05       		.uleb128 0x5
 1639 0039 13       		.uleb128 0x13
 1640 003a 01       		.byte	0x1
 1641 003b 03       		.uleb128 0x3
 1642 003c 0E       		.uleb128 0xe
ARM GAS  C:\Users\Rob\AppData\Local\Temp\ccN78y4Z.s 			page 30


 1643 003d 0B       		.uleb128 0xb
 1644 003e 0B       		.uleb128 0xb
 1645 003f 3A       		.uleb128 0x3a
 1646 0040 0B       		.uleb128 0xb
 1647 0041 3B       		.uleb128 0x3b
 1648 0042 0B       		.uleb128 0xb
 1649 0043 01       		.uleb128 0x1
 1650 0044 13       		.uleb128 0x13
 1651 0045 00       		.byte	0
 1652 0046 00       		.byte	0
 1653 0047 06       		.uleb128 0x6
 1654 0048 0D       		.uleb128 0xd
 1655 0049 00       		.byte	0
 1656 004a 03       		.uleb128 0x3
 1657 004b 0E       		.uleb128 0xe
 1658 004c 3A       		.uleb128 0x3a
 1659 004d 0B       		.uleb128 0xb
 1660 004e 3B       		.uleb128 0x3b
 1661 004f 0B       		.uleb128 0xb
 1662 0050 49       		.uleb128 0x49
 1663 0051 13       		.uleb128 0x13
 1664 0052 38       		.uleb128 0x38
 1665 0053 0A       		.uleb128 0xa
 1666 0054 00       		.byte	0
 1667 0055 00       		.byte	0
 1668 0056 07       		.uleb128 0x7
 1669 0057 0D       		.uleb128 0xd
 1670 0058 00       		.byte	0
 1671 0059 03       		.uleb128 0x3
 1672 005a 08       		.uleb128 0x8
 1673 005b 3A       		.uleb128 0x3a
 1674 005c 0B       		.uleb128 0xb
 1675 005d 3B       		.uleb128 0x3b
 1676 005e 0B       		.uleb128 0xb
 1677 005f 49       		.uleb128 0x49
 1678 0060 13       		.uleb128 0x13
 1679 0061 38       		.uleb128 0x38
 1680 0062 0A       		.uleb128 0xa
 1681 0063 00       		.byte	0
 1682 0064 00       		.byte	0
 1683 0065 08       		.uleb128 0x8
 1684 0066 13       		.uleb128 0x13
 1685 0067 01       		.byte	0x1
 1686 0068 0B       		.uleb128 0xb
 1687 0069 0B       		.uleb128 0xb
 1688 006a 3A       		.uleb128 0x3a
 1689 006b 0B       		.uleb128 0xb
 1690 006c 3B       		.uleb128 0x3b
 1691 006d 0B       		.uleb128 0xb
 1692 006e 01       		.uleb128 0x1
 1693 006f 13       		.uleb128 0x13
 1694 0070 00       		.byte	0
 1695 0071 00       		.byte	0
 1696 0072 09       		.uleb128 0x9
 1697 0073 0F       		.uleb128 0xf
 1698 0074 00       		.byte	0
 1699 0075 0B       		.uleb128 0xb
ARM GAS  C:\Users\Rob\AppData\Local\Temp\ccN78y4Z.s 			page 31


 1700 0076 0B       		.uleb128 0xb
 1701 0077 49       		.uleb128 0x49
 1702 0078 13       		.uleb128 0x13
 1703 0079 00       		.byte	0
 1704 007a 00       		.byte	0
 1705 007b 0A       		.uleb128 0xa
 1706 007c 0F       		.uleb128 0xf
 1707 007d 00       		.byte	0
 1708 007e 0B       		.uleb128 0xb
 1709 007f 0B       		.uleb128 0xb
 1710 0080 00       		.byte	0
 1711 0081 00       		.byte	0
 1712 0082 0B       		.uleb128 0xb
 1713 0083 35       		.uleb128 0x35
 1714 0084 00       		.byte	0
 1715 0085 49       		.uleb128 0x49
 1716 0086 13       		.uleb128 0x13
 1717 0087 00       		.byte	0
 1718 0088 00       		.byte	0
 1719 0089 0C       		.uleb128 0xc
 1720 008a 17       		.uleb128 0x17
 1721 008b 01       		.byte	0x1
 1722 008c 0B       		.uleb128 0xb
 1723 008d 0B       		.uleb128 0xb
 1724 008e 3A       		.uleb128 0x3a
 1725 008f 0B       		.uleb128 0xb
 1726 0090 3B       		.uleb128 0x3b
 1727 0091 0B       		.uleb128 0xb
 1728 0092 01       		.uleb128 0x1
 1729 0093 13       		.uleb128 0x13
 1730 0094 00       		.byte	0
 1731 0095 00       		.byte	0
 1732 0096 0D       		.uleb128 0xd
 1733 0097 0D       		.uleb128 0xd
 1734 0098 00       		.byte	0
 1735 0099 03       		.uleb128 0x3
 1736 009a 0E       		.uleb128 0xe
 1737 009b 3A       		.uleb128 0x3a
 1738 009c 0B       		.uleb128 0xb
 1739 009d 3B       		.uleb128 0x3b
 1740 009e 0B       		.uleb128 0xb
 1741 009f 49       		.uleb128 0x49
 1742 00a0 13       		.uleb128 0x13
 1743 00a1 00       		.byte	0
 1744 00a2 00       		.byte	0
 1745 00a3 0E       		.uleb128 0xe
 1746 00a4 26       		.uleb128 0x26
 1747 00a5 00       		.byte	0
 1748 00a6 49       		.uleb128 0x49
 1749 00a7 13       		.uleb128 0x13
 1750 00a8 00       		.byte	0
 1751 00a9 00       		.byte	0
 1752 00aa 0F       		.uleb128 0xf
 1753 00ab 2E       		.uleb128 0x2e
 1754 00ac 01       		.byte	0x1
 1755 00ad 3F       		.uleb128 0x3f
 1756 00ae 0C       		.uleb128 0xc
ARM GAS  C:\Users\Rob\AppData\Local\Temp\ccN78y4Z.s 			page 32


 1757 00af 03       		.uleb128 0x3
 1758 00b0 0E       		.uleb128 0xe
 1759 00b1 3A       		.uleb128 0x3a
 1760 00b2 0B       		.uleb128 0xb
 1761 00b3 3B       		.uleb128 0x3b
 1762 00b4 0B       		.uleb128 0xb
 1763 00b5 27       		.uleb128 0x27
 1764 00b6 0C       		.uleb128 0xc
 1765 00b7 11       		.uleb128 0x11
 1766 00b8 01       		.uleb128 0x1
 1767 00b9 12       		.uleb128 0x12
 1768 00ba 01       		.uleb128 0x1
 1769 00bb 40       		.uleb128 0x40
 1770 00bc 06       		.uleb128 0x6
 1771 00bd 01       		.uleb128 0x1
 1772 00be 13       		.uleb128 0x13
 1773 00bf 00       		.byte	0
 1774 00c0 00       		.byte	0
 1775 00c1 10       		.uleb128 0x10
 1776 00c2 05       		.uleb128 0x5
 1777 00c3 00       		.byte	0
 1778 00c4 03       		.uleb128 0x3
 1779 00c5 08       		.uleb128 0x8
 1780 00c6 3A       		.uleb128 0x3a
 1781 00c7 0B       		.uleb128 0xb
 1782 00c8 3B       		.uleb128 0x3b
 1783 00c9 0B       		.uleb128 0xb
 1784 00ca 49       		.uleb128 0x49
 1785 00cb 13       		.uleb128 0x13
 1786 00cc 02       		.uleb128 0x2
 1787 00cd 06       		.uleb128 0x6
 1788 00ce 00       		.byte	0
 1789 00cf 00       		.byte	0
 1790 00d0 11       		.uleb128 0x11
 1791 00d1 2E       		.uleb128 0x2e
 1792 00d2 01       		.byte	0x1
 1793 00d3 3F       		.uleb128 0x3f
 1794 00d4 0C       		.uleb128 0xc
 1795 00d5 03       		.uleb128 0x3
 1796 00d6 0E       		.uleb128 0xe
 1797 00d7 3A       		.uleb128 0x3a
 1798 00d8 0B       		.uleb128 0xb
 1799 00d9 3B       		.uleb128 0x3b
 1800 00da 0B       		.uleb128 0xb
 1801 00db 27       		.uleb128 0x27
 1802 00dc 0C       		.uleb128 0xc
 1803 00dd 49       		.uleb128 0x49
 1804 00de 13       		.uleb128 0x13
 1805 00df 11       		.uleb128 0x11
 1806 00e0 01       		.uleb128 0x1
 1807 00e1 12       		.uleb128 0x12
 1808 00e2 01       		.uleb128 0x1
 1809 00e3 40       		.uleb128 0x40
 1810 00e4 06       		.uleb128 0x6
 1811 00e5 01       		.uleb128 0x1
 1812 00e6 13       		.uleb128 0x13
 1813 00e7 00       		.byte	0
ARM GAS  C:\Users\Rob\AppData\Local\Temp\ccN78y4Z.s 			page 33


 1814 00e8 00       		.byte	0
 1815 00e9 12       		.uleb128 0x12
 1816 00ea 05       		.uleb128 0x5
 1817 00eb 00       		.byte	0
 1818 00ec 03       		.uleb128 0x3
 1819 00ed 0E       		.uleb128 0xe
 1820 00ee 3A       		.uleb128 0x3a
 1821 00ef 0B       		.uleb128 0xb
 1822 00f0 3B       		.uleb128 0x3b
 1823 00f1 0B       		.uleb128 0xb
 1824 00f2 49       		.uleb128 0x49
 1825 00f3 13       		.uleb128 0x13
 1826 00f4 02       		.uleb128 0x2
 1827 00f5 06       		.uleb128 0x6
 1828 00f6 00       		.byte	0
 1829 00f7 00       		.byte	0
 1830 00f8 13       		.uleb128 0x13
 1831 00f9 34       		.uleb128 0x34
 1832 00fa 00       		.byte	0
 1833 00fb 03       		.uleb128 0x3
 1834 00fc 0E       		.uleb128 0xe
 1835 00fd 3A       		.uleb128 0x3a
 1836 00fe 0B       		.uleb128 0xb
 1837 00ff 3B       		.uleb128 0x3b
 1838 0100 0B       		.uleb128 0xb
 1839 0101 49       		.uleb128 0x49
 1840 0102 13       		.uleb128 0x13
 1841 0103 02       		.uleb128 0x2
 1842 0104 0A       		.uleb128 0xa
 1843 0105 00       		.byte	0
 1844 0106 00       		.byte	0
 1845 0107 14       		.uleb128 0x14
 1846 0108 2E       		.uleb128 0x2e
 1847 0109 01       		.byte	0x1
 1848 010a 3F       		.uleb128 0x3f
 1849 010b 0C       		.uleb128 0xc
 1850 010c 03       		.uleb128 0x3
 1851 010d 0E       		.uleb128 0xe
 1852 010e 3A       		.uleb128 0x3a
 1853 010f 0B       		.uleb128 0xb
 1854 0110 3B       		.uleb128 0x3b
 1855 0111 05       		.uleb128 0x5
 1856 0112 27       		.uleb128 0x27
 1857 0113 0C       		.uleb128 0xc
 1858 0114 49       		.uleb128 0x49
 1859 0115 13       		.uleb128 0x13
 1860 0116 11       		.uleb128 0x11
 1861 0117 01       		.uleb128 0x1
 1862 0118 12       		.uleb128 0x12
 1863 0119 01       		.uleb128 0x1
 1864 011a 40       		.uleb128 0x40
 1865 011b 06       		.uleb128 0x6
 1866 011c 01       		.uleb128 0x1
 1867 011d 13       		.uleb128 0x13
 1868 011e 00       		.byte	0
 1869 011f 00       		.byte	0
 1870 0120 15       		.uleb128 0x15
ARM GAS  C:\Users\Rob\AppData\Local\Temp\ccN78y4Z.s 			page 34


 1871 0121 05       		.uleb128 0x5
 1872 0122 00       		.byte	0
 1873 0123 03       		.uleb128 0x3
 1874 0124 08       		.uleb128 0x8
 1875 0125 3A       		.uleb128 0x3a
 1876 0126 0B       		.uleb128 0xb
 1877 0127 3B       		.uleb128 0x3b
 1878 0128 05       		.uleb128 0x5
 1879 0129 49       		.uleb128 0x49
 1880 012a 13       		.uleb128 0x13
 1881 012b 02       		.uleb128 0x2
 1882 012c 06       		.uleb128 0x6
 1883 012d 00       		.byte	0
 1884 012e 00       		.byte	0
 1885 012f 16       		.uleb128 0x16
 1886 0130 05       		.uleb128 0x5
 1887 0131 00       		.byte	0
 1888 0132 03       		.uleb128 0x3
 1889 0133 0E       		.uleb128 0xe
 1890 0134 3A       		.uleb128 0x3a
 1891 0135 0B       		.uleb128 0xb
 1892 0136 3B       		.uleb128 0x3b
 1893 0137 05       		.uleb128 0x5
 1894 0138 49       		.uleb128 0x49
 1895 0139 13       		.uleb128 0x13
 1896 013a 02       		.uleb128 0x2
 1897 013b 06       		.uleb128 0x6
 1898 013c 00       		.byte	0
 1899 013d 00       		.byte	0
 1900 013e 17       		.uleb128 0x17
 1901 013f 34       		.uleb128 0x34
 1902 0140 00       		.byte	0
 1903 0141 03       		.uleb128 0x3
 1904 0142 0E       		.uleb128 0xe
 1905 0143 3A       		.uleb128 0x3a
 1906 0144 0B       		.uleb128 0xb
 1907 0145 3B       		.uleb128 0x3b
 1908 0146 05       		.uleb128 0x5
 1909 0147 49       		.uleb128 0x49
 1910 0148 13       		.uleb128 0x13
 1911 0149 02       		.uleb128 0x2
 1912 014a 0A       		.uleb128 0xa
 1913 014b 00       		.byte	0
 1914 014c 00       		.byte	0
 1915 014d 18       		.uleb128 0x18
 1916 014e 2E       		.uleb128 0x2e
 1917 014f 01       		.byte	0x1
 1918 0150 3F       		.uleb128 0x3f
 1919 0151 0C       		.uleb128 0xc
 1920 0152 03       		.uleb128 0x3
 1921 0153 0E       		.uleb128 0xe
 1922 0154 3A       		.uleb128 0x3a
 1923 0155 0B       		.uleb128 0xb
 1924 0156 3B       		.uleb128 0x3b
 1925 0157 05       		.uleb128 0x5
 1926 0158 27       		.uleb128 0x27
 1927 0159 0C       		.uleb128 0xc
ARM GAS  C:\Users\Rob\AppData\Local\Temp\ccN78y4Z.s 			page 35


 1928 015a 49       		.uleb128 0x49
 1929 015b 13       		.uleb128 0x13
 1930 015c 11       		.uleb128 0x11
 1931 015d 01       		.uleb128 0x1
 1932 015e 12       		.uleb128 0x12
 1933 015f 01       		.uleb128 0x1
 1934 0160 40       		.uleb128 0x40
 1935 0161 06       		.uleb128 0x6
 1936 0162 00       		.byte	0
 1937 0163 00       		.byte	0
 1938 0164 00       		.byte	0
 1939              		.section	.debug_loc,"",%progbits
 1940              	.Ldebug_loc0:
 1941              	.LLST0:
 1942 0000 00000000 		.4byte	.LFB7
 1943 0004 02000000 		.4byte	.LCFI0
 1944 0008 0200     		.2byte	0x2
 1945 000a 7D       		.byte	0x7d
 1946 000b 00       		.sleb128 0
 1947 000c 02000000 		.4byte	.LCFI0
 1948 0010 26000000 		.4byte	.LFE7
 1949 0014 0200     		.2byte	0x2
 1950 0016 7D       		.byte	0x7d
 1951 0017 08       		.sleb128 8
 1952 0018 00000000 		.4byte	0
 1953 001c 00000000 		.4byte	0
 1954              	.LLST1:
 1955 0020 02000000 		.4byte	.LVL0
 1956 0024 16000000 		.4byte	.LVL3
 1957 0028 0100     		.2byte	0x1
 1958 002a 50       		.byte	0x50
 1959 002b 16000000 		.4byte	.LVL3
 1960 002f 24000000 		.4byte	.LVL5
 1961 0033 0100     		.2byte	0x1
 1962 0035 54       		.byte	0x54
 1963 0036 00000000 		.4byte	0
 1964 003a 00000000 		.4byte	0
 1965              	.LLST2:
 1966 003e 02000000 		.4byte	.LVL0
 1967 0042 0E000000 		.4byte	.LVL1
 1968 0046 0100     		.2byte	0x1
 1969 0048 51       		.byte	0x51
 1970 0049 0E000000 		.4byte	.LVL1
 1971 004d 10000000 		.4byte	.LVL2
 1972 0051 0100     		.2byte	0x1
 1973 0053 53       		.byte	0x53
 1974 0054 10000000 		.4byte	.LVL2
 1975 0058 16000000 		.4byte	.LVL3
 1976 005c 0200     		.2byte	0x2
 1977 005e 70       		.byte	0x70
 1978 005f 00       		.sleb128 0
 1979 0060 16000000 		.4byte	.LVL3
 1980 0064 19000000 		.4byte	.LVL4-1
 1981 0068 0200     		.2byte	0x2
 1982 006a 74       		.byte	0x74
 1983 006b 00       		.sleb128 0
 1984 006c 00000000 		.4byte	0
ARM GAS  C:\Users\Rob\AppData\Local\Temp\ccN78y4Z.s 			page 36


 1985 0070 00000000 		.4byte	0
 1986              	.LLST3:
 1987 0074 02000000 		.4byte	.LVL0
 1988 0078 19000000 		.4byte	.LVL4-1
 1989 007c 0100     		.2byte	0x1
 1990 007e 52       		.byte	0x52
 1991 007f 00000000 		.4byte	0
 1992 0083 00000000 		.4byte	0
 1993              	.LLST4:
 1994 0087 00000000 		.4byte	.LFB8
 1995 008b 02000000 		.4byte	.LCFI1
 1996 008f 0200     		.2byte	0x2
 1997 0091 7D       		.byte	0x7d
 1998 0092 00       		.sleb128 0
 1999 0093 02000000 		.4byte	.LCFI1
 2000 0097 2A000000 		.4byte	.LFE8
 2001 009b 0200     		.2byte	0x2
 2002 009d 7D       		.byte	0x7d
 2003 009e 08       		.sleb128 8
 2004 009f 00000000 		.4byte	0
 2005 00a3 00000000 		.4byte	0
 2006              	.LLST5:
 2007 00a7 02000000 		.4byte	.LVL6
 2008 00ab 14000000 		.4byte	.LVL7
 2009 00af 0100     		.2byte	0x1
 2010 00b1 50       		.byte	0x50
 2011 00b2 14000000 		.4byte	.LVL7
 2012 00b6 28000000 		.4byte	.LVL8
 2013 00ba 0100     		.2byte	0x1
 2014 00bc 54       		.byte	0x54
 2015 00bd 00000000 		.4byte	0
 2016 00c1 00000000 		.4byte	0
 2017              	.LLST6:
 2018 00c5 00000000 		.4byte	.LFB10
 2019 00c9 02000000 		.4byte	.LCFI2
 2020 00cd 0200     		.2byte	0x2
 2021 00cf 7D       		.byte	0x7d
 2022 00d0 00       		.sleb128 0
 2023 00d1 02000000 		.4byte	.LCFI2
 2024 00d5 34000000 		.4byte	.LFE10
 2025 00d9 0200     		.2byte	0x2
 2026 00db 7D       		.byte	0x7d
 2027 00dc 10       		.sleb128 16
 2028 00dd 00000000 		.4byte	0
 2029 00e1 00000000 		.4byte	0
 2030              	.LLST7:
 2031 00e5 02000000 		.4byte	.LVL9
 2032 00e9 08000000 		.4byte	.LVL10
 2033 00ed 0100     		.2byte	0x1
 2034 00ef 50       		.byte	0x50
 2035 00f0 08000000 		.4byte	.LVL10
 2036 00f4 2C000000 		.4byte	.LVL13
 2037 00f8 0100     		.2byte	0x1
 2038 00fa 54       		.byte	0x54
 2039 00fb 2E000000 		.4byte	.LVL15
 2040 00ff 34000000 		.4byte	.LFE10
 2041 0103 0100     		.2byte	0x1
ARM GAS  C:\Users\Rob\AppData\Local\Temp\ccN78y4Z.s 			page 37


 2042 0105 54       		.byte	0x54
 2043 0106 00000000 		.4byte	0
 2044 010a 00000000 		.4byte	0
 2045              	.LLST8:
 2046 010e 02000000 		.4byte	.LVL9
 2047 0112 0A000000 		.4byte	.LVL11
 2048 0116 0100     		.2byte	0x1
 2049 0118 51       		.byte	0x51
 2050 0119 0A000000 		.4byte	.LVL11
 2051 011d 2C000000 		.4byte	.LVL14
 2052 0121 0100     		.2byte	0x1
 2053 0123 56       		.byte	0x56
 2054 0124 2E000000 		.4byte	.LVL15
 2055 0128 34000000 		.4byte	.LFE10
 2056 012c 0100     		.2byte	0x1
 2057 012e 56       		.byte	0x56
 2058 012f 00000000 		.4byte	0
 2059 0133 00000000 		.4byte	0
 2060              	.LLST9:
 2061 0137 02000000 		.4byte	.LVL9
 2062 013b 0D000000 		.4byte	.LVL12-1
 2063 013f 0100     		.2byte	0x1
 2064 0141 52       		.byte	0x52
 2065 0142 00000000 		.4byte	0
 2066 0146 00000000 		.4byte	0
 2067              	.LLST10:
 2068 014a 00000000 		.4byte	.LFB9
 2069 014e 02000000 		.4byte	.LCFI3
 2070 0152 0200     		.2byte	0x2
 2071 0154 7D       		.byte	0x7d
 2072 0155 00       		.sleb128 0
 2073 0156 02000000 		.4byte	.LCFI3
 2074 015a 0C000000 		.4byte	.LFE9
 2075 015e 0200     		.2byte	0x2
 2076 0160 7D       		.byte	0x7d
 2077 0161 08       		.sleb128 8
 2078 0162 00000000 		.4byte	0
 2079 0166 00000000 		.4byte	0
 2080              	.LLST11:
 2081 016a 02000000 		.4byte	.LVL16
 2082 016e 07000000 		.4byte	.LVL17-1
 2083 0172 0100     		.2byte	0x1
 2084 0174 50       		.byte	0x50
 2085 0175 00000000 		.4byte	0
 2086 0179 00000000 		.4byte	0
 2087              	.LLST12:
 2088 017d 02000000 		.4byte	.LVL16
 2089 0181 07000000 		.4byte	.LVL17-1
 2090 0185 0100     		.2byte	0x1
 2091 0187 51       		.byte	0x51
 2092 0188 00000000 		.4byte	0
 2093 018c 00000000 		.4byte	0
 2094              	.LLST13:
 2095 0190 02000000 		.4byte	.LVL16
 2096 0194 07000000 		.4byte	.LVL17-1
 2097 0198 0100     		.2byte	0x1
 2098 019a 52       		.byte	0x52
ARM GAS  C:\Users\Rob\AppData\Local\Temp\ccN78y4Z.s 			page 38


 2099 019b 00000000 		.4byte	0
 2100 019f 00000000 		.4byte	0
 2101              	.LLST14:
 2102 01a3 00000000 		.4byte	.LFB11
 2103 01a7 02000000 		.4byte	.LCFI4
 2104 01ab 0200     		.2byte	0x2
 2105 01ad 7D       		.byte	0x7d
 2106 01ae 00       		.sleb128 0
 2107 01af 02000000 		.4byte	.LCFI4
 2108 01b3 2E000000 		.4byte	.LFE11
 2109 01b7 0200     		.2byte	0x2
 2110 01b9 7D       		.byte	0x7d
 2111 01ba 08       		.sleb128 8
 2112 01bb 00000000 		.4byte	0
 2113 01bf 00000000 		.4byte	0
 2114              	.LLST15:
 2115 01c3 02000000 		.4byte	.LVL18
 2116 01c7 1A000000 		.4byte	.LVL19
 2117 01cb 0100     		.2byte	0x1
 2118 01cd 50       		.byte	0x50
 2119 01ce 1A000000 		.4byte	.LVL19
 2120 01d2 1D000000 		.4byte	.LVL20-1
 2121 01d6 0300     		.2byte	0x3
 2122 01d8 70       		.byte	0x70
 2123 01d9 70       		.sleb128 -16
 2124 01da 9F       		.byte	0x9f
 2125 01db 22000000 		.4byte	.LVL21
 2126 01df 2A000000 		.4byte	.LVL22
 2127 01e3 0100     		.2byte	0x1
 2128 01e5 50       		.byte	0x50
 2129 01e6 00000000 		.4byte	0
 2130 01ea 00000000 		.4byte	0
 2131              	.LLST16:
 2132 01ee 02000000 		.4byte	.LVL18
 2133 01f2 1D000000 		.4byte	.LVL20-1
 2134 01f6 0100     		.2byte	0x1
 2135 01f8 51       		.byte	0x51
 2136 01f9 22000000 		.4byte	.LVL21
 2137 01fd 2E000000 		.4byte	.LFE11
 2138 0201 0100     		.2byte	0x1
 2139 0203 51       		.byte	0x51
 2140 0204 00000000 		.4byte	0
 2141 0208 00000000 		.4byte	0
 2142              	.LLST17:
 2143 020c 00000000 		.4byte	.LFB13
 2144 0210 02000000 		.4byte	.LCFI5
 2145 0214 0200     		.2byte	0x2
 2146 0216 7D       		.byte	0x7d
 2147 0217 00       		.sleb128 0
 2148 0218 02000000 		.4byte	.LCFI5
 2149 021c 38000000 		.4byte	.LFE13
 2150 0220 0200     		.2byte	0x2
 2151 0222 7D       		.byte	0x7d
 2152 0223 10       		.sleb128 16
 2153 0224 00000000 		.4byte	0
 2154 0228 00000000 		.4byte	0
 2155              	.LLST18:
ARM GAS  C:\Users\Rob\AppData\Local\Temp\ccN78y4Z.s 			page 39


 2156 022c 02000000 		.4byte	.LVL23
 2157 0230 08000000 		.4byte	.LVL24
 2158 0234 0100     		.2byte	0x1
 2159 0236 50       		.byte	0x50
 2160 0237 08000000 		.4byte	.LVL24
 2161 023b 2E000000 		.4byte	.LVL27
 2162 023f 0100     		.2byte	0x1
 2163 0241 54       		.byte	0x54
 2164 0242 30000000 		.4byte	.LVL29
 2165 0246 38000000 		.4byte	.LFE13
 2166 024a 0100     		.2byte	0x1
 2167 024c 54       		.byte	0x54
 2168 024d 00000000 		.4byte	0
 2169 0251 00000000 		.4byte	0
 2170              	.LLST19:
 2171 0255 02000000 		.4byte	.LVL23
 2172 0259 0A000000 		.4byte	.LVL25
 2173 025d 0100     		.2byte	0x1
 2174 025f 51       		.byte	0x51
 2175 0260 0A000000 		.4byte	.LVL25
 2176 0264 2E000000 		.4byte	.LVL28
 2177 0268 0100     		.2byte	0x1
 2178 026a 56       		.byte	0x56
 2179 026b 30000000 		.4byte	.LVL29
 2180 026f 38000000 		.4byte	.LFE13
 2181 0273 0100     		.2byte	0x1
 2182 0275 56       		.byte	0x56
 2183 0276 00000000 		.4byte	0
 2184 027a 00000000 		.4byte	0
 2185              	.LLST20:
 2186 027e 02000000 		.4byte	.LVL23
 2187 0282 0D000000 		.4byte	.LVL26-1
 2188 0286 0100     		.2byte	0x1
 2189 0288 52       		.byte	0x52
 2190 0289 00000000 		.4byte	0
 2191 028d 00000000 		.4byte	0
 2192              	.LLST21:
 2193 0291 00000000 		.4byte	.LFB12
 2194 0295 02000000 		.4byte	.LCFI6
 2195 0299 0200     		.2byte	0x2
 2196 029b 7D       		.byte	0x7d
 2197 029c 00       		.sleb128 0
 2198 029d 02000000 		.4byte	.LCFI6
 2199 02a1 0C000000 		.4byte	.LFE12
 2200 02a5 0200     		.2byte	0x2
 2201 02a7 7D       		.byte	0x7d
 2202 02a8 08       		.sleb128 8
 2203 02a9 00000000 		.4byte	0
 2204 02ad 00000000 		.4byte	0
 2205              	.LLST22:
 2206 02b1 02000000 		.4byte	.LVL30
 2207 02b5 07000000 		.4byte	.LVL31-1
 2208 02b9 0100     		.2byte	0x1
 2209 02bb 50       		.byte	0x50
 2210 02bc 00000000 		.4byte	0
 2211 02c0 00000000 		.4byte	0
 2212              	.LLST23:
ARM GAS  C:\Users\Rob\AppData\Local\Temp\ccN78y4Z.s 			page 40


 2213 02c4 02000000 		.4byte	.LVL30
 2214 02c8 07000000 		.4byte	.LVL31-1
 2215 02cc 0100     		.2byte	0x1
 2216 02ce 51       		.byte	0x51
 2217 02cf 00000000 		.4byte	0
 2218 02d3 00000000 		.4byte	0
 2219              	.LLST24:
 2220 02d7 02000000 		.4byte	.LVL30
 2221 02db 07000000 		.4byte	.LVL31-1
 2222 02df 0100     		.2byte	0x1
 2223 02e1 52       		.byte	0x52
 2224 02e2 00000000 		.4byte	0
 2225 02e6 00000000 		.4byte	0
 2226              	.LLST25:
 2227 02ea 00000000 		.4byte	.LFB14
 2228 02ee 02000000 		.4byte	.LCFI7
 2229 02f2 0200     		.2byte	0x2
 2230 02f4 7D       		.byte	0x7d
 2231 02f5 00       		.sleb128 0
 2232 02f6 02000000 		.4byte	.LCFI7
 2233 02fa 32000000 		.4byte	.LFE14
 2234 02fe 0200     		.2byte	0x2
 2235 0300 7D       		.byte	0x7d
 2236 0301 08       		.sleb128 8
 2237 0302 00000000 		.4byte	0
 2238 0306 00000000 		.4byte	0
 2239              	.LLST26:
 2240 030a 02000000 		.4byte	.LVL32
 2241 030e 1A000000 		.4byte	.LVL33
 2242 0312 0100     		.2byte	0x1
 2243 0314 50       		.byte	0x50
 2244 0315 1A000000 		.4byte	.LVL33
 2245 0319 1F000000 		.4byte	.LVL34-1
 2246 031d 0300     		.2byte	0x3
 2247 031f 70       		.byte	0x70
 2248 0320 70       		.sleb128 -16
 2249 0321 9F       		.byte	0x9f
 2250 0322 24000000 		.4byte	.LVL35
 2251 0326 2E000000 		.4byte	.LVL36
 2252 032a 0100     		.2byte	0x1
 2253 032c 50       		.byte	0x50
 2254 032d 00000000 		.4byte	0
 2255 0331 00000000 		.4byte	0
 2256              	.LLST27:
 2257 0335 02000000 		.4byte	.LVL32
 2258 0339 1F000000 		.4byte	.LVL34-1
 2259 033d 0100     		.2byte	0x1
 2260 033f 51       		.byte	0x51
 2261 0340 24000000 		.4byte	.LVL35
 2262 0344 32000000 		.4byte	.LFE14
 2263 0348 0100     		.2byte	0x1
 2264 034a 51       		.byte	0x51
 2265 034b 00000000 		.4byte	0
 2266 034f 00000000 		.4byte	0
 2267              	.LLST28:
 2268 0353 00000000 		.4byte	.LFB16
 2269 0357 02000000 		.4byte	.LCFI8
ARM GAS  C:\Users\Rob\AppData\Local\Temp\ccN78y4Z.s 			page 41


 2270 035b 0200     		.2byte	0x2
 2271 035d 7D       		.byte	0x7d
 2272 035e 00       		.sleb128 0
 2273 035f 02000000 		.4byte	.LCFI8
 2274 0363 36000000 		.4byte	.LFE16
 2275 0367 0200     		.2byte	0x2
 2276 0369 7D       		.byte	0x7d
 2277 036a 10       		.sleb128 16
 2278 036b 00000000 		.4byte	0
 2279 036f 00000000 		.4byte	0
 2280              	.LLST29:
 2281 0373 02000000 		.4byte	.LVL37
 2282 0377 08000000 		.4byte	.LVL38
 2283 037b 0100     		.2byte	0x1
 2284 037d 50       		.byte	0x50
 2285 037e 08000000 		.4byte	.LVL38
 2286 0382 2E000000 		.4byte	.LVL41
 2287 0386 0100     		.2byte	0x1
 2288 0388 54       		.byte	0x54
 2289 0389 30000000 		.4byte	.LVL43
 2290 038d 36000000 		.4byte	.LFE16
 2291 0391 0100     		.2byte	0x1
 2292 0393 54       		.byte	0x54
 2293 0394 00000000 		.4byte	0
 2294 0398 00000000 		.4byte	0
 2295              	.LLST30:
 2296 039c 02000000 		.4byte	.LVL37
 2297 03a0 0A000000 		.4byte	.LVL39
 2298 03a4 0100     		.2byte	0x1
 2299 03a6 51       		.byte	0x51
 2300 03a7 0A000000 		.4byte	.LVL39
 2301 03ab 2E000000 		.4byte	.LVL42
 2302 03af 0100     		.2byte	0x1
 2303 03b1 56       		.byte	0x56
 2304 03b2 30000000 		.4byte	.LVL43
 2305 03b6 36000000 		.4byte	.LFE16
 2306 03ba 0100     		.2byte	0x1
 2307 03bc 56       		.byte	0x56
 2308 03bd 00000000 		.4byte	0
 2309 03c1 00000000 		.4byte	0
 2310              	.LLST31:
 2311 03c5 02000000 		.4byte	.LVL37
 2312 03c9 0D000000 		.4byte	.LVL40-1
 2313 03cd 0100     		.2byte	0x1
 2314 03cf 52       		.byte	0x52
 2315 03d0 00000000 		.4byte	0
 2316 03d4 00000000 		.4byte	0
 2317              	.LLST32:
 2318 03d8 00000000 		.4byte	.LFB15
 2319 03dc 02000000 		.4byte	.LCFI9
 2320 03e0 0200     		.2byte	0x2
 2321 03e2 7D       		.byte	0x7d
 2322 03e3 00       		.sleb128 0
 2323 03e4 02000000 		.4byte	.LCFI9
 2324 03e8 0C000000 		.4byte	.LFE15
 2325 03ec 0200     		.2byte	0x2
 2326 03ee 7D       		.byte	0x7d
ARM GAS  C:\Users\Rob\AppData\Local\Temp\ccN78y4Z.s 			page 42


 2327 03ef 08       		.sleb128 8
 2328 03f0 00000000 		.4byte	0
 2329 03f4 00000000 		.4byte	0
 2330              	.LLST33:
 2331 03f8 02000000 		.4byte	.LVL44
 2332 03fc 07000000 		.4byte	.LVL45-1
 2333 0400 0100     		.2byte	0x1
 2334 0402 50       		.byte	0x50
 2335 0403 00000000 		.4byte	0
 2336 0407 00000000 		.4byte	0
 2337              	.LLST34:
 2338 040b 02000000 		.4byte	.LVL44
 2339 040f 07000000 		.4byte	.LVL45-1
 2340 0413 0100     		.2byte	0x1
 2341 0415 51       		.byte	0x51
 2342 0416 00000000 		.4byte	0
 2343 041a 00000000 		.4byte	0
 2344              	.LLST35:
 2345 041e 02000000 		.4byte	.LVL44
 2346 0422 07000000 		.4byte	.LVL45-1
 2347 0426 0100     		.2byte	0x1
 2348 0428 52       		.byte	0x52
 2349 0429 00000000 		.4byte	0
 2350 042d 00000000 		.4byte	0
 2351              	.LLST36:
 2352 0431 00000000 		.4byte	.LFB17
 2353 0435 02000000 		.4byte	.LCFI10
 2354 0439 0200     		.2byte	0x2
 2355 043b 7D       		.byte	0x7d
 2356 043c 00       		.sleb128 0
 2357 043d 02000000 		.4byte	.LCFI10
 2358 0441 30000000 		.4byte	.LFE17
 2359 0445 0200     		.2byte	0x2
 2360 0447 7D       		.byte	0x7d
 2361 0448 08       		.sleb128 8
 2362 0449 00000000 		.4byte	0
 2363 044d 00000000 		.4byte	0
 2364              	.LLST37:
 2365 0451 02000000 		.4byte	.LVL46
 2366 0455 1C000000 		.4byte	.LVL47
 2367 0459 0100     		.2byte	0x1
 2368 045b 50       		.byte	0x50
 2369 045c 1C000000 		.4byte	.LVL47
 2370 0460 1F000000 		.4byte	.LVL48-1
 2371 0464 0300     		.2byte	0x3
 2372 0466 70       		.byte	0x70
 2373 0467 64       		.sleb128 -28
 2374 0468 9F       		.byte	0x9f
 2375 0469 24000000 		.4byte	.LVL49
 2376 046d 2C000000 		.4byte	.LVL50
 2377 0471 0100     		.2byte	0x1
 2378 0473 50       		.byte	0x50
 2379 0474 00000000 		.4byte	0
 2380 0478 00000000 		.4byte	0
 2381              	.LLST38:
 2382 047c 02000000 		.4byte	.LVL46
 2383 0480 1F000000 		.4byte	.LVL48-1
ARM GAS  C:\Users\Rob\AppData\Local\Temp\ccN78y4Z.s 			page 43


 2384 0484 0100     		.2byte	0x1
 2385 0486 51       		.byte	0x51
 2386 0487 24000000 		.4byte	.LVL49
 2387 048b 30000000 		.4byte	.LFE17
 2388 048f 0100     		.2byte	0x1
 2389 0491 51       		.byte	0x51
 2390 0492 00000000 		.4byte	0
 2391 0496 00000000 		.4byte	0
 2392              		.section	.debug_aranges,"",%progbits
 2393 0000 6C000000 		.4byte	0x6c
 2394 0004 0200     		.2byte	0x2
 2395 0006 00000000 		.4byte	.Ldebug_info0
 2396 000a 04       		.byte	0x4
 2397 000b 00       		.byte	0
 2398 000c 0000     		.2byte	0
 2399 000e 0000     		.2byte	0
 2400 0010 00000000 		.4byte	.LFB7
 2401 0014 26000000 		.4byte	.LFE7-.LFB7
 2402 0018 00000000 		.4byte	.LFB8
 2403 001c 2A000000 		.4byte	.LFE8-.LFB8
 2404 0020 00000000 		.4byte	.LFB10
 2405 0024 34000000 		.4byte	.LFE10-.LFB10
 2406 0028 00000000 		.4byte	.LFB9
 2407 002c 0C000000 		.4byte	.LFE9-.LFB9
 2408 0030 00000000 		.4byte	.LFB11
 2409 0034 2E000000 		.4byte	.LFE11-.LFB11
 2410 0038 00000000 		.4byte	.LFB13
 2411 003c 38000000 		.4byte	.LFE13-.LFB13
 2412 0040 00000000 		.4byte	.LFB12
 2413 0044 0C000000 		.4byte	.LFE12-.LFB12
 2414 0048 00000000 		.4byte	.LFB14
 2415 004c 32000000 		.4byte	.LFE14-.LFB14
 2416 0050 00000000 		.4byte	.LFB16
 2417 0054 36000000 		.4byte	.LFE16-.LFB16
 2418 0058 00000000 		.4byte	.LFB15
 2419 005c 0C000000 		.4byte	.LFE15-.LFB15
 2420 0060 00000000 		.4byte	.LFB17
 2421 0064 30000000 		.4byte	.LFE17-.LFB17
 2422 0068 00000000 		.4byte	0
 2423 006c 00000000 		.4byte	0
 2424              		.section	.debug_ranges,"",%progbits
 2425              	.Ldebug_ranges0:
 2426 0000 00000000 		.4byte	.LFB7
 2427 0004 26000000 		.4byte	.LFE7
 2428 0008 00000000 		.4byte	.LFB8
 2429 000c 2A000000 		.4byte	.LFE8
 2430 0010 00000000 		.4byte	.LFB10
 2431 0014 34000000 		.4byte	.LFE10
 2432 0018 00000000 		.4byte	.LFB9
 2433 001c 0C000000 		.4byte	.LFE9
 2434 0020 00000000 		.4byte	.LFB11
 2435 0024 2E000000 		.4byte	.LFE11
 2436 0028 00000000 		.4byte	.LFB13
 2437 002c 38000000 		.4byte	.LFE13
 2438 0030 00000000 		.4byte	.LFB12
 2439 0034 0C000000 		.4byte	.LFE12
 2440 0038 00000000 		.4byte	.LFB14
ARM GAS  C:\Users\Rob\AppData\Local\Temp\ccN78y4Z.s 			page 44


 2441 003c 32000000 		.4byte	.LFE14
 2442 0040 00000000 		.4byte	.LFB16
 2443 0044 36000000 		.4byte	.LFE16
 2444 0048 00000000 		.4byte	.LFB15
 2445 004c 0C000000 		.4byte	.LFE15
 2446 0050 00000000 		.4byte	.LFB17
 2447 0054 30000000 		.4byte	.LFE17
 2448 0058 00000000 		.4byte	0
 2449 005c 00000000 		.4byte	0
 2450              		.section	.debug_line,"",%progbits
 2451              	.Ldebug_line0:
 2452 0000 1A020000 		.section	.debug_str,"MS",%progbits,1
 2452      02000301 
 2452      00000201 
 2452      FB0E0D00 
 2452      01010101 
 2453              	.LASF37:
 2454 0000 705F6D73 		.ascii	"p_msg\000"
 2454      6700
 2455              	.LASF61:
 2456 0006 7264796D 		.ascii	"rdymsg\000"
 2456      736700
 2457              	.LASF71:
 2458 000d 63684D42 		.ascii	"chMBPostI\000"
 2458      506F7374 
 2458      4900
 2459              	.LASF69:
 2460 0017 63684D42 		.ascii	"chMBPostS\000"
 2460      506F7374 
 2460      5300
 2461              	.LASF60:
 2462 0021 4D61696C 		.ascii	"Mailbox\000"
 2462      626F7800 
 2463              	.LASF74:
 2464 0029 63684D42 		.ascii	"chMBPostAheadI\000"
 2464      506F7374 
 2464      41686561 
 2464      644900
 2465              	.LASF11:
 2466 0038 6C6F6E67 		.ascii	"long long unsigned int\000"
 2466      206C6F6E 
 2466      6720756E 
 2466      7369676E 
 2466      65642069 
 2467              	.LASF62:
 2468 004f 65786974 		.ascii	"exitcode\000"
 2468      636F6465 
 2468      00
 2469              	.LASF72:
 2470 0058 63684D42 		.ascii	"chMBPostAheadS\000"
 2470      506F7374 
 2470      41686561 
 2470      645300
 2471              	.LASF56:
 2472 0067 6D625F77 		.ascii	"mb_wrptr\000"
 2472      72707472 
 2472      00
ARM GAS  C:\Users\Rob\AppData\Local\Temp\ccN78y4Z.s 			page 45


 2473              	.LASF25:
 2474 0070 705F7072 		.ascii	"p_prio\000"
 2474      696F00
 2475              	.LASF81:
 2476 0077 433A5C55 		.ascii	"C:\\Users\\Rob\\Projects\\ECE411Practicum\\src\\vir"
 2476      73657273 
 2476      5C526F62 
 2476      5C50726F 
 2476      6A656374 
 2477 00a4 756C656E 		.ascii	"ulent\000"
 2477      7400
 2478              	.LASF10:
 2479 00aa 6C6F6E67 		.ascii	"long long int\000"
 2479      206C6F6E 
 2479      6720696E 
 2479      7400
 2480              	.LASF1:
 2481 00b8 7369676E 		.ascii	"signed char\000"
 2481      65642063 
 2481      68617200 
 2482              	.LASF41:
 2483 00c4 705F6D70 		.ascii	"p_mpool\000"
 2483      6F6F6C00 
 2484              	.LASF51:
 2485 00cc 6D5F7175 		.ascii	"m_queue\000"
 2485      65756500 
 2486              	.LASF16:
 2487 00d4 74736C69 		.ascii	"tslices_t\000"
 2487      6365735F 
 2487      7400
 2488              	.LASF7:
 2489 00de 6C6F6E67 		.ascii	"long int\000"
 2489      20696E74 
 2489      00
 2490              	.LASF14:
 2491 00e7 74737461 		.ascii	"tstate_t\000"
 2491      74655F74 
 2491      00
 2492              	.LASF27:
 2493 00f0 705F6E65 		.ascii	"p_newer\000"
 2493      77657200 
 2494              	.LASF48:
 2495 00f8 735F7175 		.ascii	"s_queue\000"
 2495      65756500 
 2496              	.LASF80:
 2497 0100 2E2E2F2E 		.ascii	"../../os/kernel/src/chmboxes.c\000"
 2497      2E2F6F73 
 2497      2F6B6572 
 2497      6E656C2F 
 2497      7372632F 
 2498              	.LASF44:
 2499 011f 72656761 		.ascii	"regarm_t\000"
 2499      726D5F74 
 2499      00
 2500              	.LASF21:
 2501 0128 636E745F 		.ascii	"cnt_t\000"
 2501      7400
ARM GAS  C:\Users\Rob\AppData\Local\Temp\ccN78y4Z.s 			page 46


 2502              	.LASF0:
 2503 012e 756E7369 		.ascii	"unsigned int\000"
 2503      676E6564 
 2503      20696E74 
 2503      00
 2504              	.LASF66:
 2505 013b 63684D42 		.ascii	"chMBInit\000"
 2505      496E6974 
 2505      00
 2506              	.LASF9:
 2507 0144 6C6F6E67 		.ascii	"long unsigned int\000"
 2507      20756E73 
 2507      69676E65 
 2507      6420696E 
 2507      7400
 2508              	.LASF59:
 2509 0156 6D625F65 		.ascii	"mb_emptysem\000"
 2509      6D707479 
 2509      73656D00 
 2510              	.LASF49:
 2511 0162 735F636E 		.ascii	"s_cnt\000"
 2511      7400
 2512              	.LASF46:
 2513 0168 636F6E74 		.ascii	"context\000"
 2513      65787400 
 2514              	.LASF4:
 2515 0170 73686F72 		.ascii	"short unsigned int\000"
 2515      7420756E 
 2515      7369676E 
 2515      65642069 
 2515      6E7400
 2516              	.LASF78:
 2517 0183 63684D42 		.ascii	"chMBFetchI\000"
 2517      46657463 
 2517      684900
 2518              	.LASF18:
 2519 018e 6D73675F 		.ascii	"msg_t\000"
 2519      7400
 2520              	.LASF75:
 2521 0194 63684D42 		.ascii	"chMBFetchS\000"
 2521      46657463 
 2521      685300
 2522              	.LASF13:
 2523 019f 746D6F64 		.ascii	"tmode_t\000"
 2523      655F7400 
 2524              	.LASF43:
 2525 01a7 54687265 		.ascii	"ThreadsList\000"
 2525      6164734C 
 2525      69737400 
 2526              	.LASF19:
 2527 01b3 6576656E 		.ascii	"eventmask_t\000"
 2527      746D6173 
 2527      6B5F7400 
 2528              	.LASF50:
 2529 01bf 4D757465 		.ascii	"Mutex\000"
 2529      7800
 2530              	.LASF76:
ARM GAS  C:\Users\Rob\AppData\Local\Temp\ccN78y4Z.s 			page 47


 2531 01c5 6D736770 		.ascii	"msgp\000"
 2531      00
 2532              	.LASF57:
 2533 01ca 6D625F72 		.ascii	"mb_rdptr\000"
 2533      64707472 
 2533      00
 2534              	.LASF67:
 2535 01d3 63684D42 		.ascii	"chMBReset\000"
 2535      52657365 
 2535      7400
 2536              	.LASF28:
 2537 01dd 705F6F6C 		.ascii	"p_older\000"
 2537      64657200 
 2538              	.LASF42:
 2539 01e5 54687265 		.ascii	"ThreadsQueue\000"
 2539      61647351 
 2539      75657565 
 2539      00
 2540              	.LASF54:
 2541 01f2 6D625F62 		.ascii	"mb_buffer\000"
 2541      75666665 
 2541      7200
 2542              	.LASF68:
 2543 01fc 74696D65 		.ascii	"time\000"
 2543      00
 2544              	.LASF15:
 2545 0201 74726566 		.ascii	"trefs_t\000"
 2545      735F7400 
 2546              	.LASF24:
 2547 0209 705F7072 		.ascii	"p_prev\000"
 2547      657600
 2548              	.LASF17:
 2549 0210 74707269 		.ascii	"tprio_t\000"
 2549      6F5F7400 
 2550              	.LASF12:
 2551 0218 5F426F6F 		.ascii	"_Bool\000"
 2551      6C00
 2552              	.LASF6:
 2553 021e 696E7433 		.ascii	"int32_t\000"
 2553      325F7400 
 2554              	.LASF2:
 2555 0226 756E7369 		.ascii	"unsigned char\000"
 2555      676E6564 
 2555      20636861 
 2555      7200
 2556              	.LASF55:
 2557 0234 6D625F74 		.ascii	"mb_top\000"
 2557      6F7000
 2558              	.LASF39:
 2559 023b 705F6D74 		.ascii	"p_mtxlist\000"
 2559      786C6973 
 2559      7400
 2560              	.LASF3:
 2561 0245 73686F72 		.ascii	"short int\000"
 2561      7420696E 
 2561      7400
 2562              	.LASF30:
ARM GAS  C:\Users\Rob\AppData\Local\Temp\ccN78y4Z.s 			page 48


 2563 024f 705F7374 		.ascii	"p_state\000"
 2563      61746500 
 2564              	.LASF33:
 2565 0257 705F7072 		.ascii	"p_preempt\000"
 2565      65656D70 
 2565      7400
 2566              	.LASF64:
 2567 0261 65776D61 		.ascii	"ewmask\000"
 2567      736B00
 2568              	.LASF23:
 2569 0268 705F6E65 		.ascii	"p_next\000"
 2569      787400
 2570              	.LASF31:
 2571 026f 705F666C 		.ascii	"p_flags\000"
 2571      61677300 
 2572              	.LASF70:
 2573 0277 63684D42 		.ascii	"chMBPost\000"
 2573      506F7374 
 2573      00
 2574              	.LASF22:
 2575 0280 54687265 		.ascii	"Thread\000"
 2575      616400
 2576              	.LASF38:
 2577 0287 705F6570 		.ascii	"p_epending\000"
 2577      656E6469 
 2577      6E6700
 2578              	.LASF8:
 2579 0292 75696E74 		.ascii	"uint32_t\000"
 2579      33325F74 
 2579      00
 2580              	.LASF79:
 2581 029b 474E5520 		.ascii	"GNU C 4.6.2\000"
 2581      4320342E 
 2581      362E3200 
 2582              	.LASF65:
 2583 02a7 63686172 		.ascii	"char\000"
 2583      00
 2584              	.LASF53:
 2585 02ac 6D5F6E65 		.ascii	"m_next\000"
 2585      787400
 2586              	.LASF20:
 2587 02b3 73797374 		.ascii	"systime_t\000"
 2587      696D655F 
 2587      7400
 2588              	.LASF40:
 2589 02bd 705F7265 		.ascii	"p_realprio\000"
 2589      616C7072 
 2589      696F00
 2590              	.LASF34:
 2591 02c8 705F7469 		.ascii	"p_time\000"
 2591      6D6500
 2592              	.LASF73:
 2593 02cf 63684D42 		.ascii	"chMBPostAhead\000"
 2593      506F7374 
 2593      41686561 
 2593      6400
 2594              	.LASF45:
ARM GAS  C:\Users\Rob\AppData\Local\Temp\ccN78y4Z.s 			page 49


 2595 02dd 696E7463 		.ascii	"intctx\000"
 2595      747800
 2596              	.LASF36:
 2597 02e4 705F6D73 		.ascii	"p_msgqueue\000"
 2597      67717565 
 2597      756500
 2598              	.LASF77:
 2599 02ef 63684D42 		.ascii	"chMBFetch\000"
 2599      46657463 
 2599      6800
 2600              	.LASF47:
 2601 02f9 53656D61 		.ascii	"Semaphore\000"
 2601      70686F72 
 2601      6500
 2602              	.LASF58:
 2603 0303 6D625F66 		.ascii	"mb_fullsem\000"
 2603      756C6C73 
 2603      656D00
 2604              	.LASF32:
 2605 030e 705F7265 		.ascii	"p_refs\000"
 2605      667300
 2606              	.LASF5:
 2607 0315 75696E74 		.ascii	"uint8_t\000"
 2607      385F7400 
 2608              	.LASF63:
 2609 031d 77746F62 		.ascii	"wtobjp\000"
 2609      6A7000
 2610              	.LASF29:
 2611 0324 705F6E61 		.ascii	"p_name\000"
 2611      6D6500
 2612              	.LASF52:
 2613 032b 6D5F6F77 		.ascii	"m_owner\000"
 2613      6E657200 
 2614              	.LASF26:
 2615 0333 705F6374 		.ascii	"p_ctx\000"
 2615      7800
 2616              	.LASF35:
 2617 0339 705F7761 		.ascii	"p_waiting\000"
 2617      6974696E 
 2617      6700
 2618              		.ident	"GCC: (GNU) 4.6.2"
ARM GAS  C:\Users\Rob\AppData\Local\Temp\ccN78y4Z.s 			page 50


DEFINED SYMBOLS
                            *ABS*:00000000 chmboxes.c
C:\Users\Rob\AppData\Local\Temp\ccN78y4Z.s:17     .text.chMBInit:00000000 $t
C:\Users\Rob\AppData\Local\Temp\ccN78y4Z.s:23     .text.chMBInit:00000000 chMBInit
C:\Users\Rob\AppData\Local\Temp\ccN78y4Z.s:67     .text.chMBReset:00000000 $t
C:\Users\Rob\AppData\Local\Temp\ccN78y4Z.s:73     .text.chMBReset:00000000 chMBReset
C:\Users\Rob\AppData\Local\Temp\ccN78y4Z.s:125    .text.chMBPostS:00000000 $t
C:\Users\Rob\AppData\Local\Temp\ccN78y4Z.s:131    .text.chMBPostS:00000000 chMBPostS
C:\Users\Rob\AppData\Local\Temp\ccN78y4Z.s:190    .text.chMBPost:00000000 $t
C:\Users\Rob\AppData\Local\Temp\ccN78y4Z.s:196    .text.chMBPost:00000000 chMBPost
C:\Users\Rob\AppData\Local\Temp\ccN78y4Z.s:226    .text.chMBPostI:00000000 $t
C:\Users\Rob\AppData\Local\Temp\ccN78y4Z.s:232    .text.chMBPostI:00000000 chMBPostI
C:\Users\Rob\AppData\Local\Temp\ccN78y4Z.s:287    .text.chMBPostAheadS:00000000 $t
C:\Users\Rob\AppData\Local\Temp\ccN78y4Z.s:293    .text.chMBPostAheadS:00000000 chMBPostAheadS
C:\Users\Rob\AppData\Local\Temp\ccN78y4Z.s:353    .text.chMBPostAhead:00000000 $t
C:\Users\Rob\AppData\Local\Temp\ccN78y4Z.s:359    .text.chMBPostAhead:00000000 chMBPostAhead
C:\Users\Rob\AppData\Local\Temp\ccN78y4Z.s:389    .text.chMBPostAheadI:00000000 $t
C:\Users\Rob\AppData\Local\Temp\ccN78y4Z.s:395    .text.chMBPostAheadI:00000000 chMBPostAheadI
C:\Users\Rob\AppData\Local\Temp\ccN78y4Z.s:451    .text.chMBFetchS:00000000 $t
C:\Users\Rob\AppData\Local\Temp\ccN78y4Z.s:457    .text.chMBFetchS:00000000 chMBFetchS
C:\Users\Rob\AppData\Local\Temp\ccN78y4Z.s:517    .text.chMBFetch:00000000 $t
C:\Users\Rob\AppData\Local\Temp\ccN78y4Z.s:523    .text.chMBFetch:00000000 chMBFetch
C:\Users\Rob\AppData\Local\Temp\ccN78y4Z.s:553    .text.chMBFetchI:00000000 $t
C:\Users\Rob\AppData\Local\Temp\ccN78y4Z.s:559    .text.chMBFetchI:00000000 chMBFetchI
                     .debug_frame:00000010 $d

UNDEFINED SYMBOLS
chSemInit
chSemResetI
chSchRescheduleS
chSemWaitTimeoutS
chSemSignalI
