ARM GAS  C:\Users\Rob\AppData\Local\Temp\ccR9HeZH.s 			page 1


   1              		.cpu cortex-m0
   2              		.fpu softvfp
   3              		.eabi_attribute 20, 1
   4              		.eabi_attribute 21, 1
   5              		.eabi_attribute 23, 3
   6              		.eabi_attribute 24, 1
   7              		.eabi_attribute 25, 1
   8              		.eabi_attribute 26, 1
   9              		.eabi_attribute 30, 2
  10              		.eabi_attribute 18, 4
  11              		.code	16
  12              		.file	"chmsg.c"
  13              		.text
  14              	.Ltext0:
  15              		.cfi_sections	.debug_frame
  16              		.section	.text.chMsgSend,"ax",%progbits
  17              		.align	2
  18              		.p2align 4,,15
  19              		.global	chMsgSend
  20              		.code	16
  21              		.thumb_func
  22              		.type	chMsgSend, %function
  23              	chMsgSend:
  24              	.LFB7:
  25              		.file 1 "../../os/kernel/src/chmsg.c"
  26              		.loc 1 68 0
  27              		.cfi_startproc
  28 0000 10B5     		push	{r4, lr}
  29              	.LCFI0:
  30              		.cfi_def_cfa_offset 8
  31              		.cfi_offset 4, -8
  32              		.cfi_offset 14, -4
  33              	.LVL0:
  34              		.loc 1 69 0
  35 0002 0C4B     		ldr	r3, .L5
  36 0004 9C69     		ldr	r4, [r3, #24]
  37              	.LVL1:
  38              		.loc 1 73 0
  39              	@ 73 "../../os/kernel/src/chmsg.c" 1
  40 0006 72B6     		cpsid   i
  41              	@ 0 "" 2
  42              		.loc 1 75 0
  43              		.code	16
  44 0008 031C     		mov	r3, r0
  45              	.LVL2:
  46 000a 2C33     		add	r3, r3, #44
  47 000c 6362     		str	r3, [r4, #36]
  48              	.LVL3:
  49              	.LBB6:
  50              	.LBB7:
  51              		.file 2 "../../os/kernel/include/chinline.h"
  52              		.loc 2 47 0
  53 000e 2360     		str	r3, [r4]
  54              		.loc 2 48 0
  55 0010 036B     		ldr	r3, [r0, #48]
  56              	.LVL4:
  57              	.LBE7:
ARM GAS  C:\Users\Rob\AppData\Local\Temp\ccR9HeZH.s 			page 2


  58              	.LBE6:
  59              		.loc 1 74 0
  60 0012 6163     		str	r1, [r4, #52]
  61              	.LBB9:
  62              	.LBB8:
  63              		.loc 2 48 0
  64 0014 6360     		str	r3, [r4, #4]
  65              		.loc 2 49 0
  66 0016 0463     		str	r4, [r0, #48]
  67 0018 1C60     		str	r4, [r3]
  68              	.LBE8:
  69              	.LBE9:
  70              		.loc 1 77 0
  71 001a 037F     		ldrb	r3, [r0, #28]
  72 001c 0C2B     		cmp	r3, #12
  73 001e 05D0     		beq	.L4
  74              	.LVL5:
  75              	.L2:
  76              		.loc 1 79 0
  77 0020 0A20     		mov	r0, #10
  78 0022 FFF7FEFF 		bl	chSchGoSleepS
  79              		.loc 1 80 0
  80 0026 606A     		ldr	r0, [r4, #36]
  81              	.LVL6:
  82              		.loc 1 81 0
  83              	@ 81 "../../os/kernel/src/chmsg.c" 1
  84 0028 62B6     		cpsie   i
  85              	@ 0 "" 2
  86              		.loc 1 83 0
  87              		.code	16
  88              		@ sp needed for prologue
  89              	.LVL7:
  90 002a 10BD     		pop	{r4, pc}
  91              	.LVL8:
  92              	.L4:
  93              		.loc 1 78 0
  94 002c FFF7FEFF 		bl	chSchReadyI
  95              	.LVL9:
  96 0030 F6E7     		b	.L2
  97              	.L6:
  98 0032 C046     		.align	2
  99              	.L5:
 100 0034 00000000 		.word	rlist
 101              		.cfi_endproc
 102              	.LFE7:
 103              		.size	chMsgSend, .-chMsgSend
 104 0038 C046C046 		.section	.text.chMsgWait,"ax",%progbits
 104      C046C046 
 105              		.align	2
 106              		.p2align 4,,15
 107              		.global	chMsgWait
 108              		.code	16
 109              		.thumb_func
 110              		.type	chMsgWait, %function
 111              	chMsgWait:
 112              	.LFB8:
 113              		.loc 1 99 0
ARM GAS  C:\Users\Rob\AppData\Local\Temp\ccR9HeZH.s 			page 3


 114              		.cfi_startproc
 115 0000 10B5     		push	{r4, lr}
 116              	.LCFI1:
 117              		.cfi_def_cfa_offset 8
 118              		.cfi_offset 4, -8
 119              		.cfi_offset 14, -4
 120              		.loc 1 102 0
 121              	@ 102 "../../os/kernel/src/chmsg.c" 1
 122 0002 72B6     		cpsid   i
 123              	@ 0 "" 2
 124              		.loc 1 103 0
 125              		.code	16
 126 0004 0A4C     		ldr	r4, .L10
 127 0006 A369     		ldr	r3, [r4, #24]
 128 0008 1A1C     		mov	r2, r3
 129 000a D86A     		ldr	r0, [r3, #44]
 130 000c 2C32     		add	r2, r2, #44
 131 000e 9042     		cmp	r0, r2
 132 0010 06D0     		beq	.L9
 133              	.L8:
 134              	.LVL10:
 135              	.LBB10:
 136              	.LBB11:
 137              		.loc 2 55 0
 138 0012 0168     		ldr	r1, [r0]
 139 0014 D962     		str	r1, [r3, #44]
 140              	.LBE11:
 141              	.LBE10:
 142              		.loc 1 106 0
 143 0016 0B23     		mov	r3, #11
 144              	.LVL11:
 145              	.LBB13:
 146              	.LBB12:
 147              		.loc 2 55 0
 148 0018 4A60     		str	r2, [r1, #4]
 149              	.LBE12:
 150              	.LBE13:
 151              		.loc 1 106 0
 152 001a 0377     		strb	r3, [r0, #28]
 153              		.loc 1 107 0
 154              	@ 107 "../../os/kernel/src/chmsg.c" 1
 155 001c 62B6     		cpsie   i
 156              	@ 0 "" 2
 157              		.loc 1 109 0
 158              		.code	16
 159              		@ sp needed for prologue
 160 001e 10BD     		pop	{r4, pc}
 161              	.LVL12:
 162              	.L9:
 163              		.loc 1 104 0
 164 0020 0C20     		mov	r0, #12
 165 0022 FFF7FEFF 		bl	chSchGoSleepS
 166 0026 A369     		ldr	r3, [r4, #24]
 167 0028 1A1C     		mov	r2, r3
 168 002a D86A     		ldr	r0, [r3, #44]
 169 002c 2C32     		add	r2, r2, #44
 170 002e F0E7     		b	.L8
ARM GAS  C:\Users\Rob\AppData\Local\Temp\ccR9HeZH.s 			page 4


 171              	.L11:
 172              		.align	2
 173              	.L10:
 174 0030 00000000 		.word	rlist
 175              		.cfi_endproc
 176              	.LFE8:
 177              		.size	chMsgWait, .-chMsgWait
 178 0034 C046C046 		.section	.text.chMsgRelease,"ax",%progbits
 178      C046C046 
 178      C046C046 
 179              		.align	2
 180              		.p2align 4,,15
 181              		.global	chMsgRelease
 182              		.code	16
 183              		.thumb_func
 184              		.type	chMsgRelease, %function
 185              	chMsgRelease:
 186              	.LFB9:
 187              		.loc 1 121 0
 188              		.cfi_startproc
 189 0000 08B5     		push	{r3, lr}
 190              	.LCFI2:
 191              		.cfi_def_cfa_offset 8
 192              		.cfi_offset 3, -8
 193              		.cfi_offset 14, -4
 194              	.LVL13:
 195              		.loc 1 123 0
 196              	@ 123 "../../os/kernel/src/chmsg.c" 1
 197 0002 72B6     		cpsid   i
 198              	@ 0 "" 2
 199              		.loc 1 126 0
 200              		.code	16
 201 0004 FFF7FEFF 		bl	chSchWakeupS
 202              	.LVL14:
 203              		.loc 1 127 0
 204              	@ 127 "../../os/kernel/src/chmsg.c" 1
 205 0008 62B6     		cpsie   i
 206              	@ 0 "" 2
 207              		.loc 1 128 0
 208              		.code	16
 209              		@ sp needed for prologue
 210 000a 08BD     		pop	{r3, pc}
 211              		.cfi_endproc
 212              	.LFE9:
 213              		.size	chMsgRelease, .-chMsgRelease
 214 000c C046C046 		.text
 215              	.Letext0:
 216              		.file 3 "c:/yagarto/lib/gcc/../../arm-none-eabi/sys-include/stdint.h"
 217              		.file 4 "../../os/ports/GCC/ARMCMx/chtypes.h"
 218              		.file 5 "../../os/kernel/include/chlists.h"
 219              		.file 6 "../../os/kernel/include/chthreads.h"
 220              		.file 7 "../../os/ports/GCC/ARMCMx/chcore_v6m.h"
 221              		.file 8 "../../os/kernel/include/chschd.h"
 222              		.file 9 "../../os/kernel/include/chmtx.h"
 223              		.section	.debug_info,"",%progbits
 224              	.Ldebug_info0:
 225 0000 85050000 		.4byte	0x585
ARM GAS  C:\Users\Rob\AppData\Local\Temp\ccR9HeZH.s 			page 5


 226 0004 0200     		.2byte	0x2
 227 0006 00000000 		.4byte	.Ldebug_abbrev0
 228 000a 04       		.byte	0x4
 229 000b 01       		.uleb128 0x1
 230 000c 16020000 		.4byte	.LASF65
 231 0010 01       		.byte	0x1
 232 0011 9F020000 		.4byte	.LASF66
 233 0015 41000000 		.4byte	.LASF67
 234 0019 00000000 		.4byte	0
 235 001d 00000000 		.4byte	0
 236 0021 48000000 		.4byte	.Ldebug_ranges0+0x48
 237 0025 00000000 		.4byte	.Ldebug_line0
 238 0029 02       		.uleb128 0x2
 239 002a 04       		.byte	0x4
 240 002b 05       		.byte	0x5
 241 002c 696E7400 		.ascii	"int\000"
 242 0030 03       		.uleb128 0x3
 243 0031 04       		.byte	0x4
 244 0032 07       		.byte	0x7
 245 0033 DD000000 		.4byte	.LASF0
 246 0037 03       		.uleb128 0x3
 247 0038 01       		.byte	0x1
 248 0039 06       		.byte	0x6
 249 003a 82000000 		.4byte	.LASF1
 250 003e 04       		.uleb128 0x4
 251 003f 89020000 		.4byte	.LASF5
 252 0043 03       		.byte	0x3
 253 0044 2A       		.byte	0x2a
 254 0045 49000000 		.4byte	0x49
 255 0049 03       		.uleb128 0x3
 256 004a 01       		.byte	0x1
 257 004b 08       		.byte	0x8
 258 004c 95010000 		.4byte	.LASF2
 259 0050 03       		.uleb128 0x3
 260 0051 02       		.byte	0x2
 261 0052 05       		.byte	0x5
 262 0053 AD010000 		.4byte	.LASF3
 263 0057 03       		.uleb128 0x3
 264 0058 02       		.byte	0x2
 265 0059 07       		.byte	0x7
 266 005a 04010000 		.4byte	.LASF4
 267 005e 04       		.uleb128 0x4
 268 005f 8D010000 		.4byte	.LASF6
 269 0063 03       		.byte	0x3
 270 0064 4F       		.byte	0x4f
 271 0065 69000000 		.4byte	0x69
 272 0069 03       		.uleb128 0x3
 273 006a 04       		.byte	0x4
 274 006b 05       		.byte	0x5
 275 006c A8000000 		.4byte	.LASF7
 276 0070 04       		.uleb128 0x4
 277 0071 05020000 		.4byte	.LASF8
 278 0075 03       		.byte	0x3
 279 0076 50       		.byte	0x50
 280 0077 7B000000 		.4byte	0x7b
 281 007b 03       		.uleb128 0x3
 282 007c 04       		.byte	0x4
ARM GAS  C:\Users\Rob\AppData\Local\Temp\ccR9HeZH.s 			page 6


 283 007d 07       		.byte	0x7
 284 007e EA000000 		.4byte	.LASF9
 285 0082 03       		.uleb128 0x3
 286 0083 08       		.byte	0x8
 287 0084 05       		.byte	0x5
 288 0085 74000000 		.4byte	.LASF10
 289 0089 03       		.uleb128 0x3
 290 008a 08       		.byte	0x8
 291 008b 07       		.byte	0x7
 292 008c 1A000000 		.4byte	.LASF11
 293 0090 03       		.uleb128 0x3
 294 0091 01       		.byte	0x1
 295 0092 02       		.byte	0x2
 296 0093 87010000 		.4byte	.LASF12
 297 0097 04       		.uleb128 0x4
 298 0098 1D010000 		.4byte	.LASF13
 299 009c 04       		.byte	0x4
 300 009d 25       		.byte	0x25
 301 009e 3E000000 		.4byte	0x3e
 302 00a2 04       		.uleb128 0x4
 303 00a3 BB000000 		.4byte	.LASF14
 304 00a7 04       		.byte	0x4
 305 00a8 26       		.byte	0x26
 306 00a9 3E000000 		.4byte	0x3e
 307 00ad 04       		.uleb128 0x4
 308 00ae 70010000 		.4byte	.LASF15
 309 00b2 04       		.byte	0x4
 310 00b3 27       		.byte	0x27
 311 00b4 3E000000 		.4byte	0x3e
 312 00b8 04       		.uleb128 0x4
 313 00b9 9E000000 		.4byte	.LASF16
 314 00bd 04       		.byte	0x4
 315 00be 28       		.byte	0x28
 316 00bf 3E000000 		.4byte	0x3e
 317 00c3 04       		.uleb128 0x4
 318 00c4 7F010000 		.4byte	.LASF17
 319 00c8 04       		.byte	0x4
 320 00c9 29       		.byte	0x29
 321 00ca 70000000 		.4byte	0x70
 322 00ce 04       		.uleb128 0x4
 323 00cf 17010000 		.4byte	.LASF18
 324 00d3 04       		.byte	0x4
 325 00d4 2A       		.byte	0x2a
 326 00d5 5E000000 		.4byte	0x5e
 327 00d9 04       		.uleb128 0x4
 328 00da 31010000 		.4byte	.LASF19
 329 00de 04       		.byte	0x4
 330 00df 2C       		.byte	0x2c
 331 00e0 70000000 		.4byte	0x70
 332 00e4 04       		.uleb128 0x4
 333 00e5 3A020000 		.4byte	.LASF20
 334 00e9 04       		.byte	0x4
 335 00ea 2E       		.byte	0x2e
 336 00eb 70000000 		.4byte	0x70
 337 00ef 04       		.uleb128 0x4
 338 00f0 E6010000 		.4byte	.LASF21
 339 00f4 05       		.byte	0x5
ARM GAS  C:\Users\Rob\AppData\Local\Temp\ccR9HeZH.s 			page 7


 340 00f5 23       		.byte	0x23
 341 00f6 FA000000 		.4byte	0xfa
 342 00fa 05       		.uleb128 0x5
 343 00fb E6010000 		.4byte	.LASF21
 344 00ff 48       		.byte	0x48
 345 0100 06       		.byte	0x6
 346 0101 57       		.byte	0x57
 347 0102 1F020000 		.4byte	0x21f
 348 0106 06       		.uleb128 0x6
 349 0107 D7010000 		.4byte	.LASF22
 350 010b 06       		.byte	0x6
 351 010c 58       		.byte	0x58
 352 010d 44020000 		.4byte	0x244
 353 0111 02       		.byte	0x2
 354 0112 23       		.byte	0x23
 355 0113 00       		.uleb128 0
 356 0114 06       		.uleb128 0x6
 357 0115 78010000 		.4byte	.LASF23
 358 0119 06       		.byte	0x6
 359 011a 5A       		.byte	0x5a
 360 011b 44020000 		.4byte	0x244
 361 011f 02       		.byte	0x2
 362 0120 23       		.byte	0x23
 363 0121 04       		.uleb128 0x4
 364 0122 06       		.uleb128 0x6
 365 0123 3A000000 		.4byte	.LASF24
 366 0127 06       		.byte	0x6
 367 0128 5C       		.byte	0x5c
 368 0129 C3000000 		.4byte	0xc3
 369 012d 02       		.byte	0x2
 370 012e 23       		.byte	0x23
 371 012f 08       		.uleb128 0x8
 372 0130 06       		.uleb128 0x6
 373 0131 C3020000 		.4byte	.LASF25
 374 0135 06       		.byte	0x6
 375 0136 5D       		.byte	0x5d
 376 0137 08030000 		.4byte	0x308
 377 013b 02       		.byte	0x2
 378 013c 23       		.byte	0x23
 379 013d 0C       		.uleb128 0xc
 380 013e 06       		.uleb128 0x6
 381 013f C4000000 		.4byte	.LASF26
 382 0143 06       		.byte	0x6
 383 0144 5F       		.byte	0x5f
 384 0145 44020000 		.4byte	0x244
 385 0149 02       		.byte	0x2
 386 014a 23       		.byte	0x23
 387 014b 10       		.uleb128 0x10
 388 014c 06       		.uleb128 0x6
 389 014d 43010000 		.4byte	.LASF27
 390 0151 06       		.byte	0x6
 391 0152 60       		.byte	0x60
 392 0153 44020000 		.4byte	0x244
 393 0157 02       		.byte	0x2
 394 0158 23       		.byte	0x23
 395 0159 14       		.uleb128 0x14
 396 015a 06       		.uleb128 0x6
ARM GAS  C:\Users\Rob\AppData\Local\Temp\ccR9HeZH.s 			page 8


 397 015b 98020000 		.4byte	.LASF28
 398 015f 06       		.byte	0x6
 399 0160 67       		.byte	0x67
 400 0161 13040000 		.4byte	0x413
 401 0165 02       		.byte	0x2
 402 0166 23       		.byte	0x23
 403 0167 18       		.uleb128 0x18
 404 0168 06       		.uleb128 0x6
 405 0169 B7010000 		.4byte	.LASF29
 406 016d 06       		.byte	0x6
 407 016e 72       		.byte	0x72
 408 016f A2000000 		.4byte	0xa2
 409 0173 02       		.byte	0x2
 410 0174 23       		.byte	0x23
 411 0175 1C       		.uleb128 0x1c
 412 0176 06       		.uleb128 0x6
 413 0177 DE010000 		.4byte	.LASF30
 414 017b 06       		.byte	0x6
 415 017c 76       		.byte	0x76
 416 017d 97000000 		.4byte	0x97
 417 0181 02       		.byte	0x2
 418 0182 23       		.byte	0x23
 419 0183 1D       		.uleb128 0x1d
 420 0184 06       		.uleb128 0x6
 421 0185 72020000 		.4byte	.LASF31
 422 0189 06       		.byte	0x6
 423 018a 7B       		.byte	0x7b
 424 018b AD000000 		.4byte	0xad
 425 018f 02       		.byte	0x2
 426 0190 23       		.byte	0x23
 427 0191 1E       		.uleb128 0x1e
 428 0192 06       		.uleb128 0x6
 429 0193 BF010000 		.4byte	.LASF32
 430 0197 06       		.byte	0x6
 431 0198 81       		.byte	0x81
 432 0199 B8000000 		.4byte	0xb8
 433 019d 02       		.byte	0x2
 434 019e 23       		.byte	0x23
 435 019f 1F       		.uleb128 0x1f
 436 01a0 06       		.uleb128 0x6
 437 01a1 4F020000 		.4byte	.LASF33
 438 01a5 06       		.byte	0x6
 439 01a6 88       		.byte	0x88
 440 01a7 29030000 		.4byte	0x329
 441 01ab 02       		.byte	0x2
 442 01ac 23       		.byte	0x23
 443 01ad 20       		.uleb128 0x20
 444 01ae 07       		.uleb128 0x7
 445 01af 705F7500 		.ascii	"p_u\000"
 446 01b3 06       		.byte	0x6
 447 01b4 AD       		.byte	0xad
 448 01b5 DE030000 		.4byte	0x3de
 449 01b9 02       		.byte	0x2
 450 01ba 23       		.byte	0x23
 451 01bb 24       		.uleb128 0x24
 452 01bc 06       		.uleb128 0x6
 453 01bd C9020000 		.4byte	.LASF34
ARM GAS  C:\Users\Rob\AppData\Local\Temp\ccR9HeZH.s 			page 9


 454 01c1 06       		.byte	0x6
 455 01c2 B2       		.byte	0xb2
 456 01c3 6C020000 		.4byte	0x26c
 457 01c7 02       		.byte	0x2
 458 01c8 23       		.byte	0x23
 459 01c9 28       		.uleb128 0x28
 460 01ca 06       		.uleb128 0x6
 461 01cb 5D020000 		.4byte	.LASF35
 462 01cf 06       		.byte	0x6
 463 01d0 B8       		.byte	0xb8
 464 01d1 4A020000 		.4byte	0x24a
 465 01d5 02       		.byte	0x2
 466 01d6 23       		.byte	0x23
 467 01d7 2C       		.uleb128 0x2c
 468 01d8 06       		.uleb128 0x6
 469 01d9 00000000 		.4byte	.LASF36
 470 01dd 06       		.byte	0x6
 471 01de BC       		.byte	0xbc
 472 01df CE000000 		.4byte	0xce
 473 01e3 02       		.byte	0x2
 474 01e4 23       		.byte	0x23
 475 01e5 34       		.uleb128 0x34
 476 01e6 06       		.uleb128 0x6
 477 01e7 FA010000 		.4byte	.LASF37
 478 01eb 06       		.byte	0x6
 479 01ec C2       		.byte	0xc2
 480 01ed D9000000 		.4byte	0xd9
 481 01f1 02       		.byte	0x2
 482 01f2 23       		.byte	0x23
 483 01f3 38       		.uleb128 0x38
 484 01f4 06       		.uleb128 0x6
 485 01f5 A3010000 		.4byte	.LASF38
 486 01f9 06       		.byte	0x6
 487 01fa C9       		.byte	0xc9
 488 01fb 25040000 		.4byte	0x425
 489 01ff 02       		.byte	0x2
 490 0200 23       		.byte	0x23
 491 0201 3C       		.uleb128 0x3c
 492 0202 06       		.uleb128 0x6
 493 0203 44020000 		.4byte	.LASF39
 494 0207 06       		.byte	0x6
 495 0208 CD       		.byte	0xcd
 496 0209 C3000000 		.4byte	0xc3
 497 020d 02       		.byte	0x2
 498 020e 23       		.byte	0x23
 499 020f 40       		.uleb128 0x40
 500 0210 06       		.uleb128 0x6
 501 0211 8E000000 		.4byte	.LASF40
 502 0215 06       		.byte	0x6
 503 0216 D3       		.byte	0xd3
 504 0217 82020000 		.4byte	0x282
 505 021b 02       		.byte	0x2
 506 021c 23       		.byte	0x23
 507 021d 44       		.uleb128 0x44
 508 021e 00       		.byte	0
 509 021f 08       		.uleb128 0x8
 510 0220 08       		.byte	0x8
ARM GAS  C:\Users\Rob\AppData\Local\Temp\ccR9HeZH.s 			page 10


 511 0221 05       		.byte	0x5
 512 0222 5A       		.byte	0x5a
 513 0223 44020000 		.4byte	0x244
 514 0227 06       		.uleb128 0x6
 515 0228 D7010000 		.4byte	.LASF22
 516 022c 05       		.byte	0x5
 517 022d 5B       		.byte	0x5b
 518 022e 44020000 		.4byte	0x244
 519 0232 02       		.byte	0x2
 520 0233 23       		.byte	0x23
 521 0234 00       		.uleb128 0
 522 0235 06       		.uleb128 0x6
 523 0236 78010000 		.4byte	.LASF23
 524 023a 05       		.byte	0x5
 525 023b 5D       		.byte	0x5d
 526 023c 44020000 		.4byte	0x244
 527 0240 02       		.byte	0x2
 528 0241 23       		.byte	0x23
 529 0242 04       		.uleb128 0x4
 530 0243 00       		.byte	0
 531 0244 09       		.uleb128 0x9
 532 0245 04       		.byte	0x4
 533 0246 EF000000 		.4byte	0xef
 534 024a 04       		.uleb128 0x4
 535 024b 51010000 		.4byte	.LASF41
 536 024f 05       		.byte	0x5
 537 0250 5F       		.byte	0x5f
 538 0251 1F020000 		.4byte	0x21f
 539 0255 08       		.uleb128 0x8
 540 0256 04       		.byte	0x4
 541 0257 05       		.byte	0x5
 542 0258 64       		.byte	0x64
 543 0259 6C020000 		.4byte	0x26c
 544 025d 06       		.uleb128 0x6
 545 025e D7010000 		.4byte	.LASF22
 546 0262 05       		.byte	0x5
 547 0263 66       		.byte	0x66
 548 0264 44020000 		.4byte	0x244
 549 0268 02       		.byte	0x2
 550 0269 23       		.byte	0x23
 551 026a 00       		.uleb128 0
 552 026b 00       		.byte	0
 553 026c 04       		.uleb128 0x4
 554 026d 25010000 		.4byte	.LASF42
 555 0271 05       		.byte	0x5
 556 0272 69       		.byte	0x69
 557 0273 55020000 		.4byte	0x255
 558 0277 04       		.uleb128 0x4
 559 0278 D4000000 		.4byte	.LASF43
 560 027c 07       		.byte	0x7
 561 027d A0       		.byte	0xa0
 562 027e 82020000 		.4byte	0x282
 563 0282 0A       		.uleb128 0xa
 564 0283 04       		.byte	0x4
 565 0284 05       		.uleb128 0x5
 566 0285 56020000 		.4byte	.LASF44
 567 0289 24       		.byte	0x24
ARM GAS  C:\Users\Rob\AppData\Local\Temp\ccR9HeZH.s 			page 11


 568 028a 07       		.byte	0x7
 569 028b B3       		.byte	0xb3
 570 028c 08030000 		.4byte	0x308
 571 0290 07       		.uleb128 0x7
 572 0291 723800   		.ascii	"r8\000"
 573 0294 07       		.byte	0x7
 574 0295 B4       		.byte	0xb4
 575 0296 77020000 		.4byte	0x277
 576 029a 02       		.byte	0x2
 577 029b 23       		.byte	0x23
 578 029c 00       		.uleb128 0
 579 029d 07       		.uleb128 0x7
 580 029e 723900   		.ascii	"r9\000"
 581 02a1 07       		.byte	0x7
 582 02a2 B5       		.byte	0xb5
 583 02a3 77020000 		.4byte	0x277
 584 02a7 02       		.byte	0x2
 585 02a8 23       		.byte	0x23
 586 02a9 04       		.uleb128 0x4
 587 02aa 07       		.uleb128 0x7
 588 02ab 72313000 		.ascii	"r10\000"
 589 02af 07       		.byte	0x7
 590 02b0 B6       		.byte	0xb6
 591 02b1 77020000 		.4byte	0x277
 592 02b5 02       		.byte	0x2
 593 02b6 23       		.byte	0x23
 594 02b7 08       		.uleb128 0x8
 595 02b8 07       		.uleb128 0x7
 596 02b9 72313100 		.ascii	"r11\000"
 597 02bd 07       		.byte	0x7
 598 02be B7       		.byte	0xb7
 599 02bf 77020000 		.4byte	0x277
 600 02c3 02       		.byte	0x2
 601 02c4 23       		.byte	0x23
 602 02c5 0C       		.uleb128 0xc
 603 02c6 07       		.uleb128 0x7
 604 02c7 723400   		.ascii	"r4\000"
 605 02ca 07       		.byte	0x7
 606 02cb B8       		.byte	0xb8
 607 02cc 77020000 		.4byte	0x277
 608 02d0 02       		.byte	0x2
 609 02d1 23       		.byte	0x23
 610 02d2 10       		.uleb128 0x10
 611 02d3 07       		.uleb128 0x7
 612 02d4 723500   		.ascii	"r5\000"
 613 02d7 07       		.byte	0x7
 614 02d8 B9       		.byte	0xb9
 615 02d9 77020000 		.4byte	0x277
 616 02dd 02       		.byte	0x2
 617 02de 23       		.byte	0x23
 618 02df 14       		.uleb128 0x14
 619 02e0 07       		.uleb128 0x7
 620 02e1 723600   		.ascii	"r6\000"
 621 02e4 07       		.byte	0x7
 622 02e5 BA       		.byte	0xba
 623 02e6 77020000 		.4byte	0x277
 624 02ea 02       		.byte	0x2
ARM GAS  C:\Users\Rob\AppData\Local\Temp\ccR9HeZH.s 			page 12


 625 02eb 23       		.byte	0x23
 626 02ec 18       		.uleb128 0x18
 627 02ed 07       		.uleb128 0x7
 628 02ee 723700   		.ascii	"r7\000"
 629 02f1 07       		.byte	0x7
 630 02f2 BB       		.byte	0xbb
 631 02f3 77020000 		.4byte	0x277
 632 02f7 02       		.byte	0x2
 633 02f8 23       		.byte	0x23
 634 02f9 1C       		.uleb128 0x1c
 635 02fa 07       		.uleb128 0x7
 636 02fb 6C7200   		.ascii	"lr\000"
 637 02fe 07       		.byte	0x7
 638 02ff BC       		.byte	0xbc
 639 0300 77020000 		.4byte	0x277
 640 0304 02       		.byte	0x2
 641 0305 23       		.byte	0x23
 642 0306 20       		.uleb128 0x20
 643 0307 00       		.byte	0
 644 0308 05       		.uleb128 0x5
 645 0309 FC000000 		.4byte	.LASF45
 646 030d 04       		.byte	0x4
 647 030e 07       		.byte	0x7
 648 030f C6       		.byte	0xc6
 649 0310 23030000 		.4byte	0x323
 650 0314 07       		.uleb128 0x7
 651 0315 72313300 		.ascii	"r13\000"
 652 0319 07       		.byte	0x7
 653 031a C7       		.byte	0xc7
 654 031b 23030000 		.4byte	0x323
 655 031f 02       		.byte	0x2
 656 0320 23       		.byte	0x23
 657 0321 00       		.uleb128 0
 658 0322 00       		.byte	0
 659 0323 09       		.uleb128 0x9
 660 0324 04       		.byte	0x4
 661 0325 84020000 		.4byte	0x284
 662 0329 0B       		.uleb128 0xb
 663 032a E4000000 		.4byte	0xe4
 664 032e 08       		.uleb128 0x8
 665 032f 1C       		.byte	0x1c
 666 0330 08       		.byte	0x8
 667 0331 57       		.byte	0x57
 668 0332 8B030000 		.4byte	0x38b
 669 0336 06       		.uleb128 0x6
 670 0337 0E020000 		.4byte	.LASF46
 671 033b 08       		.byte	0x8
 672 033c 58       		.byte	0x58
 673 033d 4A020000 		.4byte	0x24a
 674 0341 02       		.byte	0x2
 675 0342 23       		.byte	0x23
 676 0343 00       		.uleb128 0
 677 0344 06       		.uleb128 0x6
 678 0345 C9010000 		.4byte	.LASF47
 679 0349 08       		.byte	0x8
 680 034a 59       		.byte	0x59
 681 034b C3000000 		.4byte	0xc3
ARM GAS  C:\Users\Rob\AppData\Local\Temp\ccR9HeZH.s 			page 13


 682 034f 02       		.byte	0x2
 683 0350 23       		.byte	0x23
 684 0351 08       		.uleb128 0x8
 685 0352 06       		.uleb128 0x6
 686 0353 4B010000 		.4byte	.LASF48
 687 0357 08       		.byte	0x8
 688 0358 5B       		.byte	0x5b
 689 0359 08030000 		.4byte	0x308
 690 035d 02       		.byte	0x2
 691 035e 23       		.byte	0x23
 692 035f 0C       		.uleb128 0xc
 693 0360 06       		.uleb128 0x6
 694 0361 CC000000 		.4byte	.LASF49
 695 0365 08       		.byte	0x8
 696 0366 5E       		.byte	0x5e
 697 0367 44020000 		.4byte	0x244
 698 036b 02       		.byte	0x2
 699 036c 23       		.byte	0x23
 700 036d 10       		.uleb128 0x10
 701 036e 06       		.uleb128 0x6
 702 036f 68010000 		.4byte	.LASF50
 703 0373 08       		.byte	0x8
 704 0374 5F       		.byte	0x5f
 705 0375 44020000 		.4byte	0x244
 706 0379 02       		.byte	0x2
 707 037a 23       		.byte	0x23
 708 037b 14       		.uleb128 0x14
 709 037c 06       		.uleb128 0x6
 710 037d 5E010000 		.4byte	.LASF51
 711 0381 08       		.byte	0x8
 712 0382 62       		.byte	0x62
 713 0383 44020000 		.4byte	0x244
 714 0387 02       		.byte	0x2
 715 0388 23       		.byte	0x23
 716 0389 18       		.uleb128 0x18
 717 038a 00       		.byte	0
 718 038b 04       		.uleb128 0x4
 719 038c 79020000 		.4byte	.LASF52
 720 0390 08       		.byte	0x8
 721 0391 64       		.byte	0x64
 722 0392 2E030000 		.4byte	0x32e
 723 0396 05       		.uleb128 0x5
 724 0397 3D010000 		.4byte	.LASF53
 725 039b 10       		.byte	0x10
 726 039c 09       		.byte	0x9
 727 039d 25       		.byte	0x25
 728 039e CD030000 		.4byte	0x3cd
 729 03a2 06       		.uleb128 0x6
 730 03a3 96000000 		.4byte	.LASF54
 731 03a7 09       		.byte	0x9
 732 03a8 26       		.byte	0x26
 733 03a9 4A020000 		.4byte	0x24a
 734 03ad 02       		.byte	0x2
 735 03ae 23       		.byte	0x23
 736 03af 00       		.uleb128 0
 737 03b0 06       		.uleb128 0x6
 738 03b1 BB020000 		.4byte	.LASF55
ARM GAS  C:\Users\Rob\AppData\Local\Temp\ccR9HeZH.s 			page 14


 739 03b5 09       		.byte	0x9
 740 03b6 28       		.byte	0x28
 741 03b7 44020000 		.4byte	0x244
 742 03bb 02       		.byte	0x2
 743 03bc 23       		.byte	0x23
 744 03bd 08       		.uleb128 0x8
 745 03be 06       		.uleb128 0x6
 746 03bf 33020000 		.4byte	.LASF56
 747 03c3 09       		.byte	0x9
 748 03c4 2A       		.byte	0x2a
 749 03c5 CD030000 		.4byte	0x3cd
 750 03c9 02       		.byte	0x2
 751 03ca 23       		.byte	0x23
 752 03cb 0C       		.uleb128 0xc
 753 03cc 00       		.byte	0
 754 03cd 09       		.uleb128 0x9
 755 03ce 04       		.byte	0x4
 756 03cf 96030000 		.4byte	0x396
 757 03d3 04       		.uleb128 0x4
 758 03d4 3D010000 		.4byte	.LASF53
 759 03d8 09       		.byte	0x9
 760 03d9 2C       		.byte	0x2c
 761 03da 96030000 		.4byte	0x396
 762 03de 0C       		.uleb128 0xc
 763 03df 04       		.byte	0x4
 764 03e0 06       		.byte	0x6
 765 03e1 8F       		.byte	0x8f
 766 03e2 13040000 		.4byte	0x413
 767 03e6 0D       		.uleb128 0xd
 768 03e7 13000000 		.4byte	.LASF57
 769 03eb 06       		.byte	0x6
 770 03ec 96       		.byte	0x96
 771 03ed CE000000 		.4byte	0xce
 772 03f1 0D       		.uleb128 0xd
 773 03f2 31000000 		.4byte	.LASF58
 774 03f6 06       		.byte	0x6
 775 03f7 9D       		.byte	0x9d
 776 03f8 CE000000 		.4byte	0xce
 777 03fc 0D       		.uleb128 0xd
 778 03fd 91020000 		.4byte	.LASF59
 779 0401 06       		.byte	0x6
 780 0402 A4       		.byte	0xa4
 781 0403 82020000 		.4byte	0x282
 782 0407 0D       		.uleb128 0xd
 783 0408 D0010000 		.4byte	.LASF60
 784 040c 06       		.byte	0x6
 785 040d AB       		.byte	0xab
 786 040e D9000000 		.4byte	0xd9
 787 0412 00       		.byte	0
 788 0413 09       		.uleb128 0x9
 789 0414 04       		.byte	0x4
 790 0415 19040000 		.4byte	0x419
 791 0419 0E       		.uleb128 0xe
 792 041a 1E040000 		.4byte	0x41e
 793 041e 03       		.uleb128 0x3
 794 041f 01       		.byte	0x1
 795 0420 08       		.byte	0x8
ARM GAS  C:\Users\Rob\AppData\Local\Temp\ccR9HeZH.s 			page 15


 796 0421 22020000 		.4byte	.LASF61
 797 0425 09       		.uleb128 0x9
 798 0426 04       		.byte	0x4
 799 0427 D3030000 		.4byte	0x3d3
 800 042b 0F       		.uleb128 0xf
 801 042c 06000000 		.4byte	.LASF68
 802 0430 02       		.byte	0x2
 803 0431 2D       		.byte	0x2d
 804 0432 01       		.byte	0x1
 805 0433 03       		.byte	0x3
 806 0434 4E040000 		.4byte	0x44e
 807 0438 10       		.uleb128 0x10
 808 0439 747000   		.ascii	"tp\000"
 809 043c 02       		.byte	0x2
 810 043d 2D       		.byte	0x2d
 811 043e 44020000 		.4byte	0x244
 812 0442 10       		.uleb128 0x10
 813 0443 74717000 		.ascii	"tqp\000"
 814 0447 02       		.byte	0x2
 815 0448 2D       		.byte	0x2d
 816 0449 4E040000 		.4byte	0x44e
 817 044d 00       		.byte	0
 818 044e 09       		.uleb128 0x9
 819 044f 04       		.byte	0x4
 820 0450 4A020000 		.4byte	0x24a
 821 0454 11       		.uleb128 0x11
 822 0455 27020000 		.4byte	.LASF69
 823 0459 02       		.byte	0x2
 824 045a 34       		.byte	0x34
 825 045b 01       		.byte	0x1
 826 045c 44020000 		.4byte	0x244
 827 0460 03       		.byte	0x3
 828 0461 7B040000 		.4byte	0x47b
 829 0465 10       		.uleb128 0x10
 830 0466 74717000 		.ascii	"tqp\000"
 831 046a 02       		.byte	0x2
 832 046b 34       		.byte	0x34
 833 046c 4E040000 		.4byte	0x44e
 834 0470 12       		.uleb128 0x12
 835 0471 747000   		.ascii	"tp\000"
 836 0474 02       		.byte	0x2
 837 0475 35       		.byte	0x35
 838 0476 44020000 		.4byte	0x244
 839 047a 00       		.byte	0
 840 047b 13       		.uleb128 0x13
 841 047c 01       		.byte	0x1
 842 047d B1000000 		.4byte	.LASF62
 843 0481 01       		.byte	0x1
 844 0482 44       		.byte	0x44
 845 0483 01       		.byte	0x1
 846 0484 CE000000 		.4byte	0xce
 847 0488 00000000 		.4byte	.LFB7
 848 048c 38000000 		.4byte	.LFE7
 849 0490 00000000 		.4byte	.LLST0
 850 0494 E7040000 		.4byte	0x4e7
 851 0498 14       		.uleb128 0x14
 852 0499 747000   		.ascii	"tp\000"
ARM GAS  C:\Users\Rob\AppData\Local\Temp\ccR9HeZH.s 			page 16


 853 049c 01       		.byte	0x1
 854 049d 44       		.byte	0x44
 855 049e 44020000 		.4byte	0x244
 856 04a2 20000000 		.4byte	.LLST1
 857 04a6 14       		.uleb128 0x14
 858 04a7 6D736700 		.ascii	"msg\000"
 859 04ab 01       		.byte	0x1
 860 04ac 44       		.byte	0x44
 861 04ad CE000000 		.4byte	0xce
 862 04b1 3E000000 		.4byte	.LLST2
 863 04b5 15       		.uleb128 0x15
 864 04b6 63747000 		.ascii	"ctp\000"
 865 04ba 01       		.byte	0x1
 866 04bb 45       		.byte	0x45
 867 04bc 44020000 		.4byte	0x244
 868 04c0 73000000 		.4byte	.LLST3
 869 04c4 16       		.uleb128 0x16
 870 04c5 2B040000 		.4byte	0x42b
 871 04c9 0E000000 		.4byte	.LBB6
 872 04cd 00000000 		.4byte	.Ldebug_ranges0+0
 873 04d1 01       		.byte	0x1
 874 04d2 4C       		.byte	0x4c
 875 04d3 17       		.uleb128 0x17
 876 04d4 42040000 		.4byte	0x442
 877 04d8 9D000000 		.4byte	.LLST4
 878 04dc 17       		.uleb128 0x17
 879 04dd 38040000 		.4byte	0x438
 880 04e1 BC000000 		.4byte	.LLST5
 881 04e5 00       		.byte	0
 882 04e6 00       		.byte	0
 883 04e7 13       		.uleb128 0x13
 884 04e8 01       		.byte	0x1
 885 04e9 68020000 		.4byte	.LASF63
 886 04ed 01       		.byte	0x1
 887 04ee 63       		.byte	0x63
 888 04ef 01       		.byte	0x1
 889 04f0 44020000 		.4byte	0x244
 890 04f4 00000000 		.4byte	.LFB8
 891 04f8 34000000 		.4byte	.LFE8
 892 04fc DA000000 		.4byte	.LLST6
 893 0500 37050000 		.4byte	0x537
 894 0504 12       		.uleb128 0x12
 895 0505 747000   		.ascii	"tp\000"
 896 0508 01       		.byte	0x1
 897 0509 64       		.byte	0x64
 898 050a 44020000 		.4byte	0x244
 899 050e 16       		.uleb128 0x16
 900 050f 54040000 		.4byte	0x454
 901 0513 12000000 		.4byte	.LBB10
 902 0517 18000000 		.4byte	.Ldebug_ranges0+0x18
 903 051b 01       		.byte	0x1
 904 051c 69       		.byte	0x69
 905 051d 17       		.uleb128 0x17
 906 051e 65040000 		.4byte	0x465
 907 0522 FA000000 		.4byte	.LLST7
 908 0526 18       		.uleb128 0x18
 909 0527 30000000 		.4byte	.Ldebug_ranges0+0x30
ARM GAS  C:\Users\Rob\AppData\Local\Temp\ccR9HeZH.s 			page 17


 910 052b 19       		.uleb128 0x19
 911 052c 70040000 		.4byte	0x470
 912 0530 0F010000 		.4byte	.LLST8
 913 0534 00       		.byte	0
 914 0535 00       		.byte	0
 915 0536 00       		.byte	0
 916 0537 1A       		.uleb128 0x1a
 917 0538 01       		.byte	0x1
 918 0539 ED010000 		.4byte	.LASF70
 919 053d 01       		.byte	0x1
 920 053e 79       		.byte	0x79
 921 053f 01       		.byte	0x1
 922 0540 00000000 		.4byte	.LFB9
 923 0544 0C000000 		.4byte	.LFE9
 924 0548 22010000 		.4byte	.LLST9
 925 054c 6E050000 		.4byte	0x56e
 926 0550 14       		.uleb128 0x14
 927 0551 747000   		.ascii	"tp\000"
 928 0554 01       		.byte	0x1
 929 0555 79       		.byte	0x79
 930 0556 44020000 		.4byte	0x244
 931 055a 42010000 		.4byte	.LLST10
 932 055e 14       		.uleb128 0x14
 933 055f 6D736700 		.ascii	"msg\000"
 934 0563 01       		.byte	0x1
 935 0564 79       		.byte	0x79
 936 0565 CE000000 		.4byte	0xce
 937 0569 55010000 		.4byte	.LLST11
 938 056d 00       		.byte	0
 939 056e 1B       		.uleb128 0x1b
 940 056f 83020000 		.4byte	.LASF64
 941 0573 08       		.byte	0x8
 942 0574 68       		.byte	0x68
 943 0575 8B030000 		.4byte	0x38b
 944 0579 01       		.byte	0x1
 945 057a 01       		.byte	0x1
 946 057b 1B       		.uleb128 0x1b
 947 057c 83020000 		.4byte	.LASF64
 948 0580 08       		.byte	0x8
 949 0581 68       		.byte	0x68
 950 0582 8B030000 		.4byte	0x38b
 951 0586 01       		.byte	0x1
 952 0587 01       		.byte	0x1
 953 0588 00       		.byte	0
 954              		.section	.debug_abbrev,"",%progbits
 955              	.Ldebug_abbrev0:
 956 0000 01       		.uleb128 0x1
 957 0001 11       		.uleb128 0x11
 958 0002 01       		.byte	0x1
 959 0003 25       		.uleb128 0x25
 960 0004 0E       		.uleb128 0xe
 961 0005 13       		.uleb128 0x13
 962 0006 0B       		.uleb128 0xb
 963 0007 03       		.uleb128 0x3
 964 0008 0E       		.uleb128 0xe
 965 0009 1B       		.uleb128 0x1b
 966 000a 0E       		.uleb128 0xe
ARM GAS  C:\Users\Rob\AppData\Local\Temp\ccR9HeZH.s 			page 18


 967 000b 11       		.uleb128 0x11
 968 000c 01       		.uleb128 0x1
 969 000d 52       		.uleb128 0x52
 970 000e 01       		.uleb128 0x1
 971 000f 55       		.uleb128 0x55
 972 0010 06       		.uleb128 0x6
 973 0011 10       		.uleb128 0x10
 974 0012 06       		.uleb128 0x6
 975 0013 00       		.byte	0
 976 0014 00       		.byte	0
 977 0015 02       		.uleb128 0x2
 978 0016 24       		.uleb128 0x24
 979 0017 00       		.byte	0
 980 0018 0B       		.uleb128 0xb
 981 0019 0B       		.uleb128 0xb
 982 001a 3E       		.uleb128 0x3e
 983 001b 0B       		.uleb128 0xb
 984 001c 03       		.uleb128 0x3
 985 001d 08       		.uleb128 0x8
 986 001e 00       		.byte	0
 987 001f 00       		.byte	0
 988 0020 03       		.uleb128 0x3
 989 0021 24       		.uleb128 0x24
 990 0022 00       		.byte	0
 991 0023 0B       		.uleb128 0xb
 992 0024 0B       		.uleb128 0xb
 993 0025 3E       		.uleb128 0x3e
 994 0026 0B       		.uleb128 0xb
 995 0027 03       		.uleb128 0x3
 996 0028 0E       		.uleb128 0xe
 997 0029 00       		.byte	0
 998 002a 00       		.byte	0
 999 002b 04       		.uleb128 0x4
 1000 002c 16       		.uleb128 0x16
 1001 002d 00       		.byte	0
 1002 002e 03       		.uleb128 0x3
 1003 002f 0E       		.uleb128 0xe
 1004 0030 3A       		.uleb128 0x3a
 1005 0031 0B       		.uleb128 0xb
 1006 0032 3B       		.uleb128 0x3b
 1007 0033 0B       		.uleb128 0xb
 1008 0034 49       		.uleb128 0x49
 1009 0035 13       		.uleb128 0x13
 1010 0036 00       		.byte	0
 1011 0037 00       		.byte	0
 1012 0038 05       		.uleb128 0x5
 1013 0039 13       		.uleb128 0x13
 1014 003a 01       		.byte	0x1
 1015 003b 03       		.uleb128 0x3
 1016 003c 0E       		.uleb128 0xe
 1017 003d 0B       		.uleb128 0xb
 1018 003e 0B       		.uleb128 0xb
 1019 003f 3A       		.uleb128 0x3a
 1020 0040 0B       		.uleb128 0xb
 1021 0041 3B       		.uleb128 0x3b
 1022 0042 0B       		.uleb128 0xb
 1023 0043 01       		.uleb128 0x1
ARM GAS  C:\Users\Rob\AppData\Local\Temp\ccR9HeZH.s 			page 19


 1024 0044 13       		.uleb128 0x13
 1025 0045 00       		.byte	0
 1026 0046 00       		.byte	0
 1027 0047 06       		.uleb128 0x6
 1028 0048 0D       		.uleb128 0xd
 1029 0049 00       		.byte	0
 1030 004a 03       		.uleb128 0x3
 1031 004b 0E       		.uleb128 0xe
 1032 004c 3A       		.uleb128 0x3a
 1033 004d 0B       		.uleb128 0xb
 1034 004e 3B       		.uleb128 0x3b
 1035 004f 0B       		.uleb128 0xb
 1036 0050 49       		.uleb128 0x49
 1037 0051 13       		.uleb128 0x13
 1038 0052 38       		.uleb128 0x38
 1039 0053 0A       		.uleb128 0xa
 1040 0054 00       		.byte	0
 1041 0055 00       		.byte	0
 1042 0056 07       		.uleb128 0x7
 1043 0057 0D       		.uleb128 0xd
 1044 0058 00       		.byte	0
 1045 0059 03       		.uleb128 0x3
 1046 005a 08       		.uleb128 0x8
 1047 005b 3A       		.uleb128 0x3a
 1048 005c 0B       		.uleb128 0xb
 1049 005d 3B       		.uleb128 0x3b
 1050 005e 0B       		.uleb128 0xb
 1051 005f 49       		.uleb128 0x49
 1052 0060 13       		.uleb128 0x13
 1053 0061 38       		.uleb128 0x38
 1054 0062 0A       		.uleb128 0xa
 1055 0063 00       		.byte	0
 1056 0064 00       		.byte	0
 1057 0065 08       		.uleb128 0x8
 1058 0066 13       		.uleb128 0x13
 1059 0067 01       		.byte	0x1
 1060 0068 0B       		.uleb128 0xb
 1061 0069 0B       		.uleb128 0xb
 1062 006a 3A       		.uleb128 0x3a
 1063 006b 0B       		.uleb128 0xb
 1064 006c 3B       		.uleb128 0x3b
 1065 006d 0B       		.uleb128 0xb
 1066 006e 01       		.uleb128 0x1
 1067 006f 13       		.uleb128 0x13
 1068 0070 00       		.byte	0
 1069 0071 00       		.byte	0
 1070 0072 09       		.uleb128 0x9
 1071 0073 0F       		.uleb128 0xf
 1072 0074 00       		.byte	0
 1073 0075 0B       		.uleb128 0xb
 1074 0076 0B       		.uleb128 0xb
 1075 0077 49       		.uleb128 0x49
 1076 0078 13       		.uleb128 0x13
 1077 0079 00       		.byte	0
 1078 007a 00       		.byte	0
 1079 007b 0A       		.uleb128 0xa
 1080 007c 0F       		.uleb128 0xf
ARM GAS  C:\Users\Rob\AppData\Local\Temp\ccR9HeZH.s 			page 20


 1081 007d 00       		.byte	0
 1082 007e 0B       		.uleb128 0xb
 1083 007f 0B       		.uleb128 0xb
 1084 0080 00       		.byte	0
 1085 0081 00       		.byte	0
 1086 0082 0B       		.uleb128 0xb
 1087 0083 35       		.uleb128 0x35
 1088 0084 00       		.byte	0
 1089 0085 49       		.uleb128 0x49
 1090 0086 13       		.uleb128 0x13
 1091 0087 00       		.byte	0
 1092 0088 00       		.byte	0
 1093 0089 0C       		.uleb128 0xc
 1094 008a 17       		.uleb128 0x17
 1095 008b 01       		.byte	0x1
 1096 008c 0B       		.uleb128 0xb
 1097 008d 0B       		.uleb128 0xb
 1098 008e 3A       		.uleb128 0x3a
 1099 008f 0B       		.uleb128 0xb
 1100 0090 3B       		.uleb128 0x3b
 1101 0091 0B       		.uleb128 0xb
 1102 0092 01       		.uleb128 0x1
 1103 0093 13       		.uleb128 0x13
 1104 0094 00       		.byte	0
 1105 0095 00       		.byte	0
 1106 0096 0D       		.uleb128 0xd
 1107 0097 0D       		.uleb128 0xd
 1108 0098 00       		.byte	0
 1109 0099 03       		.uleb128 0x3
 1110 009a 0E       		.uleb128 0xe
 1111 009b 3A       		.uleb128 0x3a
 1112 009c 0B       		.uleb128 0xb
 1113 009d 3B       		.uleb128 0x3b
 1114 009e 0B       		.uleb128 0xb
 1115 009f 49       		.uleb128 0x49
 1116 00a0 13       		.uleb128 0x13
 1117 00a1 00       		.byte	0
 1118 00a2 00       		.byte	0
 1119 00a3 0E       		.uleb128 0xe
 1120 00a4 26       		.uleb128 0x26
 1121 00a5 00       		.byte	0
 1122 00a6 49       		.uleb128 0x49
 1123 00a7 13       		.uleb128 0x13
 1124 00a8 00       		.byte	0
 1125 00a9 00       		.byte	0
 1126 00aa 0F       		.uleb128 0xf
 1127 00ab 2E       		.uleb128 0x2e
 1128 00ac 01       		.byte	0x1
 1129 00ad 03       		.uleb128 0x3
 1130 00ae 0E       		.uleb128 0xe
 1131 00af 3A       		.uleb128 0x3a
 1132 00b0 0B       		.uleb128 0xb
 1133 00b1 3B       		.uleb128 0x3b
 1134 00b2 0B       		.uleb128 0xb
 1135 00b3 27       		.uleb128 0x27
 1136 00b4 0C       		.uleb128 0xc
 1137 00b5 20       		.uleb128 0x20
ARM GAS  C:\Users\Rob\AppData\Local\Temp\ccR9HeZH.s 			page 21


 1138 00b6 0B       		.uleb128 0xb
 1139 00b7 01       		.uleb128 0x1
 1140 00b8 13       		.uleb128 0x13
 1141 00b9 00       		.byte	0
 1142 00ba 00       		.byte	0
 1143 00bb 10       		.uleb128 0x10
 1144 00bc 05       		.uleb128 0x5
 1145 00bd 00       		.byte	0
 1146 00be 03       		.uleb128 0x3
 1147 00bf 08       		.uleb128 0x8
 1148 00c0 3A       		.uleb128 0x3a
 1149 00c1 0B       		.uleb128 0xb
 1150 00c2 3B       		.uleb128 0x3b
 1151 00c3 0B       		.uleb128 0xb
 1152 00c4 49       		.uleb128 0x49
 1153 00c5 13       		.uleb128 0x13
 1154 00c6 00       		.byte	0
 1155 00c7 00       		.byte	0
 1156 00c8 11       		.uleb128 0x11
 1157 00c9 2E       		.uleb128 0x2e
 1158 00ca 01       		.byte	0x1
 1159 00cb 03       		.uleb128 0x3
 1160 00cc 0E       		.uleb128 0xe
 1161 00cd 3A       		.uleb128 0x3a
 1162 00ce 0B       		.uleb128 0xb
 1163 00cf 3B       		.uleb128 0x3b
 1164 00d0 0B       		.uleb128 0xb
 1165 00d1 27       		.uleb128 0x27
 1166 00d2 0C       		.uleb128 0xc
 1167 00d3 49       		.uleb128 0x49
 1168 00d4 13       		.uleb128 0x13
 1169 00d5 20       		.uleb128 0x20
 1170 00d6 0B       		.uleb128 0xb
 1171 00d7 01       		.uleb128 0x1
 1172 00d8 13       		.uleb128 0x13
 1173 00d9 00       		.byte	0
 1174 00da 00       		.byte	0
 1175 00db 12       		.uleb128 0x12
 1176 00dc 34       		.uleb128 0x34
 1177 00dd 00       		.byte	0
 1178 00de 03       		.uleb128 0x3
 1179 00df 08       		.uleb128 0x8
 1180 00e0 3A       		.uleb128 0x3a
 1181 00e1 0B       		.uleb128 0xb
 1182 00e2 3B       		.uleb128 0x3b
 1183 00e3 0B       		.uleb128 0xb
 1184 00e4 49       		.uleb128 0x49
 1185 00e5 13       		.uleb128 0x13
 1186 00e6 00       		.byte	0
 1187 00e7 00       		.byte	0
 1188 00e8 13       		.uleb128 0x13
 1189 00e9 2E       		.uleb128 0x2e
 1190 00ea 01       		.byte	0x1
 1191 00eb 3F       		.uleb128 0x3f
 1192 00ec 0C       		.uleb128 0xc
 1193 00ed 03       		.uleb128 0x3
 1194 00ee 0E       		.uleb128 0xe
ARM GAS  C:\Users\Rob\AppData\Local\Temp\ccR9HeZH.s 			page 22


 1195 00ef 3A       		.uleb128 0x3a
 1196 00f0 0B       		.uleb128 0xb
 1197 00f1 3B       		.uleb128 0x3b
 1198 00f2 0B       		.uleb128 0xb
 1199 00f3 27       		.uleb128 0x27
 1200 00f4 0C       		.uleb128 0xc
 1201 00f5 49       		.uleb128 0x49
 1202 00f6 13       		.uleb128 0x13
 1203 00f7 11       		.uleb128 0x11
 1204 00f8 01       		.uleb128 0x1
 1205 00f9 12       		.uleb128 0x12
 1206 00fa 01       		.uleb128 0x1
 1207 00fb 40       		.uleb128 0x40
 1208 00fc 06       		.uleb128 0x6
 1209 00fd 01       		.uleb128 0x1
 1210 00fe 13       		.uleb128 0x13
 1211 00ff 00       		.byte	0
 1212 0100 00       		.byte	0
 1213 0101 14       		.uleb128 0x14
 1214 0102 05       		.uleb128 0x5
 1215 0103 00       		.byte	0
 1216 0104 03       		.uleb128 0x3
 1217 0105 08       		.uleb128 0x8
 1218 0106 3A       		.uleb128 0x3a
 1219 0107 0B       		.uleb128 0xb
 1220 0108 3B       		.uleb128 0x3b
 1221 0109 0B       		.uleb128 0xb
 1222 010a 49       		.uleb128 0x49
 1223 010b 13       		.uleb128 0x13
 1224 010c 02       		.uleb128 0x2
 1225 010d 06       		.uleb128 0x6
 1226 010e 00       		.byte	0
 1227 010f 00       		.byte	0
 1228 0110 15       		.uleb128 0x15
 1229 0111 34       		.uleb128 0x34
 1230 0112 00       		.byte	0
 1231 0113 03       		.uleb128 0x3
 1232 0114 08       		.uleb128 0x8
 1233 0115 3A       		.uleb128 0x3a
 1234 0116 0B       		.uleb128 0xb
 1235 0117 3B       		.uleb128 0x3b
 1236 0118 0B       		.uleb128 0xb
 1237 0119 49       		.uleb128 0x49
 1238 011a 13       		.uleb128 0x13
 1239 011b 02       		.uleb128 0x2
 1240 011c 06       		.uleb128 0x6
 1241 011d 00       		.byte	0
 1242 011e 00       		.byte	0
 1243 011f 16       		.uleb128 0x16
 1244 0120 1D       		.uleb128 0x1d
 1245 0121 01       		.byte	0x1
 1246 0122 31       		.uleb128 0x31
 1247 0123 13       		.uleb128 0x13
 1248 0124 52       		.uleb128 0x52
 1249 0125 01       		.uleb128 0x1
 1250 0126 55       		.uleb128 0x55
 1251 0127 06       		.uleb128 0x6
ARM GAS  C:\Users\Rob\AppData\Local\Temp\ccR9HeZH.s 			page 23


 1252 0128 58       		.uleb128 0x58
 1253 0129 0B       		.uleb128 0xb
 1254 012a 59       		.uleb128 0x59
 1255 012b 0B       		.uleb128 0xb
 1256 012c 00       		.byte	0
 1257 012d 00       		.byte	0
 1258 012e 17       		.uleb128 0x17
 1259 012f 05       		.uleb128 0x5
 1260 0130 00       		.byte	0
 1261 0131 31       		.uleb128 0x31
 1262 0132 13       		.uleb128 0x13
 1263 0133 02       		.uleb128 0x2
 1264 0134 06       		.uleb128 0x6
 1265 0135 00       		.byte	0
 1266 0136 00       		.byte	0
 1267 0137 18       		.uleb128 0x18
 1268 0138 0B       		.uleb128 0xb
 1269 0139 01       		.byte	0x1
 1270 013a 55       		.uleb128 0x55
 1271 013b 06       		.uleb128 0x6
 1272 013c 00       		.byte	0
 1273 013d 00       		.byte	0
 1274 013e 19       		.uleb128 0x19
 1275 013f 34       		.uleb128 0x34
 1276 0140 00       		.byte	0
 1277 0141 31       		.uleb128 0x31
 1278 0142 13       		.uleb128 0x13
 1279 0143 02       		.uleb128 0x2
 1280 0144 06       		.uleb128 0x6
 1281 0145 00       		.byte	0
 1282 0146 00       		.byte	0
 1283 0147 1A       		.uleb128 0x1a
 1284 0148 2E       		.uleb128 0x2e
 1285 0149 01       		.byte	0x1
 1286 014a 3F       		.uleb128 0x3f
 1287 014b 0C       		.uleb128 0xc
 1288 014c 03       		.uleb128 0x3
 1289 014d 0E       		.uleb128 0xe
 1290 014e 3A       		.uleb128 0x3a
 1291 014f 0B       		.uleb128 0xb
 1292 0150 3B       		.uleb128 0x3b
 1293 0151 0B       		.uleb128 0xb
 1294 0152 27       		.uleb128 0x27
 1295 0153 0C       		.uleb128 0xc
 1296 0154 11       		.uleb128 0x11
 1297 0155 01       		.uleb128 0x1
 1298 0156 12       		.uleb128 0x12
 1299 0157 01       		.uleb128 0x1
 1300 0158 40       		.uleb128 0x40
 1301 0159 06       		.uleb128 0x6
 1302 015a 01       		.uleb128 0x1
 1303 015b 13       		.uleb128 0x13
 1304 015c 00       		.byte	0
 1305 015d 00       		.byte	0
 1306 015e 1B       		.uleb128 0x1b
 1307 015f 34       		.uleb128 0x34
 1308 0160 00       		.byte	0
ARM GAS  C:\Users\Rob\AppData\Local\Temp\ccR9HeZH.s 			page 24


 1309 0161 03       		.uleb128 0x3
 1310 0162 0E       		.uleb128 0xe
 1311 0163 3A       		.uleb128 0x3a
 1312 0164 0B       		.uleb128 0xb
 1313 0165 3B       		.uleb128 0x3b
 1314 0166 0B       		.uleb128 0xb
 1315 0167 49       		.uleb128 0x49
 1316 0168 13       		.uleb128 0x13
 1317 0169 3F       		.uleb128 0x3f
 1318 016a 0C       		.uleb128 0xc
 1319 016b 3C       		.uleb128 0x3c
 1320 016c 0C       		.uleb128 0xc
 1321 016d 00       		.byte	0
 1322 016e 00       		.byte	0
 1323 016f 00       		.byte	0
 1324              		.section	.debug_loc,"",%progbits
 1325              	.Ldebug_loc0:
 1326              	.LLST0:
 1327 0000 00000000 		.4byte	.LFB7
 1328 0004 02000000 		.4byte	.LCFI0
 1329 0008 0200     		.2byte	0x2
 1330 000a 7D       		.byte	0x7d
 1331 000b 00       		.sleb128 0
 1332 000c 02000000 		.4byte	.LCFI0
 1333 0010 38000000 		.4byte	.LFE7
 1334 0014 0200     		.2byte	0x2
 1335 0016 7D       		.byte	0x7d
 1336 0017 08       		.sleb128 8
 1337 0018 00000000 		.4byte	0
 1338 001c 00000000 		.4byte	0
 1339              	.LLST1:
 1340 0020 02000000 		.4byte	.LVL0
 1341 0024 20000000 		.4byte	.LVL5
 1342 0028 0100     		.2byte	0x1
 1343 002a 50       		.byte	0x50
 1344 002b 2C000000 		.4byte	.LVL8
 1345 002f 2F000000 		.4byte	.LVL9-1
 1346 0033 0100     		.2byte	0x1
 1347 0035 50       		.byte	0x50
 1348 0036 00000000 		.4byte	0
 1349 003a 00000000 		.4byte	0
 1350              	.LLST2:
 1351 003e 02000000 		.4byte	.LVL0
 1352 0042 20000000 		.4byte	.LVL5
 1353 0046 0100     		.2byte	0x1
 1354 0048 51       		.byte	0x51
 1355 0049 28000000 		.4byte	.LVL6
 1356 004d 2A000000 		.4byte	.LVL7
 1357 0051 0200     		.2byte	0x2
 1358 0053 74       		.byte	0x74
 1359 0054 24       		.sleb128 36
 1360 0055 2A000000 		.4byte	.LVL7
 1361 0059 2C000000 		.4byte	.LVL8
 1362 005d 0100     		.2byte	0x1
 1363 005f 50       		.byte	0x50
 1364 0060 2C000000 		.4byte	.LVL8
 1365 0064 2F000000 		.4byte	.LVL9-1
ARM GAS  C:\Users\Rob\AppData\Local\Temp\ccR9HeZH.s 			page 25


 1366 0068 0100     		.2byte	0x1
 1367 006a 51       		.byte	0x51
 1368 006b 00000000 		.4byte	0
 1369 006f 00000000 		.4byte	0
 1370              	.LLST3:
 1371 0073 06000000 		.4byte	.LVL1
 1372 0077 0A000000 		.4byte	.LVL2
 1373 007b 0200     		.2byte	0x2
 1374 007d 73       		.byte	0x73
 1375 007e 18       		.sleb128 24
 1376 007f 20000000 		.4byte	.LVL5
 1377 0083 2A000000 		.4byte	.LVL7
 1378 0087 0100     		.2byte	0x1
 1379 0089 54       		.byte	0x54
 1380 008a 2C000000 		.4byte	.LVL8
 1381 008e 38000000 		.4byte	.LFE7
 1382 0092 0100     		.2byte	0x1
 1383 0094 54       		.byte	0x54
 1384 0095 00000000 		.4byte	0
 1385 0099 00000000 		.4byte	0
 1386              	.LLST4:
 1387 009d 0E000000 		.4byte	.LVL3
 1388 00a1 12000000 		.4byte	.LVL4
 1389 00a5 0100     		.2byte	0x1
 1390 00a7 53       		.byte	0x53
 1391 00a8 2C000000 		.4byte	.LVL8
 1392 00ac 2F000000 		.4byte	.LVL9-1
 1393 00b0 0200     		.2byte	0x2
 1394 00b2 74       		.byte	0x74
 1395 00b3 00       		.sleb128 0
 1396 00b4 00000000 		.4byte	0
 1397 00b8 00000000 		.4byte	0
 1398              	.LLST5:
 1399 00bc 20000000 		.4byte	.LVL5
 1400 00c0 2A000000 		.4byte	.LVL7
 1401 00c4 0100     		.2byte	0x1
 1402 00c6 54       		.byte	0x54
 1403 00c7 2C000000 		.4byte	.LVL8
 1404 00cb 38000000 		.4byte	.LFE7
 1405 00cf 0100     		.2byte	0x1
 1406 00d1 54       		.byte	0x54
 1407 00d2 00000000 		.4byte	0
 1408 00d6 00000000 		.4byte	0
 1409              	.LLST6:
 1410 00da 00000000 		.4byte	.LFB8
 1411 00de 02000000 		.4byte	.LCFI1
 1412 00e2 0200     		.2byte	0x2
 1413 00e4 7D       		.byte	0x7d
 1414 00e5 00       		.sleb128 0
 1415 00e6 02000000 		.4byte	.LCFI1
 1416 00ea 34000000 		.4byte	.LFE8
 1417 00ee 0200     		.2byte	0x2
 1418 00f0 7D       		.byte	0x7d
 1419 00f1 08       		.sleb128 8
 1420 00f2 00000000 		.4byte	0
 1421 00f6 00000000 		.4byte	0
 1422              	.LLST7:
ARM GAS  C:\Users\Rob\AppData\Local\Temp\ccR9HeZH.s 			page 26


 1423 00fa 12000000 		.4byte	.LVL10
 1424 00fe 18000000 		.4byte	.LVL11
 1425 0102 0300     		.2byte	0x3
 1426 0104 73       		.byte	0x73
 1427 0105 2C       		.sleb128 44
 1428 0106 9F       		.byte	0x9f
 1429 0107 00000000 		.4byte	0
 1430 010b 00000000 		.4byte	0
 1431              	.LLST8:
 1432 010f 12000000 		.4byte	.LVL10
 1433 0113 20000000 		.4byte	.LVL12
 1434 0117 0100     		.2byte	0x1
 1435 0119 50       		.byte	0x50
 1436 011a 00000000 		.4byte	0
 1437 011e 00000000 		.4byte	0
 1438              	.LLST9:
 1439 0122 00000000 		.4byte	.LFB9
 1440 0126 02000000 		.4byte	.LCFI2
 1441 012a 0200     		.2byte	0x2
 1442 012c 7D       		.byte	0x7d
 1443 012d 00       		.sleb128 0
 1444 012e 02000000 		.4byte	.LCFI2
 1445 0132 0C000000 		.4byte	.LFE9
 1446 0136 0200     		.2byte	0x2
 1447 0138 7D       		.byte	0x7d
 1448 0139 08       		.sleb128 8
 1449 013a 00000000 		.4byte	0
 1450 013e 00000000 		.4byte	0
 1451              	.LLST10:
 1452 0142 02000000 		.4byte	.LVL13
 1453 0146 07000000 		.4byte	.LVL14-1
 1454 014a 0100     		.2byte	0x1
 1455 014c 50       		.byte	0x50
 1456 014d 00000000 		.4byte	0
 1457 0151 00000000 		.4byte	0
 1458              	.LLST11:
 1459 0155 02000000 		.4byte	.LVL13
 1460 0159 07000000 		.4byte	.LVL14-1
 1461 015d 0100     		.2byte	0x1
 1462 015f 51       		.byte	0x51
 1463 0160 00000000 		.4byte	0
 1464 0164 00000000 		.4byte	0
 1465              		.section	.debug_aranges,"",%progbits
 1466 0000 2C000000 		.4byte	0x2c
 1467 0004 0200     		.2byte	0x2
 1468 0006 00000000 		.4byte	.Ldebug_info0
 1469 000a 04       		.byte	0x4
 1470 000b 00       		.byte	0
 1471 000c 0000     		.2byte	0
 1472 000e 0000     		.2byte	0
 1473 0010 00000000 		.4byte	.LFB7
 1474 0014 38000000 		.4byte	.LFE7-.LFB7
 1475 0018 00000000 		.4byte	.LFB8
 1476 001c 34000000 		.4byte	.LFE8-.LFB8
 1477 0020 00000000 		.4byte	.LFB9
 1478 0024 0C000000 		.4byte	.LFE9-.LFB9
 1479 0028 00000000 		.4byte	0
ARM GAS  C:\Users\Rob\AppData\Local\Temp\ccR9HeZH.s 			page 27


 1480 002c 00000000 		.4byte	0
 1481              		.section	.debug_ranges,"",%progbits
 1482              	.Ldebug_ranges0:
 1483 0000 0E000000 		.4byte	.LBB6
 1484 0004 12000000 		.4byte	.LBE6
 1485 0008 14000000 		.4byte	.LBB9
 1486 000c 1A000000 		.4byte	.LBE9
 1487 0010 00000000 		.4byte	0
 1488 0014 00000000 		.4byte	0
 1489 0018 12000000 		.4byte	.LBB10
 1490 001c 16000000 		.4byte	.LBE10
 1491 0020 18000000 		.4byte	.LBB13
 1492 0024 1A000000 		.4byte	.LBE13
 1493 0028 00000000 		.4byte	0
 1494 002c 00000000 		.4byte	0
 1495 0030 12000000 		.4byte	.LBB11
 1496 0034 16000000 		.4byte	.LBE11
 1497 0038 18000000 		.4byte	.LBB12
 1498 003c 1A000000 		.4byte	.LBE12
 1499 0040 00000000 		.4byte	0
 1500 0044 00000000 		.4byte	0
 1501 0048 00000000 		.4byte	.LFB7
 1502 004c 38000000 		.4byte	.LFE7
 1503 0050 00000000 		.4byte	.LFB8
 1504 0054 34000000 		.4byte	.LFE8
 1505 0058 00000000 		.4byte	.LFB9
 1506 005c 0C000000 		.4byte	.LFE9
 1507 0060 00000000 		.4byte	0
 1508 0064 00000000 		.4byte	0
 1509              		.section	.debug_line,"",%progbits
 1510              	.Ldebug_line0:
 1511 0000 72010000 		.section	.debug_str,"MS",%progbits,1
 1511      02000101 
 1511      00000201 
 1511      FB0E0D00 
 1511      01010101 
 1512              	.LASF36:
 1513 0000 705F6D73 		.ascii	"p_msg\000"
 1513      6700
 1514              	.LASF68:
 1515 0006 71756575 		.ascii	"queue_insert\000"
 1515      655F696E 
 1515      73657274 
 1515      00
 1516              	.LASF57:
 1517 0013 7264796D 		.ascii	"rdymsg\000"
 1517      736700
 1518              	.LASF11:
 1519 001a 6C6F6E67 		.ascii	"long long unsigned int\000"
 1519      206C6F6E 
 1519      6720756E 
 1519      7369676E 
 1519      65642069 
 1520              	.LASF58:
 1521 0031 65786974 		.ascii	"exitcode\000"
 1521      636F6465 
 1521      00
ARM GAS  C:\Users\Rob\AppData\Local\Temp\ccR9HeZH.s 			page 28


 1522              	.LASF24:
 1523 003a 705F7072 		.ascii	"p_prio\000"
 1523      696F00
 1524              	.LASF67:
 1525 0041 433A5C55 		.ascii	"C:\\Users\\Rob\\Projects\\ECE411Practicum\\src\\vir"
 1525      73657273 
 1525      5C526F62 
 1525      5C50726F 
 1525      6A656374 
 1526 006e 756C656E 		.ascii	"ulent\000"
 1526      7400
 1527              	.LASF10:
 1528 0074 6C6F6E67 		.ascii	"long long int\000"
 1528      206C6F6E 
 1528      6720696E 
 1528      7400
 1529              	.LASF1:
 1530 0082 7369676E 		.ascii	"signed char\000"
 1530      65642063 
 1530      68617200 
 1531              	.LASF40:
 1532 008e 705F6D70 		.ascii	"p_mpool\000"
 1532      6F6F6C00 
 1533              	.LASF54:
 1534 0096 6D5F7175 		.ascii	"m_queue\000"
 1534      65756500 
 1535              	.LASF16:
 1536 009e 74736C69 		.ascii	"tslices_t\000"
 1536      6365735F 
 1536      7400
 1537              	.LASF7:
 1538 00a8 6C6F6E67 		.ascii	"long int\000"
 1538      20696E74 
 1538      00
 1539              	.LASF62:
 1540 00b1 63684D73 		.ascii	"chMsgSend\000"
 1540      6753656E 
 1540      6400
 1541              	.LASF14:
 1542 00bb 74737461 		.ascii	"tstate_t\000"
 1542      74655F74 
 1542      00
 1543              	.LASF26:
 1544 00c4 705F6E65 		.ascii	"p_newer\000"
 1544      77657200 
 1545              	.LASF49:
 1546 00cc 725F6E65 		.ascii	"r_newer\000"
 1546      77657200 
 1547              	.LASF43:
 1548 00d4 72656761 		.ascii	"regarm_t\000"
 1548      726D5F74 
 1548      00
 1549              	.LASF0:
 1550 00dd 756E7369 		.ascii	"unsigned int\000"
 1550      676E6564 
 1550      20696E74 
 1550      00
ARM GAS  C:\Users\Rob\AppData\Local\Temp\ccR9HeZH.s 			page 29


 1551              	.LASF9:
 1552 00ea 6C6F6E67 		.ascii	"long unsigned int\000"
 1552      20756E73 
 1552      69676E65 
 1552      6420696E 
 1552      7400
 1553              	.LASF45:
 1554 00fc 636F6E74 		.ascii	"context\000"
 1554      65787400 
 1555              	.LASF4:
 1556 0104 73686F72 		.ascii	"short unsigned int\000"
 1556      7420756E 
 1556      7369676E 
 1556      65642069 
 1556      6E7400
 1557              	.LASF18:
 1558 0117 6D73675F 		.ascii	"msg_t\000"
 1558      7400
 1559              	.LASF13:
 1560 011d 746D6F64 		.ascii	"tmode_t\000"
 1560      655F7400 
 1561              	.LASF42:
 1562 0125 54687265 		.ascii	"ThreadsList\000"
 1562      6164734C 
 1562      69737400 
 1563              	.LASF19:
 1564 0131 6576656E 		.ascii	"eventmask_t\000"
 1564      746D6173 
 1564      6B5F7400 
 1565              	.LASF53:
 1566 013d 4D757465 		.ascii	"Mutex\000"
 1566      7800
 1567              	.LASF27:
 1568 0143 705F6F6C 		.ascii	"p_older\000"
 1568      64657200 
 1569              	.LASF48:
 1570 014b 725F6374 		.ascii	"r_ctx\000"
 1570      7800
 1571              	.LASF41:
 1572 0151 54687265 		.ascii	"ThreadsQueue\000"
 1572      61647351 
 1572      75657565 
 1572      00
 1573              	.LASF51:
 1574 015e 725F6375 		.ascii	"r_current\000"
 1574      7272656E 
 1574      7400
 1575              	.LASF50:
 1576 0168 725F6F6C 		.ascii	"r_older\000"
 1576      64657200 
 1577              	.LASF15:
 1578 0170 74726566 		.ascii	"trefs_t\000"
 1578      735F7400 
 1579              	.LASF23:
 1580 0178 705F7072 		.ascii	"p_prev\000"
 1580      657600
 1581              	.LASF17:
ARM GAS  C:\Users\Rob\AppData\Local\Temp\ccR9HeZH.s 			page 30


 1582 017f 74707269 		.ascii	"tprio_t\000"
 1582      6F5F7400 
 1583              	.LASF12:
 1584 0187 5F426F6F 		.ascii	"_Bool\000"
 1584      6C00
 1585              	.LASF6:
 1586 018d 696E7433 		.ascii	"int32_t\000"
 1586      325F7400 
 1587              	.LASF2:
 1588 0195 756E7369 		.ascii	"unsigned char\000"
 1588      676E6564 
 1588      20636861 
 1588      7200
 1589              	.LASF38:
 1590 01a3 705F6D74 		.ascii	"p_mtxlist\000"
 1590      786C6973 
 1590      7400
 1591              	.LASF3:
 1592 01ad 73686F72 		.ascii	"short int\000"
 1592      7420696E 
 1592      7400
 1593              	.LASF29:
 1594 01b7 705F7374 		.ascii	"p_state\000"
 1594      61746500 
 1595              	.LASF32:
 1596 01bf 705F7072 		.ascii	"p_preempt\000"
 1596      65656D70 
 1596      7400
 1597              	.LASF47:
 1598 01c9 725F7072 		.ascii	"r_prio\000"
 1598      696F00
 1599              	.LASF60:
 1600 01d0 65776D61 		.ascii	"ewmask\000"
 1600      736B00
 1601              	.LASF22:
 1602 01d7 705F6E65 		.ascii	"p_next\000"
 1602      787400
 1603              	.LASF30:
 1604 01de 705F666C 		.ascii	"p_flags\000"
 1604      61677300 
 1605              	.LASF21:
 1606 01e6 54687265 		.ascii	"Thread\000"
 1606      616400
 1607              	.LASF70:
 1608 01ed 63684D73 		.ascii	"chMsgRelease\000"
 1608      6752656C 
 1608      65617365 
 1608      00
 1609              	.LASF37:
 1610 01fa 705F6570 		.ascii	"p_epending\000"
 1610      656E6469 
 1610      6E6700
 1611              	.LASF8:
 1612 0205 75696E74 		.ascii	"uint32_t\000"
 1612      33325F74 
 1612      00
 1613              	.LASF46:
ARM GAS  C:\Users\Rob\AppData\Local\Temp\ccR9HeZH.s 			page 31


 1614 020e 725F7175 		.ascii	"r_queue\000"
 1614      65756500 
 1615              	.LASF65:
 1616 0216 474E5520 		.ascii	"GNU C 4.6.2\000"
 1616      4320342E 
 1616      362E3200 
 1617              	.LASF61:
 1618 0222 63686172 		.ascii	"char\000"
 1618      00
 1619              	.LASF69:
 1620 0227 6669666F 		.ascii	"fifo_remove\000"
 1620      5F72656D 
 1620      6F766500 
 1621              	.LASF56:
 1622 0233 6D5F6E65 		.ascii	"m_next\000"
 1622      787400
 1623              	.LASF20:
 1624 023a 73797374 		.ascii	"systime_t\000"
 1624      696D655F 
 1624      7400
 1625              	.LASF39:
 1626 0244 705F7265 		.ascii	"p_realprio\000"
 1626      616C7072 
 1626      696F00
 1627              	.LASF33:
 1628 024f 705F7469 		.ascii	"p_time\000"
 1628      6D6500
 1629              	.LASF44:
 1630 0256 696E7463 		.ascii	"intctx\000"
 1630      747800
 1631              	.LASF35:
 1632 025d 705F6D73 		.ascii	"p_msgqueue\000"
 1632      67717565 
 1632      756500
 1633              	.LASF63:
 1634 0268 63684D73 		.ascii	"chMsgWait\000"
 1634      67576169 
 1634      7400
 1635              	.LASF31:
 1636 0272 705F7265 		.ascii	"p_refs\000"
 1636      667300
 1637              	.LASF52:
 1638 0279 52656164 		.ascii	"ReadyList\000"
 1638      794C6973 
 1638      7400
 1639              	.LASF64:
 1640 0283 726C6973 		.ascii	"rlist\000"
 1640      7400
 1641              	.LASF5:
 1642 0289 75696E74 		.ascii	"uint8_t\000"
 1642      385F7400 
 1643              	.LASF59:
 1644 0291 77746F62 		.ascii	"wtobjp\000"
 1644      6A7000
 1645              	.LASF28:
 1646 0298 705F6E61 		.ascii	"p_name\000"
 1646      6D6500
ARM GAS  C:\Users\Rob\AppData\Local\Temp\ccR9HeZH.s 			page 32


 1647              	.LASF66:
 1648 029f 2E2E2F2E 		.ascii	"../../os/kernel/src/chmsg.c\000"
 1648      2E2F6F73 
 1648      2F6B6572 
 1648      6E656C2F 
 1648      7372632F 
 1649              	.LASF55:
 1650 02bb 6D5F6F77 		.ascii	"m_owner\000"
 1650      6E657200 
 1651              	.LASF25:
 1652 02c3 705F6374 		.ascii	"p_ctx\000"
 1652      7800
 1653              	.LASF34:
 1654 02c9 705F7761 		.ascii	"p_waiting\000"
 1654      6974696E 
 1654      6700
 1655              		.ident	"GCC: (GNU) 4.6.2"
ARM GAS  C:\Users\Rob\AppData\Local\Temp\ccR9HeZH.s 			page 33


DEFINED SYMBOLS
                            *ABS*:00000000 chmsg.c
C:\Users\Rob\AppData\Local\Temp\ccR9HeZH.s:17     .text.chMsgSend:00000000 $t
C:\Users\Rob\AppData\Local\Temp\ccR9HeZH.s:23     .text.chMsgSend:00000000 chMsgSend
C:\Users\Rob\AppData\Local\Temp\ccR9HeZH.s:100    .text.chMsgSend:00000034 $d
C:\Users\Rob\AppData\Local\Temp\ccR9HeZH.s:105    .text.chMsgWait:00000000 $t
C:\Users\Rob\AppData\Local\Temp\ccR9HeZH.s:111    .text.chMsgWait:00000000 chMsgWait
C:\Users\Rob\AppData\Local\Temp\ccR9HeZH.s:174    .text.chMsgWait:00000030 $d
C:\Users\Rob\AppData\Local\Temp\ccR9HeZH.s:179    .text.chMsgRelease:00000000 $t
C:\Users\Rob\AppData\Local\Temp\ccR9HeZH.s:185    .text.chMsgRelease:00000000 chMsgRelease
                     .debug_frame:00000010 $d
C:\Users\Rob\AppData\Local\Temp\ccR9HeZH.s:104    .text.chMsgSend:00000038 $t
C:\Users\Rob\AppData\Local\Temp\ccR9HeZH.s:178    .text.chMsgWait:00000034 $t

UNDEFINED SYMBOLS
chSchGoSleepS
chSchReadyI
rlist
chSchWakeupS
