ARM GAS  C:\Users\Rob\AppData\Local\Temp\cclBaAcT.s 			page 1


   1              		.cpu cortex-m0
   2              		.fpu softvfp
   3              		.eabi_attribute 20, 1
   4              		.eabi_attribute 21, 1
   5              		.eabi_attribute 23, 3
   6              		.eabi_attribute 24, 1
   7              		.eabi_attribute 25, 1
   8              		.eabi_attribute 26, 1
   9              		.eabi_attribute 30, 2
  10              		.eabi_attribute 18, 4
  11              		.code	16
  12              		.file	"chsys.c"
  13              		.text
  14              	.Ltext0:
  15              		.cfi_sections	.debug_frame
  16              		.section	.text._idle_thread,"ax",%progbits
  17              		.align	2
  18              		.p2align 4,,15
  19              		.global	_idle_thread
  20              		.code	16
  21              		.thumb_func
  22              		.type	_idle_thread, %function
  23              	_idle_thread:
  24              	.LFB7:
  25              		.file 1 "../../os/kernel/src/chsys.c"
  26              		.loc 1 54 0
  27              		.cfi_startproc
  28 0000 00B5     		push	{lr}
  29              	.LCFI0:
  30              		.cfi_def_cfa_offset 4
  31              		.cfi_offset 14, -4
  32              	.LVL0:
  33              		.loc 1 57 0
  34 0002 024B     		ldr	r3, .L4
  35 0004 024A     		ldr	r2, .L4+4
  36 0006 9B69     		ldr	r3, [r3, #24]
  37 0008 9A61     		str	r2, [r3, #24]
  38              	.L2:
  39 000a FEE7     		b	.L2
  40              	.L5:
  41              		.align	2
  42              	.L4:
  43 000c 00000000 		.word	rlist
  44 0010 00000000 		.word	.LC1
  45              		.cfi_endproc
  46              	.LFE7:
  47              		.size	_idle_thread, .-_idle_thread
  48 0014 C046C046 		.section	.text.chSysInit,"ax",%progbits
  48      C046C046 
  48      C046C046 
  49              		.align	2
  50              		.p2align 4,,15
  51              		.global	chSysInit
  52              		.code	16
  53              		.thumb_func
  54              		.type	chSysInit, %function
  55              	chSysInit:
ARM GAS  C:\Users\Rob\AppData\Local\Temp\cclBaAcT.s 			page 2


  56              	.LFB8:
  57              		.loc 1 77 0
  58              		.cfi_startproc
  59 0000 00B5     		push	{lr}
  60              	.LCFI1:
  61              		.cfi_def_cfa_offset 4
  62              		.cfi_offset 14, -4
  63              		.loc 1 83 0
  64 0002 154A     		ldr	r2, .L7
  65 0004 154B     		ldr	r3, .L7+4
  66              		.loc 1 77 0
  67 0006 83B0     		sub	sp, sp, #12
  68              	.LCFI2:
  69              		.cfi_def_cfa_offset 16
  70              		.loc 1 83 0
  71 0008 DA60     		str	r2, [r3, #12]
  72 000a 0A20     		mov	r0, #10
  73 000c 0021     		mov	r1, #0
  74 000e FFF7FEFF 		bl	nvicSetSystemHandlerPriority
  75 0012 0B20     		mov	r0, #11
  76 0014 8021     		mov	r1, #128
  77 0016 FFF7FEFF 		bl	nvicSetSystemHandlerPriority
  78              		.loc 1 84 0
  79 001a FFF7FEFF 		bl	_scheduler_init
  80              		.loc 1 85 0
  81 001e FFF7FEFF 		bl	_vt_init
  82              		.loc 1 87 0
  83 0022 FFF7FEFF 		bl	_core_init
  84              		.loc 1 90 0
  85 0026 FFF7FEFF 		bl	_heap_init
  86              		.loc 1 97 0
  87 002a 4021     		mov	r1, #64
  88 002c 0C48     		ldr	r0, .L7+8
  89 002e FFF7FEFF 		bl	_thread_init
  90 0032 0C4B     		ldr	r3, .L7+12
  91              		.loc 1 98 0
  92 0034 0122     		mov	r2, #1
  93              		.loc 1 97 0
  94 0036 9861     		str	r0, [r3, #24]
  95              		.loc 1 98 0
  96 0038 0277     		strb	r2, [r0, #28]
  97              		.loc 1 104 0
  98              	@ 104 "../../os/kernel/src/chsys.c" 1
  99 003a 62B6     		cpsie   i
 100              	@ 0 "" 2
 101              		.loc 1 108 0
 102              		.code	16
 103 003c 9B69     		ldr	r3, [r3, #24]
 104 003e 0A4A     		ldr	r2, .L7+16
 105              		.loc 1 114 0
 106 0040 0A48     		ldr	r0, .L7+20
 107              		.loc 1 108 0
 108 0042 9A61     		str	r2, [r3, #24]
 109              		.loc 1 114 0
 110 0044 0023     		mov	r3, #0
 111 0046 0093     		str	r3, [sp]
 112 0048 C021     		mov	r1, #192
ARM GAS  C:\Users\Rob\AppData\Local\Temp\cclBaAcT.s 			page 3


 113 004a 0122     		mov	r2, #1
 114 004c 084B     		ldr	r3, .L7+24
 115 004e FFF7FEFF 		bl	chThdCreateStatic
 116              		.loc 1 117 0
 117 0052 03B0     		add	sp, sp, #12
 118              		@ sp needed for prologue
 119 0054 00BD     		pop	{pc}
 120              	.L8:
 121 0056 C046     		.align	2
 122              	.L7:
 123 0058 0000FA05 		.word	100270080
 124 005c 00ED00E0 		.word	-536810240
 125 0060 00000000 		.word	.LANCHOR0
 126 0064 00000000 		.word	rlist
 127 0068 00000000 		.word	ch_debug
 128 006c 00000000 		.word	.LANCHOR1
 129 0070 00000000 		.word	_idle_thread
 130              		.cfi_endproc
 131              	.LFE8:
 132              		.size	chSysInit, .-chSysInit
 133 0074 C046C046 		.section	.text.chSysTimerHandlerI,"ax",%progbits
 133      C046C046 
 133      C046C046 
 134              		.align	2
 135              		.p2align 4,,15
 136              		.global	chSysTimerHandlerI
 137              		.code	16
 138              		.thumb_func
 139              		.type	chSysTimerHandlerI, %function
 140              	chSysTimerHandlerI:
 141              	.LFB9:
 142              		.loc 1 130 0
 143              		.cfi_startproc
 144 0000 38B5     		push	{r3, r4, r5, lr}
 145              	.LCFI3:
 146              		.cfi_def_cfa_offset 16
 147              		.cfi_offset 3, -16
 148              		.cfi_offset 4, -12
 149              		.cfi_offset 5, -8
 150              		.cfi_offset 14, -4
 151              		.loc 1 136 0
 152 0002 124B     		ldr	r3, .L15
 153 0004 9B69     		ldr	r3, [r3, #24]
 154 0006 DA7F     		ldrb	r2, [r3, #31]
 155 0008 002A     		cmp	r2, #0
 156 000a 01D0     		beq	.L10
 157              		.loc 1 138 0
 158 000c 013A     		sub	r2, r2, #1
 159 000e DA77     		strb	r2, [r3, #31]
 160              	.L10:
 161              		.loc 1 141 0
 162 0010 1A6A     		ldr	r2, [r3, #32]
 163              		.loc 1 143 0
 164 0012 0F4C     		ldr	r4, .L15+4
 165              		.loc 1 141 0
 166 0014 0132     		add	r2, r2, #1
 167 0016 1A62     		str	r2, [r3, #32]
ARM GAS  C:\Users\Rob\AppData\Local\Temp\cclBaAcT.s 			page 4


 168              		.loc 1 143 0
 169 0018 E368     		ldr	r3, [r4, #12]
 170 001a 2268     		ldr	r2, [r4]
 171 001c 0133     		add	r3, r3, #1
 172 001e E360     		str	r3, [r4, #12]
 173 0020 A242     		cmp	r2, r4
 174 0022 12D0     		beq	.L9
 175              	.LBB2:
 176              		.loc 1 143 0 is_stmt 0 discriminator 1
 177 0024 9368     		ldr	r3, [r2, #8]
 178 0026 013B     		sub	r3, r3, #1
 179 0028 9360     		str	r3, [r2, #8]
 180              	.LVL1:
 181 002a 002B     		cmp	r3, #0
 182 002c 0DD1     		bne	.L9
 183              	.LBB3:
 184              		.loc 1 143 0 discriminator 3
 185 002e 0025     		mov	r5, #0
 186              	.LVL2:
 187              	.L13:
 188 0030 1168     		ldr	r1, [r2]
 189 0032 D368     		ldr	r3, [r2, #12]
 190              	.LVL3:
 191 0034 4C60     		str	r4, [r1, #4]
 192 0036 D560     		str	r5, [r2, #12]
 193 0038 2160     		str	r1, [r4]
 194              	@ 143 "../../os/kernel/src/chsys.c" 1
 195 003a 62B6     		cpsie   i
 196              	@ 0 "" 2
 197              		.code	16
 198 003c 1069     		ldr	r0, [r2, #16]
 199 003e 9847     		blx	r3
 200              	.LVL4:
 201              	@ 143 "../../os/kernel/src/chsys.c" 1
 202 0040 72B6     		cpsid   i
 203              	@ 0 "" 2
 204              		.code	16
 205              	.LBE3:
 206 0042 2268     		ldr	r2, [r4]
 207              	.LVL5:
 208 0044 9368     		ldr	r3, [r2, #8]
 209 0046 002B     		cmp	r3, #0
 210 0048 F2D0     		beq	.L13
 211              	.LVL6:
 212              	.L9:
 213              	.LBE2:
 214              		.loc 1 147 0 is_stmt 1
 215              		@ sp needed for prologue
 216 004a 38BD     		pop	{r3, r4, r5, pc}
 217              	.L16:
 218              		.align	2
 219              	.L15:
 220 004c 00000000 		.word	rlist
 221 0050 00000000 		.word	vtlist
 222              		.cfi_endproc
 223              	.LFE9:
 224              		.size	chSysTimerHandlerI, .-chSysTimerHandlerI
ARM GAS  C:\Users\Rob\AppData\Local\Temp\cclBaAcT.s 			page 5


 225              		.global	_idle_thread_wa
 226 0054 C046C046 		.section	.bss.mainthread.1982,"aw",%nobits
 226      C046C046 
 226      C046C046 
 227              		.align	2
 228              		.set	.LANCHOR0,. + 0
 229              		.type	mainthread.1982, %object
 230              		.size	mainthread.1982, 72
 231              	mainthread.1982:
 232 0000 00000000 		.space	72
 232      00000000 
 232      00000000 
 232      00000000 
 232      00000000 
 233              		.section	.rodata.str1.4,"aMS",%progbits,1
 234              		.align	2
 235              	.LC1:
 236 0000 69646C65 		.ascii	"idle\000"
 236      00
 237 0005 000000   		.section	.bss._idle_thread_wa,"aw",%nobits
 238              		.align	3
 239              		.set	.LANCHOR1,. + 0
 240              		.type	_idle_thread_wa, %object
 241              		.size	_idle_thread_wa, 192
 242              	_idle_thread_wa:
 243 0000 00000000 		.space	192
 243      00000000 
 243      00000000 
 243      00000000 
 243      00000000 
 244              		.text
 245              	.Letext0:
 246              		.file 2 "c:/yagarto/lib/gcc/../../arm-none-eabi/sys-include/stdint.h"
 247              		.file 3 "../../os/ports/GCC/ARMCMx/chtypes.h"
 248              		.file 4 "../../os/kernel/include/chlists.h"
 249              		.file 5 "../../os/kernel/include/chthreads.h"
 250              		.file 6 "../../os/ports/GCC/ARMCMx/chcore_v6m.h"
 251              		.file 7 "../../os/ports/common/ARMCMx/nvic.h"
 252              		.file 8 "../../os/kernel/include/chvt.h"
 253              		.file 9 "../../os/kernel/include/chschd.h"
 254              		.file 10 "../../os/kernel/include/chmtx.h"
 255              		.file 11 "../../os/kernel/include/chregistry.h"
 256              		.file 12 "../../os/kernel/include/ch.h"
 257              		.section	.debug_info,"",%progbits
 258              	.Ldebug_info0:
 259 0000 0D090000 		.4byte	0x90d
 260 0004 0200     		.2byte	0x2
 261 0006 00000000 		.4byte	.Ldebug_abbrev0
 262 000a 04       		.byte	0x4
 263 000b 01       		.uleb128 0x1
 264 000c BA030000 		.4byte	.LASF118
 265 0010 01       		.byte	0x1
 266 0011 3C040000 		.4byte	.LASF119
 267 0015 A0000000 		.4byte	.LASF120
 268 0019 00000000 		.4byte	0
 269 001d 00000000 		.4byte	0
 270 0021 00000000 		.4byte	.Ldebug_ranges0+0
ARM GAS  C:\Users\Rob\AppData\Local\Temp\cclBaAcT.s 			page 6


 271 0025 00000000 		.4byte	.Ldebug_line0
 272 0029 02       		.uleb128 0x2
 273 002a 04       		.byte	0x4
 274 002b 05       		.byte	0x5
 275 002c 696E7400 		.ascii	"int\000"
 276 0030 03       		.uleb128 0x3
 277 0031 04       		.byte	0x4
 278 0032 07       		.byte	0x7
 279 0033 89010000 		.4byte	.LASF0
 280 0037 03       		.uleb128 0x3
 281 0038 01       		.byte	0x1
 282 0039 06       		.byte	0x6
 283 003a E1000000 		.4byte	.LASF1
 284 003e 04       		.uleb128 0x4
 285 003f 58040000 		.4byte	.LASF4
 286 0043 02       		.byte	0x2
 287 0044 2A       		.byte	0x2a
 288 0045 49000000 		.4byte	0x49
 289 0049 03       		.uleb128 0x3
 290 004a 01       		.byte	0x1
 291 004b 08       		.byte	0x8
 292 004c FF020000 		.4byte	.LASF2
 293 0050 03       		.uleb128 0x3
 294 0051 02       		.byte	0x2
 295 0052 05       		.byte	0x5
 296 0053 1D030000 		.4byte	.LASF3
 297 0057 04       		.uleb128 0x4
 298 0058 36010000 		.4byte	.LASF5
 299 005c 02       		.byte	0x2
 300 005d 36       		.byte	0x36
 301 005e 62000000 		.4byte	0x62
 302 0062 03       		.uleb128 0x3
 303 0063 02       		.byte	0x2
 304 0064 07       		.byte	0x7
 305 0065 EA010000 		.4byte	.LASF6
 306 0069 04       		.uleb128 0x4
 307 006a F7020000 		.4byte	.LASF7
 308 006e 02       		.byte	0x2
 309 006f 4F       		.byte	0x4f
 310 0070 74000000 		.4byte	0x74
 311 0074 03       		.uleb128 0x3
 312 0075 04       		.byte	0x4
 313 0076 05       		.byte	0x5
 314 0077 24010000 		.4byte	.LASF8
 315 007b 04       		.uleb128 0x4
 316 007c 90030000 		.4byte	.LASF9
 317 0080 02       		.byte	0x2
 318 0081 50       		.byte	0x50
 319 0082 86000000 		.4byte	0x86
 320 0086 03       		.uleb128 0x3
 321 0087 04       		.byte	0x4
 322 0088 07       		.byte	0x7
 323 0089 A9010000 		.4byte	.LASF10
 324 008d 03       		.uleb128 0x3
 325 008e 08       		.byte	0x8
 326 008f 05       		.byte	0x5
 327 0090 D3000000 		.4byte	.LASF11
ARM GAS  C:\Users\Rob\AppData\Local\Temp\cclBaAcT.s 			page 7


 328 0094 04       		.uleb128 0x4
 329 0095 22000000 		.4byte	.LASF12
 330 0099 02       		.byte	0x2
 331 009a 78       		.byte	0x78
 332 009b 9F000000 		.4byte	0x9f
 333 009f 03       		.uleb128 0x3
 334 00a0 08       		.byte	0x8
 335 00a1 07       		.byte	0x7
 336 00a2 4D000000 		.4byte	.LASF13
 337 00a6 03       		.uleb128 0x3
 338 00a7 01       		.byte	0x1
 339 00a8 02       		.byte	0x2
 340 00a9 F1020000 		.4byte	.LASF14
 341 00ad 04       		.uleb128 0x4
 342 00ae 19020000 		.4byte	.LASF15
 343 00b2 03       		.byte	0x3
 344 00b3 25       		.byte	0x25
 345 00b4 3E000000 		.4byte	0x3e
 346 00b8 04       		.uleb128 0x4
 347 00b9 2D010000 		.4byte	.LASF16
 348 00bd 03       		.byte	0x3
 349 00be 26       		.byte	0x26
 350 00bf 3E000000 		.4byte	0x3e
 351 00c3 04       		.uleb128 0x4
 352 00c4 CF020000 		.4byte	.LASF17
 353 00c8 03       		.byte	0x3
 354 00c9 27       		.byte	0x27
 355 00ca 3E000000 		.4byte	0x3e
 356 00ce 04       		.uleb128 0x4
 357 00cf 1A010000 		.4byte	.LASF18
 358 00d3 03       		.byte	0x3
 359 00d4 28       		.byte	0x28
 360 00d5 3E000000 		.4byte	0x3e
 361 00d9 04       		.uleb128 0x4
 362 00da E9020000 		.4byte	.LASF19
 363 00de 03       		.byte	0x3
 364 00df 29       		.byte	0x29
 365 00e0 7B000000 		.4byte	0x7b
 366 00e4 04       		.uleb128 0x4
 367 00e5 02020000 		.4byte	.LASF20
 368 00e9 03       		.byte	0x3
 369 00ea 2A       		.byte	0x2a
 370 00eb 69000000 		.4byte	0x69
 371 00ef 04       		.uleb128 0x4
 372 00f0 2D020000 		.4byte	.LASF21
 373 00f4 03       		.byte	0x3
 374 00f5 2C       		.byte	0x2c
 375 00f6 7B000000 		.4byte	0x7b
 376 00fa 04       		.uleb128 0x4
 377 00fb D2030000 		.4byte	.LASF22
 378 00ff 03       		.byte	0x3
 379 0100 2E       		.byte	0x2e
 380 0101 7B000000 		.4byte	0x7b
 381 0105 04       		.uleb128 0x4
 382 0106 71030000 		.4byte	.LASF23
 383 010a 04       		.byte	0x4
 384 010b 23       		.byte	0x23
ARM GAS  C:\Users\Rob\AppData\Local\Temp\cclBaAcT.s 			page 8


 385 010c 10010000 		.4byte	0x110
 386 0110 05       		.uleb128 0x5
 387 0111 71030000 		.4byte	.LASF23
 388 0115 48       		.byte	0x48
 389 0116 05       		.byte	0x5
 390 0117 57       		.byte	0x57
 391 0118 35020000 		.4byte	0x235
 392 011c 06       		.uleb128 0x6
 393 011d 53030000 		.4byte	.LASF24
 394 0121 05       		.byte	0x5
 395 0122 58       		.byte	0x58
 396 0123 5A020000 		.4byte	0x25a
 397 0127 02       		.byte	0x2
 398 0128 23       		.byte	0x23
 399 0129 00       		.uleb128 0
 400 012a 06       		.uleb128 0x6
 401 012b E2020000 		.4byte	.LASF25
 402 012f 05       		.byte	0x5
 403 0130 5A       		.byte	0x5a
 404 0131 5A020000 		.4byte	0x25a
 405 0135 02       		.byte	0x2
 406 0136 23       		.byte	0x23
 407 0137 04       		.uleb128 0x4
 408 0138 06       		.uleb128 0x6
 409 0139 8C000000 		.4byte	.LASF26
 410 013d 05       		.byte	0x5
 411 013e 5C       		.byte	0x5c
 412 013f D9000000 		.4byte	0xd9
 413 0143 02       		.byte	0x2
 414 0144 23       		.byte	0x23
 415 0145 08       		.uleb128 0x8
 416 0146 06       		.uleb128 0x6
 417 0147 93040000 		.4byte	.LASF27
 418 014b 05       		.byte	0x5
 419 014c 5D       		.byte	0x5d
 420 014d 29030000 		.4byte	0x329
 421 0151 02       		.byte	0x2
 422 0152 23       		.byte	0x23
 423 0153 0C       		.uleb128 0xc
 424 0154 06       		.uleb128 0x6
 425 0155 49010000 		.4byte	.LASF28
 426 0159 05       		.byte	0x5
 427 015a 5F       		.byte	0x5f
 428 015b 5A020000 		.4byte	0x25a
 429 015f 02       		.byte	0x2
 430 0160 23       		.byte	0x23
 431 0161 10       		.uleb128 0x10
 432 0162 06       		.uleb128 0x6
 433 0163 7F020000 		.4byte	.LASF29
 434 0167 05       		.byte	0x5
 435 0168 60       		.byte	0x60
 436 0169 5A020000 		.4byte	0x25a
 437 016d 02       		.byte	0x2
 438 016e 23       		.byte	0x23
 439 016f 14       		.uleb128 0x14
 440 0170 06       		.uleb128 0x6
 441 0171 67040000 		.4byte	.LASF30
ARM GAS  C:\Users\Rob\AppData\Local\Temp\cclBaAcT.s 			page 9


 442 0175 05       		.byte	0x5
 443 0176 67       		.byte	0x67
 444 0177 9A060000 		.4byte	0x69a
 445 017b 02       		.byte	0x2
 446 017c 23       		.byte	0x23
 447 017d 18       		.uleb128 0x18
 448 017e 06       		.uleb128 0x6
 449 017f 27030000 		.4byte	.LASF31
 450 0183 05       		.byte	0x5
 451 0184 72       		.byte	0x72
 452 0185 B8000000 		.4byte	0xb8
 453 0189 02       		.byte	0x2
 454 018a 23       		.byte	0x23
 455 018b 1C       		.uleb128 0x1c
 456 018c 06       		.uleb128 0x6
 457 018d 69030000 		.4byte	.LASF32
 458 0191 05       		.byte	0x5
 459 0192 76       		.byte	0x76
 460 0193 AD000000 		.4byte	0xad
 461 0197 02       		.byte	0x2
 462 0198 23       		.byte	0x23
 463 0199 1D       		.uleb128 0x1d
 464 019a 06       		.uleb128 0x6
 465 019b 20040000 		.4byte	.LASF33
 466 019f 05       		.byte	0x5
 467 01a0 7B       		.byte	0x7b
 468 01a1 C3000000 		.4byte	0xc3
 469 01a5 02       		.byte	0x2
 470 01a6 23       		.byte	0x23
 471 01a7 1E       		.uleb128 0x1e
 472 01a8 06       		.uleb128 0x6
 473 01a9 2F030000 		.4byte	.LASF34
 474 01ad 05       		.byte	0x5
 475 01ae 81       		.byte	0x81
 476 01af CE000000 		.4byte	0xce
 477 01b3 02       		.byte	0x2
 478 01b4 23       		.byte	0x23
 479 01b5 1F       		.uleb128 0x1f
 480 01b6 06       		.uleb128 0x6
 481 01b7 F0030000 		.4byte	.LASF35
 482 01bb 05       		.byte	0x5
 483 01bc 88       		.byte	0x88
 484 01bd A5050000 		.4byte	0x5a5
 485 01c1 02       		.byte	0x2
 486 01c2 23       		.byte	0x23
 487 01c3 20       		.uleb128 0x20
 488 01c4 07       		.uleb128 0x7
 489 01c5 705F7500 		.ascii	"p_u\000"
 490 01c9 05       		.byte	0x5
 491 01ca AD       		.byte	0xad
 492 01cb 65060000 		.4byte	0x665
 493 01cf 02       		.byte	0x2
 494 01d0 23       		.byte	0x23
 495 01d1 24       		.uleb128 0x24
 496 01d2 06       		.uleb128 0x6
 497 01d3 99040000 		.4byte	.LASF36
 498 01d7 05       		.byte	0x5
ARM GAS  C:\Users\Rob\AppData\Local\Temp\cclBaAcT.s 			page 10


 499 01d8 B2       		.byte	0xb2
 500 01d9 82020000 		.4byte	0x282
 501 01dd 02       		.byte	0x2
 502 01de 23       		.byte	0x23
 503 01df 28       		.uleb128 0x28
 504 01e0 06       		.uleb128 0x6
 505 01e1 03040000 		.4byte	.LASF37
 506 01e5 05       		.byte	0x5
 507 01e6 B8       		.byte	0xb8
 508 01e7 60020000 		.4byte	0x260
 509 01eb 02       		.byte	0x2
 510 01ec 23       		.byte	0x23
 511 01ed 2C       		.uleb128 0x2c
 512 01ee 06       		.uleb128 0x6
 513 01ef 15000000 		.4byte	.LASF38
 514 01f3 05       		.byte	0x5
 515 01f4 BC       		.byte	0xbc
 516 01f5 E4000000 		.4byte	0xe4
 517 01f9 02       		.byte	0x2
 518 01fa 23       		.byte	0x23
 519 01fb 34       		.uleb128 0x34
 520 01fc 06       		.uleb128 0x6
 521 01fd 85030000 		.4byte	.LASF39
 522 0201 05       		.byte	0x5
 523 0202 C2       		.byte	0xc2
 524 0203 EF000000 		.4byte	0xef
 525 0207 02       		.byte	0x2
 526 0208 23       		.byte	0x23
 527 0209 38       		.uleb128 0x38
 528 020a 06       		.uleb128 0x6
 529 020b 13030000 		.4byte	.LASF40
 530 020f 05       		.byte	0x5
 531 0210 C9       		.byte	0xc9
 532 0211 AC060000 		.4byte	0x6ac
 533 0215 02       		.byte	0x2
 534 0216 23       		.byte	0x23
 535 0217 3C       		.uleb128 0x3c
 536 0218 06       		.uleb128 0x6
 537 0219 DC030000 		.4byte	.LASF41
 538 021d 05       		.byte	0x5
 539 021e CD       		.byte	0xcd
 540 021f D9000000 		.4byte	0xd9
 541 0223 02       		.byte	0x2
 542 0224 23       		.byte	0x23
 543 0225 40       		.uleb128 0x40
 544 0226 06       		.uleb128 0x6
 545 0227 0A010000 		.4byte	.LASF42
 546 022b 05       		.byte	0x5
 547 022c D3       		.byte	0xd3
 548 022d 98020000 		.4byte	0x298
 549 0231 02       		.byte	0x2
 550 0232 23       		.byte	0x23
 551 0233 44       		.uleb128 0x44
 552 0234 00       		.byte	0
 553 0235 08       		.uleb128 0x8
 554 0236 08       		.byte	0x8
 555 0237 04       		.byte	0x4
ARM GAS  C:\Users\Rob\AppData\Local\Temp\cclBaAcT.s 			page 11


 556 0238 5A       		.byte	0x5a
 557 0239 5A020000 		.4byte	0x25a
 558 023d 06       		.uleb128 0x6
 559 023e 53030000 		.4byte	.LASF24
 560 0242 04       		.byte	0x4
 561 0243 5B       		.byte	0x5b
 562 0244 5A020000 		.4byte	0x25a
 563 0248 02       		.byte	0x2
 564 0249 23       		.byte	0x23
 565 024a 00       		.uleb128 0
 566 024b 06       		.uleb128 0x6
 567 024c E2020000 		.4byte	.LASF25
 568 0250 04       		.byte	0x4
 569 0251 5D       		.byte	0x5d
 570 0252 5A020000 		.4byte	0x25a
 571 0256 02       		.byte	0x2
 572 0257 23       		.byte	0x23
 573 0258 04       		.uleb128 0x4
 574 0259 00       		.byte	0
 575 025a 09       		.uleb128 0x9
 576 025b 04       		.byte	0x4
 577 025c 05010000 		.4byte	0x105
 578 0260 04       		.uleb128 0x4
 579 0261 8D020000 		.4byte	.LASF43
 580 0265 04       		.byte	0x4
 581 0266 5F       		.byte	0x5f
 582 0267 35020000 		.4byte	0x235
 583 026b 08       		.uleb128 0x8
 584 026c 04       		.byte	0x4
 585 026d 04       		.byte	0x4
 586 026e 64       		.byte	0x64
 587 026f 82020000 		.4byte	0x282
 588 0273 06       		.uleb128 0x6
 589 0274 53030000 		.4byte	.LASF24
 590 0278 04       		.byte	0x4
 591 0279 66       		.byte	0x66
 592 027a 5A020000 		.4byte	0x25a
 593 027e 02       		.byte	0x2
 594 027f 23       		.byte	0x23
 595 0280 00       		.uleb128 0
 596 0281 00       		.byte	0
 597 0282 04       		.uleb128 0x4
 598 0283 21020000 		.4byte	.LASF44
 599 0287 04       		.byte	0x4
 600 0288 69       		.byte	0x69
 601 0289 6B020000 		.4byte	0x26b
 602 028d 04       		.uleb128 0x4
 603 028e 6E010000 		.4byte	.LASF45
 604 0292 06       		.byte	0x6
 605 0293 A0       		.byte	0xa0
 606 0294 98020000 		.4byte	0x298
 607 0298 0A       		.uleb128 0xa
 608 0299 04       		.byte	0x4
 609 029a 04       		.uleb128 0x4
 610 029b 3F020000 		.4byte	.LASF46
 611 029f 06       		.byte	0x6
 612 02a0 A6       		.byte	0xa6
ARM GAS  C:\Users\Rob\AppData\Local\Temp\cclBaAcT.s 			page 12


 613 02a1 94000000 		.4byte	0x94
 614 02a5 05       		.uleb128 0x5
 615 02a6 FC030000 		.4byte	.LASF47
 616 02aa 24       		.byte	0x24
 617 02ab 06       		.byte	0x6
 618 02ac B3       		.byte	0xb3
 619 02ad 29030000 		.4byte	0x329
 620 02b1 07       		.uleb128 0x7
 621 02b2 723800   		.ascii	"r8\000"
 622 02b5 06       		.byte	0x6
 623 02b6 B4       		.byte	0xb4
 624 02b7 8D020000 		.4byte	0x28d
 625 02bb 02       		.byte	0x2
 626 02bc 23       		.byte	0x23
 627 02bd 00       		.uleb128 0
 628 02be 07       		.uleb128 0x7
 629 02bf 723900   		.ascii	"r9\000"
 630 02c2 06       		.byte	0x6
 631 02c3 B5       		.byte	0xb5
 632 02c4 8D020000 		.4byte	0x28d
 633 02c8 02       		.byte	0x2
 634 02c9 23       		.byte	0x23
 635 02ca 04       		.uleb128 0x4
 636 02cb 07       		.uleb128 0x7
 637 02cc 72313000 		.ascii	"r10\000"
 638 02d0 06       		.byte	0x6
 639 02d1 B6       		.byte	0xb6
 640 02d2 8D020000 		.4byte	0x28d
 641 02d6 02       		.byte	0x2
 642 02d7 23       		.byte	0x23
 643 02d8 08       		.uleb128 0x8
 644 02d9 07       		.uleb128 0x7
 645 02da 72313100 		.ascii	"r11\000"
 646 02de 06       		.byte	0x6
 647 02df B7       		.byte	0xb7
 648 02e0 8D020000 		.4byte	0x28d
 649 02e4 02       		.byte	0x2
 650 02e5 23       		.byte	0x23
 651 02e6 0C       		.uleb128 0xc
 652 02e7 07       		.uleb128 0x7
 653 02e8 723400   		.ascii	"r4\000"
 654 02eb 06       		.byte	0x6
 655 02ec B8       		.byte	0xb8
 656 02ed 8D020000 		.4byte	0x28d
 657 02f1 02       		.byte	0x2
 658 02f2 23       		.byte	0x23
 659 02f3 10       		.uleb128 0x10
 660 02f4 07       		.uleb128 0x7
 661 02f5 723500   		.ascii	"r5\000"
 662 02f8 06       		.byte	0x6
 663 02f9 B9       		.byte	0xb9
 664 02fa 8D020000 		.4byte	0x28d
 665 02fe 02       		.byte	0x2
 666 02ff 23       		.byte	0x23
 667 0300 14       		.uleb128 0x14
 668 0301 07       		.uleb128 0x7
 669 0302 723600   		.ascii	"r6\000"
ARM GAS  C:\Users\Rob\AppData\Local\Temp\cclBaAcT.s 			page 13


 670 0305 06       		.byte	0x6
 671 0306 BA       		.byte	0xba
 672 0307 8D020000 		.4byte	0x28d
 673 030b 02       		.byte	0x2
 674 030c 23       		.byte	0x23
 675 030d 18       		.uleb128 0x18
 676 030e 07       		.uleb128 0x7
 677 030f 723700   		.ascii	"r7\000"
 678 0312 06       		.byte	0x6
 679 0313 BB       		.byte	0xbb
 680 0314 8D020000 		.4byte	0x28d
 681 0318 02       		.byte	0x2
 682 0319 23       		.byte	0x23
 683 031a 1C       		.uleb128 0x1c
 684 031b 07       		.uleb128 0x7
 685 031c 6C7200   		.ascii	"lr\000"
 686 031f 06       		.byte	0x6
 687 0320 BC       		.byte	0xbc
 688 0321 8D020000 		.4byte	0x28d
 689 0325 02       		.byte	0x2
 690 0326 23       		.byte	0x23
 691 0327 20       		.uleb128 0x20
 692 0328 00       		.byte	0
 693 0329 05       		.uleb128 0x5
 694 032a E2010000 		.4byte	.LASF48
 695 032e 04       		.byte	0x4
 696 032f 06       		.byte	0x6
 697 0330 C6       		.byte	0xc6
 698 0331 44030000 		.4byte	0x344
 699 0335 07       		.uleb128 0x7
 700 0336 72313300 		.ascii	"r13\000"
 701 033a 06       		.byte	0x6
 702 033b C7       		.byte	0xc7
 703 033c 44030000 		.4byte	0x344
 704 0340 02       		.byte	0x2
 705 0341 23       		.byte	0x23
 706 0342 00       		.uleb128 0
 707 0343 00       		.byte	0
 708 0344 09       		.uleb128 0x9
 709 0345 04       		.byte	0x4
 710 0346 A5020000 		.4byte	0x2a5
 711 034a 0B       		.uleb128 0xb
 712 034b 86000000 		.4byte	0x86
 713 034f 08       		.uleb128 0x8
 714 0350 8C       		.byte	0x8c
 715 0351 07       		.byte	0x7
 716 0352 82       		.byte	0x82
 717 0353 7F040000 		.4byte	0x47f
 718 0357 06       		.uleb128 0x6
 719 0358 86000000 		.4byte	.LASF49
 720 035c 07       		.byte	0x7
 721 035d 83       		.byte	0x83
 722 035e 4A030000 		.4byte	0x34a
 723 0362 02       		.byte	0x2
 724 0363 23       		.byte	0x23
 725 0364 00       		.uleb128 0
 726 0365 06       		.uleb128 0x6
ARM GAS  C:\Users\Rob\AppData\Local\Temp\cclBaAcT.s 			page 14


 727 0366 FD010000 		.4byte	.LASF50
 728 036a 07       		.byte	0x7
 729 036b 84       		.byte	0x84
 730 036c 4A030000 		.4byte	0x34a
 731 0370 02       		.byte	0x2
 732 0371 23       		.byte	0x23
 733 0372 04       		.uleb128 0x4
 734 0373 06       		.uleb128 0x6
 735 0374 D0010000 		.4byte	.LASF51
 736 0378 07       		.byte	0x7
 737 0379 85       		.byte	0x85
 738 037a 4A030000 		.4byte	0x34a
 739 037e 02       		.byte	0x2
 740 037f 23       		.byte	0x23
 741 0380 08       		.uleb128 0x8
 742 0381 06       		.uleb128 0x6
 743 0382 08020000 		.4byte	.LASF52
 744 0386 07       		.byte	0x7
 745 0387 86       		.byte	0x86
 746 0388 4A030000 		.4byte	0x34a
 747 038c 02       		.byte	0x2
 748 038d 23       		.byte	0x23
 749 038e 0C       		.uleb128 0xc
 750 038f 07       		.uleb128 0x7
 751 0390 53435200 		.ascii	"SCR\000"
 752 0394 07       		.byte	0x7
 753 0395 87       		.byte	0x87
 754 0396 4A030000 		.4byte	0x34a
 755 039a 02       		.byte	0x2
 756 039b 23       		.byte	0x23
 757 039c 10       		.uleb128 0x10
 758 039d 07       		.uleb128 0x7
 759 039e 43435200 		.ascii	"CCR\000"
 760 03a2 07       		.byte	0x7
 761 03a3 88       		.byte	0x88
 762 03a4 4A030000 		.4byte	0x34a
 763 03a8 02       		.byte	0x2
 764 03a9 23       		.byte	0x23
 765 03aa 14       		.uleb128 0x14
 766 03ab 06       		.uleb128 0x6
 767 03ac F7030000 		.4byte	.LASF53
 768 03b0 07       		.byte	0x7
 769 03b1 89       		.byte	0x89
 770 03b2 8F040000 		.4byte	0x48f
 771 03b6 02       		.byte	0x2
 772 03b7 23       		.byte	0x23
 773 03b8 18       		.uleb128 0x18
 774 03b9 06       		.uleb128 0x6
 775 03ba 0D030000 		.4byte	.LASF54
 776 03be 07       		.byte	0x7
 777 03bf 8A       		.byte	0x8a
 778 03c0 4A030000 		.4byte	0x34a
 779 03c4 02       		.byte	0x2
 780 03c5 23       		.byte	0x23
 781 03c6 24       		.uleb128 0x24
 782 03c7 06       		.uleb128 0x6
 783 03c8 6E020000 		.4byte	.LASF55
ARM GAS  C:\Users\Rob\AppData\Local\Temp\cclBaAcT.s 			page 15


 784 03cc 07       		.byte	0x7
 785 03cd 8B       		.byte	0x8b
 786 03ce 4A030000 		.4byte	0x34a
 787 03d2 02       		.byte	0x2
 788 03d3 23       		.byte	0x23
 789 03d4 28       		.uleb128 0x28
 790 03d5 06       		.uleb128 0x6
 791 03d6 86040000 		.4byte	.LASF56
 792 03da 07       		.byte	0x7
 793 03db 8C       		.byte	0x8c
 794 03dc 4A030000 		.4byte	0x34a
 795 03e0 02       		.byte	0x2
 796 03e1 23       		.byte	0x23
 797 03e2 2C       		.uleb128 0x2c
 798 03e3 06       		.uleb128 0x6
 799 03e4 0E020000 		.4byte	.LASF57
 800 03e8 07       		.byte	0x7
 801 03e9 8D       		.byte	0x8d
 802 03ea 4A030000 		.4byte	0x34a
 803 03ee 02       		.byte	0x2
 804 03ef 23       		.byte	0x23
 805 03f0 30       		.uleb128 0x30
 806 03f1 06       		.uleb128 0x6
 807 03f2 13020000 		.4byte	.LASF58
 808 03f6 07       		.byte	0x7
 809 03f7 8E       		.byte	0x8e
 810 03f8 4A030000 		.4byte	0x34a
 811 03fc 02       		.byte	0x2
 812 03fd 23       		.byte	0x23
 813 03fe 34       		.uleb128 0x34
 814 03ff 06       		.uleb128 0x6
 815 0400 61010000 		.4byte	.LASF59
 816 0404 07       		.byte	0x7
 817 0405 8F       		.byte	0x8f
 818 0406 4A030000 		.4byte	0x34a
 819 040a 02       		.byte	0x2
 820 040b 23       		.byte	0x23
 821 040c 38       		.uleb128 0x38
 822 040d 06       		.uleb128 0x6
 823 040e AD030000 		.4byte	.LASF60
 824 0412 07       		.byte	0x7
 825 0413 90       		.byte	0x90
 826 0414 4A030000 		.4byte	0x34a
 827 0418 02       		.byte	0x2
 828 0419 23       		.byte	0x23
 829 041a 3C       		.uleb128 0x3c
 830 041b 07       		.uleb128 0x7
 831 041c 50465200 		.ascii	"PFR\000"
 832 0420 07       		.byte	0x7
 833 0421 91       		.byte	0x91
 834 0422 A4040000 		.4byte	0x4a4
 835 0426 02       		.byte	0x2
 836 0427 23       		.byte	0x23
 837 0428 40       		.uleb128 0x40
 838 0429 07       		.uleb128 0x7
 839 042a 44465200 		.ascii	"DFR\000"
 840 042e 07       		.byte	0x7
ARM GAS  C:\Users\Rob\AppData\Local\Temp\cclBaAcT.s 			page 16


 841 042f 92       		.byte	0x92
 842 0430 4A030000 		.4byte	0x34a
 843 0434 02       		.byte	0x2
 844 0435 23       		.byte	0x23
 845 0436 48       		.uleb128 0x48
 846 0437 07       		.uleb128 0x7
 847 0438 41445200 		.ascii	"ADR\000"
 848 043c 07       		.byte	0x7
 849 043d 93       		.byte	0x93
 850 043e 4A030000 		.4byte	0x34a
 851 0442 02       		.byte	0x2
 852 0443 23       		.byte	0x23
 853 0444 4C       		.uleb128 0x4c
 854 0445 06       		.uleb128 0x6
 855 0446 31040000 		.4byte	.LASF61
 856 044a 07       		.byte	0x7
 857 044b 94       		.byte	0x94
 858 044c B9040000 		.4byte	0x4b9
 859 0450 02       		.byte	0x2
 860 0451 23       		.byte	0x23
 861 0452 50       		.uleb128 0x50
 862 0453 07       		.uleb128 0x7
 863 0454 53415200 		.ascii	"SAR\000"
 864 0458 07       		.byte	0x7
 865 0459 95       		.byte	0x95
 866 045a CE040000 		.4byte	0x4ce
 867 045e 02       		.byte	0x2
 868 045f 23       		.byte	0x23
 869 0460 60       		.uleb128 0x60
 870 0461 06       		.uleb128 0x6
 871 0462 B2030000 		.4byte	.LASF62
 872 0466 07       		.byte	0x7
 873 0467 96       		.byte	0x96
 874 0468 D3040000 		.4byte	0x4d3
 875 046c 02       		.byte	0x2
 876 046d 23       		.byte	0x23
 877 046e 74       		.uleb128 0x74
 878 046f 06       		.uleb128 0x6
 879 0470 80040000 		.4byte	.LASF63
 880 0474 07       		.byte	0x7
 881 0475 97       		.byte	0x97
 882 0476 4A030000 		.4byte	0x34a
 883 047a 03       		.byte	0x3
 884 047b 23       		.byte	0x23
 885 047c 8801     		.uleb128 0x88
 886 047e 00       		.byte	0
 887 047f 0C       		.uleb128 0xc
 888 0480 86000000 		.4byte	0x86
 889 0484 8F040000 		.4byte	0x48f
 890 0488 0D       		.uleb128 0xd
 891 0489 30000000 		.4byte	0x30
 892 048d 02       		.byte	0x2
 893 048e 00       		.byte	0
 894 048f 0B       		.uleb128 0xb
 895 0490 7F040000 		.4byte	0x47f
 896 0494 0C       		.uleb128 0xc
 897 0495 86000000 		.4byte	0x86
ARM GAS  C:\Users\Rob\AppData\Local\Temp\cclBaAcT.s 			page 17


 898 0499 A4040000 		.4byte	0x4a4
 899 049d 0D       		.uleb128 0xd
 900 049e 30000000 		.4byte	0x30
 901 04a2 01       		.byte	0x1
 902 04a3 00       		.byte	0
 903 04a4 0B       		.uleb128 0xb
 904 04a5 94040000 		.4byte	0x494
 905 04a9 0C       		.uleb128 0xc
 906 04aa 86000000 		.4byte	0x86
 907 04ae B9040000 		.4byte	0x4b9
 908 04b2 0D       		.uleb128 0xd
 909 04b3 30000000 		.4byte	0x30
 910 04b7 03       		.byte	0x3
 911 04b8 00       		.byte	0
 912 04b9 0B       		.uleb128 0xb
 913 04ba A9040000 		.4byte	0x4a9
 914 04be 0C       		.uleb128 0xc
 915 04bf 86000000 		.4byte	0x86
 916 04c3 CE040000 		.4byte	0x4ce
 917 04c7 0D       		.uleb128 0xd
 918 04c8 30000000 		.4byte	0x30
 919 04cc 04       		.byte	0x4
 920 04cd 00       		.byte	0
 921 04ce 0B       		.uleb128 0xb
 922 04cf BE040000 		.4byte	0x4be
 923 04d3 0B       		.uleb128 0xb
 924 04d4 BE040000 		.4byte	0x4be
 925 04d8 04       		.uleb128 0x4
 926 04d9 2B000000 		.4byte	.LASF64
 927 04dd 07       		.byte	0x7
 928 04de 98       		.byte	0x98
 929 04df 4F030000 		.4byte	0x34f
 930 04e3 04       		.uleb128 0x4
 931 04e4 E7030000 		.4byte	.LASF65
 932 04e8 08       		.byte	0x8
 933 04e9 51       		.byte	0x51
 934 04ea EE040000 		.4byte	0x4ee
 935 04ee 09       		.uleb128 0x9
 936 04ef 04       		.byte	0x4
 937 04f0 F4040000 		.4byte	0x4f4
 938 04f4 0E       		.uleb128 0xe
 939 04f5 01       		.byte	0x1
 940 04f6 00050000 		.4byte	0x500
 941 04fa 0F       		.uleb128 0xf
 942 04fb 98020000 		.4byte	0x298
 943 04ff 00       		.byte	0
 944 0500 04       		.uleb128 0x4
 945 0501 D5010000 		.4byte	.LASF66
 946 0505 08       		.byte	0x8
 947 0506 56       		.byte	0x56
 948 0507 0B050000 		.4byte	0x50b
 949 050b 05       		.uleb128 0x5
 950 050c D5010000 		.4byte	.LASF66
 951 0510 14       		.byte	0x14
 952 0511 08       		.byte	0x8
 953 0512 5D       		.byte	0x5d
 954 0513 5E050000 		.4byte	0x55e
ARM GAS  C:\Users\Rob\AppData\Local\Temp\cclBaAcT.s 			page 18


 955 0517 06       		.uleb128 0x6
 956 0518 96010000 		.4byte	.LASF67
 957 051c 08       		.byte	0x8
 958 051d 5E       		.byte	0x5e
 959 051e 5E050000 		.4byte	0x55e
 960 0522 02       		.byte	0x2
 961 0523 23       		.byte	0x23
 962 0524 00       		.uleb128 0
 963 0525 06       		.uleb128 0x6
 964 0526 77010000 		.4byte	.LASF68
 965 052a 08       		.byte	0x8
 966 052b 60       		.byte	0x60
 967 052c 5E050000 		.4byte	0x55e
 968 0530 02       		.byte	0x2
 969 0531 23       		.byte	0x23
 970 0532 04       		.uleb128 0x4
 971 0533 06       		.uleb128 0x6
 972 0534 5E020000 		.4byte	.LASF69
 973 0538 08       		.byte	0x8
 974 0539 62       		.byte	0x62
 975 053a FA000000 		.4byte	0xfa
 976 053e 02       		.byte	0x2
 977 053f 23       		.byte	0x23
 978 0540 08       		.uleb128 0x8
 979 0541 06       		.uleb128 0x6
 980 0542 66020000 		.4byte	.LASF70
 981 0546 08       		.byte	0x8
 982 0547 63       		.byte	0x63
 983 0548 E3040000 		.4byte	0x4e3
 984 054c 02       		.byte	0x2
 985 054d 23       		.byte	0x23
 986 054e 0C       		.uleb128 0xc
 987 054f 06       		.uleb128 0x6
 988 0550 0E040000 		.4byte	.LASF71
 989 0554 08       		.byte	0x8
 990 0555 65       		.byte	0x65
 991 0556 98020000 		.4byte	0x298
 992 055a 02       		.byte	0x2
 993 055b 23       		.byte	0x23
 994 055c 10       		.uleb128 0x10
 995 055d 00       		.byte	0
 996 055e 09       		.uleb128 0x9
 997 055f 04       		.byte	0x4
 998 0560 00050000 		.4byte	0x500
 999 0564 08       		.uleb128 0x8
 1000 0565 10       		.byte	0x10
 1001 0566 08       		.byte	0x8
 1002 0567 6F       		.byte	0x6f
 1003 0568 A5050000 		.4byte	0x5a5
 1004 056c 06       		.uleb128 0x6
 1005 056d 96010000 		.4byte	.LASF67
 1006 0571 08       		.byte	0x8
 1007 0572 70       		.byte	0x70
 1008 0573 5E050000 		.4byte	0x55e
 1009 0577 02       		.byte	0x2
 1010 0578 23       		.byte	0x23
 1011 0579 00       		.uleb128 0
ARM GAS  C:\Users\Rob\AppData\Local\Temp\cclBaAcT.s 			page 19


 1012 057a 06       		.uleb128 0x6
 1013 057b 77010000 		.4byte	.LASF68
 1014 057f 08       		.byte	0x8
 1015 0580 72       		.byte	0x72
 1016 0581 5E050000 		.4byte	0x55e
 1017 0585 02       		.byte	0x2
 1018 0586 23       		.byte	0x23
 1019 0587 04       		.uleb128 0x4
 1020 0588 06       		.uleb128 0x6
 1021 0589 5E020000 		.4byte	.LASF69
 1022 058d 08       		.byte	0x8
 1023 058e 74       		.byte	0x74
 1024 058f FA000000 		.4byte	0xfa
 1025 0593 02       		.byte	0x2
 1026 0594 23       		.byte	0x23
 1027 0595 08       		.uleb128 0x8
 1028 0596 06       		.uleb128 0x6
 1029 0597 9E010000 		.4byte	.LASF72
 1030 059b 08       		.byte	0x8
 1031 059c 75       		.byte	0x75
 1032 059d A5050000 		.4byte	0x5a5
 1033 05a1 02       		.byte	0x2
 1034 05a2 23       		.byte	0x23
 1035 05a3 0C       		.uleb128 0xc
 1036 05a4 00       		.byte	0
 1037 05a5 0B       		.uleb128 0xb
 1038 05a6 FA000000 		.4byte	0xfa
 1039 05aa 04       		.uleb128 0x4
 1040 05ab 79040000 		.4byte	.LASF73
 1041 05af 08       		.byte	0x8
 1042 05b0 76       		.byte	0x76
 1043 05b1 64050000 		.4byte	0x564
 1044 05b5 08       		.uleb128 0x8
 1045 05b6 1C       		.byte	0x1c
 1046 05b7 09       		.byte	0x9
 1047 05b8 57       		.byte	0x57
 1048 05b9 12060000 		.4byte	0x612
 1049 05bd 06       		.uleb128 0x6
 1050 05be A5030000 		.4byte	.LASF74
 1051 05c2 09       		.byte	0x9
 1052 05c3 58       		.byte	0x58
 1053 05c4 60020000 		.4byte	0x260
 1054 05c8 02       		.byte	0x2
 1055 05c9 23       		.byte	0x23
 1056 05ca 00       		.uleb128 0
 1057 05cb 06       		.uleb128 0x6
 1058 05cc 45030000 		.4byte	.LASF75
 1059 05d0 09       		.byte	0x9
 1060 05d1 59       		.byte	0x59
 1061 05d2 D9000000 		.4byte	0xd9
 1062 05d6 02       		.byte	0x2
 1063 05d7 23       		.byte	0x23
 1064 05d8 08       		.uleb128 0x8
 1065 05d9 06       		.uleb128 0x6
 1066 05da 87020000 		.4byte	.LASF76
 1067 05de 09       		.byte	0x9
 1068 05df 5B       		.byte	0x5b
ARM GAS  C:\Users\Rob\AppData\Local\Temp\cclBaAcT.s 			page 20


 1069 05e0 29030000 		.4byte	0x329
 1070 05e4 02       		.byte	0x2
 1071 05e5 23       		.byte	0x23
 1072 05e6 0C       		.uleb128 0xc
 1073 05e7 06       		.uleb128 0x6
 1074 05e8 66010000 		.4byte	.LASF77
 1075 05ec 09       		.byte	0x9
 1076 05ed 5E       		.byte	0x5e
 1077 05ee 5A020000 		.4byte	0x25a
 1078 05f2 02       		.byte	0x2
 1079 05f3 23       		.byte	0x23
 1080 05f4 10       		.uleb128 0x10
 1081 05f5 06       		.uleb128 0x6
 1082 05f6 BA020000 		.4byte	.LASF78
 1083 05fa 09       		.byte	0x9
 1084 05fb 5F       		.byte	0x5f
 1085 05fc 5A020000 		.4byte	0x25a
 1086 0600 02       		.byte	0x2
 1087 0601 23       		.byte	0x23
 1088 0602 14       		.uleb128 0x14
 1089 0603 06       		.uleb128 0x6
 1090 0604 B0020000 		.4byte	.LASF79
 1091 0608 09       		.byte	0x9
 1092 0609 62       		.byte	0x62
 1093 060a 5A020000 		.4byte	0x25a
 1094 060e 02       		.byte	0x2
 1095 060f 23       		.byte	0x23
 1096 0610 18       		.uleb128 0x18
 1097 0611 00       		.byte	0
 1098 0612 04       		.uleb128 0x4
 1099 0613 27040000 		.4byte	.LASF80
 1100 0617 09       		.byte	0x9
 1101 0618 64       		.byte	0x64
 1102 0619 B5050000 		.4byte	0x5b5
 1103 061d 05       		.uleb128 0x5
 1104 061e 39020000 		.4byte	.LASF81
 1105 0622 10       		.byte	0x10
 1106 0623 0A       		.byte	0xa
 1107 0624 25       		.byte	0x25
 1108 0625 54060000 		.4byte	0x654
 1109 0629 06       		.uleb128 0x6
 1110 062a 12010000 		.4byte	.LASF82
 1111 062e 0A       		.byte	0xa
 1112 062f 26       		.byte	0x26
 1113 0630 60020000 		.4byte	0x260
 1114 0634 02       		.byte	0x2
 1115 0635 23       		.byte	0x23
 1116 0636 00       		.uleb128 0
 1117 0637 06       		.uleb128 0x6
 1118 0638 8B040000 		.4byte	.LASF83
 1119 063c 0A       		.byte	0xa
 1120 063d 28       		.byte	0x28
 1121 063e 5A020000 		.4byte	0x25a
 1122 0642 02       		.byte	0x2
 1123 0643 23       		.byte	0x23
 1124 0644 08       		.uleb128 0x8
 1125 0645 06       		.uleb128 0x6
ARM GAS  C:\Users\Rob\AppData\Local\Temp\cclBaAcT.s 			page 21


 1126 0646 CB030000 		.4byte	.LASF84
 1127 064a 0A       		.byte	0xa
 1128 064b 2A       		.byte	0x2a
 1129 064c 54060000 		.4byte	0x654
 1130 0650 02       		.byte	0x2
 1131 0651 23       		.byte	0x23
 1132 0652 0C       		.uleb128 0xc
 1133 0653 00       		.byte	0
 1134 0654 09       		.uleb128 0x9
 1135 0655 04       		.byte	0x4
 1136 0656 1D060000 		.4byte	0x61d
 1137 065a 04       		.uleb128 0x4
 1138 065b 39020000 		.4byte	.LASF81
 1139 065f 0A       		.byte	0xa
 1140 0660 2C       		.byte	0x2c
 1141 0661 1D060000 		.4byte	0x61d
 1142 0665 10       		.uleb128 0x10
 1143 0666 04       		.byte	0x4
 1144 0667 05       		.byte	0x5
 1145 0668 8F       		.byte	0x8f
 1146 0669 9A060000 		.4byte	0x69a
 1147 066d 11       		.uleb128 0x11
 1148 066e 1B000000 		.4byte	.LASF85
 1149 0672 05       		.byte	0x5
 1150 0673 96       		.byte	0x96
 1151 0674 E4000000 		.4byte	0xe4
 1152 0678 11       		.uleb128 0x11
 1153 0679 72000000 		.4byte	.LASF86
 1154 067d 05       		.byte	0x5
 1155 067e 9D       		.byte	0x9d
 1156 067f E4000000 		.4byte	0xe4
 1157 0683 11       		.uleb128 0x11
 1158 0684 60040000 		.4byte	.LASF87
 1159 0688 05       		.byte	0x5
 1160 0689 A4       		.byte	0xa4
 1161 068a 98020000 		.4byte	0x298
 1162 068e 11       		.uleb128 0x11
 1163 068f 4C030000 		.4byte	.LASF88
 1164 0693 05       		.byte	0x5
 1165 0694 AB       		.byte	0xab
 1166 0695 EF000000 		.4byte	0xef
 1167 0699 00       		.byte	0
 1168 069a 09       		.uleb128 0x9
 1169 069b 04       		.byte	0x4
 1170 069c A0060000 		.4byte	0x6a0
 1171 06a0 12       		.uleb128 0x12
 1172 06a1 A5060000 		.4byte	0x6a5
 1173 06a5 03       		.uleb128 0x3
 1174 06a6 01       		.byte	0x1
 1175 06a7 08       		.byte	0x8
 1176 06a8 C6030000 		.4byte	.LASF89
 1177 06ac 09       		.uleb128 0x9
 1178 06ad 04       		.byte	0x4
 1179 06ae 5A060000 		.4byte	0x65a
 1180 06b2 04       		.uleb128 0x4
 1181 06b3 00000000 		.4byte	.LASF90
 1182 06b7 05       		.byte	0x5
ARM GAS  C:\Users\Rob\AppData\Local\Temp\cclBaAcT.s 			page 22


 1183 06b8 DE       		.byte	0xde
 1184 06b9 BD060000 		.4byte	0x6bd
 1185 06bd 09       		.uleb128 0x9
 1186 06be 04       		.byte	0x4
 1187 06bf C3060000 		.4byte	0x6c3
 1188 06c3 13       		.uleb128 0x13
 1189 06c4 01       		.byte	0x1
 1190 06c5 E4000000 		.4byte	0xe4
 1191 06c9 D3060000 		.4byte	0x6d3
 1192 06cd 0F       		.uleb128 0xf
 1193 06ce 98020000 		.4byte	0x298
 1194 06d2 00       		.byte	0
 1195 06d3 08       		.uleb128 0x8
 1196 06d4 16       		.byte	0x16
 1197 06d5 0B       		.byte	0xb
 1198 06d6 25       		.byte	0x25
 1199 06d7 D8070000 		.4byte	0x7d8
 1200 06db 06       		.uleb128 0x6
 1201 06dc A2020000 		.4byte	.LASF91
 1202 06e0 0B       		.byte	0xb
 1203 06e1 26       		.byte	0x26
 1204 06e2 D8070000 		.4byte	0x7d8
 1205 06e6 02       		.byte	0x2
 1206 06e7 23       		.byte	0x23
 1207 06e8 00       		.uleb128 0
 1208 06e9 06       		.uleb128 0x6
 1209 06ea 4A020000 		.4byte	.LASF92
 1210 06ee 0B       		.byte	0xb
 1211 06ef 27       		.byte	0x27
 1212 06f0 3E000000 		.4byte	0x3e
 1213 06f4 02       		.byte	0x2
 1214 06f5 23       		.byte	0x23
 1215 06f6 04       		.uleb128 0x4
 1216 06f7 06       		.uleb128 0x6
 1217 06f8 9A020000 		.4byte	.LASF93
 1218 06fc 0B       		.byte	0xb
 1219 06fd 28       		.byte	0x28
 1220 06fe 3E000000 		.4byte	0x3e
 1221 0702 02       		.byte	0x2
 1222 0703 23       		.byte	0x23
 1223 0704 05       		.uleb128 0x5
 1224 0705 06       		.uleb128 0x6
 1225 0706 6E040000 		.4byte	.LASF94
 1226 070a 0B       		.byte	0xb
 1227 070b 29       		.byte	0x29
 1228 070c 57000000 		.4byte	0x57
 1229 0710 02       		.byte	0x2
 1230 0711 23       		.byte	0x23
 1231 0712 06       		.uleb128 0x6
 1232 0713 06       		.uleb128 0x6
 1233 0714 D7020000 		.4byte	.LASF95
 1234 0718 0B       		.byte	0xb
 1235 0719 2A       		.byte	0x2a
 1236 071a 3E000000 		.4byte	0x3e
 1237 071e 02       		.byte	0x2
 1238 071f 23       		.byte	0x23
 1239 0720 08       		.uleb128 0x8
ARM GAS  C:\Users\Rob\AppData\Local\Temp\cclBaAcT.s 			page 23


 1240 0721 06       		.uleb128 0x6
 1241 0722 C4010000 		.4byte	.LASF96
 1242 0726 0B       		.byte	0xb
 1243 0727 2B       		.byte	0x2b
 1244 0728 3E000000 		.4byte	0x3e
 1245 072c 02       		.byte	0x2
 1246 072d 23       		.byte	0x23
 1247 072e 09       		.uleb128 0x9
 1248 072f 06       		.uleb128 0x6
 1249 0730 64000000 		.4byte	.LASF97
 1250 0734 0B       		.byte	0xb
 1251 0735 2C       		.byte	0x2c
 1252 0736 3E000000 		.4byte	0x3e
 1253 073a 02       		.byte	0x2
 1254 073b 23       		.byte	0x23
 1255 073c 0A       		.uleb128 0xa
 1256 073d 06       		.uleb128 0x6
 1257 073e 99030000 		.4byte	.LASF98
 1258 0742 0B       		.byte	0xb
 1259 0743 2D       		.byte	0x2d
 1260 0744 3E000000 		.4byte	0x3e
 1261 0748 02       		.byte	0x2
 1262 0749 23       		.byte	0x23
 1263 074a 0B       		.uleb128 0xb
 1264 074b 06       		.uleb128 0x6
 1265 074c 15040000 		.4byte	.LASF99
 1266 0750 0B       		.byte	0xb
 1267 0751 2E       		.byte	0x2e
 1268 0752 3E000000 		.4byte	0x3e
 1269 0756 02       		.byte	0x2
 1270 0757 23       		.byte	0x23
 1271 0758 0C       		.uleb128 0xc
 1272 0759 06       		.uleb128 0x6
 1273 075a 78030000 		.4byte	.LASF100
 1274 075e 0B       		.byte	0xb
 1275 075f 2F       		.byte	0x2f
 1276 0760 3E000000 		.4byte	0x3e
 1277 0764 02       		.byte	0x2
 1278 0765 23       		.byte	0x23
 1279 0766 0D       		.uleb128 0xd
 1280 0767 06       		.uleb128 0x6
 1281 0768 08000000 		.4byte	.LASF101
 1282 076c 0B       		.byte	0xb
 1283 076d 30       		.byte	0x30
 1284 076e 3E000000 		.4byte	0x3e
 1285 0772 02       		.byte	0x2
 1286 0773 23       		.byte	0x23
 1287 0774 0E       		.uleb128 0xe
 1288 0775 06       		.uleb128 0x6
 1289 0776 73020000 		.4byte	.LASF102
 1290 077a 0B       		.byte	0xb
 1291 077b 31       		.byte	0x31
 1292 077c 3E000000 		.4byte	0x3e
 1293 0780 02       		.byte	0x2
 1294 0781 23       		.byte	0x23
 1295 0782 0F       		.uleb128 0xf
 1296 0783 06       		.uleb128 0x6
ARM GAS  C:\Users\Rob\AppData\Local\Temp\cclBaAcT.s 			page 24


 1297 0784 ED000000 		.4byte	.LASF103
 1298 0788 0B       		.byte	0xb
 1299 0789 32       		.byte	0x32
 1300 078a 3E000000 		.4byte	0x3e
 1301 078e 02       		.byte	0x2
 1302 078f 23       		.byte	0x23
 1303 0790 10       		.uleb128 0x10
 1304 0791 06       		.uleb128 0x6
 1305 0792 93000000 		.4byte	.LASF104
 1306 0796 0B       		.byte	0xb
 1307 0797 34       		.byte	0x34
 1308 0798 3E000000 		.4byte	0x3e
 1309 079c 02       		.byte	0x2
 1310 079d 23       		.byte	0x23
 1311 079e 11       		.uleb128 0x11
 1312 079f 06       		.uleb128 0x6
 1313 07a0 FD000000 		.4byte	.LASF105
 1314 07a4 0B       		.byte	0xb
 1315 07a5 35       		.byte	0x35
 1316 07a6 3E000000 		.4byte	0x3e
 1317 07aa 02       		.byte	0x2
 1318 07ab 23       		.byte	0x23
 1319 07ac 12       		.uleb128 0x12
 1320 07ad 06       		.uleb128 0x6
 1321 07ae 52020000 		.4byte	.LASF106
 1322 07b2 0B       		.byte	0xb
 1323 07b3 36       		.byte	0x36
 1324 07b4 3E000000 		.4byte	0x3e
 1325 07b8 02       		.byte	0x2
 1326 07b9 23       		.byte	0x23
 1327 07ba 13       		.uleb128 0x13
 1328 07bb 06       		.uleb128 0x6
 1329 07bc 5A030000 		.4byte	.LASF107
 1330 07c0 0B       		.byte	0xb
 1331 07c1 37       		.byte	0x37
 1332 07c2 3E000000 		.4byte	0x3e
 1333 07c6 02       		.byte	0x2
 1334 07c7 23       		.byte	0x23
 1335 07c8 14       		.uleb128 0x14
 1336 07c9 06       		.uleb128 0x6
 1337 07ca 39030000 		.4byte	.LASF108
 1338 07ce 0B       		.byte	0xb
 1339 07cf 39       		.byte	0x39
 1340 07d0 3E000000 		.4byte	0x3e
 1341 07d4 02       		.byte	0x2
 1342 07d5 23       		.byte	0x23
 1343 07d6 15       		.uleb128 0x15
 1344 07d7 00       		.byte	0
 1345 07d8 0C       		.uleb128 0xc
 1346 07d9 A5060000 		.4byte	0x6a5
 1347 07dd E8070000 		.4byte	0x7e8
 1348 07e1 0D       		.uleb128 0xd
 1349 07e2 30000000 		.4byte	0x30
 1350 07e6 03       		.byte	0x3
 1351 07e7 00       		.byte	0
 1352 07e8 04       		.uleb128 0x4
 1353 07e9 3F010000 		.4byte	.LASF109
ARM GAS  C:\Users\Rob\AppData\Local\Temp\cclBaAcT.s 			page 25


 1354 07ed 0B       		.byte	0xb
 1355 07ee 3A       		.byte	0x3a
 1356 07ef D3060000 		.4byte	0x6d3
 1357 07f3 14       		.uleb128 0x14
 1358 07f4 01       		.byte	0x1
 1359 07f5 C2020000 		.4byte	.LASF110
 1360 07f9 01       		.byte	0x1
 1361 07fa 36       		.byte	0x36
 1362 07fb 01       		.byte	0x1
 1363 07fc 00000000 		.4byte	.LFB7
 1364 0800 14000000 		.4byte	.LFE7
 1365 0804 00000000 		.4byte	.LLST0
 1366 0808 18080000 		.4byte	0x818
 1367 080c 15       		.uleb128 0x15
 1368 080d 7000     		.ascii	"p\000"
 1369 080f 01       		.byte	0x1
 1370 0810 36       		.byte	0x36
 1371 0811 98020000 		.4byte	0x298
 1372 0815 01       		.byte	0x1
 1373 0816 50       		.byte	0x50
 1374 0817 00       		.byte	0
 1375 0818 14       		.uleb128 0x14
 1376 0819 01       		.byte	0x1
 1377 081a 7F010000 		.4byte	.LASF111
 1378 081e 01       		.byte	0x1
 1379 081f 4D       		.byte	0x4d
 1380 0820 01       		.byte	0x1
 1381 0821 00000000 		.4byte	.LFB8
 1382 0825 74000000 		.4byte	.LFE8
 1383 0829 20000000 		.4byte	.LLST1
 1384 082d 43080000 		.4byte	0x843
 1385 0831 16       		.uleb128 0x16
 1386 0832 7B000000 		.4byte	.LASF113
 1387 0836 01       		.byte	0x1
 1388 0837 4E       		.byte	0x4e
 1389 0838 05010000 		.4byte	0x105
 1390 083c 05       		.byte	0x5
 1391 083d 03       		.byte	0x3
 1392 083e 00000000 		.4byte	mainthread.1982
 1393 0842 00       		.byte	0
 1394 0843 14       		.uleb128 0x14
 1395 0844 01       		.byte	0x1
 1396 0845 3A000000 		.4byte	.LASF112
 1397 0849 01       		.byte	0x1
 1398 084a 82       		.byte	0x82
 1399 084b 01       		.byte	0x1
 1400 084c 00000000 		.4byte	.LFB9
 1401 0850 54000000 		.4byte	.LFE9
 1402 0854 4C000000 		.4byte	.LLST2
 1403 0858 8E080000 		.4byte	0x88e
 1404 085c 17       		.uleb128 0x17
 1405 085d 24000000 		.4byte	.LBB2
 1406 0861 4A000000 		.4byte	.LBE2
 1407 0865 18       		.uleb128 0x18
 1408 0866 76747000 		.ascii	"vtp\000"
 1409 086a 01       		.byte	0x1
 1410 086b 8F       		.byte	0x8f
ARM GAS  C:\Users\Rob\AppData\Local\Temp\cclBaAcT.s 			page 26


 1411 086c 5E050000 		.4byte	0x55e
 1412 0870 6C000000 		.4byte	.LLST3
 1413 0874 17       		.uleb128 0x17
 1414 0875 2E000000 		.4byte	.LBB3
 1415 0879 42000000 		.4byte	.LBE3
 1416 087d 18       		.uleb128 0x18
 1417 087e 666E00   		.ascii	"fn\000"
 1418 0881 01       		.byte	0x1
 1419 0882 8F       		.byte	0x8f
 1420 0883 E3040000 		.4byte	0x4e3
 1421 0887 97000000 		.4byte	.LLST4
 1422 088b 00       		.byte	0
 1423 088c 00       		.byte	0
 1424 088d 00       		.byte	0
 1425 088e 19       		.uleb128 0x19
 1426 088f 33000000 		.4byte	.LASF114
 1427 0893 08       		.byte	0x8
 1428 0894 D4       		.byte	0xd4
 1429 0895 AA050000 		.4byte	0x5aa
 1430 0899 01       		.byte	0x1
 1431 089a 01       		.byte	0x1
 1432 089b 19       		.uleb128 0x19
 1433 089c 36040000 		.4byte	.LASF115
 1434 08a0 09       		.byte	0x9
 1435 08a1 68       		.byte	0x68
 1436 08a2 12060000 		.4byte	0x612
 1437 08a6 01       		.byte	0x1
 1438 08a7 01       		.byte	0x1
 1439 08a8 19       		.uleb128 0x19
 1440 08a9 BB010000 		.4byte	.LASF116
 1441 08ad 0B       		.byte	0xb
 1442 08ae 77       		.byte	0x77
 1443 08af B5080000 		.4byte	0x8b5
 1444 08b3 01       		.byte	0x1
 1445 08b4 01       		.byte	0x1
 1446 08b5 12       		.uleb128 0x12
 1447 08b6 E8070000 		.4byte	0x7e8
 1448 08ba 0C       		.uleb128 0xc
 1449 08bb 9A020000 		.4byte	0x29a
 1450 08bf CA080000 		.4byte	0x8ca
 1451 08c3 0D       		.uleb128 0xd
 1452 08c4 30000000 		.4byte	0x30
 1453 08c8 17       		.byte	0x17
 1454 08c9 00       		.byte	0
 1455 08ca 19       		.uleb128 0x19
 1456 08cb 51010000 		.4byte	.LASF117
 1457 08cf 0C       		.byte	0xc
 1458 08d0 82       		.byte	0x82
 1459 08d1 BA080000 		.4byte	0x8ba
 1460 08d5 01       		.byte	0x1
 1461 08d6 01       		.byte	0x1
 1462 08d7 19       		.uleb128 0x19
 1463 08d8 33000000 		.4byte	.LASF114
 1464 08dc 08       		.byte	0x8
 1465 08dd D4       		.byte	0xd4
 1466 08de AA050000 		.4byte	0x5aa
 1467 08e2 01       		.byte	0x1
ARM GAS  C:\Users\Rob\AppData\Local\Temp\cclBaAcT.s 			page 27


 1468 08e3 01       		.byte	0x1
 1469 08e4 19       		.uleb128 0x19
 1470 08e5 36040000 		.4byte	.LASF115
 1471 08e9 09       		.byte	0x9
 1472 08ea 68       		.byte	0x68
 1473 08eb 12060000 		.4byte	0x612
 1474 08ef 01       		.byte	0x1
 1475 08f0 01       		.byte	0x1
 1476 08f1 19       		.uleb128 0x19
 1477 08f2 BB010000 		.4byte	.LASF116
 1478 08f6 0B       		.byte	0xb
 1479 08f7 77       		.byte	0x77
 1480 08f8 B5080000 		.4byte	0x8b5
 1481 08fc 01       		.byte	0x1
 1482 08fd 01       		.byte	0x1
 1483 08fe 1A       		.uleb128 0x1a
 1484 08ff 51010000 		.4byte	.LASF117
 1485 0903 01       		.byte	0x1
 1486 0904 2A       		.byte	0x2a
 1487 0905 BA080000 		.4byte	0x8ba
 1488 0909 01       		.byte	0x1
 1489 090a 05       		.byte	0x5
 1490 090b 03       		.byte	0x3
 1491 090c 00000000 		.4byte	_idle_thread_wa
 1492 0910 00       		.byte	0
 1493              		.section	.debug_abbrev,"",%progbits
 1494              	.Ldebug_abbrev0:
 1495 0000 01       		.uleb128 0x1
 1496 0001 11       		.uleb128 0x11
 1497 0002 01       		.byte	0x1
 1498 0003 25       		.uleb128 0x25
 1499 0004 0E       		.uleb128 0xe
 1500 0005 13       		.uleb128 0x13
 1501 0006 0B       		.uleb128 0xb
 1502 0007 03       		.uleb128 0x3
 1503 0008 0E       		.uleb128 0xe
 1504 0009 1B       		.uleb128 0x1b
 1505 000a 0E       		.uleb128 0xe
 1506 000b 11       		.uleb128 0x11
 1507 000c 01       		.uleb128 0x1
 1508 000d 52       		.uleb128 0x52
 1509 000e 01       		.uleb128 0x1
 1510 000f 55       		.uleb128 0x55
 1511 0010 06       		.uleb128 0x6
 1512 0011 10       		.uleb128 0x10
 1513 0012 06       		.uleb128 0x6
 1514 0013 00       		.byte	0
 1515 0014 00       		.byte	0
 1516 0015 02       		.uleb128 0x2
 1517 0016 24       		.uleb128 0x24
 1518 0017 00       		.byte	0
 1519 0018 0B       		.uleb128 0xb
 1520 0019 0B       		.uleb128 0xb
 1521 001a 3E       		.uleb128 0x3e
 1522 001b 0B       		.uleb128 0xb
 1523 001c 03       		.uleb128 0x3
 1524 001d 08       		.uleb128 0x8
ARM GAS  C:\Users\Rob\AppData\Local\Temp\cclBaAcT.s 			page 28


 1525 001e 00       		.byte	0
 1526 001f 00       		.byte	0
 1527 0020 03       		.uleb128 0x3
 1528 0021 24       		.uleb128 0x24
 1529 0022 00       		.byte	0
 1530 0023 0B       		.uleb128 0xb
 1531 0024 0B       		.uleb128 0xb
 1532 0025 3E       		.uleb128 0x3e
 1533 0026 0B       		.uleb128 0xb
 1534 0027 03       		.uleb128 0x3
 1535 0028 0E       		.uleb128 0xe
 1536 0029 00       		.byte	0
 1537 002a 00       		.byte	0
 1538 002b 04       		.uleb128 0x4
 1539 002c 16       		.uleb128 0x16
 1540 002d 00       		.byte	0
 1541 002e 03       		.uleb128 0x3
 1542 002f 0E       		.uleb128 0xe
 1543 0030 3A       		.uleb128 0x3a
 1544 0031 0B       		.uleb128 0xb
 1545 0032 3B       		.uleb128 0x3b
 1546 0033 0B       		.uleb128 0xb
 1547 0034 49       		.uleb128 0x49
 1548 0035 13       		.uleb128 0x13
 1549 0036 00       		.byte	0
 1550 0037 00       		.byte	0
 1551 0038 05       		.uleb128 0x5
 1552 0039 13       		.uleb128 0x13
 1553 003a 01       		.byte	0x1
 1554 003b 03       		.uleb128 0x3
 1555 003c 0E       		.uleb128 0xe
 1556 003d 0B       		.uleb128 0xb
 1557 003e 0B       		.uleb128 0xb
 1558 003f 3A       		.uleb128 0x3a
 1559 0040 0B       		.uleb128 0xb
 1560 0041 3B       		.uleb128 0x3b
 1561 0042 0B       		.uleb128 0xb
 1562 0043 01       		.uleb128 0x1
 1563 0044 13       		.uleb128 0x13
 1564 0045 00       		.byte	0
 1565 0046 00       		.byte	0
 1566 0047 06       		.uleb128 0x6
 1567 0048 0D       		.uleb128 0xd
 1568 0049 00       		.byte	0
 1569 004a 03       		.uleb128 0x3
 1570 004b 0E       		.uleb128 0xe
 1571 004c 3A       		.uleb128 0x3a
 1572 004d 0B       		.uleb128 0xb
 1573 004e 3B       		.uleb128 0x3b
 1574 004f 0B       		.uleb128 0xb
 1575 0050 49       		.uleb128 0x49
 1576 0051 13       		.uleb128 0x13
 1577 0052 38       		.uleb128 0x38
 1578 0053 0A       		.uleb128 0xa
 1579 0054 00       		.byte	0
 1580 0055 00       		.byte	0
 1581 0056 07       		.uleb128 0x7
ARM GAS  C:\Users\Rob\AppData\Local\Temp\cclBaAcT.s 			page 29


 1582 0057 0D       		.uleb128 0xd
 1583 0058 00       		.byte	0
 1584 0059 03       		.uleb128 0x3
 1585 005a 08       		.uleb128 0x8
 1586 005b 3A       		.uleb128 0x3a
 1587 005c 0B       		.uleb128 0xb
 1588 005d 3B       		.uleb128 0x3b
 1589 005e 0B       		.uleb128 0xb
 1590 005f 49       		.uleb128 0x49
 1591 0060 13       		.uleb128 0x13
 1592 0061 38       		.uleb128 0x38
 1593 0062 0A       		.uleb128 0xa
 1594 0063 00       		.byte	0
 1595 0064 00       		.byte	0
 1596 0065 08       		.uleb128 0x8
 1597 0066 13       		.uleb128 0x13
 1598 0067 01       		.byte	0x1
 1599 0068 0B       		.uleb128 0xb
 1600 0069 0B       		.uleb128 0xb
 1601 006a 3A       		.uleb128 0x3a
 1602 006b 0B       		.uleb128 0xb
 1603 006c 3B       		.uleb128 0x3b
 1604 006d 0B       		.uleb128 0xb
 1605 006e 01       		.uleb128 0x1
 1606 006f 13       		.uleb128 0x13
 1607 0070 00       		.byte	0
 1608 0071 00       		.byte	0
 1609 0072 09       		.uleb128 0x9
 1610 0073 0F       		.uleb128 0xf
 1611 0074 00       		.byte	0
 1612 0075 0B       		.uleb128 0xb
 1613 0076 0B       		.uleb128 0xb
 1614 0077 49       		.uleb128 0x49
 1615 0078 13       		.uleb128 0x13
 1616 0079 00       		.byte	0
 1617 007a 00       		.byte	0
 1618 007b 0A       		.uleb128 0xa
 1619 007c 0F       		.uleb128 0xf
 1620 007d 00       		.byte	0
 1621 007e 0B       		.uleb128 0xb
 1622 007f 0B       		.uleb128 0xb
 1623 0080 00       		.byte	0
 1624 0081 00       		.byte	0
 1625 0082 0B       		.uleb128 0xb
 1626 0083 35       		.uleb128 0x35
 1627 0084 00       		.byte	0
 1628 0085 49       		.uleb128 0x49
 1629 0086 13       		.uleb128 0x13
 1630 0087 00       		.byte	0
 1631 0088 00       		.byte	0
 1632 0089 0C       		.uleb128 0xc
 1633 008a 01       		.uleb128 0x1
 1634 008b 01       		.byte	0x1
 1635 008c 49       		.uleb128 0x49
 1636 008d 13       		.uleb128 0x13
 1637 008e 01       		.uleb128 0x1
 1638 008f 13       		.uleb128 0x13
ARM GAS  C:\Users\Rob\AppData\Local\Temp\cclBaAcT.s 			page 30


 1639 0090 00       		.byte	0
 1640 0091 00       		.byte	0
 1641 0092 0D       		.uleb128 0xd
 1642 0093 21       		.uleb128 0x21
 1643 0094 00       		.byte	0
 1644 0095 49       		.uleb128 0x49
 1645 0096 13       		.uleb128 0x13
 1646 0097 2F       		.uleb128 0x2f
 1647 0098 0B       		.uleb128 0xb
 1648 0099 00       		.byte	0
 1649 009a 00       		.byte	0
 1650 009b 0E       		.uleb128 0xe
 1651 009c 15       		.uleb128 0x15
 1652 009d 01       		.byte	0x1
 1653 009e 27       		.uleb128 0x27
 1654 009f 0C       		.uleb128 0xc
 1655 00a0 01       		.uleb128 0x1
 1656 00a1 13       		.uleb128 0x13
 1657 00a2 00       		.byte	0
 1658 00a3 00       		.byte	0
 1659 00a4 0F       		.uleb128 0xf
 1660 00a5 05       		.uleb128 0x5
 1661 00a6 00       		.byte	0
 1662 00a7 49       		.uleb128 0x49
 1663 00a8 13       		.uleb128 0x13
 1664 00a9 00       		.byte	0
 1665 00aa 00       		.byte	0
 1666 00ab 10       		.uleb128 0x10
 1667 00ac 17       		.uleb128 0x17
 1668 00ad 01       		.byte	0x1
 1669 00ae 0B       		.uleb128 0xb
 1670 00af 0B       		.uleb128 0xb
 1671 00b0 3A       		.uleb128 0x3a
 1672 00b1 0B       		.uleb128 0xb
 1673 00b2 3B       		.uleb128 0x3b
 1674 00b3 0B       		.uleb128 0xb
 1675 00b4 01       		.uleb128 0x1
 1676 00b5 13       		.uleb128 0x13
 1677 00b6 00       		.byte	0
 1678 00b7 00       		.byte	0
 1679 00b8 11       		.uleb128 0x11
 1680 00b9 0D       		.uleb128 0xd
 1681 00ba 00       		.byte	0
 1682 00bb 03       		.uleb128 0x3
 1683 00bc 0E       		.uleb128 0xe
 1684 00bd 3A       		.uleb128 0x3a
 1685 00be 0B       		.uleb128 0xb
 1686 00bf 3B       		.uleb128 0x3b
 1687 00c0 0B       		.uleb128 0xb
 1688 00c1 49       		.uleb128 0x49
 1689 00c2 13       		.uleb128 0x13
 1690 00c3 00       		.byte	0
 1691 00c4 00       		.byte	0
 1692 00c5 12       		.uleb128 0x12
 1693 00c6 26       		.uleb128 0x26
 1694 00c7 00       		.byte	0
 1695 00c8 49       		.uleb128 0x49
ARM GAS  C:\Users\Rob\AppData\Local\Temp\cclBaAcT.s 			page 31


 1696 00c9 13       		.uleb128 0x13
 1697 00ca 00       		.byte	0
 1698 00cb 00       		.byte	0
 1699 00cc 13       		.uleb128 0x13
 1700 00cd 15       		.uleb128 0x15
 1701 00ce 01       		.byte	0x1
 1702 00cf 27       		.uleb128 0x27
 1703 00d0 0C       		.uleb128 0xc
 1704 00d1 49       		.uleb128 0x49
 1705 00d2 13       		.uleb128 0x13
 1706 00d3 01       		.uleb128 0x1
 1707 00d4 13       		.uleb128 0x13
 1708 00d5 00       		.byte	0
 1709 00d6 00       		.byte	0
 1710 00d7 14       		.uleb128 0x14
 1711 00d8 2E       		.uleb128 0x2e
 1712 00d9 01       		.byte	0x1
 1713 00da 3F       		.uleb128 0x3f
 1714 00db 0C       		.uleb128 0xc
 1715 00dc 03       		.uleb128 0x3
 1716 00dd 0E       		.uleb128 0xe
 1717 00de 3A       		.uleb128 0x3a
 1718 00df 0B       		.uleb128 0xb
 1719 00e0 3B       		.uleb128 0x3b
 1720 00e1 0B       		.uleb128 0xb
 1721 00e2 27       		.uleb128 0x27
 1722 00e3 0C       		.uleb128 0xc
 1723 00e4 11       		.uleb128 0x11
 1724 00e5 01       		.uleb128 0x1
 1725 00e6 12       		.uleb128 0x12
 1726 00e7 01       		.uleb128 0x1
 1727 00e8 40       		.uleb128 0x40
 1728 00e9 06       		.uleb128 0x6
 1729 00ea 01       		.uleb128 0x1
 1730 00eb 13       		.uleb128 0x13
 1731 00ec 00       		.byte	0
 1732 00ed 00       		.byte	0
 1733 00ee 15       		.uleb128 0x15
 1734 00ef 05       		.uleb128 0x5
 1735 00f0 00       		.byte	0
 1736 00f1 03       		.uleb128 0x3
 1737 00f2 08       		.uleb128 0x8
 1738 00f3 3A       		.uleb128 0x3a
 1739 00f4 0B       		.uleb128 0xb
 1740 00f5 3B       		.uleb128 0x3b
 1741 00f6 0B       		.uleb128 0xb
 1742 00f7 49       		.uleb128 0x49
 1743 00f8 13       		.uleb128 0x13
 1744 00f9 02       		.uleb128 0x2
 1745 00fa 0A       		.uleb128 0xa
 1746 00fb 00       		.byte	0
 1747 00fc 00       		.byte	0
 1748 00fd 16       		.uleb128 0x16
 1749 00fe 34       		.uleb128 0x34
 1750 00ff 00       		.byte	0
 1751 0100 03       		.uleb128 0x3
 1752 0101 0E       		.uleb128 0xe
ARM GAS  C:\Users\Rob\AppData\Local\Temp\cclBaAcT.s 			page 32


 1753 0102 3A       		.uleb128 0x3a
 1754 0103 0B       		.uleb128 0xb
 1755 0104 3B       		.uleb128 0x3b
 1756 0105 0B       		.uleb128 0xb
 1757 0106 49       		.uleb128 0x49
 1758 0107 13       		.uleb128 0x13
 1759 0108 02       		.uleb128 0x2
 1760 0109 0A       		.uleb128 0xa
 1761 010a 00       		.byte	0
 1762 010b 00       		.byte	0
 1763 010c 17       		.uleb128 0x17
 1764 010d 0B       		.uleb128 0xb
 1765 010e 01       		.byte	0x1
 1766 010f 11       		.uleb128 0x11
 1767 0110 01       		.uleb128 0x1
 1768 0111 12       		.uleb128 0x12
 1769 0112 01       		.uleb128 0x1
 1770 0113 00       		.byte	0
 1771 0114 00       		.byte	0
 1772 0115 18       		.uleb128 0x18
 1773 0116 34       		.uleb128 0x34
 1774 0117 00       		.byte	0
 1775 0118 03       		.uleb128 0x3
 1776 0119 08       		.uleb128 0x8
 1777 011a 3A       		.uleb128 0x3a
 1778 011b 0B       		.uleb128 0xb
 1779 011c 3B       		.uleb128 0x3b
 1780 011d 0B       		.uleb128 0xb
 1781 011e 49       		.uleb128 0x49
 1782 011f 13       		.uleb128 0x13
 1783 0120 02       		.uleb128 0x2
 1784 0121 06       		.uleb128 0x6
 1785 0122 00       		.byte	0
 1786 0123 00       		.byte	0
 1787 0124 19       		.uleb128 0x19
 1788 0125 34       		.uleb128 0x34
 1789 0126 00       		.byte	0
 1790 0127 03       		.uleb128 0x3
 1791 0128 0E       		.uleb128 0xe
 1792 0129 3A       		.uleb128 0x3a
 1793 012a 0B       		.uleb128 0xb
 1794 012b 3B       		.uleb128 0x3b
 1795 012c 0B       		.uleb128 0xb
 1796 012d 49       		.uleb128 0x49
 1797 012e 13       		.uleb128 0x13
 1798 012f 3F       		.uleb128 0x3f
 1799 0130 0C       		.uleb128 0xc
 1800 0131 3C       		.uleb128 0x3c
 1801 0132 0C       		.uleb128 0xc
 1802 0133 00       		.byte	0
 1803 0134 00       		.byte	0
 1804 0135 1A       		.uleb128 0x1a
 1805 0136 34       		.uleb128 0x34
 1806 0137 00       		.byte	0
 1807 0138 03       		.uleb128 0x3
 1808 0139 0E       		.uleb128 0xe
 1809 013a 3A       		.uleb128 0x3a
ARM GAS  C:\Users\Rob\AppData\Local\Temp\cclBaAcT.s 			page 33


 1810 013b 0B       		.uleb128 0xb
 1811 013c 3B       		.uleb128 0x3b
 1812 013d 0B       		.uleb128 0xb
 1813 013e 49       		.uleb128 0x49
 1814 013f 13       		.uleb128 0x13
 1815 0140 3F       		.uleb128 0x3f
 1816 0141 0C       		.uleb128 0xc
 1817 0142 02       		.uleb128 0x2
 1818 0143 0A       		.uleb128 0xa
 1819 0144 00       		.byte	0
 1820 0145 00       		.byte	0
 1821 0146 00       		.byte	0
 1822              		.section	.debug_loc,"",%progbits
 1823              	.Ldebug_loc0:
 1824              	.LLST0:
 1825 0000 00000000 		.4byte	.LFB7
 1826 0004 02000000 		.4byte	.LCFI0
 1827 0008 0200     		.2byte	0x2
 1828 000a 7D       		.byte	0x7d
 1829 000b 00       		.sleb128 0
 1830 000c 02000000 		.4byte	.LCFI0
 1831 0010 14000000 		.4byte	.LFE7
 1832 0014 0200     		.2byte	0x2
 1833 0016 7D       		.byte	0x7d
 1834 0017 04       		.sleb128 4
 1835 0018 00000000 		.4byte	0
 1836 001c 00000000 		.4byte	0
 1837              	.LLST1:
 1838 0020 00000000 		.4byte	.LFB8
 1839 0024 02000000 		.4byte	.LCFI1
 1840 0028 0200     		.2byte	0x2
 1841 002a 7D       		.byte	0x7d
 1842 002b 00       		.sleb128 0
 1843 002c 02000000 		.4byte	.LCFI1
 1844 0030 08000000 		.4byte	.LCFI2
 1845 0034 0200     		.2byte	0x2
 1846 0036 7D       		.byte	0x7d
 1847 0037 04       		.sleb128 4
 1848 0038 08000000 		.4byte	.LCFI2
 1849 003c 74000000 		.4byte	.LFE8
 1850 0040 0200     		.2byte	0x2
 1851 0042 7D       		.byte	0x7d
 1852 0043 10       		.sleb128 16
 1853 0044 00000000 		.4byte	0
 1854 0048 00000000 		.4byte	0
 1855              	.LLST2:
 1856 004c 00000000 		.4byte	.LFB9
 1857 0050 02000000 		.4byte	.LCFI3
 1858 0054 0200     		.2byte	0x2
 1859 0056 7D       		.byte	0x7d
 1860 0057 00       		.sleb128 0
 1861 0058 02000000 		.4byte	.LCFI3
 1862 005c 54000000 		.4byte	.LFE9
 1863 0060 0200     		.2byte	0x2
 1864 0062 7D       		.byte	0x7d
 1865 0063 10       		.sleb128 16
 1866 0064 00000000 		.4byte	0
ARM GAS  C:\Users\Rob\AppData\Local\Temp\cclBaAcT.s 			page 34


 1867 0068 00000000 		.4byte	0
 1868              	.LLST3:
 1869 006c 2A000000 		.4byte	.LVL1
 1870 0070 30000000 		.4byte	.LVL2
 1871 0074 0200     		.2byte	0x2
 1872 0076 74       		.byte	0x74
 1873 0077 00       		.sleb128 0
 1874 0078 30000000 		.4byte	.LVL2
 1875 007c 3F000000 		.4byte	.LVL4-1
 1876 0080 0100     		.2byte	0x1
 1877 0082 52       		.byte	0x52
 1878 0083 44000000 		.4byte	.LVL5
 1879 0087 4A000000 		.4byte	.LVL6
 1880 008b 0200     		.2byte	0x2
 1881 008d 74       		.byte	0x74
 1882 008e 00       		.sleb128 0
 1883 008f 00000000 		.4byte	0
 1884 0093 00000000 		.4byte	0
 1885              	.LLST4:
 1886 0097 34000000 		.4byte	.LVL3
 1887 009b 3F000000 		.4byte	.LVL4-1
 1888 009f 0200     		.2byte	0x2
 1889 00a1 72       		.byte	0x72
 1890 00a2 0C       		.sleb128 12
 1891 00a3 00000000 		.4byte	0
 1892 00a7 00000000 		.4byte	0
 1893              		.section	.debug_aranges,"",%progbits
 1894 0000 2C000000 		.4byte	0x2c
 1895 0004 0200     		.2byte	0x2
 1896 0006 00000000 		.4byte	.Ldebug_info0
 1897 000a 04       		.byte	0x4
 1898 000b 00       		.byte	0
 1899 000c 0000     		.2byte	0
 1900 000e 0000     		.2byte	0
 1901 0010 00000000 		.4byte	.LFB7
 1902 0014 14000000 		.4byte	.LFE7-.LFB7
 1903 0018 00000000 		.4byte	.LFB8
 1904 001c 74000000 		.4byte	.LFE8-.LFB8
 1905 0020 00000000 		.4byte	.LFB9
 1906 0024 54000000 		.4byte	.LFE9-.LFB9
 1907 0028 00000000 		.4byte	0
 1908 002c 00000000 		.4byte	0
 1909              		.section	.debug_ranges,"",%progbits
 1910              	.Ldebug_ranges0:
 1911 0000 00000000 		.4byte	.LFB7
 1912 0004 14000000 		.4byte	.LFE7
 1913 0008 00000000 		.4byte	.LFB8
 1914 000c 74000000 		.4byte	.LFE8
 1915 0010 00000000 		.4byte	.LFB9
 1916 0014 54000000 		.4byte	.LFE9
 1917 0018 00000000 		.4byte	0
 1918 001c 00000000 		.4byte	0
 1919              		.section	.debug_line,"",%progbits
 1920              	.Ldebug_line0:
 1921 0000 99010000 		.section	.debug_str,"MS",%progbits,1
 1921      02003C01 
 1921      00000201 
ARM GAS  C:\Users\Rob\AppData\Local\Temp\cclBaAcT.s 			page 35


 1921      FB0E0D00 
 1921      01010101 
 1922              	.LASF90:
 1923 0000 7466756E 		.ascii	"tfunc_t\000"
 1923      635F7400 
 1924              	.LASF101:
 1925 0008 63665F6F 		.ascii	"cf_off_older\000"
 1925      66665F6F 
 1925      6C646572 
 1925      00
 1926              	.LASF38:
 1927 0015 705F6D73 		.ascii	"p_msg\000"
 1927      6700
 1928              	.LASF85:
 1929 001b 7264796D 		.ascii	"rdymsg\000"
 1929      736700
 1930              	.LASF12:
 1931 0022 75696E74 		.ascii	"uint64_t\000"
 1931      36345F74 
 1931      00
 1932              	.LASF64:
 1933 002b 434D785F 		.ascii	"CMx_SCB\000"
 1933      53434200 
 1934              	.LASF114:
 1935 0033 76746C69 		.ascii	"vtlist\000"
 1935      737400
 1936              	.LASF112:
 1937 003a 63685379 		.ascii	"chSysTimerHandlerI\000"
 1937      7354696D 
 1937      65724861 
 1937      6E646C65 
 1937      724900
 1938              	.LASF13:
 1939 004d 6C6F6E67 		.ascii	"long long unsigned int\000"
 1939      206C6F6E 
 1939      6720756E 
 1939      7369676E 
 1939      65642069 
 1940              	.LASF97:
 1941 0064 63685F74 		.ascii	"ch_threadsize\000"
 1941      68726561 
 1941      6473697A 
 1941      6500
 1942              	.LASF86:
 1943 0072 65786974 		.ascii	"exitcode\000"
 1943      636F6465 
 1943      00
 1944              	.LASF113:
 1945 007b 6D61696E 		.ascii	"mainthread\000"
 1945      74687265 
 1945      616400
 1946              	.LASF49:
 1947 0086 43505549 		.ascii	"CPUID\000"
 1947      4400
 1948              	.LASF26:
 1949 008c 705F7072 		.ascii	"p_prio\000"
 1949      696F00
ARM GAS  C:\Users\Rob\AppData\Local\Temp\cclBaAcT.s 			page 36


 1950              	.LASF104:
 1951 0093 63665F6F 		.ascii	"cf_off_state\000"
 1951      66665F73 
 1951      74617465 
 1951      00
 1952              	.LASF120:
 1953 00a0 433A5C55 		.ascii	"C:\\Users\\Rob\\Projects\\ECE411Practicum\\src\\vir"
 1953      73657273 
 1953      5C526F62 
 1953      5C50726F 
 1953      6A656374 
 1954 00cd 756C656E 		.ascii	"ulent\000"
 1954      7400
 1955              	.LASF11:
 1956 00d3 6C6F6E67 		.ascii	"long long int\000"
 1956      206C6F6E 
 1956      6720696E 
 1956      7400
 1957              	.LASF1:
 1958 00e1 7369676E 		.ascii	"signed char\000"
 1958      65642063 
 1958      68617200 
 1959              	.LASF103:
 1960 00ed 63665F6F 		.ascii	"cf_off_stklimit\000"
 1960      66665F73 
 1960      746B6C69 
 1960      6D697400 
 1961              	.LASF105:
 1962 00fd 63665F6F 		.ascii	"cf_off_flags\000"
 1962      66665F66 
 1962      6C616773 
 1962      00
 1963              	.LASF42:
 1964 010a 705F6D70 		.ascii	"p_mpool\000"
 1964      6F6F6C00 
 1965              	.LASF82:
 1966 0112 6D5F7175 		.ascii	"m_queue\000"
 1966      65756500 
 1967              	.LASF18:
 1968 011a 74736C69 		.ascii	"tslices_t\000"
 1968      6365735F 
 1968      7400
 1969              	.LASF8:
 1970 0124 6C6F6E67 		.ascii	"long int\000"
 1970      20696E74 
 1970      00
 1971              	.LASF16:
 1972 012d 74737461 		.ascii	"tstate_t\000"
 1972      74655F74 
 1972      00
 1973              	.LASF5:
 1974 0136 75696E74 		.ascii	"uint16_t\000"
 1974      31365F74 
 1974      00
 1975              	.LASF109:
 1976 013f 63686465 		.ascii	"chdebug_t\000"
 1976      6275675F 
ARM GAS  C:\Users\Rob\AppData\Local\Temp\cclBaAcT.s 			page 37


 1976      7400
 1977              	.LASF28:
 1978 0149 705F6E65 		.ascii	"p_newer\000"
 1978      77657200 
 1979              	.LASF117:
 1980 0151 5F69646C 		.ascii	"_idle_thread_wa\000"
 1980      655F7468 
 1980      72656164 
 1980      5F776100 
 1981              	.LASF59:
 1982 0161 42464152 		.ascii	"BFAR\000"
 1982      00
 1983              	.LASF77:
 1984 0166 725F6E65 		.ascii	"r_newer\000"
 1984      77657200 
 1985              	.LASF45:
 1986 016e 72656761 		.ascii	"regarm_t\000"
 1986      726D5F74 
 1986      00
 1987              	.LASF68:
 1988 0177 76745F70 		.ascii	"vt_prev\000"
 1988      72657600 
 1989              	.LASF111:
 1990 017f 63685379 		.ascii	"chSysInit\000"
 1990      73496E69 
 1990      7400
 1991              	.LASF0:
 1992 0189 756E7369 		.ascii	"unsigned int\000"
 1992      676E6564 
 1992      20696E74 
 1992      00
 1993              	.LASF67:
 1994 0196 76745F6E 		.ascii	"vt_next\000"
 1994      65787400 
 1995              	.LASF72:
 1996 019e 76745F73 		.ascii	"vt_systime\000"
 1996      79737469 
 1996      6D6500
 1997              	.LASF10:
 1998 01a9 6C6F6E67 		.ascii	"long unsigned int\000"
 1998      20756E73 
 1998      69676E65 
 1998      6420696E 
 1998      7400
 1999              	.LASF116:
 2000 01bb 63685F64 		.ascii	"ch_debug\000"
 2000      65627567 
 2000      00
 2001              	.LASF96:
 2002 01c4 63685F74 		.ascii	"ch_timesize\000"
 2002      696D6573 
 2002      697A6500 
 2003              	.LASF51:
 2004 01d0 56544F52 		.ascii	"VTOR\000"
 2004      00
 2005              	.LASF66:
 2006 01d5 56697274 		.ascii	"VirtualTimer\000"
ARM GAS  C:\Users\Rob\AppData\Local\Temp\cclBaAcT.s 			page 38


 2006      75616C54 
 2006      696D6572 
 2006      00
 2007              	.LASF48:
 2008 01e2 636F6E74 		.ascii	"context\000"
 2008      65787400 
 2009              	.LASF6:
 2010 01ea 73686F72 		.ascii	"short unsigned int\000"
 2010      7420756E 
 2010      7369676E 
 2010      65642069 
 2010      6E7400
 2011              	.LASF50:
 2012 01fd 49435352 		.ascii	"ICSR\000"
 2012      00
 2013              	.LASF20:
 2014 0202 6D73675F 		.ascii	"msg_t\000"
 2014      7400
 2015              	.LASF52:
 2016 0208 41495243 		.ascii	"AIRCR\000"
 2016      5200
 2017              	.LASF57:
 2018 020e 44465352 		.ascii	"DFSR\000"
 2018      00
 2019              	.LASF58:
 2020 0213 4D4D4641 		.ascii	"MMFAR\000"
 2020      5200
 2021              	.LASF15:
 2022 0219 746D6F64 		.ascii	"tmode_t\000"
 2022      655F7400 
 2023              	.LASF44:
 2024 0221 54687265 		.ascii	"ThreadsList\000"
 2024      6164734C 
 2024      69737400 
 2025              	.LASF21:
 2026 022d 6576656E 		.ascii	"eventmask_t\000"
 2026      746D6173 
 2026      6B5F7400 
 2027              	.LASF81:
 2028 0239 4D757465 		.ascii	"Mutex\000"
 2028      7800
 2029              	.LASF46:
 2030 023f 73746B61 		.ascii	"stkalign_t\000"
 2030      6C69676E 
 2030      5F7400
 2031              	.LASF92:
 2032 024a 63685F7A 		.ascii	"ch_zero\000"
 2032      65726F00 
 2033              	.LASF106:
 2034 0252 63665F6F 		.ascii	"cf_off_refs\000"
 2034      66665F72 
 2034      65667300 
 2035              	.LASF69:
 2036 025e 76745F74 		.ascii	"vt_time\000"
 2036      696D6500 
 2037              	.LASF70:
 2038 0266 76745F66 		.ascii	"vt_func\000"
ARM GAS  C:\Users\Rob\AppData\Local\Temp\cclBaAcT.s 			page 39


 2038      756E6300 
 2039              	.LASF55:
 2040 026e 43465352 		.ascii	"CFSR\000"
 2040      00
 2041              	.LASF102:
 2042 0273 63665F6F 		.ascii	"cf_off_name\000"
 2042      66665F6E 
 2042      616D6500 
 2043              	.LASF29:
 2044 027f 705F6F6C 		.ascii	"p_older\000"
 2044      64657200 
 2045              	.LASF76:
 2046 0287 725F6374 		.ascii	"r_ctx\000"
 2046      7800
 2047              	.LASF43:
 2048 028d 54687265 		.ascii	"ThreadsQueue\000"
 2048      61647351 
 2048      75657565 
 2048      00
 2049              	.LASF93:
 2050 029a 63685F73 		.ascii	"ch_size\000"
 2050      697A6500 
 2051              	.LASF91:
 2052 02a2 63685F69 		.ascii	"ch_identifier\000"
 2052      64656E74 
 2052      69666965 
 2052      7200
 2053              	.LASF79:
 2054 02b0 725F6375 		.ascii	"r_current\000"
 2054      7272656E 
 2054      7400
 2055              	.LASF78:
 2056 02ba 725F6F6C 		.ascii	"r_older\000"
 2056      64657200 
 2057              	.LASF110:
 2058 02c2 5F69646C 		.ascii	"_idle_thread\000"
 2058      655F7468 
 2058      72656164 
 2058      00
 2059              	.LASF17:
 2060 02cf 74726566 		.ascii	"trefs_t\000"
 2060      735F7400 
 2061              	.LASF95:
 2062 02d7 63685F70 		.ascii	"ch_ptrsize\000"
 2062      74727369 
 2062      7A6500
 2063              	.LASF25:
 2064 02e2 705F7072 		.ascii	"p_prev\000"
 2064      657600
 2065              	.LASF19:
 2066 02e9 74707269 		.ascii	"tprio_t\000"
 2066      6F5F7400 
 2067              	.LASF14:
 2068 02f1 5F426F6F 		.ascii	"_Bool\000"
 2068      6C00
 2069              	.LASF7:
 2070 02f7 696E7433 		.ascii	"int32_t\000"
ARM GAS  C:\Users\Rob\AppData\Local\Temp\cclBaAcT.s 			page 40


 2070      325F7400 
 2071              	.LASF2:
 2072 02ff 756E7369 		.ascii	"unsigned char\000"
 2072      676E6564 
 2072      20636861 
 2072      7200
 2073              	.LASF54:
 2074 030d 53484353 		.ascii	"SHCSR\000"
 2074      5200
 2075              	.LASF40:
 2076 0313 705F6D74 		.ascii	"p_mtxlist\000"
 2076      786C6973 
 2076      7400
 2077              	.LASF3:
 2078 031d 73686F72 		.ascii	"short int\000"
 2078      7420696E 
 2078      7400
 2079              	.LASF31:
 2080 0327 705F7374 		.ascii	"p_state\000"
 2080      61746500 
 2081              	.LASF34:
 2082 032f 705F7072 		.ascii	"p_preempt\000"
 2082      65656D70 
 2082      7400
 2083              	.LASF108:
 2084 0339 63665F6F 		.ascii	"cf_off_time\000"
 2084      66665F74 
 2084      696D6500 
 2085              	.LASF75:
 2086 0345 725F7072 		.ascii	"r_prio\000"
 2086      696F00
 2087              	.LASF88:
 2088 034c 65776D61 		.ascii	"ewmask\000"
 2088      736B00
 2089              	.LASF24:
 2090 0353 705F6E65 		.ascii	"p_next\000"
 2090      787400
 2091              	.LASF107:
 2092 035a 63665F6F 		.ascii	"cf_off_preempt\000"
 2092      66665F70 
 2092      7265656D 
 2092      707400
 2093              	.LASF32:
 2094 0369 705F666C 		.ascii	"p_flags\000"
 2094      61677300 
 2095              	.LASF23:
 2096 0371 54687265 		.ascii	"Thread\000"
 2096      616400
 2097              	.LASF100:
 2098 0378 63665F6F 		.ascii	"cf_off_newer\000"
 2098      66665F6E 
 2098      65776572 
 2098      00
 2099              	.LASF39:
 2100 0385 705F6570 		.ascii	"p_epending\000"
 2100      656E6469 
 2100      6E6700
ARM GAS  C:\Users\Rob\AppData\Local\Temp\cclBaAcT.s 			page 41


 2101              	.LASF9:
 2102 0390 75696E74 		.ascii	"uint32_t\000"
 2102      33325F74 
 2102      00
 2103              	.LASF98:
 2104 0399 63665F6F 		.ascii	"cf_off_prio\000"
 2104      66665F70 
 2104      72696F00 
 2105              	.LASF74:
 2106 03a5 725F7175 		.ascii	"r_queue\000"
 2106      65756500 
 2107              	.LASF60:
 2108 03ad 41465352 		.ascii	"AFSR\000"
 2108      00
 2109              	.LASF62:
 2110 03b2 756E7573 		.ascii	"unused1\000"
 2110      65643100 
 2111              	.LASF118:
 2112 03ba 474E5520 		.ascii	"GNU C 4.6.2\000"
 2112      4320342E 
 2112      362E3200 
 2113              	.LASF89:
 2114 03c6 63686172 		.ascii	"char\000"
 2114      00
 2115              	.LASF84:
 2116 03cb 6D5F6E65 		.ascii	"m_next\000"
 2116      787400
 2117              	.LASF22:
 2118 03d2 73797374 		.ascii	"systime_t\000"
 2118      696D655F 
 2118      7400
 2119              	.LASF41:
 2120 03dc 705F7265 		.ascii	"p_realprio\000"
 2120      616C7072 
 2120      696F00
 2121              	.LASF65:
 2122 03e7 76746675 		.ascii	"vtfunc_t\000"
 2122      6E635F74 
 2122      00
 2123              	.LASF35:
 2124 03f0 705F7469 		.ascii	"p_time\000"
 2124      6D6500
 2125              	.LASF53:
 2126 03f7 53485052 		.ascii	"SHPR\000"
 2126      00
 2127              	.LASF47:
 2128 03fc 696E7463 		.ascii	"intctx\000"
 2128      747800
 2129              	.LASF37:
 2130 0403 705F6D73 		.ascii	"p_msgqueue\000"
 2130      67717565 
 2130      756500
 2131              	.LASF71:
 2132 040e 76745F70 		.ascii	"vt_par\000"
 2132      617200
 2133              	.LASF99:
 2134 0415 63665F6F 		.ascii	"cf_off_ctx\000"
ARM GAS  C:\Users\Rob\AppData\Local\Temp\cclBaAcT.s 			page 42


 2134      66665F63 
 2134      747800
 2135              	.LASF33:
 2136 0420 705F7265 		.ascii	"p_refs\000"
 2136      667300
 2137              	.LASF80:
 2138 0427 52656164 		.ascii	"ReadyList\000"
 2138      794C6973 
 2138      7400
 2139              	.LASF61:
 2140 0431 4D4D4652 		.ascii	"MMFR\000"
 2140      00
 2141              	.LASF115:
 2142 0436 726C6973 		.ascii	"rlist\000"
 2142      7400
 2143              	.LASF119:
 2144 043c 2E2E2F2E 		.ascii	"../../os/kernel/src/chsys.c\000"
 2144      2E2F6F73 
 2144      2F6B6572 
 2144      6E656C2F 
 2144      7372632F 
 2145              	.LASF4:
 2146 0458 75696E74 		.ascii	"uint8_t\000"
 2146      385F7400 
 2147              	.LASF87:
 2148 0460 77746F62 		.ascii	"wtobjp\000"
 2148      6A7000
 2149              	.LASF30:
 2150 0467 705F6E61 		.ascii	"p_name\000"
 2150      6D6500
 2151              	.LASF94:
 2152 046e 63685F76 		.ascii	"ch_version\000"
 2152      65727369 
 2152      6F6E00
 2153              	.LASF73:
 2154 0479 56544C69 		.ascii	"VTList\000"
 2154      737400
 2155              	.LASF63:
 2156 0480 43504143 		.ascii	"CPACR\000"
 2156      5200
 2157              	.LASF56:
 2158 0486 48465352 		.ascii	"HFSR\000"
 2158      00
 2159              	.LASF83:
 2160 048b 6D5F6F77 		.ascii	"m_owner\000"
 2160      6E657200 
 2161              	.LASF27:
 2162 0493 705F6374 		.ascii	"p_ctx\000"
 2162      7800
 2163              	.LASF36:
 2164 0499 705F7761 		.ascii	"p_waiting\000"
 2164      6974696E 
 2164      6700
 2165              		.ident	"GCC: (GNU) 4.6.2"
ARM GAS  C:\Users\Rob\AppData\Local\Temp\cclBaAcT.s 			page 43


DEFINED SYMBOLS
                            *ABS*:00000000 chsys.c
C:\Users\Rob\AppData\Local\Temp\cclBaAcT.s:17     .text._idle_thread:00000000 $t
C:\Users\Rob\AppData\Local\Temp\cclBaAcT.s:23     .text._idle_thread:00000000 _idle_thread
C:\Users\Rob\AppData\Local\Temp\cclBaAcT.s:43     .text._idle_thread:0000000c $d
C:\Users\Rob\AppData\Local\Temp\cclBaAcT.s:49     .text.chSysInit:00000000 $t
C:\Users\Rob\AppData\Local\Temp\cclBaAcT.s:55     .text.chSysInit:00000000 chSysInit
C:\Users\Rob\AppData\Local\Temp\cclBaAcT.s:123    .text.chSysInit:00000058 $d
C:\Users\Rob\AppData\Local\Temp\cclBaAcT.s:134    .text.chSysTimerHandlerI:00000000 $t
C:\Users\Rob\AppData\Local\Temp\cclBaAcT.s:140    .text.chSysTimerHandlerI:00000000 chSysTimerHandlerI
C:\Users\Rob\AppData\Local\Temp\cclBaAcT.s:220    .text.chSysTimerHandlerI:0000004c $d
C:\Users\Rob\AppData\Local\Temp\cclBaAcT.s:242    .bss._idle_thread_wa:00000000 _idle_thread_wa
C:\Users\Rob\AppData\Local\Temp\cclBaAcT.s:227    .bss.mainthread.1982:00000000 $d
C:\Users\Rob\AppData\Local\Temp\cclBaAcT.s:231    .bss.mainthread.1982:00000000 mainthread.1982
C:\Users\Rob\AppData\Local\Temp\cclBaAcT.s:234    .rodata.str1.4:00000000 $d
C:\Users\Rob\AppData\Local\Temp\cclBaAcT.s:238    .bss._idle_thread_wa:00000000 $d
                     .debug_frame:00000010 $d
C:\Users\Rob\AppData\Local\Temp\cclBaAcT.s:48     .text._idle_thread:00000014 $t
C:\Users\Rob\AppData\Local\Temp\cclBaAcT.s:133    .text.chSysInit:00000074 $t
C:\Users\Rob\AppData\Local\Temp\cclBaAcT.s:226    .text.chSysTimerHandlerI:00000054 $t

UNDEFINED SYMBOLS
rlist
nvicSetSystemHandlerPriority
_scheduler_init
_vt_init
_core_init
_heap_init
_thread_init
chThdCreateStatic
ch_debug
vtlist
