ARM GAS  C:\Users\Rob\AppData\Local\Temp\ccUE54Gn.s 			page 1


   1              		.cpu cortex-m0
   2              		.fpu softvfp
   3              		.eabi_attribute 20, 1
   4              		.eabi_attribute 21, 1
   5              		.eabi_attribute 23, 3
   6              		.eabi_attribute 24, 1
   7              		.eabi_attribute 25, 1
   8              		.eabi_attribute 26, 1
   9              		.eabi_attribute 30, 2
  10              		.eabi_attribute 18, 4
  11              		.code	16
  12              		.file	"chvt.c"
  13              		.text
  14              	.Ltext0:
  15              		.cfi_sections	.debug_frame
  16              		.section	.text._vt_init,"ax",%progbits
  17              		.align	2
  18              		.p2align 4,,15
  19              		.global	_vt_init
  20              		.code	16
  21              		.thumb_func
  22              		.type	_vt_init, %function
  23              	_vt_init:
  24              	.LFB7:
  25              		.file 1 "../../os/kernel/src/chvt.c"
  26              		.loc 1 43 0
  27              		.cfi_startproc
  28              		.loc 1 45 0
  29 0000 044B     		ldr	r3, .L2
  30              		.loc 1 46 0
  31 0002 0122     		mov	r2, #1
  32 0004 5242     		neg	r2, r2
  33 0006 9A60     		str	r2, [r3, #8]
  34              		.loc 1 47 0
  35 0008 0022     		mov	r2, #0
  36              		.loc 1 45 0
  37 000a 5B60     		str	r3, [r3, #4]
  38 000c 1B60     		str	r3, [r3]
  39              		.loc 1 47 0
  40 000e DA60     		str	r2, [r3, #12]
  41              		.loc 1 48 0
  42              		@ sp needed for prologue
  43 0010 7047     		bx	lr
  44              	.L3:
  45 0012 C046     		.align	2
  46              	.L2:
  47 0014 00000000 		.word	.LANCHOR0
  48              		.cfi_endproc
  49              	.LFE7:
  50              		.size	_vt_init, .-_vt_init
  51 0018 C046C046 		.section	.text.chVTSetI,"ax",%progbits
  51      C046C046 
  52              		.align	2
  53              		.p2align 4,,15
  54              		.global	chVTSetI
  55              		.code	16
  56              		.thumb_func
ARM GAS  C:\Users\Rob\AppData\Local\Temp\ccUE54Gn.s 			page 2


  57              		.type	chVTSetI, %function
  58              	chVTSetI:
  59              	.LFB8:
  60              		.loc 1 69 0
  61              		.cfi_startproc
  62 0000 10B5     		push	{r4, lr}
  63              	.LCFI0:
  64              		.cfi_def_cfa_offset 8
  65              		.cfi_offset 4, -8
  66              		.cfi_offset 14, -4
  67              	.LVL0:
  68              		.loc 1 78 0
  69 0002 0C4C     		ldr	r4, .L11
  70              		.loc 1 76 0
  71 0004 0361     		str	r3, [r0, #16]
  72              		.loc 1 78 0
  73 0006 2368     		ldr	r3, [r4]
  74              	.LVL1:
  75              		.loc 1 77 0
  76 0008 C260     		str	r2, [r0, #12]
  77              		.loc 1 79 0
  78 000a 9A68     		ldr	r2, [r3, #8]
  79              	.LVL2:
  80 000c 9142     		cmp	r1, r2
  81 000e 04D9     		bls	.L5
  82              	.LVL3:
  83              	.L8:
  84              		.loc 1 81 0
  85 0010 1B68     		ldr	r3, [r3]
  86              	.LVL4:
  87              		.loc 1 80 0
  88 0012 891A     		sub	r1, r1, r2
  89              	.LVL5:
  90              		.loc 1 79 0
  91 0014 9A68     		ldr	r2, [r3, #8]
  92 0016 8A42     		cmp	r2, r1
  93 0018 FAD3     		bcc	.L8
  94              	.L5:
  95              		.loc 1 84 0
  96 001a 5A68     		ldr	r2, [r3, #4]
  97 001c 0360     		str	r3, [r0]
  98 001e 4260     		str	r2, [r0, #4]
  99              		.loc 1 85 0
 100 0020 1060     		str	r0, [r2]
 101 0022 5860     		str	r0, [r3, #4]
 102              		.loc 1 86 0
 103 0024 8160     		str	r1, [r0, #8]
 104              		.loc 1 87 0
 105 0026 A342     		cmp	r3, r4
 106 0028 02D0     		beq	.L4
 107              		.loc 1 88 0
 108 002a 9A68     		ldr	r2, [r3, #8]
 109 002c 511A     		sub	r1, r2, r1
 110              	.LVL6:
 111 002e 9960     		str	r1, [r3, #8]
 112              	.L4:
 113              		.loc 1 89 0
ARM GAS  C:\Users\Rob\AppData\Local\Temp\ccUE54Gn.s 			page 3


 114              		@ sp needed for prologue
 115 0030 10BD     		pop	{r4, pc}
 116              	.L12:
 117 0032 C046     		.align	2
 118              	.L11:
 119 0034 00000000 		.word	.LANCHOR0
 120              		.cfi_endproc
 121              	.LFE8:
 122              		.size	chVTSetI, .-chVTSetI
 123 0038 C046C046 		.section	.text.chVTResetI,"ax",%progbits
 123      C046C046 
 124              		.align	2
 125              		.p2align 4,,15
 126              		.global	chVTResetI
 127              		.code	16
 128              		.thumb_func
 129              		.type	chVTResetI, %function
 130              	chVTResetI:
 131              	.LFB9:
 132              		.loc 1 99 0
 133              		.cfi_startproc
 134 0000 00B5     		push	{lr}
 135              	.LCFI1:
 136              		.cfi_def_cfa_offset 4
 137              		.cfi_offset 14, -4
 138              	.LVL7:
 139              		.loc 1 107 0
 140 0002 0368     		ldr	r3, [r0]
 141 0004 064A     		ldr	r2, .L15
 142 0006 9342     		cmp	r3, r2
 143 0008 03D0     		beq	.L14
 144              		.loc 1 108 0
 145 000a 9968     		ldr	r1, [r3, #8]
 146 000c 8268     		ldr	r2, [r0, #8]
 147 000e 8A18     		add	r2, r1, r2
 148 0010 9A60     		str	r2, [r3, #8]
 149              	.L14:
 150              		.loc 1 109 0
 151 0012 4268     		ldr	r2, [r0, #4]
 152              		.loc 1 112 0
 153              		@ sp needed for prologue
 154              		.loc 1 109 0
 155 0014 1360     		str	r3, [r2]
 156              		.loc 1 110 0
 157 0016 0368     		ldr	r3, [r0]
 158 0018 5A60     		str	r2, [r3, #4]
 159              		.loc 1 111 0
 160 001a 0023     		mov	r3, #0
 161 001c C360     		str	r3, [r0, #12]
 162              		.loc 1 112 0
 163 001e 00BD     		pop	{pc}
 164              	.L16:
 165              		.align	2
 166              	.L15:
 167 0020 00000000 		.word	.LANCHOR0
 168              		.cfi_endproc
 169              	.LFE9:
ARM GAS  C:\Users\Rob\AppData\Local\Temp\ccUE54Gn.s 			page 4


 170              		.size	chVTResetI, .-chVTResetI
 171 0024 C046C046 		.section	.text.chTimeIsWithin,"ax",%progbits
 171      C046C046 
 171      C046C046 
 172              		.align	2
 173              		.p2align 4,,15
 174              		.global	chTimeIsWithin
 175              		.code	16
 176              		.thumb_func
 177              		.type	chTimeIsWithin, %function
 178              	chTimeIsWithin:
 179              	.LFB10:
 180              		.loc 1 127 0
 181              		.cfi_startproc
 182 0000 00B5     		push	{lr}
 183              	.LCFI2:
 184              		.cfi_def_cfa_offset 4
 185              		.cfi_offset 14, -4
 186              	.LVL8:
 187              		.loc 1 129 0
 188 0002 0B4B     		ldr	r3, .L21
 189 0004 DB68     		ldr	r3, [r3, #12]
 190              	.LVL9:
 191              		.loc 1 130 0
 192 0006 8142     		cmp	r1, r0
 193 0008 08D8     		bhi	.L20
 194              		.loc 1 131 0 discriminator 2
 195 000a 8B42     		cmp	r3, r1
 196 000c 8941     		sbc	r1, r1, r1
 197              	.LVL10:
 198 000e 4942     		neg	r1, r1
 199 0010 0022     		mov	r2, #0
 200 0012 8342     		cmp	r3, r0
 201 0014 5241     		adc	r2, r2, r2
 202              		.loc 1 130 0 discriminator 2
 203 0016 081C     		mov	r0, r1
 204              	.LVL11:
 205 0018 1043     		orr	r0, r2
 206              	.L19:
 207              		.loc 1 132 0 discriminator 3
 208              		@ sp needed for prologue
 209 001a 00BD     		pop	{pc}
 210              	.LVL12:
 211              	.L20:
 212              		.loc 1 130 0 discriminator 1
 213 001c 0022     		mov	r2, #0
 214 001e 8B42     		cmp	r3, r1
 215 0020 8941     		sbc	r1, r1, r1
 216              	.LVL13:
 217 0022 8342     		cmp	r3, r0
 218 0024 5241     		adc	r2, r2, r2
 219 0026 4942     		neg	r1, r1
 220 0028 101C     		mov	r0, r2
 221              	.LVL14:
 222 002a 0840     		and	r0, r1
 223 002c F5E7     		b	.L19
 224              	.L22:
ARM GAS  C:\Users\Rob\AppData\Local\Temp\ccUE54Gn.s 			page 5


 225 002e C046     		.align	2
 226              	.L21:
 227 0030 00000000 		.word	.LANCHOR0
 228              		.cfi_endproc
 229              	.LFE10:
 230              		.size	chTimeIsWithin, .-chTimeIsWithin
 231              		.global	vtlist
 232 0034 C046C046 		.section	.bss.vtlist,"aw",%nobits
 232      C046C046 
 232      C046C046 
 233              		.align	2
 234              		.set	.LANCHOR0,. + 0
 235              		.type	vtlist, %object
 236              		.size	vtlist, 16
 237              	vtlist:
 238 0000 00000000 		.space	16
 238      00000000 
 238      00000000 
 238      00000000 
 239              		.text
 240              	.Letext0:
 241              		.file 2 "c:/yagarto/lib/gcc/../../arm-none-eabi/sys-include/stdint.h"
 242              		.file 3 "../../os/ports/GCC/ARMCMx/chtypes.h"
 243              		.file 4 "../../os/kernel/include/chvt.h"
 244              		.section	.debug_info,"",%progbits
 245              	.Ldebug_info0:
 246 0000 73020000 		.4byte	0x273
 247 0004 0200     		.2byte	0x2
 248 0006 00000000 		.4byte	.Ldebug_abbrev0
 249 000a 04       		.byte	0x4
 250 000b 01       		.uleb128 0x1
 251 000c 2C010000 		.4byte	.LASF29
 252 0010 01       		.byte	0x1
 253 0011 EF000000 		.4byte	.LASF30
 254 0015 70000000 		.4byte	.LASF31
 255 0019 00000000 		.4byte	0
 256 001d 00000000 		.4byte	0
 257 0021 00000000 		.4byte	.Ldebug_ranges0+0
 258 0025 00000000 		.4byte	.Ldebug_line0
 259 0029 02       		.uleb128 0x2
 260 002a 04       		.byte	0x4
 261 002b 05       		.byte	0x5
 262 002c 696E7400 		.ascii	"int\000"
 263 0030 03       		.uleb128 0x3
 264 0031 04       		.byte	0x4
 265 0032 07       		.byte	0x7
 266 0033 A3000000 		.4byte	.LASF0
 267 0037 03       		.uleb128 0x3
 268 0038 01       		.byte	0x1
 269 0039 06       		.byte	0x6
 270 003a 6B010000 		.4byte	.LASF1
 271 003e 03       		.uleb128 0x3
 272 003f 01       		.byte	0x1
 273 0040 08       		.byte	0x8
 274 0041 62000000 		.4byte	.LASF2
 275 0045 03       		.uleb128 0x3
 276 0046 02       		.byte	0x2
ARM GAS  C:\Users\Rob\AppData\Local\Temp\ccUE54Gn.s 			page 6


 277 0047 05       		.byte	0x5
 278 0048 38010000 		.4byte	.LASF3
 279 004c 03       		.uleb128 0x3
 280 004d 02       		.byte	0x2
 281 004e 07       		.byte	0x7
 282 004f 42000000 		.4byte	.LASF4
 283 0053 03       		.uleb128 0x3
 284 0054 04       		.byte	0x4
 285 0055 05       		.byte	0x5
 286 0056 62010000 		.4byte	.LASF5
 287 005a 04       		.uleb128 0x4
 288 005b 59010000 		.4byte	.LASF9
 289 005f 02       		.byte	0x2
 290 0060 50       		.byte	0x50
 291 0061 65000000 		.4byte	0x65
 292 0065 03       		.uleb128 0x3
 293 0066 04       		.byte	0x4
 294 0067 07       		.byte	0x7
 295 0068 30000000 		.4byte	.LASF6
 296 006c 03       		.uleb128 0x3
 297 006d 08       		.byte	0x8
 298 006e 05       		.byte	0x5
 299 006f 0A010000 		.4byte	.LASF7
 300 0073 03       		.uleb128 0x3
 301 0074 08       		.byte	0x8
 302 0075 07       		.byte	0x7
 303 0076 B0000000 		.4byte	.LASF8
 304 007a 04       		.uleb128 0x4
 305 007b 19000000 		.4byte	.LASF10
 306 007f 03       		.byte	0x3
 307 0080 24       		.byte	0x24
 308 0081 85000000 		.4byte	0x85
 309 0085 03       		.uleb128 0x3
 310 0086 01       		.byte	0x1
 311 0087 02       		.byte	0x2
 312 0088 91010000 		.4byte	.LASF11
 313 008c 04       		.uleb128 0x4
 314 008d 09000000 		.4byte	.LASF12
 315 0091 03       		.byte	0x3
 316 0092 2E       		.byte	0x2e
 317 0093 5A000000 		.4byte	0x5a
 318 0097 05       		.uleb128 0x5
 319 0098 04       		.byte	0x4
 320 0099 04       		.uleb128 0x4
 321 009a 27000000 		.4byte	.LASF13
 322 009e 04       		.byte	0x4
 323 009f 51       		.byte	0x51
 324 00a0 A4000000 		.4byte	0xa4
 325 00a4 06       		.uleb128 0x6
 326 00a5 04       		.byte	0x4
 327 00a6 AA000000 		.4byte	0xaa
 328 00aa 07       		.uleb128 0x7
 329 00ab 01       		.byte	0x1
 330 00ac B6000000 		.4byte	0xb6
 331 00b0 08       		.uleb128 0x8
 332 00b1 97000000 		.4byte	0x97
 333 00b5 00       		.byte	0
ARM GAS  C:\Users\Rob\AppData\Local\Temp\ccUE54Gn.s 			page 7


 334 00b6 04       		.uleb128 0x4
 335 00b7 55000000 		.4byte	.LASF14
 336 00bb 04       		.byte	0x4
 337 00bc 56       		.byte	0x56
 338 00bd C1000000 		.4byte	0xc1
 339 00c1 09       		.uleb128 0x9
 340 00c2 55000000 		.4byte	.LASF14
 341 00c6 14       		.byte	0x14
 342 00c7 04       		.byte	0x4
 343 00c8 5D       		.byte	0x5d
 344 00c9 14010000 		.4byte	0x114
 345 00cd 0A       		.uleb128 0xa
 346 00ce 7E010000 		.4byte	.LASF15
 347 00d2 04       		.byte	0x4
 348 00d3 5E       		.byte	0x5e
 349 00d4 14010000 		.4byte	0x114
 350 00d8 02       		.byte	0x2
 351 00d9 23       		.byte	0x23
 352 00da 00       		.uleb128 0
 353 00db 0A       		.uleb128 0xa
 354 00dc 51010000 		.4byte	.LASF16
 355 00e0 04       		.byte	0x4
 356 00e1 60       		.byte	0x60
 357 00e2 14010000 		.4byte	0x114
 358 00e6 02       		.byte	0x2
 359 00e7 23       		.byte	0x23
 360 00e8 04       		.uleb128 0x4
 361 00e9 0A       		.uleb128 0xa
 362 00ea D3000000 		.4byte	.LASF17
 363 00ee 04       		.byte	0x4
 364 00ef 62       		.byte	0x62
 365 00f0 8C000000 		.4byte	0x8c
 366 00f4 02       		.byte	0x2
 367 00f5 23       		.byte	0x23
 368 00f6 08       		.uleb128 0x8
 369 00f7 0A       		.uleb128 0xa
 370 00f8 18010000 		.4byte	.LASF18
 371 00fc 04       		.byte	0x4
 372 00fd 63       		.byte	0x63
 373 00fe 99000000 		.4byte	0x99
 374 0102 02       		.byte	0x2
 375 0103 23       		.byte	0x23
 376 0104 0C       		.uleb128 0xc
 377 0105 0A       		.uleb128 0xa
 378 0106 20000000 		.4byte	.LASF19
 379 010a 04       		.byte	0x4
 380 010b 65       		.byte	0x65
 381 010c 97000000 		.4byte	0x97
 382 0110 02       		.byte	0x2
 383 0111 23       		.byte	0x23
 384 0112 10       		.uleb128 0x10
 385 0113 00       		.byte	0
 386 0114 06       		.uleb128 0x6
 387 0115 04       		.byte	0x4
 388 0116 B6000000 		.4byte	0xb6
 389 011a 0B       		.uleb128 0xb
 390 011b 10       		.byte	0x10
ARM GAS  C:\Users\Rob\AppData\Local\Temp\ccUE54Gn.s 			page 8


 391 011c 04       		.byte	0x4
 392 011d 6F       		.byte	0x6f
 393 011e 5B010000 		.4byte	0x15b
 394 0122 0A       		.uleb128 0xa
 395 0123 7E010000 		.4byte	.LASF15
 396 0127 04       		.byte	0x4
 397 0128 70       		.byte	0x70
 398 0129 14010000 		.4byte	0x114
 399 012d 02       		.byte	0x2
 400 012e 23       		.byte	0x23
 401 012f 00       		.uleb128 0
 402 0130 0A       		.uleb128 0xa
 403 0131 51010000 		.4byte	.LASF16
 404 0135 04       		.byte	0x4
 405 0136 72       		.byte	0x72
 406 0137 14010000 		.4byte	0x114
 407 013b 02       		.byte	0x2
 408 013c 23       		.byte	0x23
 409 013d 04       		.uleb128 0x4
 410 013e 0A       		.uleb128 0xa
 411 013f D3000000 		.4byte	.LASF17
 412 0143 04       		.byte	0x4
 413 0144 74       		.byte	0x74
 414 0145 8C000000 		.4byte	0x8c
 415 0149 02       		.byte	0x2
 416 014a 23       		.byte	0x23
 417 014b 08       		.uleb128 0x8
 418 014c 0A       		.uleb128 0xa
 419 014d E4000000 		.4byte	.LASF20
 420 0151 04       		.byte	0x4
 421 0152 75       		.byte	0x75
 422 0153 5B010000 		.4byte	0x15b
 423 0157 02       		.byte	0x2
 424 0158 23       		.byte	0x23
 425 0159 0C       		.uleb128 0xc
 426 015a 00       		.byte	0
 427 015b 0C       		.uleb128 0xc
 428 015c 8C000000 		.4byte	0x8c
 429 0160 04       		.uleb128 0x4
 430 0161 77010000 		.4byte	.LASF21
 431 0165 04       		.byte	0x4
 432 0166 76       		.byte	0x76
 433 0167 1A010000 		.4byte	0x11a
 434 016b 03       		.uleb128 0x3
 435 016c 01       		.byte	0x1
 436 016d 08       		.byte	0x8
 437 016e 27010000 		.4byte	.LASF22
 438 0172 0D       		.uleb128 0xd
 439 0173 01       		.byte	0x1
 440 0174 DB000000 		.4byte	.LASF32
 441 0178 01       		.byte	0x1
 442 0179 2B       		.byte	0x2b
 443 017a 01       		.byte	0x1
 444 017b 00000000 		.4byte	.LFB7
 445 017f 18000000 		.4byte	.LFE7
 446 0183 02       		.byte	0x2
 447 0184 7D       		.byte	0x7d
ARM GAS  C:\Users\Rob\AppData\Local\Temp\ccUE54Gn.s 			page 9


 448 0185 00       		.sleb128 0
 449 0186 0E       		.uleb128 0xe
 450 0187 01       		.byte	0x1
 451 0188 00000000 		.4byte	.LASF25
 452 018c 01       		.byte	0x1
 453 018d 45       		.byte	0x45
 454 018e 01       		.byte	0x1
 455 018f 00000000 		.4byte	.LFB8
 456 0193 38000000 		.4byte	.LFE8
 457 0197 00000000 		.4byte	.LLST0
 458 019b E7010000 		.4byte	0x1e7
 459 019f 0F       		.uleb128 0xf
 460 01a0 76747000 		.ascii	"vtp\000"
 461 01a4 01       		.byte	0x1
 462 01a5 45       		.byte	0x45
 463 01a6 14010000 		.4byte	0x114
 464 01aa 01       		.byte	0x1
 465 01ab 50       		.byte	0x50
 466 01ac 10       		.uleb128 0x10
 467 01ad CE000000 		.4byte	.LASF23
 468 01b1 01       		.byte	0x1
 469 01b2 45       		.byte	0x45
 470 01b3 8C000000 		.4byte	0x8c
 471 01b7 20000000 		.4byte	.LLST1
 472 01bb 10       		.uleb128 0x10
 473 01bc 20010000 		.4byte	.LASF24
 474 01c0 01       		.byte	0x1
 475 01c1 45       		.byte	0x45
 476 01c2 99000000 		.4byte	0x99
 477 01c6 3F000000 		.4byte	.LLST2
 478 01ca 11       		.uleb128 0x11
 479 01cb 70617200 		.ascii	"par\000"
 480 01cf 01       		.byte	0x1
 481 01d0 45       		.byte	0x45
 482 01d1 97000000 		.4byte	0x97
 483 01d5 5E000000 		.4byte	.LLST3
 484 01d9 12       		.uleb128 0x12
 485 01da 7000     		.ascii	"p\000"
 486 01dc 01       		.byte	0x1
 487 01dd 46       		.byte	0x46
 488 01de 14010000 		.4byte	0x114
 489 01e2 7D000000 		.4byte	.LLST4
 490 01e6 00       		.byte	0
 491 01e7 0E       		.uleb128 0xe
 492 01e8 01       		.byte	0x1
 493 01e9 86010000 		.4byte	.LASF26
 494 01ed 01       		.byte	0x1
 495 01ee 63       		.byte	0x63
 496 01ef 01       		.byte	0x1
 497 01f0 00000000 		.4byte	.LFB9
 498 01f4 24000000 		.4byte	.LFE9
 499 01f8 AA000000 		.4byte	.LLST5
 500 01fc 0E020000 		.4byte	0x20e
 501 0200 0F       		.uleb128 0xf
 502 0201 76747000 		.ascii	"vtp\000"
 503 0205 01       		.byte	0x1
 504 0206 63       		.byte	0x63
ARM GAS  C:\Users\Rob\AppData\Local\Temp\ccUE54Gn.s 			page 10


 505 0207 14010000 		.4byte	0x114
 506 020b 01       		.byte	0x1
 507 020c 50       		.byte	0x50
 508 020d 00       		.byte	0
 509 020e 13       		.uleb128 0x13
 510 020f 01       		.byte	0x1
 511 0210 42010000 		.4byte	.LASF33
 512 0214 01       		.byte	0x1
 513 0215 7F       		.byte	0x7f
 514 0216 01       		.byte	0x1
 515 0217 7A000000 		.4byte	0x7a
 516 021b 00000000 		.4byte	.LFB10
 517 021f 34000000 		.4byte	.LFE10
 518 0223 CA000000 		.4byte	.LLST6
 519 0227 57020000 		.4byte	0x257
 520 022b 10       		.uleb128 0x10
 521 022c 13000000 		.4byte	.LASF27
 522 0230 01       		.byte	0x1
 523 0231 7F       		.byte	0x7f
 524 0232 8C000000 		.4byte	0x8c
 525 0236 EA000000 		.4byte	.LLST7
 526 023a 11       		.uleb128 0x11
 527 023b 656E6400 		.ascii	"end\000"
 528 023f 01       		.byte	0x1
 529 0240 7F       		.byte	0x7f
 530 0241 8C000000 		.4byte	0x8c
 531 0245 08010000 		.4byte	.LLST8
 532 0249 14       		.uleb128 0x14
 533 024a CE000000 		.4byte	.LASF23
 534 024e 01       		.byte	0x1
 535 024f 81       		.byte	0x81
 536 0250 8C000000 		.4byte	0x8c
 537 0254 01       		.byte	0x1
 538 0255 53       		.byte	0x53
 539 0256 00       		.byte	0
 540 0257 15       		.uleb128 0x15
 541 0258 C7000000 		.4byte	.LASF28
 542 025c 04       		.byte	0x4
 543 025d D4       		.byte	0xd4
 544 025e 60010000 		.4byte	0x160
 545 0262 01       		.byte	0x1
 546 0263 01       		.byte	0x1
 547 0264 16       		.uleb128 0x16
 548 0265 C7000000 		.4byte	.LASF28
 549 0269 01       		.byte	0x1
 550 026a 23       		.byte	0x23
 551 026b 60010000 		.4byte	0x160
 552 026f 01       		.byte	0x1
 553 0270 05       		.byte	0x5
 554 0271 03       		.byte	0x3
 555 0272 00000000 		.4byte	vtlist
 556 0276 00       		.byte	0
 557              		.section	.debug_abbrev,"",%progbits
 558              	.Ldebug_abbrev0:
 559 0000 01       		.uleb128 0x1
 560 0001 11       		.uleb128 0x11
 561 0002 01       		.byte	0x1
ARM GAS  C:\Users\Rob\AppData\Local\Temp\ccUE54Gn.s 			page 11


 562 0003 25       		.uleb128 0x25
 563 0004 0E       		.uleb128 0xe
 564 0005 13       		.uleb128 0x13
 565 0006 0B       		.uleb128 0xb
 566 0007 03       		.uleb128 0x3
 567 0008 0E       		.uleb128 0xe
 568 0009 1B       		.uleb128 0x1b
 569 000a 0E       		.uleb128 0xe
 570 000b 11       		.uleb128 0x11
 571 000c 01       		.uleb128 0x1
 572 000d 52       		.uleb128 0x52
 573 000e 01       		.uleb128 0x1
 574 000f 55       		.uleb128 0x55
 575 0010 06       		.uleb128 0x6
 576 0011 10       		.uleb128 0x10
 577 0012 06       		.uleb128 0x6
 578 0013 00       		.byte	0
 579 0014 00       		.byte	0
 580 0015 02       		.uleb128 0x2
 581 0016 24       		.uleb128 0x24
 582 0017 00       		.byte	0
 583 0018 0B       		.uleb128 0xb
 584 0019 0B       		.uleb128 0xb
 585 001a 3E       		.uleb128 0x3e
 586 001b 0B       		.uleb128 0xb
 587 001c 03       		.uleb128 0x3
 588 001d 08       		.uleb128 0x8
 589 001e 00       		.byte	0
 590 001f 00       		.byte	0
 591 0020 03       		.uleb128 0x3
 592 0021 24       		.uleb128 0x24
 593 0022 00       		.byte	0
 594 0023 0B       		.uleb128 0xb
 595 0024 0B       		.uleb128 0xb
 596 0025 3E       		.uleb128 0x3e
 597 0026 0B       		.uleb128 0xb
 598 0027 03       		.uleb128 0x3
 599 0028 0E       		.uleb128 0xe
 600 0029 00       		.byte	0
 601 002a 00       		.byte	0
 602 002b 04       		.uleb128 0x4
 603 002c 16       		.uleb128 0x16
 604 002d 00       		.byte	0
 605 002e 03       		.uleb128 0x3
 606 002f 0E       		.uleb128 0xe
 607 0030 3A       		.uleb128 0x3a
 608 0031 0B       		.uleb128 0xb
 609 0032 3B       		.uleb128 0x3b
 610 0033 0B       		.uleb128 0xb
 611 0034 49       		.uleb128 0x49
 612 0035 13       		.uleb128 0x13
 613 0036 00       		.byte	0
 614 0037 00       		.byte	0
 615 0038 05       		.uleb128 0x5
 616 0039 0F       		.uleb128 0xf
 617 003a 00       		.byte	0
 618 003b 0B       		.uleb128 0xb
ARM GAS  C:\Users\Rob\AppData\Local\Temp\ccUE54Gn.s 			page 12


 619 003c 0B       		.uleb128 0xb
 620 003d 00       		.byte	0
 621 003e 00       		.byte	0
 622 003f 06       		.uleb128 0x6
 623 0040 0F       		.uleb128 0xf
 624 0041 00       		.byte	0
 625 0042 0B       		.uleb128 0xb
 626 0043 0B       		.uleb128 0xb
 627 0044 49       		.uleb128 0x49
 628 0045 13       		.uleb128 0x13
 629 0046 00       		.byte	0
 630 0047 00       		.byte	0
 631 0048 07       		.uleb128 0x7
 632 0049 15       		.uleb128 0x15
 633 004a 01       		.byte	0x1
 634 004b 27       		.uleb128 0x27
 635 004c 0C       		.uleb128 0xc
 636 004d 01       		.uleb128 0x1
 637 004e 13       		.uleb128 0x13
 638 004f 00       		.byte	0
 639 0050 00       		.byte	0
 640 0051 08       		.uleb128 0x8
 641 0052 05       		.uleb128 0x5
 642 0053 00       		.byte	0
 643 0054 49       		.uleb128 0x49
 644 0055 13       		.uleb128 0x13
 645 0056 00       		.byte	0
 646 0057 00       		.byte	0
 647 0058 09       		.uleb128 0x9
 648 0059 13       		.uleb128 0x13
 649 005a 01       		.byte	0x1
 650 005b 03       		.uleb128 0x3
 651 005c 0E       		.uleb128 0xe
 652 005d 0B       		.uleb128 0xb
 653 005e 0B       		.uleb128 0xb
 654 005f 3A       		.uleb128 0x3a
 655 0060 0B       		.uleb128 0xb
 656 0061 3B       		.uleb128 0x3b
 657 0062 0B       		.uleb128 0xb
 658 0063 01       		.uleb128 0x1
 659 0064 13       		.uleb128 0x13
 660 0065 00       		.byte	0
 661 0066 00       		.byte	0
 662 0067 0A       		.uleb128 0xa
 663 0068 0D       		.uleb128 0xd
 664 0069 00       		.byte	0
 665 006a 03       		.uleb128 0x3
 666 006b 0E       		.uleb128 0xe
 667 006c 3A       		.uleb128 0x3a
 668 006d 0B       		.uleb128 0xb
 669 006e 3B       		.uleb128 0x3b
 670 006f 0B       		.uleb128 0xb
 671 0070 49       		.uleb128 0x49
 672 0071 13       		.uleb128 0x13
 673 0072 38       		.uleb128 0x38
 674 0073 0A       		.uleb128 0xa
 675 0074 00       		.byte	0
ARM GAS  C:\Users\Rob\AppData\Local\Temp\ccUE54Gn.s 			page 13


 676 0075 00       		.byte	0
 677 0076 0B       		.uleb128 0xb
 678 0077 13       		.uleb128 0x13
 679 0078 01       		.byte	0x1
 680 0079 0B       		.uleb128 0xb
 681 007a 0B       		.uleb128 0xb
 682 007b 3A       		.uleb128 0x3a
 683 007c 0B       		.uleb128 0xb
 684 007d 3B       		.uleb128 0x3b
 685 007e 0B       		.uleb128 0xb
 686 007f 01       		.uleb128 0x1
 687 0080 13       		.uleb128 0x13
 688 0081 00       		.byte	0
 689 0082 00       		.byte	0
 690 0083 0C       		.uleb128 0xc
 691 0084 35       		.uleb128 0x35
 692 0085 00       		.byte	0
 693 0086 49       		.uleb128 0x49
 694 0087 13       		.uleb128 0x13
 695 0088 00       		.byte	0
 696 0089 00       		.byte	0
 697 008a 0D       		.uleb128 0xd
 698 008b 2E       		.uleb128 0x2e
 699 008c 00       		.byte	0
 700 008d 3F       		.uleb128 0x3f
 701 008e 0C       		.uleb128 0xc
 702 008f 03       		.uleb128 0x3
 703 0090 0E       		.uleb128 0xe
 704 0091 3A       		.uleb128 0x3a
 705 0092 0B       		.uleb128 0xb
 706 0093 3B       		.uleb128 0x3b
 707 0094 0B       		.uleb128 0xb
 708 0095 27       		.uleb128 0x27
 709 0096 0C       		.uleb128 0xc
 710 0097 11       		.uleb128 0x11
 711 0098 01       		.uleb128 0x1
 712 0099 12       		.uleb128 0x12
 713 009a 01       		.uleb128 0x1
 714 009b 40       		.uleb128 0x40
 715 009c 0A       		.uleb128 0xa
 716 009d 00       		.byte	0
 717 009e 00       		.byte	0
 718 009f 0E       		.uleb128 0xe
 719 00a0 2E       		.uleb128 0x2e
 720 00a1 01       		.byte	0x1
 721 00a2 3F       		.uleb128 0x3f
 722 00a3 0C       		.uleb128 0xc
 723 00a4 03       		.uleb128 0x3
 724 00a5 0E       		.uleb128 0xe
 725 00a6 3A       		.uleb128 0x3a
 726 00a7 0B       		.uleb128 0xb
 727 00a8 3B       		.uleb128 0x3b
 728 00a9 0B       		.uleb128 0xb
 729 00aa 27       		.uleb128 0x27
 730 00ab 0C       		.uleb128 0xc
 731 00ac 11       		.uleb128 0x11
 732 00ad 01       		.uleb128 0x1
ARM GAS  C:\Users\Rob\AppData\Local\Temp\ccUE54Gn.s 			page 14


 733 00ae 12       		.uleb128 0x12
 734 00af 01       		.uleb128 0x1
 735 00b0 40       		.uleb128 0x40
 736 00b1 06       		.uleb128 0x6
 737 00b2 01       		.uleb128 0x1
 738 00b3 13       		.uleb128 0x13
 739 00b4 00       		.byte	0
 740 00b5 00       		.byte	0
 741 00b6 0F       		.uleb128 0xf
 742 00b7 05       		.uleb128 0x5
 743 00b8 00       		.byte	0
 744 00b9 03       		.uleb128 0x3
 745 00ba 08       		.uleb128 0x8
 746 00bb 3A       		.uleb128 0x3a
 747 00bc 0B       		.uleb128 0xb
 748 00bd 3B       		.uleb128 0x3b
 749 00be 0B       		.uleb128 0xb
 750 00bf 49       		.uleb128 0x49
 751 00c0 13       		.uleb128 0x13
 752 00c1 02       		.uleb128 0x2
 753 00c2 0A       		.uleb128 0xa
 754 00c3 00       		.byte	0
 755 00c4 00       		.byte	0
 756 00c5 10       		.uleb128 0x10
 757 00c6 05       		.uleb128 0x5
 758 00c7 00       		.byte	0
 759 00c8 03       		.uleb128 0x3
 760 00c9 0E       		.uleb128 0xe
 761 00ca 3A       		.uleb128 0x3a
 762 00cb 0B       		.uleb128 0xb
 763 00cc 3B       		.uleb128 0x3b
 764 00cd 0B       		.uleb128 0xb
 765 00ce 49       		.uleb128 0x49
 766 00cf 13       		.uleb128 0x13
 767 00d0 02       		.uleb128 0x2
 768 00d1 06       		.uleb128 0x6
 769 00d2 00       		.byte	0
 770 00d3 00       		.byte	0
 771 00d4 11       		.uleb128 0x11
 772 00d5 05       		.uleb128 0x5
 773 00d6 00       		.byte	0
 774 00d7 03       		.uleb128 0x3
 775 00d8 08       		.uleb128 0x8
 776 00d9 3A       		.uleb128 0x3a
 777 00da 0B       		.uleb128 0xb
 778 00db 3B       		.uleb128 0x3b
 779 00dc 0B       		.uleb128 0xb
 780 00dd 49       		.uleb128 0x49
 781 00de 13       		.uleb128 0x13
 782 00df 02       		.uleb128 0x2
 783 00e0 06       		.uleb128 0x6
 784 00e1 00       		.byte	0
 785 00e2 00       		.byte	0
 786 00e3 12       		.uleb128 0x12
 787 00e4 34       		.uleb128 0x34
 788 00e5 00       		.byte	0
 789 00e6 03       		.uleb128 0x3
ARM GAS  C:\Users\Rob\AppData\Local\Temp\ccUE54Gn.s 			page 15


 790 00e7 08       		.uleb128 0x8
 791 00e8 3A       		.uleb128 0x3a
 792 00e9 0B       		.uleb128 0xb
 793 00ea 3B       		.uleb128 0x3b
 794 00eb 0B       		.uleb128 0xb
 795 00ec 49       		.uleb128 0x49
 796 00ed 13       		.uleb128 0x13
 797 00ee 02       		.uleb128 0x2
 798 00ef 06       		.uleb128 0x6
 799 00f0 00       		.byte	0
 800 00f1 00       		.byte	0
 801 00f2 13       		.uleb128 0x13
 802 00f3 2E       		.uleb128 0x2e
 803 00f4 01       		.byte	0x1
 804 00f5 3F       		.uleb128 0x3f
 805 00f6 0C       		.uleb128 0xc
 806 00f7 03       		.uleb128 0x3
 807 00f8 0E       		.uleb128 0xe
 808 00f9 3A       		.uleb128 0x3a
 809 00fa 0B       		.uleb128 0xb
 810 00fb 3B       		.uleb128 0x3b
 811 00fc 0B       		.uleb128 0xb
 812 00fd 27       		.uleb128 0x27
 813 00fe 0C       		.uleb128 0xc
 814 00ff 49       		.uleb128 0x49
 815 0100 13       		.uleb128 0x13
 816 0101 11       		.uleb128 0x11
 817 0102 01       		.uleb128 0x1
 818 0103 12       		.uleb128 0x12
 819 0104 01       		.uleb128 0x1
 820 0105 40       		.uleb128 0x40
 821 0106 06       		.uleb128 0x6
 822 0107 01       		.uleb128 0x1
 823 0108 13       		.uleb128 0x13
 824 0109 00       		.byte	0
 825 010a 00       		.byte	0
 826 010b 14       		.uleb128 0x14
 827 010c 34       		.uleb128 0x34
 828 010d 00       		.byte	0
 829 010e 03       		.uleb128 0x3
 830 010f 0E       		.uleb128 0xe
 831 0110 3A       		.uleb128 0x3a
 832 0111 0B       		.uleb128 0xb
 833 0112 3B       		.uleb128 0x3b
 834 0113 0B       		.uleb128 0xb
 835 0114 49       		.uleb128 0x49
 836 0115 13       		.uleb128 0x13
 837 0116 02       		.uleb128 0x2
 838 0117 0A       		.uleb128 0xa
 839 0118 00       		.byte	0
 840 0119 00       		.byte	0
 841 011a 15       		.uleb128 0x15
 842 011b 34       		.uleb128 0x34
 843 011c 00       		.byte	0
 844 011d 03       		.uleb128 0x3
 845 011e 0E       		.uleb128 0xe
 846 011f 3A       		.uleb128 0x3a
ARM GAS  C:\Users\Rob\AppData\Local\Temp\ccUE54Gn.s 			page 16


 847 0120 0B       		.uleb128 0xb
 848 0121 3B       		.uleb128 0x3b
 849 0122 0B       		.uleb128 0xb
 850 0123 49       		.uleb128 0x49
 851 0124 13       		.uleb128 0x13
 852 0125 3F       		.uleb128 0x3f
 853 0126 0C       		.uleb128 0xc
 854 0127 3C       		.uleb128 0x3c
 855 0128 0C       		.uleb128 0xc
 856 0129 00       		.byte	0
 857 012a 00       		.byte	0
 858 012b 16       		.uleb128 0x16
 859 012c 34       		.uleb128 0x34
 860 012d 00       		.byte	0
 861 012e 03       		.uleb128 0x3
 862 012f 0E       		.uleb128 0xe
 863 0130 3A       		.uleb128 0x3a
 864 0131 0B       		.uleb128 0xb
 865 0132 3B       		.uleb128 0x3b
 866 0133 0B       		.uleb128 0xb
 867 0134 49       		.uleb128 0x49
 868 0135 13       		.uleb128 0x13
 869 0136 3F       		.uleb128 0x3f
 870 0137 0C       		.uleb128 0xc
 871 0138 02       		.uleb128 0x2
 872 0139 0A       		.uleb128 0xa
 873 013a 00       		.byte	0
 874 013b 00       		.byte	0
 875 013c 00       		.byte	0
 876              		.section	.debug_loc,"",%progbits
 877              	.Ldebug_loc0:
 878              	.LLST0:
 879 0000 00000000 		.4byte	.LFB8
 880 0004 02000000 		.4byte	.LCFI0
 881 0008 0200     		.2byte	0x2
 882 000a 7D       		.byte	0x7d
 883 000b 00       		.sleb128 0
 884 000c 02000000 		.4byte	.LCFI0
 885 0010 38000000 		.4byte	.LFE8
 886 0014 0200     		.2byte	0x2
 887 0016 7D       		.byte	0x7d
 888 0017 08       		.sleb128 8
 889 0018 00000000 		.4byte	0
 890 001c 00000000 		.4byte	0
 891              	.LLST1:
 892 0020 02000000 		.4byte	.LVL0
 893 0024 2E000000 		.4byte	.LVL6
 894 0028 0100     		.2byte	0x1
 895 002a 51       		.byte	0x51
 896 002b 2E000000 		.4byte	.LVL6
 897 002f 38000000 		.4byte	.LFE8
 898 0033 0200     		.2byte	0x2
 899 0035 70       		.byte	0x70
 900 0036 08       		.sleb128 8
 901 0037 00000000 		.4byte	0
 902 003b 00000000 		.4byte	0
 903              	.LLST2:
ARM GAS  C:\Users\Rob\AppData\Local\Temp\ccUE54Gn.s 			page 17


 904 003f 02000000 		.4byte	.LVL0
 905 0043 0C000000 		.4byte	.LVL2
 906 0047 0100     		.2byte	0x1
 907 0049 52       		.byte	0x52
 908 004a 0C000000 		.4byte	.LVL2
 909 004e 38000000 		.4byte	.LFE8
 910 0052 0200     		.2byte	0x2
 911 0054 70       		.byte	0x70
 912 0055 0C       		.sleb128 12
 913 0056 00000000 		.4byte	0
 914 005a 00000000 		.4byte	0
 915              	.LLST3:
 916 005e 02000000 		.4byte	.LVL0
 917 0062 08000000 		.4byte	.LVL1
 918 0066 0100     		.2byte	0x1
 919 0068 53       		.byte	0x53
 920 0069 08000000 		.4byte	.LVL1
 921 006d 38000000 		.4byte	.LFE8
 922 0071 0200     		.2byte	0x2
 923 0073 70       		.byte	0x70
 924 0074 10       		.sleb128 16
 925 0075 00000000 		.4byte	0
 926 0079 00000000 		.4byte	0
 927              	.LLST4:
 928 007d 08000000 		.4byte	.LVL1
 929 0081 10000000 		.4byte	.LVL3
 930 0085 0500     		.2byte	0x5
 931 0087 03       		.byte	0x3
 932 0088 00000000 		.4byte	vtlist
 933 008c 10000000 		.4byte	.LVL3
 934 0090 12000000 		.4byte	.LVL4
 935 0094 0100     		.2byte	0x1
 936 0096 53       		.byte	0x53
 937 0097 14000000 		.4byte	.LVL5
 938 009b 38000000 		.4byte	.LFE8
 939 009f 0100     		.2byte	0x1
 940 00a1 53       		.byte	0x53
 941 00a2 00000000 		.4byte	0
 942 00a6 00000000 		.4byte	0
 943              	.LLST5:
 944 00aa 00000000 		.4byte	.LFB9
 945 00ae 02000000 		.4byte	.LCFI1
 946 00b2 0200     		.2byte	0x2
 947 00b4 7D       		.byte	0x7d
 948 00b5 00       		.sleb128 0
 949 00b6 02000000 		.4byte	.LCFI1
 950 00ba 24000000 		.4byte	.LFE9
 951 00be 0200     		.2byte	0x2
 952 00c0 7D       		.byte	0x7d
 953 00c1 04       		.sleb128 4
 954 00c2 00000000 		.4byte	0
 955 00c6 00000000 		.4byte	0
 956              	.LLST6:
 957 00ca 00000000 		.4byte	.LFB10
 958 00ce 02000000 		.4byte	.LCFI2
 959 00d2 0200     		.2byte	0x2
 960 00d4 7D       		.byte	0x7d
ARM GAS  C:\Users\Rob\AppData\Local\Temp\ccUE54Gn.s 			page 18


 961 00d5 00       		.sleb128 0
 962 00d6 02000000 		.4byte	.LCFI2
 963 00da 34000000 		.4byte	.LFE10
 964 00de 0200     		.2byte	0x2
 965 00e0 7D       		.byte	0x7d
 966 00e1 04       		.sleb128 4
 967 00e2 00000000 		.4byte	0
 968 00e6 00000000 		.4byte	0
 969              	.LLST7:
 970 00ea 02000000 		.4byte	.LVL8
 971 00ee 18000000 		.4byte	.LVL11
 972 00f2 0100     		.2byte	0x1
 973 00f4 50       		.byte	0x50
 974 00f5 1C000000 		.4byte	.LVL12
 975 00f9 2A000000 		.4byte	.LVL14
 976 00fd 0100     		.2byte	0x1
 977 00ff 50       		.byte	0x50
 978 0100 00000000 		.4byte	0
 979 0104 00000000 		.4byte	0
 980              	.LLST8:
 981 0108 02000000 		.4byte	.LVL8
 982 010c 0E000000 		.4byte	.LVL10
 983 0110 0100     		.2byte	0x1
 984 0112 51       		.byte	0x51
 985 0113 1C000000 		.4byte	.LVL12
 986 0117 22000000 		.4byte	.LVL13
 987 011b 0100     		.2byte	0x1
 988 011d 51       		.byte	0x51
 989 011e 00000000 		.4byte	0
 990 0122 00000000 		.4byte	0
 991              		.section	.debug_aranges,"",%progbits
 992 0000 34000000 		.4byte	0x34
 993 0004 0200     		.2byte	0x2
 994 0006 00000000 		.4byte	.Ldebug_info0
 995 000a 04       		.byte	0x4
 996 000b 00       		.byte	0
 997 000c 0000     		.2byte	0
 998 000e 0000     		.2byte	0
 999 0010 00000000 		.4byte	.LFB7
 1000 0014 18000000 		.4byte	.LFE7-.LFB7
 1001 0018 00000000 		.4byte	.LFB8
 1002 001c 38000000 		.4byte	.LFE8-.LFB8
 1003 0020 00000000 		.4byte	.LFB9
 1004 0024 24000000 		.4byte	.LFE9-.LFB9
 1005 0028 00000000 		.4byte	.LFB10
 1006 002c 34000000 		.4byte	.LFE10-.LFB10
 1007 0030 00000000 		.4byte	0
 1008 0034 00000000 		.4byte	0
 1009              		.section	.debug_ranges,"",%progbits
 1010              	.Ldebug_ranges0:
 1011 0000 00000000 		.4byte	.LFB7
 1012 0004 18000000 		.4byte	.LFE7
 1013 0008 00000000 		.4byte	.LFB8
 1014 000c 38000000 		.4byte	.LFE8
 1015 0010 00000000 		.4byte	.LFB9
 1016 0014 24000000 		.4byte	.LFE9
 1017 0018 00000000 		.4byte	.LFB10
ARM GAS  C:\Users\Rob\AppData\Local\Temp\ccUE54Gn.s 			page 19


 1018 001c 34000000 		.4byte	.LFE10
 1019 0020 00000000 		.4byte	0
 1020 0024 00000000 		.4byte	0
 1021              		.section	.debug_line,"",%progbits
 1022              	.Ldebug_line0:
 1023 0000 32010000 		.section	.debug_str,"MS",%progbits,1
 1023      0200B900 
 1023      00000201 
 1023      FB0E0D00 
 1023      01010101 
 1024              	.LASF25:
 1025 0000 63685654 		.ascii	"chVTSetI\000"
 1025      53657449 
 1025      00
 1026              	.LASF12:
 1027 0009 73797374 		.ascii	"systime_t\000"
 1027      696D655F 
 1027      7400
 1028              	.LASF27:
 1029 0013 73746172 		.ascii	"start\000"
 1029      7400
 1030              	.LASF10:
 1031 0019 626F6F6C 		.ascii	"bool_t\000"
 1031      5F7400
 1032              	.LASF19:
 1033 0020 76745F70 		.ascii	"vt_par\000"
 1033      617200
 1034              	.LASF13:
 1035 0027 76746675 		.ascii	"vtfunc_t\000"
 1035      6E635F74 
 1035      00
 1036              	.LASF6:
 1037 0030 6C6F6E67 		.ascii	"long unsigned int\000"
 1037      20756E73 
 1037      69676E65 
 1037      6420696E 
 1037      7400
 1038              	.LASF4:
 1039 0042 73686F72 		.ascii	"short unsigned int\000"
 1039      7420756E 
 1039      7369676E 
 1039      65642069 
 1039      6E7400
 1040              	.LASF14:
 1041 0055 56697274 		.ascii	"VirtualTimer\000"
 1041      75616C54 
 1041      696D6572 
 1041      00
 1042              	.LASF2:
 1043 0062 756E7369 		.ascii	"unsigned char\000"
 1043      676E6564 
 1043      20636861 
 1043      7200
 1044              	.LASF31:
 1045 0070 433A5C55 		.ascii	"C:\\Users\\Rob\\Projects\\ECE411Practicum\\src\\vir"
 1045      73657273 
 1045      5C526F62 
ARM GAS  C:\Users\Rob\AppData\Local\Temp\ccUE54Gn.s 			page 20


 1045      5C50726F 
 1045      6A656374 
 1046 009d 756C656E 		.ascii	"ulent\000"
 1046      7400
 1047              	.LASF0:
 1048 00a3 756E7369 		.ascii	"unsigned int\000"
 1048      676E6564 
 1048      20696E74 
 1048      00
 1049              	.LASF8:
 1050 00b0 6C6F6E67 		.ascii	"long long unsigned int\000"
 1050      206C6F6E 
 1050      6720756E 
 1050      7369676E 
 1050      65642069 
 1051              	.LASF28:
 1052 00c7 76746C69 		.ascii	"vtlist\000"
 1052      737400
 1053              	.LASF23:
 1054 00ce 74696D65 		.ascii	"time\000"
 1054      00
 1055              	.LASF17:
 1056 00d3 76745F74 		.ascii	"vt_time\000"
 1056      696D6500 
 1057              	.LASF32:
 1058 00db 5F76745F 		.ascii	"_vt_init\000"
 1058      696E6974 
 1058      00
 1059              	.LASF20:
 1060 00e4 76745F73 		.ascii	"vt_systime\000"
 1060      79737469 
 1060      6D6500
 1061              	.LASF30:
 1062 00ef 2E2E2F2E 		.ascii	"../../os/kernel/src/chvt.c\000"
 1062      2E2F6F73 
 1062      2F6B6572 
 1062      6E656C2F 
 1062      7372632F 
 1063              	.LASF7:
 1064 010a 6C6F6E67 		.ascii	"long long int\000"
 1064      206C6F6E 
 1064      6720696E 
 1064      7400
 1065              	.LASF18:
 1066 0118 76745F66 		.ascii	"vt_func\000"
 1066      756E6300 
 1067              	.LASF24:
 1068 0120 76746675 		.ascii	"vtfunc\000"
 1068      6E6300
 1069              	.LASF22:
 1070 0127 63686172 		.ascii	"char\000"
 1070      00
 1071              	.LASF29:
 1072 012c 474E5520 		.ascii	"GNU C 4.6.2\000"
 1072      4320342E 
 1072      362E3200 
 1073              	.LASF3:
ARM GAS  C:\Users\Rob\AppData\Local\Temp\ccUE54Gn.s 			page 21


 1074 0138 73686F72 		.ascii	"short int\000"
 1074      7420696E 
 1074      7400
 1075              	.LASF33:
 1076 0142 63685469 		.ascii	"chTimeIsWithin\000"
 1076      6D654973 
 1076      57697468 
 1076      696E00
 1077              	.LASF16:
 1078 0151 76745F70 		.ascii	"vt_prev\000"
 1078      72657600 
 1079              	.LASF9:
 1080 0159 75696E74 		.ascii	"uint32_t\000"
 1080      33325F74 
 1080      00
 1081              	.LASF5:
 1082 0162 6C6F6E67 		.ascii	"long int\000"
 1082      20696E74 
 1082      00
 1083              	.LASF1:
 1084 016b 7369676E 		.ascii	"signed char\000"
 1084      65642063 
 1084      68617200 
 1085              	.LASF21:
 1086 0177 56544C69 		.ascii	"VTList\000"
 1086      737400
 1087              	.LASF15:
 1088 017e 76745F6E 		.ascii	"vt_next\000"
 1088      65787400 
 1089              	.LASF26:
 1090 0186 63685654 		.ascii	"chVTResetI\000"
 1090      52657365 
 1090      744900
 1091              	.LASF11:
 1092 0191 5F426F6F 		.ascii	"_Bool\000"
 1092      6C00
 1093              		.ident	"GCC: (GNU) 4.6.2"
ARM GAS  C:\Users\Rob\AppData\Local\Temp\ccUE54Gn.s 			page 22


DEFINED SYMBOLS
                            *ABS*:00000000 chvt.c
C:\Users\Rob\AppData\Local\Temp\ccUE54Gn.s:17     .text._vt_init:00000000 $t
C:\Users\Rob\AppData\Local\Temp\ccUE54Gn.s:23     .text._vt_init:00000000 _vt_init
C:\Users\Rob\AppData\Local\Temp\ccUE54Gn.s:47     .text._vt_init:00000014 $d
C:\Users\Rob\AppData\Local\Temp\ccUE54Gn.s:52     .text.chVTSetI:00000000 $t
C:\Users\Rob\AppData\Local\Temp\ccUE54Gn.s:58     .text.chVTSetI:00000000 chVTSetI
C:\Users\Rob\AppData\Local\Temp\ccUE54Gn.s:119    .text.chVTSetI:00000034 $d
C:\Users\Rob\AppData\Local\Temp\ccUE54Gn.s:124    .text.chVTResetI:00000000 $t
C:\Users\Rob\AppData\Local\Temp\ccUE54Gn.s:130    .text.chVTResetI:00000000 chVTResetI
C:\Users\Rob\AppData\Local\Temp\ccUE54Gn.s:167    .text.chVTResetI:00000020 $d
C:\Users\Rob\AppData\Local\Temp\ccUE54Gn.s:172    .text.chTimeIsWithin:00000000 $t
C:\Users\Rob\AppData\Local\Temp\ccUE54Gn.s:178    .text.chTimeIsWithin:00000000 chTimeIsWithin
C:\Users\Rob\AppData\Local\Temp\ccUE54Gn.s:227    .text.chTimeIsWithin:00000030 $d
C:\Users\Rob\AppData\Local\Temp\ccUE54Gn.s:237    .bss.vtlist:00000000 vtlist
C:\Users\Rob\AppData\Local\Temp\ccUE54Gn.s:233    .bss.vtlist:00000000 $d
                     .debug_frame:00000010 $d
C:\Users\Rob\AppData\Local\Temp\ccUE54Gn.s:51     .text._vt_init:00000018 $t
C:\Users\Rob\AppData\Local\Temp\ccUE54Gn.s:123    .text.chVTSetI:00000038 $t
C:\Users\Rob\AppData\Local\Temp\ccUE54Gn.s:171    .text.chVTResetI:00000024 $t
C:\Users\Rob\AppData\Local\Temp\ccUE54Gn.s:232    .text.chTimeIsWithin:00000034 $t

NO UNDEFINED SYMBOLS
