ARM GAS  C:\Users\Rob\AppData\Local\Temp\ccz42TvE.s 			page 1


   1              		.cpu cortex-m0
   2              		.fpu softvfp
   3              		.eabi_attribute 20, 1
   4              		.eabi_attribute 21, 1
   5              		.eabi_attribute 23, 3
   6              		.eabi_attribute 24, 1
   7              		.eabi_attribute 25, 1
   8              		.eabi_attribute 26, 1
   9              		.eabi_attribute 30, 2
  10              		.eabi_attribute 18, 4
  11              		.code	16
  12              		.file	"nvic.c"
  13              		.text
  14              	.Ltext0:
  15              		.cfi_sections	.debug_frame
  16              		.section	.text.nvicEnableVector,"ax",%progbits
  17              		.align	2
  18              		.p2align 4,,15
  19              		.global	nvicEnableVector
  20              		.code	16
  21              		.thumb_func
  22              		.type	nvicEnableVector, %function
  23              	nvicEnableVector:
  24              	.LFB7:
  25              		.file 1 "../../os/ports/common/ARMCMx/nvic.c"
  26              		.loc 1 39 0
  27              		.cfi_startproc
  28 0000 70B5     		push	{r4, r5, r6, lr}
  29              	.LCFI0:
  30              		.cfi_def_cfa_offset 16
  31              		.cfi_offset 4, -16
  32              		.cfi_offset 5, -12
  33              		.cfi_offset 6, -8
  34              		.cfi_offset 14, -4
  35              	.LVL0:
  36              		.loc 1 42 0
  37 0002 8208     		lsr	r2, r0, #2
  38 0004 0D4B     		ldr	r3, .L2
  39 0006 C032     		add	r2, r2, #192
  40              		.loc 1 40 0
  41 0008 0324     		mov	r4, #3
  42              		.loc 1 42 0
  43 000a 9200     		lsl	r2, r2, #2
  44              		.loc 1 40 0
  45 000c 0440     		and	r4, r0
  46              		.loc 1 42 0
  47 000e D558     		ldr	r5, [r2, r3]
  48              		.loc 1 40 0
  49 0010 E400     		lsl	r4, r4, #3
  50              		.loc 1 42 0
  51 0012 FF26     		mov	r6, #255
  52 0014 A640     		lsl	r6, r6, r4
  53 0016 B543     		bic	r5, r6
  54 0018 A140     		lsl	r1, r1, r4
  55              	.LVL1:
  56 001a 2C1C     		mov	r4, r5
  57 001c 0C43     		orr	r4, r1
ARM GAS  C:\Users\Rob\AppData\Local\Temp\ccz42TvE.s 			page 2


  58              		.loc 1 43 0
  59 001e 1F21     		mov	r1, #31
  60              		.loc 1 42 0
  61 0020 D450     		str	r4, [r2, r3]
  62              		.loc 1 43 0
  63 0022 4209     		lsr	r2, r0, #5
  64 0024 0840     		and	r0, r1
  65              	.LVL2:
  66 0026 0121     		mov	r1, #1
  67 0028 8140     		lsl	r1, r1, r0
  68 002a 081C     		mov	r0, r1
  69 002c 111C     		mov	r1, r2
  70 002e 6031     		add	r1, r1, #96
  71 0030 8900     		lsl	r1, r1, #2
  72              		.loc 1 44 0
  73 0032 9200     		lsl	r2, r2, #2
  74              		.loc 1 43 0
  75 0034 C850     		str	r0, [r1, r3]
  76              		.loc 1 45 0
  77              		@ sp needed for prologue
  78              		.loc 1 44 0
  79 0036 D050     		str	r0, [r2, r3]
  80              		.loc 1 45 0
  81 0038 70BD     		pop	{r4, r5, r6, pc}
  82              	.L3:
  83 003a C046     		.align	2
  84              	.L2:
  85 003c 00E100E0 		.word	-536813312
  86              		.cfi_endproc
  87              	.LFE7:
  88              		.size	nvicEnableVector, .-nvicEnableVector
  89              		.section	.text.nvicDisableVector,"ax",%progbits
  90              		.align	2
  91              		.p2align 4,,15
  92              		.global	nvicDisableVector
  93              		.code	16
  94              		.thumb_func
  95              		.type	nvicDisableVector, %function
  96              	nvicDisableVector:
  97              	.LFB8:
  98              		.loc 1 53 0
  99              		.cfi_startproc
 100 0000 10B5     		push	{r4, lr}
 101              	.LCFI1:
 102              		.cfi_def_cfa_offset 8
 103              		.cfi_offset 4, -8
 104              		.cfi_offset 14, -4
 105              	.LVL3:
 106              		.loc 1 56 0
 107 0002 1F21     		mov	r1, #31
 108 0004 0140     		and	r1, r0
 109 0006 0123     		mov	r3, #1
 110 0008 4209     		lsr	r2, r0, #5
 111 000a 8B40     		lsl	r3, r3, r1
 112 000c 191C     		mov	r1, r3
 113 000e 2032     		add	r2, r2, #32
 114 0010 074B     		ldr	r3, .L5
ARM GAS  C:\Users\Rob\AppData\Local\Temp\ccz42TvE.s 			page 3


 115 0012 9200     		lsl	r2, r2, #2
 116 0014 D150     		str	r1, [r2, r3]
 117              		.loc 1 57 0
 118 0016 8208     		lsr	r2, r0, #2
 119              		.loc 1 54 0
 120 0018 0324     		mov	r4, #3
 121              		.loc 1 57 0
 122 001a C032     		add	r2, r2, #192
 123 001c 9200     		lsl	r2, r2, #2
 124              		.loc 1 54 0
 125 001e 2040     		and	r0, r4
 126              	.LVL4:
 127              		.loc 1 57 0
 128 0020 D158     		ldr	r1, [r2, r3]
 129              		.loc 1 54 0
 130 0022 C000     		lsl	r0, r0, #3
 131              	.LVL5:
 132              		.loc 1 57 0
 133 0024 FF24     		mov	r4, #255
 134 0026 8440     		lsl	r4, r4, r0
 135 0028 A143     		bic	r1, r4
 136 002a D150     		str	r1, [r2, r3]
 137              		.loc 1 58 0
 138              		@ sp needed for prologue
 139 002c 10BD     		pop	{r4, pc}
 140              	.L6:
 141 002e C046     		.align	2
 142              	.L5:
 143 0030 00E100E0 		.word	-536813312
 144              		.cfi_endproc
 145              	.LFE8:
 146              		.size	nvicDisableVector, .-nvicDisableVector
 147 0034 C046C046 		.section	.text.nvicSetSystemHandlerPriority,"ax",%progbits
 147      C046C046 
 147      C046C046 
 148              		.align	2
 149              		.p2align 4,,15
 150              		.global	nvicSetSystemHandlerPriority
 151              		.code	16
 152              		.thumb_func
 153              		.type	nvicSetSystemHandlerPriority, %function
 154              	nvicSetSystemHandlerPriority:
 155              	.LFB9:
 156              		.loc 1 67 0
 157              		.cfi_startproc
 158 0000 30B5     		push	{r4, r5, lr}
 159              	.LCFI2:
 160              		.cfi_def_cfa_offset 12
 161              		.cfi_offset 4, -12
 162              		.cfi_offset 5, -8
 163              		.cfi_offset 14, -4
 164              	.LVL6:
 165              		.loc 1 70 0
 166 0002 8208     		lsr	r2, r0, #2
 167 0004 074B     		ldr	r3, .L8
 168              		.loc 1 68 0
 169 0006 0325     		mov	r5, #3
ARM GAS  C:\Users\Rob\AppData\Local\Temp\ccz42TvE.s 			page 4


 170              		.loc 1 70 0
 171 0008 0632     		add	r2, r2, #6
 172 000a 9200     		lsl	r2, r2, #2
 173              		.loc 1 68 0
 174 000c 2840     		and	r0, r5
 175              	.LVL7:
 176              		.loc 1 70 0
 177 000e D458     		ldr	r4, [r2, r3]
 178              		.loc 1 68 0
 179 0010 C000     		lsl	r0, r0, #3
 180              		.loc 1 71 0
 181 0012 FF25     		mov	r5, #255
 182 0014 8540     		lsl	r5, r5, r0
 183              		.loc 1 70 0
 184 0016 AC43     		bic	r4, r5
 185              		.loc 1 71 0
 186 0018 8140     		lsl	r1, r1, r0
 187              	.LVL8:
 188 001a 201C     		mov	r0, r4
 189 001c 0843     		orr	r0, r1
 190              		.loc 1 70 0
 191 001e D050     		str	r0, [r2, r3]
 192              		.loc 1 72 0
 193              		@ sp needed for prologue
 194 0020 30BD     		pop	{r4, r5, pc}
 195              	.L9:
 196 0022 C046     		.align	2
 197              	.L8:
 198 0024 00ED00E0 		.word	-536810240
 199              		.cfi_endproc
 200              	.LFE9:
 201              		.size	nvicSetSystemHandlerPriority, .-nvicSetSystemHandlerPriority
 202 0028 C046C046 		.text
 202      C046C046 
 203              	.Letext0:
 204              		.file 2 "../../os/ports/common/ARMCMx/nvic.h"
 205              		.file 3 "c:/yagarto/lib/gcc/../../arm-none-eabi/sys-include/stdint.h"
 206              		.section	.debug_info,"",%progbits
 207              	.Ldebug_info0:
 208 0000 3C040000 		.4byte	0x43c
 209 0004 0200     		.2byte	0x2
 210 0006 00000000 		.4byte	.Ldebug_abbrev0
 211 000a 04       		.byte	0x4
 212 000b 01       		.uleb128 0x1
 213 000c B4000000 		.4byte	.LASF44
 214 0010 01       		.byte	0x1
 215 0011 0F000000 		.4byte	.LASF45
 216 0015 C5000000 		.4byte	.LASF46
 217 0019 00000000 		.4byte	0
 218 001d 00000000 		.4byte	0
 219 0021 00000000 		.4byte	.Ldebug_ranges0+0
 220 0025 00000000 		.4byte	.Ldebug_line0
 221 0029 02       		.uleb128 0x2
 222 002a 04       		.byte	0x4
 223 002b 05       		.byte	0x5
 224 002c 696E7400 		.ascii	"int\000"
 225 0030 03       		.uleb128 0x3
ARM GAS  C:\Users\Rob\AppData\Local\Temp\ccz42TvE.s 			page 5


 226 0031 04       		.byte	0x4
 227 0032 07       		.byte	0x7
 228 0033 1F010000 		.4byte	.LASF0
 229 0037 03       		.uleb128 0x3
 230 0038 01       		.byte	0x1
 231 0039 06       		.byte	0x6
 232 003a B3010000 		.4byte	.LASF1
 233 003e 03       		.uleb128 0x3
 234 003f 01       		.byte	0x1
 235 0040 08       		.byte	0x8
 236 0041 5E000000 		.4byte	.LASF2
 237 0045 03       		.uleb128 0x3
 238 0046 02       		.byte	0x2
 239 0047 05       		.byte	0x5
 240 0048 15010000 		.4byte	.LASF3
 241 004c 03       		.uleb128 0x3
 242 004d 02       		.byte	0x2
 243 004e 07       		.byte	0x7
 244 004f 9C000000 		.4byte	.LASF4
 245 0053 03       		.uleb128 0x3
 246 0054 04       		.byte	0x4
 247 0055 05       		.byte	0x5
 248 0056 A5010000 		.4byte	.LASF5
 249 005a 04       		.uleb128 0x4
 250 005b 9C010000 		.4byte	.LASF22
 251 005f 03       		.byte	0x3
 252 0060 50       		.byte	0x50
 253 0061 65000000 		.4byte	0x65
 254 0065 03       		.uleb128 0x3
 255 0066 04       		.byte	0x4
 256 0067 07       		.byte	0x7
 257 0068 F8000000 		.4byte	.LASF6
 258 006c 03       		.uleb128 0x3
 259 006d 08       		.byte	0x8
 260 006e 05       		.byte	0x5
 261 006f 6D010000 		.4byte	.LASF7
 262 0073 03       		.uleb128 0x3
 263 0074 08       		.byte	0x8
 264 0075 07       		.byte	0x7
 265 0076 36010000 		.4byte	.LASF8
 266 007a 03       		.uleb128 0x3
 267 007b 01       		.byte	0x1
 268 007c 02       		.byte	0x2
 269 007d 53000000 		.4byte	.LASF9
 270 0081 05       		.uleb128 0x5
 271 0082 65000000 		.4byte	0x65
 272 0086 06       		.uleb128 0x6
 273 0087 040E     		.2byte	0xe04
 274 0089 02       		.byte	0x2
 275 008a 63       		.byte	0x63
 276 008b 51010000 		.4byte	0x151
 277 008f 07       		.uleb128 0x7
 278 0090 86010000 		.4byte	.LASF10
 279 0094 02       		.byte	0x2
 280 0095 64       		.byte	0x64
 281 0096 61010000 		.4byte	0x161
 282 009a 02       		.byte	0x2
ARM GAS  C:\Users\Rob\AppData\Local\Temp\ccz42TvE.s 			page 6


 283 009b 23       		.byte	0x23
 284 009c 00       		.uleb128 0
 285 009d 07       		.uleb128 0x7
 286 009e 6C000000 		.4byte	.LASF11
 287 00a2 02       		.byte	0x2
 288 00a3 65       		.byte	0x65
 289 00a4 76010000 		.4byte	0x176
 290 00a8 02       		.byte	0x2
 291 00a9 23       		.byte	0x23
 292 00aa 20       		.uleb128 0x20
 293 00ab 07       		.uleb128 0x7
 294 00ac 59000000 		.4byte	.LASF12
 295 00b0 02       		.byte	0x2
 296 00b1 66       		.byte	0x66
 297 00b2 7B010000 		.4byte	0x17b
 298 00b6 03       		.byte	0x3
 299 00b7 23       		.byte	0x23
 300 00b8 8001     		.uleb128 0x80
 301 00ba 07       		.uleb128 0x7
 302 00bb 74000000 		.4byte	.LASF13
 303 00bf 02       		.byte	0x2
 304 00c0 67       		.byte	0x67
 305 00c1 80010000 		.4byte	0x180
 306 00c5 03       		.byte	0x3
 307 00c6 23       		.byte	0x23
 308 00c7 A001     		.uleb128 0xa0
 309 00c9 07       		.uleb128 0x7
 310 00ca 2C010000 		.4byte	.LASF14
 311 00ce 02       		.byte	0x2
 312 00cf 68       		.byte	0x68
 313 00d0 85010000 		.4byte	0x185
 314 00d4 03       		.byte	0x3
 315 00d5 23       		.byte	0x23
 316 00d6 8002     		.uleb128 0x100
 317 00d8 07       		.uleb128 0x7
 318 00d9 7C000000 		.4byte	.LASF15
 319 00dd 02       		.byte	0x2
 320 00de 69       		.byte	0x69
 321 00df 8A010000 		.4byte	0x18a
 322 00e3 03       		.byte	0x3
 323 00e4 23       		.byte	0x23
 324 00e5 A002     		.uleb128 0x120
 325 00e7 07       		.uleb128 0x7
 326 00e8 05000000 		.4byte	.LASF16
 327 00ec 02       		.byte	0x2
 328 00ed 6A       		.byte	0x6a
 329 00ee 8F010000 		.4byte	0x18f
 330 00f2 03       		.byte	0x3
 331 00f3 23       		.byte	0x23
 332 00f4 8003     		.uleb128 0x180
 333 00f6 07       		.uleb128 0x7
 334 00f7 84000000 		.4byte	.LASF17
 335 00fb 02       		.byte	0x2
 336 00fc 6B       		.byte	0x6b
 337 00fd 94010000 		.4byte	0x194
 338 0101 03       		.byte	0x3
 339 0102 23       		.byte	0x23
ARM GAS  C:\Users\Rob\AppData\Local\Temp\ccz42TvE.s 			page 7


 340 0103 A003     		.uleb128 0x1a0
 341 0105 07       		.uleb128 0x7
 342 0106 DC010000 		.4byte	.LASF18
 343 010a 02       		.byte	0x2
 344 010b 6C       		.byte	0x6c
 345 010c 99010000 		.4byte	0x199
 346 0110 03       		.byte	0x3
 347 0111 23       		.byte	0x23
 348 0112 8004     		.uleb128 0x200
 349 0114 07       		.uleb128 0x7
 350 0115 8C000000 		.4byte	.LASF19
 351 0119 02       		.byte	0x2
 352 011a 6D       		.byte	0x6d
 353 011b AE010000 		.4byte	0x1ae
 354 011f 03       		.byte	0x3
 355 0120 23       		.byte	0x23
 356 0121 A004     		.uleb128 0x220
 357 0123 08       		.uleb128 0x8
 358 0124 49505200 		.ascii	"IPR\000"
 359 0128 02       		.byte	0x2
 360 0129 6E       		.byte	0x6e
 361 012a C3010000 		.4byte	0x1c3
 362 012e 03       		.byte	0x3
 363 012f 23       		.byte	0x23
 364 0130 8006     		.uleb128 0x300
 365 0132 07       		.uleb128 0x7
 366 0133 94000000 		.4byte	.LASF20
 367 0137 02       		.byte	0x2
 368 0138 6F       		.byte	0x6f
 369 0139 D9010000 		.4byte	0x1d9
 370 013d 03       		.byte	0x3
 371 013e 23       		.byte	0x23
 372 013f F007     		.uleb128 0x3f0
 373 0141 07       		.uleb128 0x7
 374 0142 10010000 		.4byte	.LASF21
 375 0146 02       		.byte	0x2
 376 0147 70       		.byte	0x70
 377 0148 81000000 		.4byte	0x81
 378 014c 03       		.byte	0x3
 379 014d 23       		.byte	0x23
 380 014e 801C     		.uleb128 0xe00
 381 0150 00       		.byte	0
 382 0151 09       		.uleb128 0x9
 383 0152 65000000 		.4byte	0x65
 384 0156 61010000 		.4byte	0x161
 385 015a 0A       		.uleb128 0xa
 386 015b 30000000 		.4byte	0x30
 387 015f 07       		.byte	0x7
 388 0160 00       		.byte	0
 389 0161 05       		.uleb128 0x5
 390 0162 51010000 		.4byte	0x151
 391 0166 09       		.uleb128 0x9
 392 0167 65000000 		.4byte	0x65
 393 016b 76010000 		.4byte	0x176
 394 016f 0A       		.uleb128 0xa
 395 0170 30000000 		.4byte	0x30
 396 0174 17       		.byte	0x17
ARM GAS  C:\Users\Rob\AppData\Local\Temp\ccz42TvE.s 			page 8


 397 0175 00       		.byte	0
 398 0176 05       		.uleb128 0x5
 399 0177 66010000 		.4byte	0x166
 400 017b 05       		.uleb128 0x5
 401 017c 51010000 		.4byte	0x151
 402 0180 05       		.uleb128 0x5
 403 0181 66010000 		.4byte	0x166
 404 0185 05       		.uleb128 0x5
 405 0186 51010000 		.4byte	0x151
 406 018a 05       		.uleb128 0x5
 407 018b 66010000 		.4byte	0x166
 408 018f 05       		.uleb128 0x5
 409 0190 51010000 		.4byte	0x151
 410 0194 05       		.uleb128 0x5
 411 0195 66010000 		.4byte	0x166
 412 0199 05       		.uleb128 0x5
 413 019a 51010000 		.4byte	0x151
 414 019e 09       		.uleb128 0x9
 415 019f 65000000 		.4byte	0x65
 416 01a3 AE010000 		.4byte	0x1ae
 417 01a7 0A       		.uleb128 0xa
 418 01a8 30000000 		.4byte	0x30
 419 01ac 37       		.byte	0x37
 420 01ad 00       		.byte	0
 421 01ae 05       		.uleb128 0x5
 422 01af 9E010000 		.4byte	0x19e
 423 01b3 09       		.uleb128 0x9
 424 01b4 65000000 		.4byte	0x65
 425 01b8 C3010000 		.4byte	0x1c3
 426 01bc 0A       		.uleb128 0xa
 427 01bd 30000000 		.4byte	0x30
 428 01c1 3B       		.byte	0x3b
 429 01c2 00       		.byte	0
 430 01c3 05       		.uleb128 0x5
 431 01c4 B3010000 		.4byte	0x1b3
 432 01c8 09       		.uleb128 0x9
 433 01c9 65000000 		.4byte	0x65
 434 01cd D9010000 		.4byte	0x1d9
 435 01d1 0B       		.uleb128 0xb
 436 01d2 30000000 		.4byte	0x30
 437 01d6 8302     		.2byte	0x283
 438 01d8 00       		.byte	0
 439 01d9 05       		.uleb128 0x5
 440 01da C8010000 		.4byte	0x1c8
 441 01de 04       		.uleb128 0x4
 442 01df 45000000 		.4byte	.LASF23
 443 01e3 02       		.byte	0x2
 444 01e4 71       		.byte	0x71
 445 01e5 86000000 		.4byte	0x86
 446 01e9 0C       		.uleb128 0xc
 447 01ea 8C       		.byte	0x8c
 448 01eb 02       		.byte	0x2
 449 01ec 82       		.byte	0x82
 450 01ed 19030000 		.4byte	0x319
 451 01f1 07       		.uleb128 0x7
 452 01f2 7B010000 		.4byte	.LASF24
 453 01f6 02       		.byte	0x2
ARM GAS  C:\Users\Rob\AppData\Local\Temp\ccz42TvE.s 			page 9


 454 01f7 83       		.byte	0x83
 455 01f8 81000000 		.4byte	0x81
 456 01fc 02       		.byte	0x2
 457 01fd 23       		.byte	0x23
 458 01fe 00       		.uleb128 0
 459 01ff 07       		.uleb128 0x7
 460 0200 4D010000 		.4byte	.LASF25
 461 0204 02       		.byte	0x2
 462 0205 84       		.byte	0x84
 463 0206 81000000 		.4byte	0x81
 464 020a 02       		.byte	0x2
 465 020b 23       		.byte	0x23
 466 020c 04       		.uleb128 0x4
 467 020d 07       		.uleb128 0x7
 468 020e 4E000000 		.4byte	.LASF26
 469 0212 02       		.byte	0x2
 470 0213 85       		.byte	0x85
 471 0214 81000000 		.4byte	0x81
 472 0218 02       		.byte	0x2
 473 0219 23       		.byte	0x23
 474 021a 08       		.uleb128 0x8
 475 021b 07       		.uleb128 0x7
 476 021c 5A010000 		.4byte	.LASF27
 477 0220 02       		.byte	0x2
 478 0221 86       		.byte	0x86
 479 0222 81000000 		.4byte	0x81
 480 0226 02       		.byte	0x2
 481 0227 23       		.byte	0x23
 482 0228 0C       		.uleb128 0xc
 483 0229 08       		.uleb128 0x8
 484 022a 53435200 		.ascii	"SCR\000"
 485 022e 02       		.byte	0x2
 486 022f 87       		.byte	0x87
 487 0230 81000000 		.4byte	0x81
 488 0234 02       		.byte	0x2
 489 0235 23       		.byte	0x23
 490 0236 10       		.uleb128 0x10
 491 0237 08       		.uleb128 0x8
 492 0238 43435200 		.ascii	"CCR\000"
 493 023c 02       		.byte	0x2
 494 023d 88       		.byte	0x88
 495 023e 81000000 		.4byte	0x81
 496 0242 02       		.byte	0x2
 497 0243 23       		.byte	0x23
 498 0244 14       		.uleb128 0x14
 499 0245 07       		.uleb128 0x7
 500 0246 AE010000 		.4byte	.LASF28
 501 024a 02       		.byte	0x2
 502 024b 89       		.byte	0x89
 503 024c 29030000 		.4byte	0x329
 504 0250 02       		.byte	0x2
 505 0251 23       		.byte	0x23
 506 0252 18       		.uleb128 0x18
 507 0253 07       		.uleb128 0x7
 508 0254 96010000 		.4byte	.LASF29
 509 0258 02       		.byte	0x2
 510 0259 8A       		.byte	0x8a
ARM GAS  C:\Users\Rob\AppData\Local\Temp\ccz42TvE.s 			page 10


 511 025a 81000000 		.4byte	0x81
 512 025e 02       		.byte	0x2
 513 025f 23       		.byte	0x23
 514 0260 24       		.uleb128 0x24
 515 0261 07       		.uleb128 0x7
 516 0262 AF000000 		.4byte	.LASF30
 517 0266 02       		.byte	0x2
 518 0267 8B       		.byte	0x8b
 519 0268 81000000 		.4byte	0x81
 520 026c 02       		.byte	0x2
 521 026d 23       		.byte	0x23
 522 026e 28       		.uleb128 0x28
 523 026f 07       		.uleb128 0x7
 524 0270 C0000000 		.4byte	.LASF31
 525 0274 02       		.byte	0x2
 526 0275 8C       		.byte	0x8c
 527 0276 81000000 		.4byte	0x81
 528 027a 02       		.byte	0x2
 529 027b 23       		.byte	0x23
 530 027c 2C       		.uleb128 0x2c
 531 027d 07       		.uleb128 0x7
 532 027e 31010000 		.4byte	.LASF32
 533 0282 02       		.byte	0x2
 534 0283 8D       		.byte	0x8d
 535 0284 81000000 		.4byte	0x81
 536 0288 02       		.byte	0x2
 537 0289 23       		.byte	0x23
 538 028a 30       		.uleb128 0x30
 539 028b 07       		.uleb128 0x7
 540 028c 90010000 		.4byte	.LASF33
 541 0290 02       		.byte	0x2
 542 0291 8E       		.byte	0x8e
 543 0292 81000000 		.4byte	0x81
 544 0296 02       		.byte	0x2
 545 0297 23       		.byte	0x23
 546 0298 34       		.uleb128 0x34
 547 0299 07       		.uleb128 0x7
 548 029a 60010000 		.4byte	.LASF34
 549 029e 02       		.byte	0x2
 550 029f 8F       		.byte	0x8f
 551 02a0 81000000 		.4byte	0x81
 552 02a4 02       		.byte	0x2
 553 02a5 23       		.byte	0x23
 554 02a6 38       		.uleb128 0x38
 555 02a7 07       		.uleb128 0x7
 556 02a8 8B010000 		.4byte	.LASF35
 557 02ac 02       		.byte	0x2
 558 02ad 90       		.byte	0x90
 559 02ae 81000000 		.4byte	0x81
 560 02b2 02       		.byte	0x2
 561 02b3 23       		.byte	0x23
 562 02b4 3C       		.uleb128 0x3c
 563 02b5 08       		.uleb128 0x8
 564 02b6 50465200 		.ascii	"PFR\000"
 565 02ba 02       		.byte	0x2
 566 02bb 91       		.byte	0x91
 567 02bc 3E030000 		.4byte	0x33e
ARM GAS  C:\Users\Rob\AppData\Local\Temp\ccz42TvE.s 			page 11


 568 02c0 02       		.byte	0x2
 569 02c1 23       		.byte	0x23
 570 02c2 40       		.uleb128 0x40
 571 02c3 08       		.uleb128 0x8
 572 02c4 44465200 		.ascii	"DFR\000"
 573 02c8 02       		.byte	0x2
 574 02c9 92       		.byte	0x92
 575 02ca 81000000 		.4byte	0x81
 576 02ce 02       		.byte	0x2
 577 02cf 23       		.byte	0x23
 578 02d0 48       		.uleb128 0x48
 579 02d1 08       		.uleb128 0x8
 580 02d2 41445200 		.ascii	"ADR\000"
 581 02d6 02       		.byte	0x2
 582 02d7 93       		.byte	0x93
 583 02d8 81000000 		.4byte	0x81
 584 02dc 02       		.byte	0x2
 585 02dd 23       		.byte	0x23
 586 02de 4C       		.uleb128 0x4c
 587 02df 07       		.uleb128 0x7
 588 02e0 0A000000 		.4byte	.LASF36
 589 02e4 02       		.byte	0x2
 590 02e5 94       		.byte	0x94
 591 02e6 53030000 		.4byte	0x353
 592 02ea 02       		.byte	0x2
 593 02eb 23       		.byte	0x23
 594 02ec 50       		.uleb128 0x50
 595 02ed 08       		.uleb128 0x8
 596 02ee 53415200 		.ascii	"SAR\000"
 597 02f2 02       		.byte	0x2
 598 02f3 95       		.byte	0x95
 599 02f4 68030000 		.4byte	0x368
 600 02f8 02       		.byte	0x2
 601 02f9 23       		.byte	0x23
 602 02fa 60       		.uleb128 0x60
 603 02fb 07       		.uleb128 0x7
 604 02fc 6C000000 		.4byte	.LASF11
 605 0300 02       		.byte	0x2
 606 0301 96       		.byte	0x96
 607 0302 6D030000 		.4byte	0x36d
 608 0306 02       		.byte	0x2
 609 0307 23       		.byte	0x23
 610 0308 74       		.uleb128 0x74
 611 0309 07       		.uleb128 0x7
 612 030a 0A010000 		.4byte	.LASF37
 613 030e 02       		.byte	0x2
 614 030f 97       		.byte	0x97
 615 0310 81000000 		.4byte	0x81
 616 0314 03       		.byte	0x3
 617 0315 23       		.byte	0x23
 618 0316 8801     		.uleb128 0x88
 619 0318 00       		.byte	0
 620 0319 09       		.uleb128 0x9
 621 031a 65000000 		.4byte	0x65
 622 031e 29030000 		.4byte	0x329
 623 0322 0A       		.uleb128 0xa
 624 0323 30000000 		.4byte	0x30
ARM GAS  C:\Users\Rob\AppData\Local\Temp\ccz42TvE.s 			page 12


 625 0327 02       		.byte	0x2
 626 0328 00       		.byte	0
 627 0329 05       		.uleb128 0x5
 628 032a 19030000 		.4byte	0x319
 629 032e 09       		.uleb128 0x9
 630 032f 65000000 		.4byte	0x65
 631 0333 3E030000 		.4byte	0x33e
 632 0337 0A       		.uleb128 0xa
 633 0338 30000000 		.4byte	0x30
 634 033c 01       		.byte	0x1
 635 033d 00       		.byte	0
 636 033e 05       		.uleb128 0x5
 637 033f 2E030000 		.4byte	0x32e
 638 0343 09       		.uleb128 0x9
 639 0344 65000000 		.4byte	0x65
 640 0348 53030000 		.4byte	0x353
 641 034c 0A       		.uleb128 0xa
 642 034d 30000000 		.4byte	0x30
 643 0351 03       		.byte	0x3
 644 0352 00       		.byte	0
 645 0353 05       		.uleb128 0x5
 646 0354 43030000 		.4byte	0x343
 647 0358 09       		.uleb128 0x9
 648 0359 65000000 		.4byte	0x65
 649 035d 68030000 		.4byte	0x368
 650 0361 0A       		.uleb128 0xa
 651 0362 30000000 		.4byte	0x30
 652 0366 04       		.byte	0x4
 653 0367 00       		.byte	0
 654 0368 05       		.uleb128 0x5
 655 0369 58030000 		.4byte	0x358
 656 036d 05       		.uleb128 0x5
 657 036e 58030000 		.4byte	0x358
 658 0372 04       		.uleb128 0x4
 659 0373 52010000 		.4byte	.LASF38
 660 0377 02       		.byte	0x2
 661 0378 98       		.byte	0x98
 662 0379 E9010000 		.4byte	0x1e9
 663 037d 03       		.uleb128 0x3
 664 037e 01       		.byte	0x1
 665 037f 08       		.byte	0x8
 666 0380 81010000 		.4byte	.LASF39
 667 0384 0D       		.uleb128 0xd
 668 0385 01       		.byte	0x1
 669 0386 E1010000 		.4byte	.LASF41
 670 038a 01       		.byte	0x1
 671 038b 27       		.byte	0x27
 672 038c 01       		.byte	0x1
 673 038d 00000000 		.4byte	.LFB7
 674 0391 40000000 		.4byte	.LFE7
 675 0395 00000000 		.4byte	.LLST0
 676 0399 C8030000 		.4byte	0x3c8
 677 039d 0E       		.uleb128 0xe
 678 039e 6E00     		.ascii	"n\000"
 679 03a0 01       		.byte	0x1
 680 03a1 27       		.byte	0x27
 681 03a2 5A000000 		.4byte	0x5a
ARM GAS  C:\Users\Rob\AppData\Local\Temp\ccz42TvE.s 			page 13


 682 03a6 20000000 		.4byte	.LLST1
 683 03aa 0F       		.uleb128 0xf
 684 03ab 00000000 		.4byte	.LASF40
 685 03af 01       		.byte	0x1
 686 03b0 27       		.byte	0x27
 687 03b1 5A000000 		.4byte	0x5a
 688 03b5 33000000 		.4byte	.LLST2
 689 03b9 10       		.uleb128 0x10
 690 03ba 736800   		.ascii	"sh\000"
 691 03bd 01       		.byte	0x1
 692 03be 28       		.byte	0x28
 693 03bf 30000000 		.4byte	0x30
 694 03c3 46000000 		.4byte	.LLST3
 695 03c7 00       		.byte	0
 696 03c8 0D       		.uleb128 0xd
 697 03c9 01       		.byte	0x1
 698 03ca 33000000 		.4byte	.LASF42
 699 03ce 01       		.byte	0x1
 700 03cf 35       		.byte	0x35
 701 03d0 01       		.byte	0x1
 702 03d1 00000000 		.4byte	.LFB8
 703 03d5 34000000 		.4byte	.LFE8
 704 03d9 5F000000 		.4byte	.LLST4
 705 03dd FD030000 		.4byte	0x3fd
 706 03e1 0E       		.uleb128 0xe
 707 03e2 6E00     		.ascii	"n\000"
 708 03e4 01       		.byte	0x1
 709 03e5 35       		.byte	0x35
 710 03e6 5A000000 		.4byte	0x5a
 711 03ea 7F000000 		.4byte	.LLST5
 712 03ee 10       		.uleb128 0x10
 713 03ef 736800   		.ascii	"sh\000"
 714 03f2 01       		.byte	0x1
 715 03f3 36       		.byte	0x36
 716 03f4 30000000 		.4byte	0x30
 717 03f8 92000000 		.4byte	.LLST6
 718 03fc 00       		.byte	0
 719 03fd 11       		.uleb128 0x11
 720 03fe 01       		.byte	0x1
 721 03ff BF010000 		.4byte	.LASF47
 722 0403 01       		.byte	0x1
 723 0404 43       		.byte	0x43
 724 0405 01       		.byte	0x1
 725 0406 00000000 		.4byte	.LFB9
 726 040a 28000000 		.4byte	.LFE9
 727 040e B6000000 		.4byte	.LLST7
 728 0412 0F       		.uleb128 0xf
 729 0413 65010000 		.4byte	.LASF43
 730 0417 01       		.byte	0x1
 731 0418 43       		.byte	0x43
 732 0419 5A000000 		.4byte	0x5a
 733 041d D6000000 		.4byte	.LLST8
 734 0421 0F       		.uleb128 0xf
 735 0422 00000000 		.4byte	.LASF40
 736 0426 01       		.byte	0x1
 737 0427 43       		.byte	0x43
 738 0428 5A000000 		.4byte	0x5a
ARM GAS  C:\Users\Rob\AppData\Local\Temp\ccz42TvE.s 			page 14


 739 042c E9000000 		.4byte	.LLST9
 740 0430 10       		.uleb128 0x10
 741 0431 736800   		.ascii	"sh\000"
 742 0434 01       		.byte	0x1
 743 0435 44       		.byte	0x44
 744 0436 30000000 		.4byte	0x30
 745 043a FC000000 		.4byte	.LLST10
 746 043e 00       		.byte	0
 747 043f 00       		.byte	0
 748              		.section	.debug_abbrev,"",%progbits
 749              	.Ldebug_abbrev0:
 750 0000 01       		.uleb128 0x1
 751 0001 11       		.uleb128 0x11
 752 0002 01       		.byte	0x1
 753 0003 25       		.uleb128 0x25
 754 0004 0E       		.uleb128 0xe
 755 0005 13       		.uleb128 0x13
 756 0006 0B       		.uleb128 0xb
 757 0007 03       		.uleb128 0x3
 758 0008 0E       		.uleb128 0xe
 759 0009 1B       		.uleb128 0x1b
 760 000a 0E       		.uleb128 0xe
 761 000b 11       		.uleb128 0x11
 762 000c 01       		.uleb128 0x1
 763 000d 52       		.uleb128 0x52
 764 000e 01       		.uleb128 0x1
 765 000f 55       		.uleb128 0x55
 766 0010 06       		.uleb128 0x6
 767 0011 10       		.uleb128 0x10
 768 0012 06       		.uleb128 0x6
 769 0013 00       		.byte	0
 770 0014 00       		.byte	0
 771 0015 02       		.uleb128 0x2
 772 0016 24       		.uleb128 0x24
 773 0017 00       		.byte	0
 774 0018 0B       		.uleb128 0xb
 775 0019 0B       		.uleb128 0xb
 776 001a 3E       		.uleb128 0x3e
 777 001b 0B       		.uleb128 0xb
 778 001c 03       		.uleb128 0x3
 779 001d 08       		.uleb128 0x8
 780 001e 00       		.byte	0
 781 001f 00       		.byte	0
 782 0020 03       		.uleb128 0x3
 783 0021 24       		.uleb128 0x24
 784 0022 00       		.byte	0
 785 0023 0B       		.uleb128 0xb
 786 0024 0B       		.uleb128 0xb
 787 0025 3E       		.uleb128 0x3e
 788 0026 0B       		.uleb128 0xb
 789 0027 03       		.uleb128 0x3
 790 0028 0E       		.uleb128 0xe
 791 0029 00       		.byte	0
 792 002a 00       		.byte	0
 793 002b 04       		.uleb128 0x4
 794 002c 16       		.uleb128 0x16
 795 002d 00       		.byte	0
ARM GAS  C:\Users\Rob\AppData\Local\Temp\ccz42TvE.s 			page 15


 796 002e 03       		.uleb128 0x3
 797 002f 0E       		.uleb128 0xe
 798 0030 3A       		.uleb128 0x3a
 799 0031 0B       		.uleb128 0xb
 800 0032 3B       		.uleb128 0x3b
 801 0033 0B       		.uleb128 0xb
 802 0034 49       		.uleb128 0x49
 803 0035 13       		.uleb128 0x13
 804 0036 00       		.byte	0
 805 0037 00       		.byte	0
 806 0038 05       		.uleb128 0x5
 807 0039 35       		.uleb128 0x35
 808 003a 00       		.byte	0
 809 003b 49       		.uleb128 0x49
 810 003c 13       		.uleb128 0x13
 811 003d 00       		.byte	0
 812 003e 00       		.byte	0
 813 003f 06       		.uleb128 0x6
 814 0040 13       		.uleb128 0x13
 815 0041 01       		.byte	0x1
 816 0042 0B       		.uleb128 0xb
 817 0043 05       		.uleb128 0x5
 818 0044 3A       		.uleb128 0x3a
 819 0045 0B       		.uleb128 0xb
 820 0046 3B       		.uleb128 0x3b
 821 0047 0B       		.uleb128 0xb
 822 0048 01       		.uleb128 0x1
 823 0049 13       		.uleb128 0x13
 824 004a 00       		.byte	0
 825 004b 00       		.byte	0
 826 004c 07       		.uleb128 0x7
 827 004d 0D       		.uleb128 0xd
 828 004e 00       		.byte	0
 829 004f 03       		.uleb128 0x3
 830 0050 0E       		.uleb128 0xe
 831 0051 3A       		.uleb128 0x3a
 832 0052 0B       		.uleb128 0xb
 833 0053 3B       		.uleb128 0x3b
 834 0054 0B       		.uleb128 0xb
 835 0055 49       		.uleb128 0x49
 836 0056 13       		.uleb128 0x13
 837 0057 38       		.uleb128 0x38
 838 0058 0A       		.uleb128 0xa
 839 0059 00       		.byte	0
 840 005a 00       		.byte	0
 841 005b 08       		.uleb128 0x8
 842 005c 0D       		.uleb128 0xd
 843 005d 00       		.byte	0
 844 005e 03       		.uleb128 0x3
 845 005f 08       		.uleb128 0x8
 846 0060 3A       		.uleb128 0x3a
 847 0061 0B       		.uleb128 0xb
 848 0062 3B       		.uleb128 0x3b
 849 0063 0B       		.uleb128 0xb
 850 0064 49       		.uleb128 0x49
 851 0065 13       		.uleb128 0x13
 852 0066 38       		.uleb128 0x38
ARM GAS  C:\Users\Rob\AppData\Local\Temp\ccz42TvE.s 			page 16


 853 0067 0A       		.uleb128 0xa
 854 0068 00       		.byte	0
 855 0069 00       		.byte	0
 856 006a 09       		.uleb128 0x9
 857 006b 01       		.uleb128 0x1
 858 006c 01       		.byte	0x1
 859 006d 49       		.uleb128 0x49
 860 006e 13       		.uleb128 0x13
 861 006f 01       		.uleb128 0x1
 862 0070 13       		.uleb128 0x13
 863 0071 00       		.byte	0
 864 0072 00       		.byte	0
 865 0073 0A       		.uleb128 0xa
 866 0074 21       		.uleb128 0x21
 867 0075 00       		.byte	0
 868 0076 49       		.uleb128 0x49
 869 0077 13       		.uleb128 0x13
 870 0078 2F       		.uleb128 0x2f
 871 0079 0B       		.uleb128 0xb
 872 007a 00       		.byte	0
 873 007b 00       		.byte	0
 874 007c 0B       		.uleb128 0xb
 875 007d 21       		.uleb128 0x21
 876 007e 00       		.byte	0
 877 007f 49       		.uleb128 0x49
 878 0080 13       		.uleb128 0x13
 879 0081 2F       		.uleb128 0x2f
 880 0082 05       		.uleb128 0x5
 881 0083 00       		.byte	0
 882 0084 00       		.byte	0
 883 0085 0C       		.uleb128 0xc
 884 0086 13       		.uleb128 0x13
 885 0087 01       		.byte	0x1
 886 0088 0B       		.uleb128 0xb
 887 0089 0B       		.uleb128 0xb
 888 008a 3A       		.uleb128 0x3a
 889 008b 0B       		.uleb128 0xb
 890 008c 3B       		.uleb128 0x3b
 891 008d 0B       		.uleb128 0xb
 892 008e 01       		.uleb128 0x1
 893 008f 13       		.uleb128 0x13
 894 0090 00       		.byte	0
 895 0091 00       		.byte	0
 896 0092 0D       		.uleb128 0xd
 897 0093 2E       		.uleb128 0x2e
 898 0094 01       		.byte	0x1
 899 0095 3F       		.uleb128 0x3f
 900 0096 0C       		.uleb128 0xc
 901 0097 03       		.uleb128 0x3
 902 0098 0E       		.uleb128 0xe
 903 0099 3A       		.uleb128 0x3a
 904 009a 0B       		.uleb128 0xb
 905 009b 3B       		.uleb128 0x3b
 906 009c 0B       		.uleb128 0xb
 907 009d 27       		.uleb128 0x27
 908 009e 0C       		.uleb128 0xc
 909 009f 11       		.uleb128 0x11
ARM GAS  C:\Users\Rob\AppData\Local\Temp\ccz42TvE.s 			page 17


 910 00a0 01       		.uleb128 0x1
 911 00a1 12       		.uleb128 0x12
 912 00a2 01       		.uleb128 0x1
 913 00a3 40       		.uleb128 0x40
 914 00a4 06       		.uleb128 0x6
 915 00a5 01       		.uleb128 0x1
 916 00a6 13       		.uleb128 0x13
 917 00a7 00       		.byte	0
 918 00a8 00       		.byte	0
 919 00a9 0E       		.uleb128 0xe
 920 00aa 05       		.uleb128 0x5
 921 00ab 00       		.byte	0
 922 00ac 03       		.uleb128 0x3
 923 00ad 08       		.uleb128 0x8
 924 00ae 3A       		.uleb128 0x3a
 925 00af 0B       		.uleb128 0xb
 926 00b0 3B       		.uleb128 0x3b
 927 00b1 0B       		.uleb128 0xb
 928 00b2 49       		.uleb128 0x49
 929 00b3 13       		.uleb128 0x13
 930 00b4 02       		.uleb128 0x2
 931 00b5 06       		.uleb128 0x6
 932 00b6 00       		.byte	0
 933 00b7 00       		.byte	0
 934 00b8 0F       		.uleb128 0xf
 935 00b9 05       		.uleb128 0x5
 936 00ba 00       		.byte	0
 937 00bb 03       		.uleb128 0x3
 938 00bc 0E       		.uleb128 0xe
 939 00bd 3A       		.uleb128 0x3a
 940 00be 0B       		.uleb128 0xb
 941 00bf 3B       		.uleb128 0x3b
 942 00c0 0B       		.uleb128 0xb
 943 00c1 49       		.uleb128 0x49
 944 00c2 13       		.uleb128 0x13
 945 00c3 02       		.uleb128 0x2
 946 00c4 06       		.uleb128 0x6
 947 00c5 00       		.byte	0
 948 00c6 00       		.byte	0
 949 00c7 10       		.uleb128 0x10
 950 00c8 34       		.uleb128 0x34
 951 00c9 00       		.byte	0
 952 00ca 03       		.uleb128 0x3
 953 00cb 08       		.uleb128 0x8
 954 00cc 3A       		.uleb128 0x3a
 955 00cd 0B       		.uleb128 0xb
 956 00ce 3B       		.uleb128 0x3b
 957 00cf 0B       		.uleb128 0xb
 958 00d0 49       		.uleb128 0x49
 959 00d1 13       		.uleb128 0x13
 960 00d2 02       		.uleb128 0x2
 961 00d3 06       		.uleb128 0x6
 962 00d4 00       		.byte	0
 963 00d5 00       		.byte	0
 964 00d6 11       		.uleb128 0x11
 965 00d7 2E       		.uleb128 0x2e
 966 00d8 01       		.byte	0x1
ARM GAS  C:\Users\Rob\AppData\Local\Temp\ccz42TvE.s 			page 18


 967 00d9 3F       		.uleb128 0x3f
 968 00da 0C       		.uleb128 0xc
 969 00db 03       		.uleb128 0x3
 970 00dc 0E       		.uleb128 0xe
 971 00dd 3A       		.uleb128 0x3a
 972 00de 0B       		.uleb128 0xb
 973 00df 3B       		.uleb128 0x3b
 974 00e0 0B       		.uleb128 0xb
 975 00e1 27       		.uleb128 0x27
 976 00e2 0C       		.uleb128 0xc
 977 00e3 11       		.uleb128 0x11
 978 00e4 01       		.uleb128 0x1
 979 00e5 12       		.uleb128 0x12
 980 00e6 01       		.uleb128 0x1
 981 00e7 40       		.uleb128 0x40
 982 00e8 06       		.uleb128 0x6
 983 00e9 00       		.byte	0
 984 00ea 00       		.byte	0
 985 00eb 00       		.byte	0
 986              		.section	.debug_loc,"",%progbits
 987              	.Ldebug_loc0:
 988              	.LLST0:
 989 0000 00000000 		.4byte	.LFB7
 990 0004 02000000 		.4byte	.LCFI0
 991 0008 0200     		.2byte	0x2
 992 000a 7D       		.byte	0x7d
 993 000b 00       		.sleb128 0
 994 000c 02000000 		.4byte	.LCFI0
 995 0010 40000000 		.4byte	.LFE7
 996 0014 0200     		.2byte	0x2
 997 0016 7D       		.byte	0x7d
 998 0017 10       		.sleb128 16
 999 0018 00000000 		.4byte	0
 1000 001c 00000000 		.4byte	0
 1001              	.LLST1:
 1002 0020 02000000 		.4byte	.LVL0
 1003 0024 26000000 		.4byte	.LVL2
 1004 0028 0100     		.2byte	0x1
 1005 002a 50       		.byte	0x50
 1006 002b 00000000 		.4byte	0
 1007 002f 00000000 		.4byte	0
 1008              	.LLST2:
 1009 0033 02000000 		.4byte	.LVL0
 1010 0037 1A000000 		.4byte	.LVL1
 1011 003b 0100     		.2byte	0x1
 1012 003d 51       		.byte	0x51
 1013 003e 00000000 		.4byte	0
 1014 0042 00000000 		.4byte	0
 1015              	.LLST3:
 1016 0046 02000000 		.4byte	.LVL0
 1017 004a 26000000 		.4byte	.LVL2
 1018 004e 0700     		.2byte	0x7
 1019 0050 70       		.byte	0x70
 1020 0051 00       		.sleb128 0
 1021 0052 33       		.byte	0x33
 1022 0053 1A       		.byte	0x1a
 1023 0054 33       		.byte	0x33
ARM GAS  C:\Users\Rob\AppData\Local\Temp\ccz42TvE.s 			page 19


 1024 0055 24       		.byte	0x24
 1025 0056 9F       		.byte	0x9f
 1026 0057 00000000 		.4byte	0
 1027 005b 00000000 		.4byte	0
 1028              	.LLST4:
 1029 005f 00000000 		.4byte	.LFB8
 1030 0063 02000000 		.4byte	.LCFI1
 1031 0067 0200     		.2byte	0x2
 1032 0069 7D       		.byte	0x7d
 1033 006a 00       		.sleb128 0
 1034 006b 02000000 		.4byte	.LCFI1
 1035 006f 34000000 		.4byte	.LFE8
 1036 0073 0200     		.2byte	0x2
 1037 0075 7D       		.byte	0x7d
 1038 0076 08       		.sleb128 8
 1039 0077 00000000 		.4byte	0
 1040 007b 00000000 		.4byte	0
 1041              	.LLST5:
 1042 007f 02000000 		.4byte	.LVL3
 1043 0083 20000000 		.4byte	.LVL4
 1044 0087 0100     		.2byte	0x1
 1045 0089 50       		.byte	0x50
 1046 008a 00000000 		.4byte	0
 1047 008e 00000000 		.4byte	0
 1048              	.LLST6:
 1049 0092 02000000 		.4byte	.LVL3
 1050 0096 20000000 		.4byte	.LVL4
 1051 009a 0700     		.2byte	0x7
 1052 009c 70       		.byte	0x70
 1053 009d 00       		.sleb128 0
 1054 009e 33       		.byte	0x33
 1055 009f 1A       		.byte	0x1a
 1056 00a0 33       		.byte	0x33
 1057 00a1 24       		.byte	0x24
 1058 00a2 9F       		.byte	0x9f
 1059 00a3 24000000 		.4byte	.LVL5
 1060 00a7 34000000 		.4byte	.LFE8
 1061 00ab 0100     		.2byte	0x1
 1062 00ad 50       		.byte	0x50
 1063 00ae 00000000 		.4byte	0
 1064 00b2 00000000 		.4byte	0
 1065              	.LLST7:
 1066 00b6 00000000 		.4byte	.LFB9
 1067 00ba 02000000 		.4byte	.LCFI2
 1068 00be 0200     		.2byte	0x2
 1069 00c0 7D       		.byte	0x7d
 1070 00c1 00       		.sleb128 0
 1071 00c2 02000000 		.4byte	.LCFI2
 1072 00c6 28000000 		.4byte	.LFE9
 1073 00ca 0200     		.2byte	0x2
 1074 00cc 7D       		.byte	0x7d
 1075 00cd 0C       		.sleb128 12
 1076 00ce 00000000 		.4byte	0
 1077 00d2 00000000 		.4byte	0
 1078              	.LLST8:
 1079 00d6 02000000 		.4byte	.LVL6
 1080 00da 0E000000 		.4byte	.LVL7
ARM GAS  C:\Users\Rob\AppData\Local\Temp\ccz42TvE.s 			page 20


 1081 00de 0100     		.2byte	0x1
 1082 00e0 50       		.byte	0x50
 1083 00e1 00000000 		.4byte	0
 1084 00e5 00000000 		.4byte	0
 1085              	.LLST9:
 1086 00e9 02000000 		.4byte	.LVL6
 1087 00ed 1A000000 		.4byte	.LVL8
 1088 00f1 0100     		.2byte	0x1
 1089 00f3 51       		.byte	0x51
 1090 00f4 00000000 		.4byte	0
 1091 00f8 00000000 		.4byte	0
 1092              	.LLST10:
 1093 00fc 02000000 		.4byte	.LVL6
 1094 0100 0E000000 		.4byte	.LVL7
 1095 0104 0700     		.2byte	0x7
 1096 0106 70       		.byte	0x70
 1097 0107 00       		.sleb128 0
 1098 0108 33       		.byte	0x33
 1099 0109 1A       		.byte	0x1a
 1100 010a 33       		.byte	0x33
 1101 010b 24       		.byte	0x24
 1102 010c 9F       		.byte	0x9f
 1103 010d 00000000 		.4byte	0
 1104 0111 00000000 		.4byte	0
 1105              		.section	.debug_aranges,"",%progbits
 1106 0000 2C000000 		.4byte	0x2c
 1107 0004 0200     		.2byte	0x2
 1108 0006 00000000 		.4byte	.Ldebug_info0
 1109 000a 04       		.byte	0x4
 1110 000b 00       		.byte	0
 1111 000c 0000     		.2byte	0
 1112 000e 0000     		.2byte	0
 1113 0010 00000000 		.4byte	.LFB7
 1114 0014 40000000 		.4byte	.LFE7-.LFB7
 1115 0018 00000000 		.4byte	.LFB8
 1116 001c 34000000 		.4byte	.LFE8-.LFB8
 1117 0020 00000000 		.4byte	.LFB9
 1118 0024 28000000 		.4byte	.LFE9-.LFB9
 1119 0028 00000000 		.4byte	0
 1120 002c 00000000 		.4byte	0
 1121              		.section	.debug_ranges,"",%progbits
 1122              	.Ldebug_ranges0:
 1123 0000 00000000 		.4byte	.LFB7
 1124 0004 40000000 		.4byte	.LFE7
 1125 0008 00000000 		.4byte	.LFB8
 1126 000c 34000000 		.4byte	.LFE8
 1127 0010 00000000 		.4byte	.LFB9
 1128 0014 28000000 		.4byte	.LFE9
 1129 0018 00000000 		.4byte	0
 1130 001c 00000000 		.4byte	0
 1131              		.section	.debug_line,"",%progbits
 1132              	.Ldebug_line0:
 1133 0000 DA000000 		.section	.debug_str,"MS",%progbits,1
 1133      02008300 
 1133      00000201 
 1133      FB0E0D00 
 1133      01010101 
ARM GAS  C:\Users\Rob\AppData\Local\Temp\ccz42TvE.s 			page 21


 1134              	.LASF40:
 1135 0000 7072696F 		.ascii	"prio\000"
 1135      00
 1136              	.LASF16:
 1137 0005 49435052 		.ascii	"ICPR\000"
 1137      00
 1138              	.LASF36:
 1139 000a 4D4D4652 		.ascii	"MMFR\000"
 1139      00
 1140              	.LASF45:
 1141 000f 2E2E2F2E 		.ascii	"../../os/ports/common/ARMCMx/nvic.c\000"
 1141      2E2F6F73 
 1141      2F706F72 
 1141      74732F63 
 1141      6F6D6D6F 
 1142              	.LASF42:
 1143 0033 6E766963 		.ascii	"nvicDisableVector\000"
 1143      44697361 
 1143      626C6556 
 1143      6563746F 
 1143      7200
 1144              	.LASF23:
 1145 0045 434D785F 		.ascii	"CMx_NVIC\000"
 1145      4E564943 
 1145      00
 1146              	.LASF26:
 1147 004e 56544F52 		.ascii	"VTOR\000"
 1147      00
 1148              	.LASF9:
 1149 0053 5F426F6F 		.ascii	"_Bool\000"
 1149      6C00
 1150              	.LASF12:
 1151 0059 49434552 		.ascii	"ICER\000"
 1151      00
 1152              	.LASF2:
 1153 005e 756E7369 		.ascii	"unsigned char\000"
 1153      676E6564 
 1153      20636861 
 1153      7200
 1154              	.LASF11:
 1155 006c 756E7573 		.ascii	"unused1\000"
 1155      65643100 
 1156              	.LASF13:
 1157 0074 756E7573 		.ascii	"unused2\000"
 1157      65643200 
 1158              	.LASF15:
 1159 007c 756E7573 		.ascii	"unused3\000"
 1159      65643300 
 1160              	.LASF17:
 1161 0084 756E7573 		.ascii	"unused4\000"
 1161      65643400 
 1162              	.LASF19:
 1163 008c 756E7573 		.ascii	"unused5\000"
 1163      65643500 
 1164              	.LASF20:
 1165 0094 756E7573 		.ascii	"unused6\000"
 1165      65643600 
ARM GAS  C:\Users\Rob\AppData\Local\Temp\ccz42TvE.s 			page 22


 1166              	.LASF4:
 1167 009c 73686F72 		.ascii	"short unsigned int\000"
 1167      7420756E 
 1167      7369676E 
 1167      65642069 
 1167      6E7400
 1168              	.LASF30:
 1169 00af 43465352 		.ascii	"CFSR\000"
 1169      00
 1170              	.LASF44:
 1171 00b4 474E5520 		.ascii	"GNU C 4.6.2\000"
 1171      4320342E 
 1171      362E3200 
 1172              	.LASF31:
 1173 00c0 48465352 		.ascii	"HFSR\000"
 1173      00
 1174              	.LASF46:
 1175 00c5 433A5C55 		.ascii	"C:\\Users\\Rob\\Projects\\ECE411Practicum\\src\\vir"
 1175      73657273 
 1175      5C526F62 
 1175      5C50726F 
 1175      6A656374 
 1176 00f2 756C656E 		.ascii	"ulent\000"
 1176      7400
 1177              	.LASF6:
 1178 00f8 6C6F6E67 		.ascii	"long unsigned int\000"
 1178      20756E73 
 1178      69676E65 
 1178      6420696E 
 1178      7400
 1179              	.LASF37:
 1180 010a 43504143 		.ascii	"CPACR\000"
 1180      5200
 1181              	.LASF21:
 1182 0110 53544952 		.ascii	"STIR\000"
 1182      00
 1183              	.LASF3:
 1184 0115 73686F72 		.ascii	"short int\000"
 1184      7420696E 
 1184      7400
 1185              	.LASF0:
 1186 011f 756E7369 		.ascii	"unsigned int\000"
 1186      676E6564 
 1186      20696E74 
 1186      00
 1187              	.LASF14:
 1188 012c 49535052 		.ascii	"ISPR\000"
 1188      00
 1189              	.LASF32:
 1190 0131 44465352 		.ascii	"DFSR\000"
 1190      00
 1191              	.LASF8:
 1192 0136 6C6F6E67 		.ascii	"long long unsigned int\000"
 1192      206C6F6E 
 1192      6720756E 
 1192      7369676E 
 1192      65642069 
ARM GAS  C:\Users\Rob\AppData\Local\Temp\ccz42TvE.s 			page 23


 1193              	.LASF25:
 1194 014d 49435352 		.ascii	"ICSR\000"
 1194      00
 1195              	.LASF38:
 1196 0152 434D785F 		.ascii	"CMx_SCB\000"
 1196      53434200 
 1197              	.LASF27:
 1198 015a 41495243 		.ascii	"AIRCR\000"
 1198      5200
 1199              	.LASF34:
 1200 0160 42464152 		.ascii	"BFAR\000"
 1200      00
 1201              	.LASF43:
 1202 0165 68616E64 		.ascii	"handler\000"
 1202      6C657200 
 1203              	.LASF7:
 1204 016d 6C6F6E67 		.ascii	"long long int\000"
 1204      206C6F6E 
 1204      6720696E 
 1204      7400
 1205              	.LASF24:
 1206 017b 43505549 		.ascii	"CPUID\000"
 1206      4400
 1207              	.LASF39:
 1208 0181 63686172 		.ascii	"char\000"
 1208      00
 1209              	.LASF10:
 1210 0186 49534552 		.ascii	"ISER\000"
 1210      00
 1211              	.LASF35:
 1212 018b 41465352 		.ascii	"AFSR\000"
 1212      00
 1213              	.LASF33:
 1214 0190 4D4D4641 		.ascii	"MMFAR\000"
 1214      5200
 1215              	.LASF29:
 1216 0196 53484353 		.ascii	"SHCSR\000"
 1216      5200
 1217              	.LASF22:
 1218 019c 75696E74 		.ascii	"uint32_t\000"
 1218      33325F74 
 1218      00
 1219              	.LASF5:
 1220 01a5 6C6F6E67 		.ascii	"long int\000"
 1220      20696E74 
 1220      00
 1221              	.LASF28:
 1222 01ae 53485052 		.ascii	"SHPR\000"
 1222      00
 1223              	.LASF1:
 1224 01b3 7369676E 		.ascii	"signed char\000"
 1224      65642063 
 1224      68617200 
 1225              	.LASF47:
 1226 01bf 6E766963 		.ascii	"nvicSetSystemHandlerPriority\000"
 1226      53657453 
 1226      79737465 
ARM GAS  C:\Users\Rob\AppData\Local\Temp\ccz42TvE.s 			page 24


 1226      6D48616E 
 1226      646C6572 
 1227              	.LASF18:
 1228 01dc 49414252 		.ascii	"IABR\000"
 1228      00
 1229              	.LASF41:
 1230 01e1 6E766963 		.ascii	"nvicEnableVector\000"
 1230      456E6162 
 1230      6C655665 
 1230      63746F72 
 1230      00
 1231              		.ident	"GCC: (GNU) 4.6.2"
ARM GAS  C:\Users\Rob\AppData\Local\Temp\ccz42TvE.s 			page 25


DEFINED SYMBOLS
                            *ABS*:00000000 nvic.c
C:\Users\Rob\AppData\Local\Temp\ccz42TvE.s:17     .text.nvicEnableVector:00000000 $t
C:\Users\Rob\AppData\Local\Temp\ccz42TvE.s:23     .text.nvicEnableVector:00000000 nvicEnableVector
C:\Users\Rob\AppData\Local\Temp\ccz42TvE.s:85     .text.nvicEnableVector:0000003c $d
C:\Users\Rob\AppData\Local\Temp\ccz42TvE.s:90     .text.nvicDisableVector:00000000 $t
C:\Users\Rob\AppData\Local\Temp\ccz42TvE.s:96     .text.nvicDisableVector:00000000 nvicDisableVector
C:\Users\Rob\AppData\Local\Temp\ccz42TvE.s:143    .text.nvicDisableVector:00000030 $d
C:\Users\Rob\AppData\Local\Temp\ccz42TvE.s:148    .text.nvicSetSystemHandlerPriority:00000000 $t
C:\Users\Rob\AppData\Local\Temp\ccz42TvE.s:154    .text.nvicSetSystemHandlerPriority:00000000 nvicSetSystemHandlerPriority
C:\Users\Rob\AppData\Local\Temp\ccz42TvE.s:198    .text.nvicSetSystemHandlerPriority:00000024 $d
                     .debug_frame:00000010 $d
C:\Users\Rob\AppData\Local\Temp\ccz42TvE.s:147    .text.nvicDisableVector:00000034 $t
C:\Users\Rob\AppData\Local\Temp\ccz42TvE.s:202    .text.nvicSetSystemHandlerPriority:00000028 $t

NO UNDEFINED SYMBOLS
