ARM GAS  C:\Users\Rob\AppData\Local\Temp\ccKxZjrN.s 			page 1


   1              		.cpu cortex-m0
   2              		.fpu softvfp
   3              		.eabi_attribute 20, 1
   4              		.eabi_attribute 21, 1
   5              		.eabi_attribute 23, 3
   6              		.eabi_attribute 24, 1
   7              		.eabi_attribute 25, 1
   8              		.eabi_attribute 26, 1
   9              		.eabi_attribute 30, 2
  10              		.eabi_attribute 18, 4
  11              		.code	16
  12              		.file	"pal_lld.c"
  13              		.text
  14              	.Ltext0:
  15              		.cfi_sections	.debug_frame
  16              		.section	.text._pal_lld_init,"ax",%progbits
  17              		.align	2
  18              		.p2align 4,,15
  19              		.global	_pal_lld_init
  20              		.code	16
  21              		.thumb_func
  22              		.type	_pal_lld_init, %function
  23              	_pal_lld_init:
  24              	.LFB41:
  25              		.file 1 "../../os/hal/platforms/STM32/GPIOv2/pal_lld.c"
  26              		.loc 1 104 0
  27              		.cfi_startproc
  28              	.LVL0:
  29              		.loc 1 113 0
  30 0000 2A4B     		ldr	r3, .L2
  31 0002 BC22     		mov	r2, #188
  32 0004 5969     		ldr	r1, [r3, #20]
  33 0006 D203     		lsl	r2, r2, #15
  34 0008 0A43     		orr	r2, r1
  35 000a 5A61     		str	r2, [r3, #20]
  36              	.LVL1:
  37              	.LBB12:
  38              	.LBB13:
  39              		.loc 1 79 0
  40 000c 4268     		ldr	r2, [r0, #4]
  41 000e 9023     		mov	r3, #144
  42 0010 DB05     		lsl	r3, r3, #23
  43 0012 5A60     		str	r2, [r3, #4]
  44              		.loc 1 80 0
  45 0014 8268     		ldr	r2, [r0, #8]
  46              	.LBE13:
  47              	.LBE12:
  48              		.loc 1 143 0
  49              		@ sp needed for prologue
  50              	.LBB15:
  51              	.LBB14:
  52              		.loc 1 80 0
  53 0016 9A60     		str	r2, [r3, #8]
  54              		.loc 1 81 0
  55 0018 C268     		ldr	r2, [r0, #12]
  56 001a DA60     		str	r2, [r3, #12]
  57              		.loc 1 82 0
ARM GAS  C:\Users\Rob\AppData\Local\Temp\ccKxZjrN.s 			page 2


  58 001c 0269     		ldr	r2, [r0, #16]
  59 001e 5A61     		str	r2, [r3, #20]
  60              		.loc 1 83 0
  61 0020 4269     		ldr	r2, [r0, #20]
  62 0022 1A62     		str	r2, [r3, #32]
  63              		.loc 1 84 0
  64 0024 8269     		ldr	r2, [r0, #24]
  65 0026 5A62     		str	r2, [r3, #36]
  66              		.loc 1 85 0
  67 0028 0268     		ldr	r2, [r0]
  68 002a 1A60     		str	r2, [r3]
  69              	.LVL2:
  70              	.LBE14:
  71              	.LBE15:
  72              	.LBB16:
  73              	.LBB17:
  74              		.loc 1 79 0
  75 002c 026A     		ldr	r2, [r0, #32]
  76 002e 204B     		ldr	r3, .L2+4
  77 0030 5A60     		str	r2, [r3, #4]
  78              		.loc 1 80 0
  79 0032 426A     		ldr	r2, [r0, #36]
  80 0034 9A60     		str	r2, [r3, #8]
  81              		.loc 1 81 0
  82 0036 826A     		ldr	r2, [r0, #40]
  83 0038 DA60     		str	r2, [r3, #12]
  84              		.loc 1 82 0
  85 003a C26A     		ldr	r2, [r0, #44]
  86 003c 5A61     		str	r2, [r3, #20]
  87              		.loc 1 83 0
  88 003e 026B     		ldr	r2, [r0, #48]
  89 0040 1A62     		str	r2, [r3, #32]
  90              		.loc 1 84 0
  91 0042 426B     		ldr	r2, [r0, #52]
  92 0044 5A62     		str	r2, [r3, #36]
  93              		.loc 1 85 0
  94 0046 C269     		ldr	r2, [r0, #28]
  95 0048 1A60     		str	r2, [r3]
  96              	.LVL3:
  97              	.LBE17:
  98              	.LBE16:
  99              	.LBB18:
 100              	.LBB19:
 101              		.loc 1 79 0
 102 004a C26B     		ldr	r2, [r0, #60]
 103 004c 194B     		ldr	r3, .L2+8
 104 004e 5A60     		str	r2, [r3, #4]
 105              		.loc 1 80 0
 106 0050 026C     		ldr	r2, [r0, #64]
 107 0052 9A60     		str	r2, [r3, #8]
 108              		.loc 1 81 0
 109 0054 426C     		ldr	r2, [r0, #68]
 110 0056 DA60     		str	r2, [r3, #12]
 111              		.loc 1 82 0
 112 0058 826C     		ldr	r2, [r0, #72]
 113 005a 5A61     		str	r2, [r3, #20]
 114              		.loc 1 83 0
ARM GAS  C:\Users\Rob\AppData\Local\Temp\ccKxZjrN.s 			page 3


 115 005c C26C     		ldr	r2, [r0, #76]
 116 005e 1A62     		str	r2, [r3, #32]
 117              		.loc 1 84 0
 118 0060 026D     		ldr	r2, [r0, #80]
 119 0062 5A62     		str	r2, [r3, #36]
 120              		.loc 1 85 0
 121 0064 826B     		ldr	r2, [r0, #56]
 122 0066 1A60     		str	r2, [r3]
 123              	.LVL4:
 124              	.LBE19:
 125              	.LBE18:
 126              	.LBB20:
 127              	.LBB21:
 128              		.loc 1 79 0
 129 0068 826D     		ldr	r2, [r0, #88]
 130 006a 134B     		ldr	r3, .L2+12
 131 006c 5A60     		str	r2, [r3, #4]
 132              		.loc 1 80 0
 133 006e C26D     		ldr	r2, [r0, #92]
 134 0070 9A60     		str	r2, [r3, #8]
 135              		.loc 1 81 0
 136 0072 026E     		ldr	r2, [r0, #96]
 137 0074 DA60     		str	r2, [r3, #12]
 138              		.loc 1 82 0
 139 0076 426E     		ldr	r2, [r0, #100]
 140 0078 5A61     		str	r2, [r3, #20]
 141              		.loc 1 83 0
 142 007a 826E     		ldr	r2, [r0, #104]
 143 007c 1A62     		str	r2, [r3, #32]
 144              		.loc 1 84 0
 145 007e C26E     		ldr	r2, [r0, #108]
 146 0080 5A62     		str	r2, [r3, #36]
 147              		.loc 1 85 0
 148 0082 426D     		ldr	r2, [r0, #84]
 149 0084 1A60     		str	r2, [r3]
 150              	.LVL5:
 151              	.LBE21:
 152              	.LBE20:
 153              	.LBB22:
 154              	.LBB23:
 155              		.loc 1 79 0
 156 0086 426F     		ldr	r2, [r0, #116]
 157 0088 0C4B     		ldr	r3, .L2+16
 158 008a 5A60     		str	r2, [r3, #4]
 159              		.loc 1 80 0
 160 008c 826F     		ldr	r2, [r0, #120]
 161 008e 9A60     		str	r2, [r3, #8]
 162              		.loc 1 81 0
 163 0090 C26F     		ldr	r2, [r0, #124]
 164 0092 DA60     		str	r2, [r3, #12]
 165              		.loc 1 82 0
 166 0094 8022     		mov	r2, #128
 167 0096 8258     		ldr	r2, [r0, r2]
 168 0098 5A61     		str	r2, [r3, #20]
 169              		.loc 1 83 0
 170 009a 8422     		mov	r2, #132
 171 009c 8258     		ldr	r2, [r0, r2]
ARM GAS  C:\Users\Rob\AppData\Local\Temp\ccKxZjrN.s 			page 4


 172 009e 1A62     		str	r2, [r3, #32]
 173              		.loc 1 84 0
 174 00a0 8822     		mov	r2, #136
 175 00a2 8258     		ldr	r2, [r0, r2]
 176 00a4 5A62     		str	r2, [r3, #36]
 177              		.loc 1 85 0
 178 00a6 026F     		ldr	r2, [r0, #112]
 179 00a8 1A60     		str	r2, [r3]
 180              	.LBE23:
 181              	.LBE22:
 182              		.loc 1 143 0
 183 00aa 7047     		bx	lr
 184              	.L3:
 185              		.align	2
 186              	.L2:
 187 00ac 00100240 		.word	1073876992
 188 00b0 00040048 		.word	1207960576
 189 00b4 00080048 		.word	1207961600
 190 00b8 000C0048 		.word	1207962624
 191 00bc 00140048 		.word	1207964672
 192              		.cfi_endproc
 193              	.LFE41:
 194              		.size	_pal_lld_init, .-_pal_lld_init
 195              		.section	.text._pal_lld_setgroupmode,"ax",%progbits
 196              		.align	2
 197              		.p2align 4,,15
 198              		.global	_pal_lld_setgroupmode
 199              		.code	16
 200              		.thumb_func
 201              		.type	_pal_lld_setgroupmode, %function
 202              	_pal_lld_setgroupmode:
 203              	.LFB42:
 204              		.loc 1 161 0
 205              		.cfi_startproc
 206 0000 F0B5     		push	{r4, r5, r6, r7, lr}
 207              	.LCFI0:
 208              		.cfi_def_cfa_offset 20
 209              		.cfi_offset 4, -20
 210              		.cfi_offset 5, -16
 211              		.cfi_offset 6, -12
 212              		.cfi_offset 7, -8
 213              		.cfi_offset 14, -4
 214 0002 5F46     		mov	r7, fp
 215 0004 5646     		mov	r6, sl
 216 0006 4D46     		mov	r5, r9
 217 0008 4446     		mov	r4, r8
 218 000a F0B4     		push	{r4, r5, r6, r7}
 219              	.LCFI1:
 220              		.cfi_def_cfa_offset 36
 221              		.cfi_offset 8, -36
 222              		.cfi_offset 9, -32
 223              		.cfi_offset 10, -28
 224              		.cfi_offset 11, -24
 225              	.LVL6:
 226              		.loc 1 163 0
 227 000c 0327     		mov	r7, #3
 228              		.loc 1 164 0
ARM GAS  C:\Users\Rob\AppData\Local\Temp\ccKxZjrN.s 			page 5


 229 000e 5607     		lsl	r6, r2, #29
 230              		.loc 1 165 0
 231 0010 D506     		lsl	r5, r2, #27
 232              		.loc 1 166 0
 233 0012 5406     		lsl	r4, r2, #25
 234              		.loc 1 163 0
 235 0014 1740     		and	r7, r2
 236              	.LVL7:
 237              		.loc 1 167 0
 238 0016 5205     		lsl	r2, r2, #21
 239              	.LVL8:
 240 0018 120F     		lsr	r2, r2, #28
 241              	.LBB24:
 242              		.loc 1 173 0
 243 001a 0723     		mov	r3, #7
 244              	.LBE24:
 245              		.loc 1 161 0
 246 001c 83B0     		sub	sp, sp, #12
 247              	.LCFI2:
 248              		.cfi_def_cfa_offset 48
 249              		.loc 1 166 0
 250 001e A40F     		lsr	r4, r4, #30
 251              		.loc 1 167 0
 252 0020 9246     		mov	sl, r2
 253              		.loc 1 168 0
 254 0022 0022     		mov	r2, #0
 255              	.LBB25:
 256              		.loc 1 173 0
 257 0024 9946     		mov	r9, r3
 258              	.LBE25:
 259              		.loc 1 164 0
 260 0026 F60F     		lsr	r6, r6, #31
 261              	.LVL9:
 262              		.loc 1 165 0
 263 0028 AD0F     		lsr	r5, r5, #30
 264              	.LVL10:
 265              	.LBB26:
 266              		.loc 1 181 0
 267 002a 0194     		str	r4, [sp, #4]
 268 002c 131C     		mov	r3, r2
 269 002e 2BE0     		b	.L9
 270              	.LVL11:
 271              	.L11:
 272              		.loc 1 176 0
 273 0030 026A     		ldr	r2, [r0, #32]
 274 0032 A243     		bic	r2, r4
 275 0034 4446     		mov	r4, r8
 276              	.LVL12:
 277 0036 2243     		orr	r2, r4
 278 0038 0262     		str	r2, [r0, #32]
 279              	.L7:
 280              	.LVL13:
 281              		.loc 1 180 0
 282 003a 4468     		ldr	r4, [r0, #4]
 283              		.loc 1 179 0
 284 003c 0122     		mov	r2, #1
 285 003e 9A40     		lsl	r2, r2, r3
ARM GAS  C:\Users\Rob\AppData\Local\Temp\ccKxZjrN.s 			page 6


 286              		.loc 1 180 0
 287 0040 9443     		bic	r4, r2
 288 0042 3443     		orr	r4, r6
 289 0044 4460     		str	r4, [r0, #4]
 290              	.LVL14:
 291              		.loc 1 182 0
 292 0046 8268     		ldr	r2, [r0, #8]
 293              		.loc 1 159 0
 294 0048 5C00     		lsl	r4, r3, #1
 295              		.loc 1 182 0
 296 004a 9046     		mov	r8, r2
 297              	.LVL15:
 298              		.loc 1 181 0
 299 004c 0322     		mov	r2, #3
 300 004e A240     		lsl	r2, r2, r4
 301              		.loc 1 182 0
 302 0050 D243     		mvn	r2, r2
 303 0052 4446     		mov	r4, r8
 304 0054 1440     		and	r4, r2
 305 0056 2C43     		orr	r4, r5
 306 0058 8460     		str	r4, [r0, #8]
 307 005a 9446     		mov	ip, r2
 308              	.LVL16:
 309              		.loc 1 183 0
 310 005c C268     		ldr	r2, [r0, #12]
 311 005e 141C     		mov	r4, r2
 312 0060 6246     		mov	r2, ip
 313 0062 1440     		and	r4, r2
 314 0064 019A     		ldr	r2, [sp, #4]
 315 0066 1443     		orr	r4, r2
 316 0068 C460     		str	r4, [r0, #12]
 317              		.loc 1 184 0
 318 006a 0468     		ldr	r4, [r0]
 319 006c 221C     		mov	r2, r4
 320 006e 6446     		mov	r4, ip
 321 0070 2240     		and	r2, r4
 322 0072 3A43     		orr	r2, r7
 323 0074 0260     		str	r2, [r0]
 324              	.LVL17:
 325              	.L5:
 326              	.LBE26:
 327              		.loc 1 186 0
 328 0076 4908     		lsr	r1, r1, #1
 329              	.LVL18:
 330              		.loc 1 187 0
 331 0078 1CD0     		beq	.L4
 332              		.loc 1 191 0
 333 007a 019A     		ldr	r2, [sp, #4]
 334              		.loc 1 189 0
 335 007c 7600     		lsl	r6, r6, #1
 336              	.LVL19:
 337              		.loc 1 191 0
 338 007e 9200     		lsl	r2, r2, #2
 339              		.loc 1 190 0
 340 0080 AD00     		lsl	r5, r5, #2
 341              	.LVL20:
 342              		.loc 1 191 0
ARM GAS  C:\Users\Rob\AppData\Local\Temp\ccKxZjrN.s 			page 7


 343 0082 0192     		str	r2, [sp, #4]
 344              	.LVL21:
 345              		.loc 1 192 0
 346 0084 BF00     		lsl	r7, r7, #2
 347              	.LVL22:
 348              		.loc 1 193 0
 349 0086 0133     		add	r3, r3, #1
 350              	.LVL23:
 351              	.L9:
 352              		.loc 1 170 0
 353 0088 0124     		mov	r4, #1
 354 008a 0C42     		tst	r4, r1
 355 008c F3D0     		beq	.L5
 356              	.LBB27:
 357              		.loc 1 173 0
 358 008e 4A46     		mov	r2, r9
 359 0090 1A40     		and	r2, r3
 360 0092 9200     		lsl	r2, r2, #2
 361 0094 5446     		mov	r4, sl
 362 0096 9440     		lsl	r4, r4, r2
 363 0098 A046     		mov	r8, r4
 364              	.LVL24:
 365              		.loc 1 174 0
 366 009a 0F24     		mov	r4, #15
 367              	.LVL25:
 368 009c 9440     		lsl	r4, r4, r2
 369 009e A446     		mov	ip, r4
 370              	.LVL26:
 371              		.loc 1 175 0
 372 00a0 072B     		cmp	r3, #7
 373 00a2 C5D9     		bls	.L11
 374              		.loc 1 178 0
 375 00a4 426A     		ldr	r2, [r0, #36]
 376 00a6 141C     		mov	r4, r2
 377              	.LVL27:
 378 00a8 6246     		mov	r2, ip
 379 00aa 9443     		bic	r4, r2
 380 00ac 4246     		mov	r2, r8
 381 00ae 1443     		orr	r4, r2
 382 00b0 4462     		str	r4, [r0, #36]
 383 00b2 C2E7     		b	.L7
 384              	.LVL28:
 385              	.L4:
 386              	.LBE27:
 387              		.loc 1 195 0
 388 00b4 03B0     		add	sp, sp, #12
 389              		@ sp needed for prologue
 390              	.LVL29:
 391              	.LVL30:
 392              	.LVL31:
 393              	.LVL32:
 394 00b6 3CBC     		pop	{r2, r3, r4, r5}
 395 00b8 9046     		mov	r8, r2
 396 00ba 9946     		mov	r9, r3
 397 00bc A246     		mov	sl, r4
 398 00be AB46     		mov	fp, r5
 399 00c0 F0BD     		pop	{r4, r5, r6, r7, pc}
ARM GAS  C:\Users\Rob\AppData\Local\Temp\ccKxZjrN.s 			page 8


 400              		.cfi_endproc
 401              	.LFE42:
 402              		.size	_pal_lld_setgroupmode, .-_pal_lld_setgroupmode
 403 00c2 C046C046 		.text
 403      C046C046 
 403      C046C046 
 403      C046
 404              	.Letext0:
 405              		.file 2 "c:/yagarto/lib/gcc/../../arm-none-eabi/sys-include/stdint.h"
 406              		.file 3 "../../os/hal/platforms/STM32F0xx/stm32f0xx.h"
 407              		.file 4 "../../os/hal/platforms/STM32/GPIOv2/pal_lld.h"
 408              		.section	.debug_info,"",%progbits
 409              	.Ldebug_info0:
 410 0000 4A050000 		.4byte	0x54a
 411 0004 0200     		.2byte	0x2
 412 0006 00000000 		.4byte	.Ldebug_abbrev0
 413 000a 04       		.byte	0x4
 414 000b 01       		.uleb128 0x1
 415 000c EB010000 		.4byte	.LASF57
 416 0010 01       		.byte	0x1
 417 0011 52020000 		.4byte	.LASF58
 418 0015 A7010000 		.4byte	.LASF59
 419 0019 00000000 		.4byte	0
 420 001d 00000000 		.4byte	0
 421 0021 40000000 		.4byte	.Ldebug_ranges0+0x40
 422 0025 00000000 		.4byte	.Ldebug_line0
 423 0029 02       		.uleb128 0x2
 424 002a 04       		.byte	0x4
 425 002b 05       		.byte	0x5
 426 002c 696E7400 		.ascii	"int\000"
 427 0030 03       		.uleb128 0x3
 428 0031 04       		.byte	0x4
 429 0032 07       		.byte	0x7
 430 0033 4D010000 		.4byte	.LASF0
 431 0037 03       		.uleb128 0x3
 432 0038 01       		.byte	0x1
 433 0039 06       		.byte	0x6
 434 003a 21010000 		.4byte	.LASF1
 435 003e 03       		.uleb128 0x3
 436 003f 01       		.byte	0x1
 437 0040 08       		.byte	0x8
 438 0041 0B010000 		.4byte	.LASF2
 439 0045 03       		.uleb128 0x3
 440 0046 02       		.byte	0x2
 441 0047 05       		.byte	0x5
 442 0048 5B000000 		.4byte	.LASF3
 443 004c 04       		.uleb128 0x4
 444 004d 9E010000 		.4byte	.LASF6
 445 0051 02       		.byte	0x2
 446 0052 36       		.byte	0x36
 447 0053 57000000 		.4byte	0x57
 448 0057 03       		.uleb128 0x3
 449 0058 02       		.byte	0x2
 450 0059 07       		.byte	0x7
 451 005a 79010000 		.4byte	.LASF4
 452 005e 03       		.uleb128 0x3
 453 005f 04       		.byte	0x4
ARM GAS  C:\Users\Rob\AppData\Local\Temp\ccKxZjrN.s 			page 9


 454 0060 05       		.byte	0x5
 455 0061 C3000000 		.4byte	.LASF5
 456 0065 04       		.uleb128 0x4
 457 0066 44010000 		.4byte	.LASF7
 458 006a 02       		.byte	0x2
 459 006b 50       		.byte	0x50
 460 006c 70000000 		.4byte	0x70
 461 0070 03       		.uleb128 0x3
 462 0071 04       		.byte	0x4
 463 0072 07       		.byte	0x7
 464 0073 0F020000 		.4byte	.LASF8
 465 0077 03       		.uleb128 0x3
 466 0078 08       		.byte	0x8
 467 0079 05       		.byte	0x5
 468 007a A7000000 		.4byte	.LASF9
 469 007e 03       		.uleb128 0x3
 470 007f 08       		.byte	0x8
 471 0080 07       		.byte	0x7
 472 0081 2D010000 		.4byte	.LASF10
 473 0085 03       		.uleb128 0x3
 474 0086 01       		.byte	0x1
 475 0087 02       		.byte	0x2
 476 0088 F7010000 		.4byte	.LASF11
 477 008c 05       		.uleb128 0x5
 478 008d 65000000 		.4byte	0x65
 479 0091 03       		.uleb128 0x3
 480 0092 01       		.byte	0x1
 481 0093 08       		.byte	0x8
 482 0094 99010000 		.4byte	.LASF12
 483 0098 06       		.uleb128 0x6
 484 0099 38       		.byte	0x38
 485 009a 03       		.byte	0x3
 486 009b DC01     		.2byte	0x1dc
 487 009d 73010000 		.4byte	0x173
 488 00a1 07       		.uleb128 0x7
 489 00a2 435200   		.ascii	"CR\000"
 490 00a5 03       		.byte	0x3
 491 00a6 DE01     		.2byte	0x1de
 492 00a8 8C000000 		.4byte	0x8c
 493 00ac 02       		.byte	0x2
 494 00ad 23       		.byte	0x23
 495 00ae 00       		.uleb128 0
 496 00af 08       		.uleb128 0x8
 497 00b0 85000000 		.4byte	.LASF13
 498 00b4 03       		.byte	0x3
 499 00b5 DF01     		.2byte	0x1df
 500 00b7 8C000000 		.4byte	0x8c
 501 00bb 02       		.byte	0x2
 502 00bc 23       		.byte	0x23
 503 00bd 04       		.uleb128 0x4
 504 00be 07       		.uleb128 0x7
 505 00bf 43495200 		.ascii	"CIR\000"
 506 00c3 03       		.byte	0x3
 507 00c4 E001     		.2byte	0x1e0
 508 00c6 8C000000 		.4byte	0x8c
 509 00ca 02       		.byte	0x2
 510 00cb 23       		.byte	0x23
ARM GAS  C:\Users\Rob\AppData\Local\Temp\ccKxZjrN.s 			page 10


 511 00cc 08       		.uleb128 0x8
 512 00cd 08       		.uleb128 0x8
 513 00ce F1000000 		.4byte	.LASF14
 514 00d2 03       		.byte	0x3
 515 00d3 E101     		.2byte	0x1e1
 516 00d5 8C000000 		.4byte	0x8c
 517 00d9 02       		.byte	0x2
 518 00da 23       		.byte	0x23
 519 00db 0C       		.uleb128 0xc
 520 00dc 08       		.uleb128 0x8
 521 00dd 2A000000 		.4byte	.LASF15
 522 00e1 03       		.byte	0x3
 523 00e2 E201     		.2byte	0x1e2
 524 00e4 8C000000 		.4byte	0x8c
 525 00e8 02       		.byte	0x2
 526 00e9 23       		.byte	0x23
 527 00ea 10       		.uleb128 0x10
 528 00eb 08       		.uleb128 0x8
 529 00ec E4000000 		.4byte	.LASF16
 530 00f0 03       		.byte	0x3
 531 00f1 E301     		.2byte	0x1e3
 532 00f3 8C000000 		.4byte	0x8c
 533 00f7 02       		.byte	0x2
 534 00f8 23       		.byte	0x23
 535 00f9 14       		.uleb128 0x14
 536 00fa 08       		.uleb128 0x8
 537 00fb 19010000 		.4byte	.LASF17
 538 00ff 03       		.byte	0x3
 539 0100 E401     		.2byte	0x1e4
 540 0102 8C000000 		.4byte	0x8c
 541 0106 02       		.byte	0x2
 542 0107 23       		.byte	0x23
 543 0108 18       		.uleb128 0x18
 544 0109 08       		.uleb128 0x8
 545 010a 91000000 		.4byte	.LASF18
 546 010e 03       		.byte	0x3
 547 010f E501     		.2byte	0x1e5
 548 0111 8C000000 		.4byte	0x8c
 549 0115 02       		.byte	0x2
 550 0116 23       		.byte	0x23
 551 0117 1C       		.uleb128 0x1c
 552 0118 08       		.uleb128 0x8
 553 0119 74000000 		.4byte	.LASF19
 554 011d 03       		.byte	0x3
 555 011e E601     		.2byte	0x1e6
 556 0120 8C000000 		.4byte	0x8c
 557 0124 02       		.byte	0x2
 558 0125 23       		.byte	0x23
 559 0126 20       		.uleb128 0x20
 560 0127 07       		.uleb128 0x7
 561 0128 43535200 		.ascii	"CSR\000"
 562 012c 03       		.byte	0x3
 563 012d E701     		.2byte	0x1e7
 564 012f 8C000000 		.4byte	0x8c
 565 0133 02       		.byte	0x2
 566 0134 23       		.byte	0x23
 567 0135 24       		.uleb128 0x24
ARM GAS  C:\Users\Rob\AppData\Local\Temp\ccKxZjrN.s 			page 11


 568 0136 08       		.uleb128 0x8
 569 0137 31020000 		.4byte	.LASF20
 570 013b 03       		.byte	0x3
 571 013c E801     		.2byte	0x1e8
 572 013e 8C000000 		.4byte	0x8c
 573 0142 02       		.byte	0x2
 574 0143 23       		.byte	0x23
 575 0144 28       		.uleb128 0x28
 576 0145 08       		.uleb128 0x8
 577 0146 5A010000 		.4byte	.LASF21
 578 014a 03       		.byte	0x3
 579 014b E901     		.2byte	0x1e9
 580 014d 8C000000 		.4byte	0x8c
 581 0151 02       		.byte	0x2
 582 0152 23       		.byte	0x23
 583 0153 2C       		.uleb128 0x2c
 584 0154 08       		.uleb128 0x8
 585 0155 60010000 		.4byte	.LASF22
 586 0159 03       		.byte	0x3
 587 015a EA01     		.2byte	0x1ea
 588 015c 8C000000 		.4byte	0x8c
 589 0160 02       		.byte	0x2
 590 0161 23       		.byte	0x23
 591 0162 30       		.uleb128 0x30
 592 0163 07       		.uleb128 0x7
 593 0164 43523200 		.ascii	"CR2\000"
 594 0168 03       		.byte	0x3
 595 0169 EB01     		.2byte	0x1eb
 596 016b 8C000000 		.4byte	0x8c
 597 016f 02       		.byte	0x2
 598 0170 23       		.byte	0x23
 599 0171 34       		.uleb128 0x34
 600 0172 00       		.byte	0
 601 0173 09       		.uleb128 0x9
 602 0174 D3000000 		.4byte	.LASF23
 603 0178 03       		.byte	0x3
 604 0179 EC01     		.2byte	0x1ec
 605 017b 98000000 		.4byte	0x98
 606 017f 0A       		.uleb128 0xa
 607 0180 04       		.byte	0x4
 608 0181 04       		.byte	0x4
 609 0182 96       		.byte	0x96
 610 0183 A4010000 		.4byte	0x1a4
 611 0187 0B       		.uleb128 0xb
 612 0188 73657400 		.ascii	"set\000"
 613 018c 04       		.byte	0x4
 614 018d 97       		.byte	0x97
 615 018e 4C000000 		.4byte	0x4c
 616 0192 02       		.byte	0x2
 617 0193 23       		.byte	0x23
 618 0194 00       		.uleb128 0
 619 0195 0C       		.uleb128 0xc
 620 0196 FA000000 		.4byte	.LASF24
 621 019a 04       		.byte	0x4
 622 019b 98       		.byte	0x98
 623 019c 4C000000 		.4byte	0x4c
 624 01a0 02       		.byte	0x2
ARM GAS  C:\Users\Rob\AppData\Local\Temp\ccKxZjrN.s 			page 12


 625 01a1 23       		.byte	0x23
 626 01a2 02       		.uleb128 0x2
 627 01a3 00       		.byte	0
 628 01a4 0D       		.uleb128 0xd
 629 01a5 04       		.byte	0x4
 630 01a6 04       		.byte	0x4
 631 01a7 94       		.byte	0x94
 632 01a8 BF010000 		.4byte	0x1bf
 633 01ac 0E       		.uleb128 0xe
 634 01ad 5700     		.ascii	"W\000"
 635 01af 04       		.byte	0x4
 636 01b0 95       		.byte	0x95
 637 01b1 65000000 		.4byte	0x65
 638 01b5 0E       		.uleb128 0xe
 639 01b6 4800     		.ascii	"H\000"
 640 01b8 04       		.byte	0x4
 641 01b9 99       		.byte	0x99
 642 01ba 7F010000 		.4byte	0x17f
 643 01be 00       		.byte	0
 644 01bf 0A       		.uleb128 0xa
 645 01c0 28       		.byte	0x28
 646 01c1 04       		.byte	0x4
 647 01c2 8C       		.byte	0x8c
 648 01c3 54020000 		.4byte	0x254
 649 01c7 0C       		.uleb128 0xc
 650 01c8 EB000000 		.4byte	.LASF25
 651 01cc 04       		.byte	0x4
 652 01cd 8E       		.byte	0x8e
 653 01ce 8C000000 		.4byte	0x8c
 654 01d2 02       		.byte	0x2
 655 01d3 23       		.byte	0x23
 656 01d4 00       		.uleb128 0
 657 01d5 0C       		.uleb128 0xc
 658 01d6 99000000 		.4byte	.LASF26
 659 01da 04       		.byte	0x4
 660 01db 8F       		.byte	0x8f
 661 01dc 8C000000 		.4byte	0x8c
 662 01e0 02       		.byte	0x2
 663 01e1 23       		.byte	0x23
 664 01e2 04       		.uleb128 0x4
 665 01e3 0C       		.uleb128 0xc
 666 01e4 07020000 		.4byte	.LASF27
 667 01e8 04       		.byte	0x4
 668 01e9 90       		.byte	0x90
 669 01ea 8C000000 		.4byte	0x8c
 670 01ee 02       		.byte	0x2
 671 01ef 23       		.byte	0x23
 672 01f0 08       		.uleb128 0x8
 673 01f1 0C       		.uleb128 0xc
 674 01f2 B5000000 		.4byte	.LASF28
 675 01f6 04       		.byte	0x4
 676 01f7 91       		.byte	0x91
 677 01f8 8C000000 		.4byte	0x8c
 678 01fc 02       		.byte	0x2
 679 01fd 23       		.byte	0x23
 680 01fe 0C       		.uleb128 0xc
 681 01ff 0B       		.uleb128 0xb
ARM GAS  C:\Users\Rob\AppData\Local\Temp\ccKxZjrN.s 			page 13


 682 0200 49445200 		.ascii	"IDR\000"
 683 0204 04       		.byte	0x4
 684 0205 92       		.byte	0x92
 685 0206 8C000000 		.4byte	0x8c
 686 020a 02       		.byte	0x2
 687 020b 23       		.byte	0x23
 688 020c 10       		.uleb128 0x10
 689 020d 0B       		.uleb128 0xb
 690 020e 4F445200 		.ascii	"ODR\000"
 691 0212 04       		.byte	0x4
 692 0213 93       		.byte	0x93
 693 0214 8C000000 		.4byte	0x8c
 694 0218 02       		.byte	0x2
 695 0219 23       		.byte	0x23
 696 021a 14       		.uleb128 0x14
 697 021b 0C       		.uleb128 0xc
 698 021c DF000000 		.4byte	.LASF29
 699 0220 04       		.byte	0x4
 700 0221 9A       		.byte	0x9a
 701 0222 54020000 		.4byte	0x254
 702 0226 02       		.byte	0x2
 703 0227 23       		.byte	0x23
 704 0228 18       		.uleb128 0x18
 705 0229 0C       		.uleb128 0xc
 706 022a 4D020000 		.4byte	.LASF30
 707 022e 04       		.byte	0x4
 708 022f 9B       		.byte	0x9b
 709 0230 8C000000 		.4byte	0x8c
 710 0234 02       		.byte	0x2
 711 0235 23       		.byte	0x23
 712 0236 1C       		.uleb128 0x1c
 713 0237 0C       		.uleb128 0xc
 714 0238 74010000 		.4byte	.LASF31
 715 023c 04       		.byte	0x4
 716 023d 9C       		.byte	0x9c
 717 023e 8C000000 		.4byte	0x8c
 718 0242 02       		.byte	0x2
 719 0243 23       		.byte	0x23
 720 0244 20       		.uleb128 0x20
 721 0245 0C       		.uleb128 0xc
 722 0246 6F010000 		.4byte	.LASF32
 723 024a 04       		.byte	0x4
 724 024b 9D       		.byte	0x9d
 725 024c 8C000000 		.4byte	0x8c
 726 0250 02       		.byte	0x2
 727 0251 23       		.byte	0x23
 728 0252 24       		.uleb128 0x24
 729 0253 00       		.byte	0
 730 0254 05       		.uleb128 0x5
 731 0255 A4010000 		.4byte	0x1a4
 732 0259 04       		.uleb128 0x4
 733 025a 00000000 		.4byte	.LASF33
 734 025e 04       		.byte	0x4
 735 025f 9E       		.byte	0x9e
 736 0260 BF010000 		.4byte	0x1bf
 737 0264 0A       		.uleb128 0xa
 738 0265 1C       		.byte	0x1c
ARM GAS  C:\Users\Rob\AppData\Local\Temp\ccKxZjrN.s 			page 14


 739 0266 04       		.byte	0x4
 740 0267 A3       		.byte	0xa3
 741 0268 CF020000 		.4byte	0x2cf
 742 026c 0C       		.uleb128 0xc
 743 026d 3E020000 		.4byte	.LASF34
 744 0271 04       		.byte	0x4
 745 0272 A5       		.byte	0xa5
 746 0273 65000000 		.4byte	0x65
 747 0277 02       		.byte	0x2
 748 0278 23       		.byte	0x23
 749 0279 00       		.uleb128 0
 750 027a 0C       		.uleb128 0xc
 751 027b 8A000000 		.4byte	.LASF35
 752 027f 04       		.byte	0x4
 753 0280 A7       		.byte	0xa7
 754 0281 65000000 		.4byte	0x65
 755 0285 02       		.byte	0x2
 756 0286 23       		.byte	0x23
 757 0287 04       		.uleb128 0x4
 758 0288 0C       		.uleb128 0xc
 759 0289 BB000000 		.4byte	.LASF36
 760 028d 04       		.byte	0x4
 761 028e A9       		.byte	0xa9
 762 028f 65000000 		.4byte	0x65
 763 0293 02       		.byte	0x2
 764 0294 23       		.byte	0x23
 765 0295 08       		.uleb128 0x8
 766 0296 0C       		.uleb128 0xc
 767 0297 26020000 		.4byte	.LASF37
 768 029b 04       		.byte	0x4
 769 029c AB       		.byte	0xab
 770 029d 65000000 		.4byte	0x65
 771 02a1 02       		.byte	0x2
 772 02a2 23       		.byte	0x23
 773 02a3 0C       		.uleb128 0xc
 774 02a4 0B       		.uleb128 0xb
 775 02a5 6F647200 		.ascii	"odr\000"
 776 02a9 04       		.byte	0x4
 777 02aa AD       		.byte	0xad
 778 02ab 65000000 		.4byte	0x65
 779 02af 02       		.byte	0x2
 780 02b0 23       		.byte	0x23
 781 02b1 10       		.uleb128 0x10
 782 02b2 0C       		.uleb128 0xc
 783 02b3 39020000 		.4byte	.LASF38
 784 02b7 04       		.byte	0x4
 785 02b8 AF       		.byte	0xaf
 786 02b9 65000000 		.4byte	0x65
 787 02bd 02       		.byte	0x2
 788 02be 23       		.byte	0x23
 789 02bf 14       		.uleb128 0x14
 790 02c0 0C       		.uleb128 0xc
 791 02c1 2C020000 		.4byte	.LASF39
 792 02c5 04       		.byte	0x4
 793 02c6 B1       		.byte	0xb1
 794 02c7 65000000 		.4byte	0x65
 795 02cb 02       		.byte	0x2
ARM GAS  C:\Users\Rob\AppData\Local\Temp\ccKxZjrN.s 			page 15


 796 02cc 23       		.byte	0x23
 797 02cd 18       		.uleb128 0x18
 798 02ce 00       		.byte	0
 799 02cf 04       		.uleb128 0x4
 800 02d0 41000000 		.4byte	.LASF40
 801 02d4 04       		.byte	0x4
 802 02d5 B2       		.byte	0xb2
 803 02d6 64020000 		.4byte	0x264
 804 02da 0A       		.uleb128 0xa
 805 02db 8C       		.byte	0x8c
 806 02dc 04       		.byte	0x4
 807 02dd BB       		.byte	0xbb
 808 02de 29030000 		.4byte	0x329
 809 02e2 0C       		.uleb128 0xc
 810 02e3 A0000000 		.4byte	.LASF41
 811 02e7 04       		.byte	0x4
 812 02e8 BD       		.byte	0xbd
 813 02e9 CF020000 		.4byte	0x2cf
 814 02ed 02       		.byte	0x2
 815 02ee 23       		.byte	0x23
 816 02ef 00       		.uleb128 0
 817 02f0 0C       		.uleb128 0xc
 818 02f1 E4010000 		.4byte	.LASF42
 819 02f5 04       		.byte	0x4
 820 02f6 BF       		.byte	0xbf
 821 02f7 CF020000 		.4byte	0x2cf
 822 02fb 02       		.byte	0x2
 823 02fc 23       		.byte	0x23
 824 02fd 1C       		.uleb128 0x1c
 825 02fe 0C       		.uleb128 0xc
 826 02ff 0D000000 		.4byte	.LASF43
 827 0303 04       		.byte	0x4
 828 0304 C1       		.byte	0xc1
 829 0305 CF020000 		.4byte	0x2cf
 830 0309 02       		.byte	0x2
 831 030a 23       		.byte	0x23
 832 030b 38       		.uleb128 0x38
 833 030c 0C       		.uleb128 0xc
 834 030d CC000000 		.4byte	.LASF44
 835 0311 04       		.byte	0x4
 836 0312 C3       		.byte	0xc3
 837 0313 CF020000 		.4byte	0x2cf
 838 0317 02       		.byte	0x2
 839 0318 23       		.byte	0x23
 840 0319 54       		.uleb128 0x54
 841 031a 0C       		.uleb128 0xc
 842 031b 54000000 		.4byte	.LASF45
 843 031f 04       		.byte	0x4
 844 0320 CA       		.byte	0xca
 845 0321 CF020000 		.4byte	0x2cf
 846 0325 02       		.byte	0x2
 847 0326 23       		.byte	0x23
 848 0327 70       		.uleb128 0x70
 849 0328 00       		.byte	0
 850 0329 04       		.uleb128 0x4
 851 032a DA010000 		.4byte	.LASF46
 852 032e 04       		.byte	0x4
ARM GAS  C:\Users\Rob\AppData\Local\Temp\ccKxZjrN.s 			page 16


 853 032f D8       		.byte	0xd8
 854 0330 DA020000 		.4byte	0x2da
 855 0334 04       		.uleb128 0x4
 856 0335 8C010000 		.4byte	.LASF47
 857 0339 04       		.byte	0x4
 858 033a E8       		.byte	0xe8
 859 033b 65000000 		.4byte	0x65
 860 033f 04       		.uleb128 0x4
 861 0340 66010000 		.4byte	.LASF48
 862 0344 04       		.byte	0x4
 863 0345 ED       		.byte	0xed
 864 0346 65000000 		.4byte	0x65
 865 034a 04       		.uleb128 0x4
 866 034b 00010000 		.4byte	.LASF49
 867 034f 04       		.byte	0x4
 868 0350 F5       		.byte	0xf5
 869 0351 55030000 		.4byte	0x355
 870 0355 0F       		.uleb128 0xf
 871 0356 04       		.byte	0x4
 872 0357 59020000 		.4byte	0x259
 873 035b 10       		.uleb128 0x10
 874 035c 65000000 		.4byte	.LASF60
 875 0360 01       		.byte	0x1
 876 0361 4D       		.byte	0x4d
 877 0362 01       		.byte	0x1
 878 0363 01       		.byte	0x1
 879 0364 7F030000 		.4byte	0x37f
 880 0368 11       		.uleb128 0x11
 881 0369 6E000000 		.4byte	.LASF50
 882 036d 01       		.byte	0x1
 883 036e 4D       		.byte	0x4d
 884 036f 55030000 		.4byte	0x355
 885 0373 11       		.uleb128 0x11
 886 0374 7E000000 		.4byte	.LASF51
 887 0378 01       		.byte	0x1
 888 0379 4D       		.byte	0x4d
 889 037a 7F030000 		.4byte	0x37f
 890 037e 00       		.byte	0
 891 037f 0F       		.uleb128 0xf
 892 0380 04       		.byte	0x4
 893 0381 85030000 		.4byte	0x385
 894 0385 12       		.uleb128 0x12
 895 0386 CF020000 		.4byte	0x2cf
 896 038a 13       		.uleb128 0x13
 897 038b 01       		.byte	0x1
 898 038c 33000000 		.4byte	.LASF61
 899 0390 01       		.byte	0x1
 900 0391 68       		.byte	0x68
 901 0392 01       		.byte	0x1
 902 0393 00000000 		.4byte	.LFB41
 903 0397 C0000000 		.4byte	.LFE41
 904 039b 02       		.byte	0x2
 905 039c 7D       		.byte	0x7d
 906 039d 00       		.sleb128 0
 907 039e 6A040000 		.4byte	0x46a
 908 03a2 14       		.uleb128 0x14
 909 03a3 7E000000 		.4byte	.LASF51
ARM GAS  C:\Users\Rob\AppData\Local\Temp\ccKxZjrN.s 			page 17


 910 03a7 01       		.byte	0x1
 911 03a8 68       		.byte	0x68
 912 03a9 6A040000 		.4byte	0x46a
 913 03ad 01       		.byte	0x1
 914 03ae 50       		.byte	0x50
 915 03af 15       		.uleb128 0x15
 916 03b0 5B030000 		.4byte	0x35b
 917 03b4 0C000000 		.4byte	.LBB12
 918 03b8 00000000 		.4byte	.Ldebug_ranges0+0
 919 03bc 01       		.byte	0x1
 920 03bd 7C       		.byte	0x7c
 921 03be D3030000 		.4byte	0x3d3
 922 03c2 16       		.uleb128 0x16
 923 03c3 73030000 		.4byte	0x373
 924 03c7 01       		.byte	0x1
 925 03c8 50       		.byte	0x50
 926 03c9 17       		.uleb128 0x17
 927 03ca 68030000 		.4byte	0x368
 928 03ce 00000048 		.4byte	0x48000000
 929 03d2 00       		.byte	0
 930 03d3 18       		.uleb128 0x18
 931 03d4 5B030000 		.4byte	0x35b
 932 03d8 2C000000 		.4byte	.LBB16
 933 03dc 4A000000 		.4byte	.LBE16
 934 03e0 01       		.byte	0x1
 935 03e1 7D       		.byte	0x7d
 936 03e2 F9030000 		.4byte	0x3f9
 937 03e6 16       		.uleb128 0x16
 938 03e7 73030000 		.4byte	0x373
 939 03eb 03       		.byte	0x3
 940 03ec 70       		.byte	0x70
 941 03ed 1C       		.sleb128 28
 942 03ee 9F       		.byte	0x9f
 943 03ef 17       		.uleb128 0x17
 944 03f0 68030000 		.4byte	0x368
 945 03f4 00040048 		.4byte	0x48000400
 946 03f8 00       		.byte	0
 947 03f9 18       		.uleb128 0x18
 948 03fa 5B030000 		.4byte	0x35b
 949 03fe 4A000000 		.4byte	.LBB18
 950 0402 68000000 		.4byte	.LBE18
 951 0406 01       		.byte	0x1
 952 0407 7E       		.byte	0x7e
 953 0408 1F040000 		.4byte	0x41f
 954 040c 16       		.uleb128 0x16
 955 040d 73030000 		.4byte	0x373
 956 0411 03       		.byte	0x3
 957 0412 70       		.byte	0x70
 958 0413 38       		.sleb128 56
 959 0414 9F       		.byte	0x9f
 960 0415 17       		.uleb128 0x17
 961 0416 68030000 		.4byte	0x368
 962 041a 00080048 		.4byte	0x48000800
 963 041e 00       		.byte	0
 964 041f 18       		.uleb128 0x18
 965 0420 5B030000 		.4byte	0x35b
 966 0424 68000000 		.4byte	.LBB20
ARM GAS  C:\Users\Rob\AppData\Local\Temp\ccKxZjrN.s 			page 18


 967 0428 86000000 		.4byte	.LBE20
 968 042c 01       		.byte	0x1
 969 042d 7F       		.byte	0x7f
 970 042e 46040000 		.4byte	0x446
 971 0432 16       		.uleb128 0x16
 972 0433 73030000 		.4byte	0x373
 973 0437 04       		.byte	0x4
 974 0438 70       		.byte	0x70
 975 0439 D400     		.sleb128 84
 976 043b 9F       		.byte	0x9f
 977 043c 17       		.uleb128 0x17
 978 043d 68030000 		.4byte	0x368
 979 0441 000C0048 		.4byte	0x48000c00
 980 0445 00       		.byte	0
 981 0446 19       		.uleb128 0x19
 982 0447 5B030000 		.4byte	0x35b
 983 044b 86000000 		.4byte	.LBB22
 984 044f AA000000 		.4byte	.LBE22
 985 0453 01       		.byte	0x1
 986 0454 84       		.byte	0x84
 987 0455 16       		.uleb128 0x16
 988 0456 73030000 		.4byte	0x373
 989 045a 04       		.byte	0x4
 990 045b 70       		.byte	0x70
 991 045c F000     		.sleb128 112
 992 045e 9F       		.byte	0x9f
 993 045f 17       		.uleb128 0x17
 994 0460 68030000 		.4byte	0x368
 995 0464 00140048 		.4byte	0x48001400
 996 0468 00       		.byte	0
 997 0469 00       		.byte	0
 998 046a 0F       		.uleb128 0xf
 999 046b 04       		.byte	0x4
 1000 046c 70040000 		.4byte	0x470
 1001 0470 12       		.uleb128 0x12
 1002 0471 29030000 		.4byte	0x329
 1003 0475 1A       		.uleb128 0x1a
 1004 0476 01       		.byte	0x1
 1005 0477 14000000 		.4byte	.LASF62
 1006 047b 01       		.byte	0x1
 1007 047c 9F       		.byte	0x9f
 1008 047d 01       		.byte	0x1
 1009 047e 00000000 		.4byte	.LFB42
 1010 0482 C2000000 		.4byte	.LFE42
 1011 0486 00000000 		.4byte	.LLST0
 1012 048a 14       		.uleb128 0x14
 1013 048b FD010000 		.4byte	.LASF52
 1014 048f 01       		.byte	0x1
 1015 0490 9F       		.byte	0x9f
 1016 0491 4A030000 		.4byte	0x34a
 1017 0495 01       		.byte	0x1
 1018 0496 50       		.byte	0x50
 1019 0497 14       		.uleb128 0x14
 1020 0498 21020000 		.4byte	.LASF53
 1021 049c 01       		.byte	0x1
 1022 049d A0       		.byte	0xa0
 1023 049e 34030000 		.4byte	0x334
ARM GAS  C:\Users\Rob\AppData\Local\Temp\ccKxZjrN.s 			page 19


 1024 04a2 01       		.byte	0x1
 1025 04a3 51       		.byte	0x51
 1026 04a4 1B       		.uleb128 0x1b
 1027 04a5 79000000 		.4byte	.LASF54
 1028 04a9 01       		.byte	0x1
 1029 04aa A1       		.byte	0xa1
 1030 04ab 3F030000 		.4byte	0x33f
 1031 04af 38000000 		.4byte	.LLST1
 1032 04b3 1C       		.uleb128 0x1c
 1033 04b4 3E020000 		.4byte	.LASF34
 1034 04b8 01       		.byte	0x1
 1035 04b9 A3       		.byte	0xa3
 1036 04ba 65000000 		.4byte	0x65
 1037 04be 4B000000 		.4byte	.LLST2
 1038 04c2 1C       		.uleb128 0x1c
 1039 04c3 8A000000 		.4byte	.LASF35
 1040 04c7 01       		.byte	0x1
 1041 04c8 A4       		.byte	0xa4
 1042 04c9 65000000 		.4byte	0x65
 1043 04cd 5E000000 		.4byte	.LLST3
 1044 04d1 1C       		.uleb128 0x1c
 1045 04d2 BB000000 		.4byte	.LASF36
 1046 04d6 01       		.byte	0x1
 1047 04d7 A5       		.byte	0xa5
 1048 04d8 65000000 		.4byte	0x65
 1049 04dc 71000000 		.4byte	.LLST4
 1050 04e0 1C       		.uleb128 0x1c
 1051 04e1 26020000 		.4byte	.LASF37
 1052 04e5 01       		.byte	0x1
 1053 04e6 A6       		.byte	0xa6
 1054 04e7 65000000 		.4byte	0x65
 1055 04eb 84000000 		.4byte	.LLST5
 1056 04ef 1C       		.uleb128 0x1c
 1057 04f0 02020000 		.4byte	.LASF55
 1058 04f4 01       		.byte	0x1
 1059 04f5 A7       		.byte	0xa7
 1060 04f6 65000000 		.4byte	0x65
 1061 04fa BA000000 		.4byte	.LLST6
 1062 04fe 1D       		.uleb128 0x1d
 1063 04ff 62697400 		.ascii	"bit\000"
 1064 0503 01       		.byte	0x1
 1065 0504 A8       		.byte	0xa8
 1066 0505 65000000 		.4byte	0x65
 1067 0509 CD000000 		.4byte	.LLST7
 1068 050d 1E       		.uleb128 0x1e
 1069 050e 18000000 		.4byte	.Ldebug_ranges0+0x18
 1070 0512 1C       		.uleb128 0x1c
 1071 0513 44020000 		.4byte	.LASF56
 1072 0517 01       		.byte	0x1
 1073 0518 AB       		.byte	0xab
 1074 0519 65000000 		.4byte	0x65
 1075 051d EC000000 		.4byte	.LLST8
 1076 0521 1D       		.uleb128 0x1d
 1077 0522 6D3100   		.ascii	"m1\000"
 1078 0525 01       		.byte	0x1
 1079 0526 AB       		.byte	0xab
 1080 0527 65000000 		.4byte	0x65
ARM GAS  C:\Users\Rob\AppData\Local\Temp\ccKxZjrN.s 			page 20


 1081 052b 15010000 		.4byte	.LLST9
 1082 052f 1D       		.uleb128 0x1d
 1083 0530 6D3200   		.ascii	"m2\000"
 1084 0533 01       		.byte	0x1
 1085 0534 AB       		.byte	0xab
 1086 0535 65000000 		.4byte	0x65
 1087 0539 2C010000 		.4byte	.LLST10
 1088 053d 1D       		.uleb128 0x1d
 1089 053e 6D3400   		.ascii	"m4\000"
 1090 0541 01       		.byte	0x1
 1091 0542 AB       		.byte	0xab
 1092 0543 65000000 		.4byte	0x65
 1093 0547 45010000 		.4byte	.LLST11
 1094 054b 00       		.byte	0
 1095 054c 00       		.byte	0
 1096 054d 00       		.byte	0
 1097              		.section	.debug_abbrev,"",%progbits
 1098              	.Ldebug_abbrev0:
 1099 0000 01       		.uleb128 0x1
 1100 0001 11       		.uleb128 0x11
 1101 0002 01       		.byte	0x1
 1102 0003 25       		.uleb128 0x25
 1103 0004 0E       		.uleb128 0xe
 1104 0005 13       		.uleb128 0x13
 1105 0006 0B       		.uleb128 0xb
 1106 0007 03       		.uleb128 0x3
 1107 0008 0E       		.uleb128 0xe
 1108 0009 1B       		.uleb128 0x1b
 1109 000a 0E       		.uleb128 0xe
 1110 000b 11       		.uleb128 0x11
 1111 000c 01       		.uleb128 0x1
 1112 000d 52       		.uleb128 0x52
 1113 000e 01       		.uleb128 0x1
 1114 000f 55       		.uleb128 0x55
 1115 0010 06       		.uleb128 0x6
 1116 0011 10       		.uleb128 0x10
 1117 0012 06       		.uleb128 0x6
 1118 0013 00       		.byte	0
 1119 0014 00       		.byte	0
 1120 0015 02       		.uleb128 0x2
 1121 0016 24       		.uleb128 0x24
 1122 0017 00       		.byte	0
 1123 0018 0B       		.uleb128 0xb
 1124 0019 0B       		.uleb128 0xb
 1125 001a 3E       		.uleb128 0x3e
 1126 001b 0B       		.uleb128 0xb
 1127 001c 03       		.uleb128 0x3
 1128 001d 08       		.uleb128 0x8
 1129 001e 00       		.byte	0
 1130 001f 00       		.byte	0
 1131 0020 03       		.uleb128 0x3
 1132 0021 24       		.uleb128 0x24
 1133 0022 00       		.byte	0
 1134 0023 0B       		.uleb128 0xb
 1135 0024 0B       		.uleb128 0xb
 1136 0025 3E       		.uleb128 0x3e
 1137 0026 0B       		.uleb128 0xb
ARM GAS  C:\Users\Rob\AppData\Local\Temp\ccKxZjrN.s 			page 21


 1138 0027 03       		.uleb128 0x3
 1139 0028 0E       		.uleb128 0xe
 1140 0029 00       		.byte	0
 1141 002a 00       		.byte	0
 1142 002b 04       		.uleb128 0x4
 1143 002c 16       		.uleb128 0x16
 1144 002d 00       		.byte	0
 1145 002e 03       		.uleb128 0x3
 1146 002f 0E       		.uleb128 0xe
 1147 0030 3A       		.uleb128 0x3a
 1148 0031 0B       		.uleb128 0xb
 1149 0032 3B       		.uleb128 0x3b
 1150 0033 0B       		.uleb128 0xb
 1151 0034 49       		.uleb128 0x49
 1152 0035 13       		.uleb128 0x13
 1153 0036 00       		.byte	0
 1154 0037 00       		.byte	0
 1155 0038 05       		.uleb128 0x5
 1156 0039 35       		.uleb128 0x35
 1157 003a 00       		.byte	0
 1158 003b 49       		.uleb128 0x49
 1159 003c 13       		.uleb128 0x13
 1160 003d 00       		.byte	0
 1161 003e 00       		.byte	0
 1162 003f 06       		.uleb128 0x6
 1163 0040 13       		.uleb128 0x13
 1164 0041 01       		.byte	0x1
 1165 0042 0B       		.uleb128 0xb
 1166 0043 0B       		.uleb128 0xb
 1167 0044 3A       		.uleb128 0x3a
 1168 0045 0B       		.uleb128 0xb
 1169 0046 3B       		.uleb128 0x3b
 1170 0047 05       		.uleb128 0x5
 1171 0048 01       		.uleb128 0x1
 1172 0049 13       		.uleb128 0x13
 1173 004a 00       		.byte	0
 1174 004b 00       		.byte	0
 1175 004c 07       		.uleb128 0x7
 1176 004d 0D       		.uleb128 0xd
 1177 004e 00       		.byte	0
 1178 004f 03       		.uleb128 0x3
 1179 0050 08       		.uleb128 0x8
 1180 0051 3A       		.uleb128 0x3a
 1181 0052 0B       		.uleb128 0xb
 1182 0053 3B       		.uleb128 0x3b
 1183 0054 05       		.uleb128 0x5
 1184 0055 49       		.uleb128 0x49
 1185 0056 13       		.uleb128 0x13
 1186 0057 38       		.uleb128 0x38
 1187 0058 0A       		.uleb128 0xa
 1188 0059 00       		.byte	0
 1189 005a 00       		.byte	0
 1190 005b 08       		.uleb128 0x8
 1191 005c 0D       		.uleb128 0xd
 1192 005d 00       		.byte	0
 1193 005e 03       		.uleb128 0x3
 1194 005f 0E       		.uleb128 0xe
ARM GAS  C:\Users\Rob\AppData\Local\Temp\ccKxZjrN.s 			page 22


 1195 0060 3A       		.uleb128 0x3a
 1196 0061 0B       		.uleb128 0xb
 1197 0062 3B       		.uleb128 0x3b
 1198 0063 05       		.uleb128 0x5
 1199 0064 49       		.uleb128 0x49
 1200 0065 13       		.uleb128 0x13
 1201 0066 38       		.uleb128 0x38
 1202 0067 0A       		.uleb128 0xa
 1203 0068 00       		.byte	0
 1204 0069 00       		.byte	0
 1205 006a 09       		.uleb128 0x9
 1206 006b 16       		.uleb128 0x16
 1207 006c 00       		.byte	0
 1208 006d 03       		.uleb128 0x3
 1209 006e 0E       		.uleb128 0xe
 1210 006f 3A       		.uleb128 0x3a
 1211 0070 0B       		.uleb128 0xb
 1212 0071 3B       		.uleb128 0x3b
 1213 0072 05       		.uleb128 0x5
 1214 0073 49       		.uleb128 0x49
 1215 0074 13       		.uleb128 0x13
 1216 0075 00       		.byte	0
 1217 0076 00       		.byte	0
 1218 0077 0A       		.uleb128 0xa
 1219 0078 13       		.uleb128 0x13
 1220 0079 01       		.byte	0x1
 1221 007a 0B       		.uleb128 0xb
 1222 007b 0B       		.uleb128 0xb
 1223 007c 3A       		.uleb128 0x3a
 1224 007d 0B       		.uleb128 0xb
 1225 007e 3B       		.uleb128 0x3b
 1226 007f 0B       		.uleb128 0xb
 1227 0080 01       		.uleb128 0x1
 1228 0081 13       		.uleb128 0x13
 1229 0082 00       		.byte	0
 1230 0083 00       		.byte	0
 1231 0084 0B       		.uleb128 0xb
 1232 0085 0D       		.uleb128 0xd
 1233 0086 00       		.byte	0
 1234 0087 03       		.uleb128 0x3
 1235 0088 08       		.uleb128 0x8
 1236 0089 3A       		.uleb128 0x3a
 1237 008a 0B       		.uleb128 0xb
 1238 008b 3B       		.uleb128 0x3b
 1239 008c 0B       		.uleb128 0xb
 1240 008d 49       		.uleb128 0x49
 1241 008e 13       		.uleb128 0x13
 1242 008f 38       		.uleb128 0x38
 1243 0090 0A       		.uleb128 0xa
 1244 0091 00       		.byte	0
 1245 0092 00       		.byte	0
 1246 0093 0C       		.uleb128 0xc
 1247 0094 0D       		.uleb128 0xd
 1248 0095 00       		.byte	0
 1249 0096 03       		.uleb128 0x3
 1250 0097 0E       		.uleb128 0xe
 1251 0098 3A       		.uleb128 0x3a
ARM GAS  C:\Users\Rob\AppData\Local\Temp\ccKxZjrN.s 			page 23


 1252 0099 0B       		.uleb128 0xb
 1253 009a 3B       		.uleb128 0x3b
 1254 009b 0B       		.uleb128 0xb
 1255 009c 49       		.uleb128 0x49
 1256 009d 13       		.uleb128 0x13
 1257 009e 38       		.uleb128 0x38
 1258 009f 0A       		.uleb128 0xa
 1259 00a0 00       		.byte	0
 1260 00a1 00       		.byte	0
 1261 00a2 0D       		.uleb128 0xd
 1262 00a3 17       		.uleb128 0x17
 1263 00a4 01       		.byte	0x1
 1264 00a5 0B       		.uleb128 0xb
 1265 00a6 0B       		.uleb128 0xb
 1266 00a7 3A       		.uleb128 0x3a
 1267 00a8 0B       		.uleb128 0xb
 1268 00a9 3B       		.uleb128 0x3b
 1269 00aa 0B       		.uleb128 0xb
 1270 00ab 01       		.uleb128 0x1
 1271 00ac 13       		.uleb128 0x13
 1272 00ad 00       		.byte	0
 1273 00ae 00       		.byte	0
 1274 00af 0E       		.uleb128 0xe
 1275 00b0 0D       		.uleb128 0xd
 1276 00b1 00       		.byte	0
 1277 00b2 03       		.uleb128 0x3
 1278 00b3 08       		.uleb128 0x8
 1279 00b4 3A       		.uleb128 0x3a
 1280 00b5 0B       		.uleb128 0xb
 1281 00b6 3B       		.uleb128 0x3b
 1282 00b7 0B       		.uleb128 0xb
 1283 00b8 49       		.uleb128 0x49
 1284 00b9 13       		.uleb128 0x13
 1285 00ba 00       		.byte	0
 1286 00bb 00       		.byte	0
 1287 00bc 0F       		.uleb128 0xf
 1288 00bd 0F       		.uleb128 0xf
 1289 00be 00       		.byte	0
 1290 00bf 0B       		.uleb128 0xb
 1291 00c0 0B       		.uleb128 0xb
 1292 00c1 49       		.uleb128 0x49
 1293 00c2 13       		.uleb128 0x13
 1294 00c3 00       		.byte	0
 1295 00c4 00       		.byte	0
 1296 00c5 10       		.uleb128 0x10
 1297 00c6 2E       		.uleb128 0x2e
 1298 00c7 01       		.byte	0x1
 1299 00c8 03       		.uleb128 0x3
 1300 00c9 0E       		.uleb128 0xe
 1301 00ca 3A       		.uleb128 0x3a
 1302 00cb 0B       		.uleb128 0xb
 1303 00cc 3B       		.uleb128 0x3b
 1304 00cd 0B       		.uleb128 0xb
 1305 00ce 27       		.uleb128 0x27
 1306 00cf 0C       		.uleb128 0xc
 1307 00d0 20       		.uleb128 0x20
 1308 00d1 0B       		.uleb128 0xb
ARM GAS  C:\Users\Rob\AppData\Local\Temp\ccKxZjrN.s 			page 24


 1309 00d2 01       		.uleb128 0x1
 1310 00d3 13       		.uleb128 0x13
 1311 00d4 00       		.byte	0
 1312 00d5 00       		.byte	0
 1313 00d6 11       		.uleb128 0x11
 1314 00d7 05       		.uleb128 0x5
 1315 00d8 00       		.byte	0
 1316 00d9 03       		.uleb128 0x3
 1317 00da 0E       		.uleb128 0xe
 1318 00db 3A       		.uleb128 0x3a
 1319 00dc 0B       		.uleb128 0xb
 1320 00dd 3B       		.uleb128 0x3b
 1321 00de 0B       		.uleb128 0xb
 1322 00df 49       		.uleb128 0x49
 1323 00e0 13       		.uleb128 0x13
 1324 00e1 00       		.byte	0
 1325 00e2 00       		.byte	0
 1326 00e3 12       		.uleb128 0x12
 1327 00e4 26       		.uleb128 0x26
 1328 00e5 00       		.byte	0
 1329 00e6 49       		.uleb128 0x49
 1330 00e7 13       		.uleb128 0x13
 1331 00e8 00       		.byte	0
 1332 00e9 00       		.byte	0
 1333 00ea 13       		.uleb128 0x13
 1334 00eb 2E       		.uleb128 0x2e
 1335 00ec 01       		.byte	0x1
 1336 00ed 3F       		.uleb128 0x3f
 1337 00ee 0C       		.uleb128 0xc
 1338 00ef 03       		.uleb128 0x3
 1339 00f0 0E       		.uleb128 0xe
 1340 00f1 3A       		.uleb128 0x3a
 1341 00f2 0B       		.uleb128 0xb
 1342 00f3 3B       		.uleb128 0x3b
 1343 00f4 0B       		.uleb128 0xb
 1344 00f5 27       		.uleb128 0x27
 1345 00f6 0C       		.uleb128 0xc
 1346 00f7 11       		.uleb128 0x11
 1347 00f8 01       		.uleb128 0x1
 1348 00f9 12       		.uleb128 0x12
 1349 00fa 01       		.uleb128 0x1
 1350 00fb 40       		.uleb128 0x40
 1351 00fc 0A       		.uleb128 0xa
 1352 00fd 01       		.uleb128 0x1
 1353 00fe 13       		.uleb128 0x13
 1354 00ff 00       		.byte	0
 1355 0100 00       		.byte	0
 1356 0101 14       		.uleb128 0x14
 1357 0102 05       		.uleb128 0x5
 1358 0103 00       		.byte	0
 1359 0104 03       		.uleb128 0x3
 1360 0105 0E       		.uleb128 0xe
 1361 0106 3A       		.uleb128 0x3a
 1362 0107 0B       		.uleb128 0xb
 1363 0108 3B       		.uleb128 0x3b
 1364 0109 0B       		.uleb128 0xb
 1365 010a 49       		.uleb128 0x49
ARM GAS  C:\Users\Rob\AppData\Local\Temp\ccKxZjrN.s 			page 25


 1366 010b 13       		.uleb128 0x13
 1367 010c 02       		.uleb128 0x2
 1368 010d 0A       		.uleb128 0xa
 1369 010e 00       		.byte	0
 1370 010f 00       		.byte	0
 1371 0110 15       		.uleb128 0x15
 1372 0111 1D       		.uleb128 0x1d
 1373 0112 01       		.byte	0x1
 1374 0113 31       		.uleb128 0x31
 1375 0114 13       		.uleb128 0x13
 1376 0115 52       		.uleb128 0x52
 1377 0116 01       		.uleb128 0x1
 1378 0117 55       		.uleb128 0x55
 1379 0118 06       		.uleb128 0x6
 1380 0119 58       		.uleb128 0x58
 1381 011a 0B       		.uleb128 0xb
 1382 011b 59       		.uleb128 0x59
 1383 011c 0B       		.uleb128 0xb
 1384 011d 01       		.uleb128 0x1
 1385 011e 13       		.uleb128 0x13
 1386 011f 00       		.byte	0
 1387 0120 00       		.byte	0
 1388 0121 16       		.uleb128 0x16
 1389 0122 05       		.uleb128 0x5
 1390 0123 00       		.byte	0
 1391 0124 31       		.uleb128 0x31
 1392 0125 13       		.uleb128 0x13
 1393 0126 02       		.uleb128 0x2
 1394 0127 0A       		.uleb128 0xa
 1395 0128 00       		.byte	0
 1396 0129 00       		.byte	0
 1397 012a 17       		.uleb128 0x17
 1398 012b 05       		.uleb128 0x5
 1399 012c 00       		.byte	0
 1400 012d 31       		.uleb128 0x31
 1401 012e 13       		.uleb128 0x13
 1402 012f 1C       		.uleb128 0x1c
 1403 0130 06       		.uleb128 0x6
 1404 0131 00       		.byte	0
 1405 0132 00       		.byte	0
 1406 0133 18       		.uleb128 0x18
 1407 0134 1D       		.uleb128 0x1d
 1408 0135 01       		.byte	0x1
 1409 0136 31       		.uleb128 0x31
 1410 0137 13       		.uleb128 0x13
 1411 0138 11       		.uleb128 0x11
 1412 0139 01       		.uleb128 0x1
 1413 013a 12       		.uleb128 0x12
 1414 013b 01       		.uleb128 0x1
 1415 013c 58       		.uleb128 0x58
 1416 013d 0B       		.uleb128 0xb
 1417 013e 59       		.uleb128 0x59
 1418 013f 0B       		.uleb128 0xb
 1419 0140 01       		.uleb128 0x1
 1420 0141 13       		.uleb128 0x13
 1421 0142 00       		.byte	0
 1422 0143 00       		.byte	0
ARM GAS  C:\Users\Rob\AppData\Local\Temp\ccKxZjrN.s 			page 26


 1423 0144 19       		.uleb128 0x19
 1424 0145 1D       		.uleb128 0x1d
 1425 0146 01       		.byte	0x1
 1426 0147 31       		.uleb128 0x31
 1427 0148 13       		.uleb128 0x13
 1428 0149 11       		.uleb128 0x11
 1429 014a 01       		.uleb128 0x1
 1430 014b 12       		.uleb128 0x12
 1431 014c 01       		.uleb128 0x1
 1432 014d 58       		.uleb128 0x58
 1433 014e 0B       		.uleb128 0xb
 1434 014f 59       		.uleb128 0x59
 1435 0150 0B       		.uleb128 0xb
 1436 0151 00       		.byte	0
 1437 0152 00       		.byte	0
 1438 0153 1A       		.uleb128 0x1a
 1439 0154 2E       		.uleb128 0x2e
 1440 0155 01       		.byte	0x1
 1441 0156 3F       		.uleb128 0x3f
 1442 0157 0C       		.uleb128 0xc
 1443 0158 03       		.uleb128 0x3
 1444 0159 0E       		.uleb128 0xe
 1445 015a 3A       		.uleb128 0x3a
 1446 015b 0B       		.uleb128 0xb
 1447 015c 3B       		.uleb128 0x3b
 1448 015d 0B       		.uleb128 0xb
 1449 015e 27       		.uleb128 0x27
 1450 015f 0C       		.uleb128 0xc
 1451 0160 11       		.uleb128 0x11
 1452 0161 01       		.uleb128 0x1
 1453 0162 12       		.uleb128 0x12
 1454 0163 01       		.uleb128 0x1
 1455 0164 40       		.uleb128 0x40
 1456 0165 06       		.uleb128 0x6
 1457 0166 00       		.byte	0
 1458 0167 00       		.byte	0
 1459 0168 1B       		.uleb128 0x1b
 1460 0169 05       		.uleb128 0x5
 1461 016a 00       		.byte	0
 1462 016b 03       		.uleb128 0x3
 1463 016c 0E       		.uleb128 0xe
 1464 016d 3A       		.uleb128 0x3a
 1465 016e 0B       		.uleb128 0xb
 1466 016f 3B       		.uleb128 0x3b
 1467 0170 0B       		.uleb128 0xb
 1468 0171 49       		.uleb128 0x49
 1469 0172 13       		.uleb128 0x13
 1470 0173 02       		.uleb128 0x2
 1471 0174 06       		.uleb128 0x6
 1472 0175 00       		.byte	0
 1473 0176 00       		.byte	0
 1474 0177 1C       		.uleb128 0x1c
 1475 0178 34       		.uleb128 0x34
 1476 0179 00       		.byte	0
 1477 017a 03       		.uleb128 0x3
 1478 017b 0E       		.uleb128 0xe
 1479 017c 3A       		.uleb128 0x3a
ARM GAS  C:\Users\Rob\AppData\Local\Temp\ccKxZjrN.s 			page 27


 1480 017d 0B       		.uleb128 0xb
 1481 017e 3B       		.uleb128 0x3b
 1482 017f 0B       		.uleb128 0xb
 1483 0180 49       		.uleb128 0x49
 1484 0181 13       		.uleb128 0x13
 1485 0182 02       		.uleb128 0x2
 1486 0183 06       		.uleb128 0x6
 1487 0184 00       		.byte	0
 1488 0185 00       		.byte	0
 1489 0186 1D       		.uleb128 0x1d
 1490 0187 34       		.uleb128 0x34
 1491 0188 00       		.byte	0
 1492 0189 03       		.uleb128 0x3
 1493 018a 08       		.uleb128 0x8
 1494 018b 3A       		.uleb128 0x3a
 1495 018c 0B       		.uleb128 0xb
 1496 018d 3B       		.uleb128 0x3b
 1497 018e 0B       		.uleb128 0xb
 1498 018f 49       		.uleb128 0x49
 1499 0190 13       		.uleb128 0x13
 1500 0191 02       		.uleb128 0x2
 1501 0192 06       		.uleb128 0x6
 1502 0193 00       		.byte	0
 1503 0194 00       		.byte	0
 1504 0195 1E       		.uleb128 0x1e
 1505 0196 0B       		.uleb128 0xb
 1506 0197 01       		.byte	0x1
 1507 0198 55       		.uleb128 0x55
 1508 0199 06       		.uleb128 0x6
 1509 019a 00       		.byte	0
 1510 019b 00       		.byte	0
 1511 019c 00       		.byte	0
 1512              		.section	.debug_loc,"",%progbits
 1513              	.Ldebug_loc0:
 1514              	.LLST0:
 1515 0000 00000000 		.4byte	.LFB42
 1516 0004 02000000 		.4byte	.LCFI0
 1517 0008 0200     		.2byte	0x2
 1518 000a 7D       		.byte	0x7d
 1519 000b 00       		.sleb128 0
 1520 000c 02000000 		.4byte	.LCFI0
 1521 0010 0C000000 		.4byte	.LCFI1
 1522 0014 0200     		.2byte	0x2
 1523 0016 7D       		.byte	0x7d
 1524 0017 14       		.sleb128 20
 1525 0018 0C000000 		.4byte	.LCFI1
 1526 001c 1E000000 		.4byte	.LCFI2
 1527 0020 0200     		.2byte	0x2
 1528 0022 7D       		.byte	0x7d
 1529 0023 24       		.sleb128 36
 1530 0024 1E000000 		.4byte	.LCFI2
 1531 0028 C2000000 		.4byte	.LFE42
 1532 002c 0200     		.2byte	0x2
 1533 002e 7D       		.byte	0x7d
 1534 002f 30       		.sleb128 48
 1535 0030 00000000 		.4byte	0
 1536 0034 00000000 		.4byte	0
ARM GAS  C:\Users\Rob\AppData\Local\Temp\ccKxZjrN.s 			page 28


 1537              	.LLST1:
 1538 0038 0C000000 		.4byte	.LVL6
 1539 003c 18000000 		.4byte	.LVL8
 1540 0040 0100     		.2byte	0x1
 1541 0042 52       		.byte	0x52
 1542 0043 00000000 		.4byte	0
 1543 0047 00000000 		.4byte	0
 1544              	.LLST2:
 1545 004b 16000000 		.4byte	.LVL7
 1546 004f B6000000 		.4byte	.LVL31
 1547 0053 0100     		.2byte	0x1
 1548 0055 57       		.byte	0x57
 1549 0056 00000000 		.4byte	0
 1550 005a 00000000 		.4byte	0
 1551              	.LLST3:
 1552 005e 28000000 		.4byte	.LVL9
 1553 0062 B6000000 		.4byte	.LVL30
 1554 0066 0100     		.2byte	0x1
 1555 0068 56       		.byte	0x56
 1556 0069 00000000 		.4byte	0
 1557 006d 00000000 		.4byte	0
 1558              	.LLST4:
 1559 0071 2A000000 		.4byte	.LVL10
 1560 0075 B6000000 		.4byte	.LVL29
 1561 0079 0100     		.2byte	0x1
 1562 007b 55       		.byte	0x55
 1563 007c 00000000 		.4byte	0
 1564 0080 00000000 		.4byte	0
 1565              	.LLST5:
 1566 0084 2A000000 		.4byte	.LVL10
 1567 0088 30000000 		.4byte	.LVL11
 1568 008c 0100     		.2byte	0x1
 1569 008e 54       		.byte	0x54
 1570 008f 30000000 		.4byte	.LVL11
 1571 0093 84000000 		.4byte	.LVL21
 1572 0097 0200     		.2byte	0x2
 1573 0099 91       		.byte	0x91
 1574 009a 78       		.sleb128 -8
 1575 009b 84000000 		.4byte	.LVL21
 1576 009f 88000000 		.4byte	.LVL23
 1577 00a3 0100     		.2byte	0x1
 1578 00a5 52       		.byte	0x52
 1579 00a6 88000000 		.4byte	.LVL23
 1580 00aa C2000000 		.4byte	.LFE42
 1581 00ae 0200     		.2byte	0x2
 1582 00b0 91       		.byte	0x91
 1583 00b1 78       		.sleb128 -8
 1584 00b2 00000000 		.4byte	0
 1585 00b6 00000000 		.4byte	0
 1586              	.LLST6:
 1587 00ba 2A000000 		.4byte	.LVL10
 1588 00be B6000000 		.4byte	.LVL32
 1589 00c2 0100     		.2byte	0x1
 1590 00c4 5A       		.byte	0x5a
 1591 00c5 00000000 		.4byte	0
 1592 00c9 00000000 		.4byte	0
 1593              	.LLST7:
ARM GAS  C:\Users\Rob\AppData\Local\Temp\ccKxZjrN.s 			page 29


 1594 00cd 2A000000 		.4byte	.LVL10
 1595 00d1 30000000 		.4byte	.LVL11
 1596 00d5 0200     		.2byte	0x2
 1597 00d7 30       		.byte	0x30
 1598 00d8 9F       		.byte	0x9f
 1599 00d9 30000000 		.4byte	.LVL11
 1600 00dd C2000000 		.4byte	.LFE42
 1601 00e1 0100     		.2byte	0x1
 1602 00e3 53       		.byte	0x53
 1603 00e4 00000000 		.4byte	0
 1604 00e8 00000000 		.4byte	0
 1605              	.LLST8:
 1606 00ec 30000000 		.4byte	.LVL11
 1607 00f0 4C000000 		.4byte	.LVL15
 1608 00f4 0100     		.2byte	0x1
 1609 00f6 58       		.byte	0x58
 1610 00f7 9A000000 		.4byte	.LVL24
 1611 00fb 9C000000 		.4byte	.LVL25
 1612 00ff 0100     		.2byte	0x1
 1613 0101 54       		.byte	0x54
 1614 0102 9C000000 		.4byte	.LVL25
 1615 0106 B4000000 		.4byte	.LVL28
 1616 010a 0100     		.2byte	0x1
 1617 010c 58       		.byte	0x58
 1618 010d 00000000 		.4byte	0
 1619 0111 00000000 		.4byte	0
 1620              	.LLST9:
 1621 0115 3A000000 		.4byte	.LVL13
 1622 0119 76000000 		.4byte	.LVL17
 1623 011d 0500     		.2byte	0x5
 1624 011f 31       		.byte	0x31
 1625 0120 73       		.byte	0x73
 1626 0121 00       		.sleb128 0
 1627 0122 24       		.byte	0x24
 1628 0123 9F       		.byte	0x9f
 1629 0124 00000000 		.4byte	0
 1630 0128 00000000 		.4byte	0
 1631              	.LLST10:
 1632 012c 46000000 		.4byte	.LVL14
 1633 0130 76000000 		.4byte	.LVL17
 1634 0134 0700     		.2byte	0x7
 1635 0136 33       		.byte	0x33
 1636 0137 73       		.byte	0x73
 1637 0138 00       		.sleb128 0
 1638 0139 31       		.byte	0x31
 1639 013a 24       		.byte	0x24
 1640 013b 24       		.byte	0x24
 1641 013c 9F       		.byte	0x9f
 1642 013d 00000000 		.4byte	0
 1643 0141 00000000 		.4byte	0
 1644              	.LLST11:
 1645 0145 30000000 		.4byte	.LVL11
 1646 0149 36000000 		.4byte	.LVL12
 1647 014d 0100     		.2byte	0x1
 1648 014f 54       		.byte	0x54
 1649 0150 36000000 		.4byte	.LVL12
 1650 0154 5C000000 		.4byte	.LVL16
ARM GAS  C:\Users\Rob\AppData\Local\Temp\ccKxZjrN.s 			page 30


 1651 0158 0100     		.2byte	0x1
 1652 015a 5C       		.byte	0x5c
 1653 015b A0000000 		.4byte	.LVL26
 1654 015f A8000000 		.4byte	.LVL27
 1655 0163 0100     		.2byte	0x1
 1656 0165 54       		.byte	0x54
 1657 0166 A8000000 		.4byte	.LVL27
 1658 016a B4000000 		.4byte	.LVL28
 1659 016e 0100     		.2byte	0x1
 1660 0170 5C       		.byte	0x5c
 1661 0171 00000000 		.4byte	0
 1662 0175 00000000 		.4byte	0
 1663              		.section	.debug_aranges,"",%progbits
 1664 0000 24000000 		.4byte	0x24
 1665 0004 0200     		.2byte	0x2
 1666 0006 00000000 		.4byte	.Ldebug_info0
 1667 000a 04       		.byte	0x4
 1668 000b 00       		.byte	0
 1669 000c 0000     		.2byte	0
 1670 000e 0000     		.2byte	0
 1671 0010 00000000 		.4byte	.LFB41
 1672 0014 C0000000 		.4byte	.LFE41-.LFB41
 1673 0018 00000000 		.4byte	.LFB42
 1674 001c C2000000 		.4byte	.LFE42-.LFB42
 1675 0020 00000000 		.4byte	0
 1676 0024 00000000 		.4byte	0
 1677              		.section	.debug_ranges,"",%progbits
 1678              	.Ldebug_ranges0:
 1679 0000 0C000000 		.4byte	.LBB12
 1680 0004 16000000 		.4byte	.LBE12
 1681 0008 16000000 		.4byte	.LBB15
 1682 000c 2C000000 		.4byte	.LBE15
 1683 0010 00000000 		.4byte	0
 1684 0014 00000000 		.4byte	0
 1685 0018 1A000000 		.4byte	.LBB24
 1686 001c 1C000000 		.4byte	.LBE24
 1687 0020 24000000 		.4byte	.LBB25
 1688 0024 26000000 		.4byte	.LBE25
 1689 0028 2A000000 		.4byte	.LBB26
 1690 002c 76000000 		.4byte	.LBE26
 1691 0030 8E000000 		.4byte	.LBB27
 1692 0034 B4000000 		.4byte	.LBE27
 1693 0038 00000000 		.4byte	0
 1694 003c 00000000 		.4byte	0
 1695 0040 00000000 		.4byte	.LFB41
 1696 0044 C0000000 		.4byte	.LFE41
 1697 0048 00000000 		.4byte	.LFB42
 1698 004c C2000000 		.4byte	.LFE42
 1699 0050 00000000 		.4byte	0
 1700 0054 00000000 		.4byte	0
 1701              		.section	.debug_line,"",%progbits
 1702              	.Ldebug_line0:
 1703 0000 56010000 		.section	.debug_str,"MS",%progbits,1
 1703      0200C000 
 1703      00000201 
 1703      FB0E0D00 
 1703      01010101 
ARM GAS  C:\Users\Rob\AppData\Local\Temp\ccKxZjrN.s 			page 31


 1704              	.LASF33:
 1705 0000 4750494F 		.ascii	"GPIO_TypeDef\000"
 1705      5F547970 
 1705      65446566 
 1705      00
 1706              	.LASF43:
 1707 000d 50434461 		.ascii	"PCData\000"
 1707      746100
 1708              	.LASF62:
 1709 0014 5F70616C 		.ascii	"_pal_lld_setgroupmode\000"
 1709      5F6C6C64 
 1709      5F736574 
 1709      67726F75 
 1709      706D6F64 
 1710              	.LASF15:
 1711 002a 41504231 		.ascii	"APB1RSTR\000"
 1711      52535452 
 1711      00
 1712              	.LASF61:
 1713 0033 5F70616C 		.ascii	"_pal_lld_init\000"
 1713      5F6C6C64 
 1713      5F696E69 
 1713      7400
 1714              	.LASF40:
 1715 0041 73746D33 		.ascii	"stm32_gpio_setup_t\000"
 1715      325F6770 
 1715      696F5F73 
 1715      65747570 
 1715      5F7400
 1716              	.LASF45:
 1717 0054 50464461 		.ascii	"PFData\000"
 1717      746100
 1718              	.LASF3:
 1719 005b 73686F72 		.ascii	"short int\000"
 1719      7420696E 
 1719      7400
 1720              	.LASF60:
 1721 0065 696E6974 		.ascii	"initgpio\000"
 1721      6770696F 
 1721      00
 1722              	.LASF50:
 1723 006e 6770696F 		.ascii	"gpiop\000"
 1723      7000
 1724              	.LASF19:
 1725 0074 42444352 		.ascii	"BDCR\000"
 1725      00
 1726              	.LASF54:
 1727 0079 6D6F6465 		.ascii	"mode\000"
 1727      00
 1728              	.LASF51:
 1729 007e 636F6E66 		.ascii	"config\000"
 1729      696700
 1730              	.LASF13:
 1731 0085 43464752 		.ascii	"CFGR\000"
 1731      00
 1732              	.LASF35:
 1733 008a 6F747970 		.ascii	"otyper\000"
ARM GAS  C:\Users\Rob\AppData\Local\Temp\ccKxZjrN.s 			page 32


 1733      657200
 1734              	.LASF18:
 1735 0091 41504231 		.ascii	"APB1ENR\000"
 1735      454E5200 
 1736              	.LASF26:
 1737 0099 4F545950 		.ascii	"OTYPER\000"
 1737      455200
 1738              	.LASF41:
 1739 00a0 50414461 		.ascii	"PAData\000"
 1739      746100
 1740              	.LASF9:
 1741 00a7 6C6F6E67 		.ascii	"long long int\000"
 1741      206C6F6E 
 1741      6720696E 
 1741      7400
 1742              	.LASF28:
 1743 00b5 50555044 		.ascii	"PUPDR\000"
 1743      5200
 1744              	.LASF36:
 1745 00bb 6F737065 		.ascii	"ospeedr\000"
 1745      65647200 
 1746              	.LASF5:
 1747 00c3 6C6F6E67 		.ascii	"long int\000"
 1747      20696E74 
 1747      00
 1748              	.LASF44:
 1749 00cc 50444461 		.ascii	"PDData\000"
 1749      746100
 1750              	.LASF23:
 1751 00d3 5243435F 		.ascii	"RCC_TypeDef\000"
 1751      54797065 
 1751      44656600 
 1752              	.LASF29:
 1753 00df 42535252 		.ascii	"BSRR\000"
 1753      00
 1754              	.LASF16:
 1755 00e4 41484245 		.ascii	"AHBENR\000"
 1755      4E5200
 1756              	.LASF25:
 1757 00eb 4D4F4445 		.ascii	"MODER\000"
 1757      5200
 1758              	.LASF14:
 1759 00f1 41504232 		.ascii	"APB2RSTR\000"
 1759      52535452 
 1759      00
 1760              	.LASF24:
 1761 00fa 636C6561 		.ascii	"clear\000"
 1761      7200
 1762              	.LASF49:
 1763 0100 696F706F 		.ascii	"ioportid_t\000"
 1763      72746964 
 1763      5F7400
 1764              	.LASF2:
 1765 010b 756E7369 		.ascii	"unsigned char\000"
 1765      676E6564 
 1765      20636861 
 1765      7200
ARM GAS  C:\Users\Rob\AppData\Local\Temp\ccKxZjrN.s 			page 33


 1766              	.LASF17:
 1767 0119 41504232 		.ascii	"APB2ENR\000"
 1767      454E5200 
 1768              	.LASF1:
 1769 0121 7369676E 		.ascii	"signed char\000"
 1769      65642063 
 1769      68617200 
 1770              	.LASF10:
 1771 012d 6C6F6E67 		.ascii	"long long unsigned int\000"
 1771      206C6F6E 
 1771      6720756E 
 1771      7369676E 
 1771      65642069 
 1772              	.LASF7:
 1773 0144 75696E74 		.ascii	"uint32_t\000"
 1773      33325F74 
 1773      00
 1774              	.LASF0:
 1775 014d 756E7369 		.ascii	"unsigned int\000"
 1775      676E6564 
 1775      20696E74 
 1775      00
 1776              	.LASF21:
 1777 015a 43464752 		.ascii	"CFGR2\000"
 1777      3200
 1778              	.LASF22:
 1779 0160 43464752 		.ascii	"CFGR3\000"
 1779      3300
 1780              	.LASF48:
 1781 0166 696F6D6F 		.ascii	"iomode_t\000"
 1781      64655F74 
 1781      00
 1782              	.LASF32:
 1783 016f 41465248 		.ascii	"AFRH\000"
 1783      00
 1784              	.LASF31:
 1785 0174 4146524C 		.ascii	"AFRL\000"
 1785      00
 1786              	.LASF4:
 1787 0179 73686F72 		.ascii	"short unsigned int\000"
 1787      7420756E 
 1787      7369676E 
 1787      65642069 
 1787      6E7400
 1788              	.LASF47:
 1789 018c 696F706F 		.ascii	"ioportmask_t\000"
 1789      72746D61 
 1789      736B5F74 
 1789      00
 1790              	.LASF12:
 1791 0199 63686172 		.ascii	"char\000"
 1791      00
 1792              	.LASF6:
 1793 019e 75696E74 		.ascii	"uint16_t\000"
 1793      31365F74 
 1793      00
 1794              	.LASF59:
ARM GAS  C:\Users\Rob\AppData\Local\Temp\ccKxZjrN.s 			page 34


 1795 01a7 433A5C55 		.ascii	"C:\\Users\\Rob\\Projects\\ECE411Practicum\\src\\vir"
 1795      73657273 
 1795      5C526F62 
 1795      5C50726F 
 1795      6A656374 
 1796 01d4 756C656E 		.ascii	"ulent\000"
 1796      7400
 1797              	.LASF46:
 1798 01da 50414C43 		.ascii	"PALConfig\000"
 1798      6F6E6669 
 1798      6700
 1799              	.LASF42:
 1800 01e4 50424461 		.ascii	"PBData\000"
 1800      746100
 1801              	.LASF57:
 1802 01eb 474E5520 		.ascii	"GNU C 4.6.2\000"
 1802      4320342E 
 1802      362E3200 
 1803              	.LASF11:
 1804 01f7 5F426F6F 		.ascii	"_Bool\000"
 1804      6C00
 1805              	.LASF52:
 1806 01fd 706F7274 		.ascii	"port\000"
 1806      00
 1807              	.LASF55:
 1808 0202 616C7472 		.ascii	"altr\000"
 1808      00
 1809              	.LASF27:
 1810 0207 4F535045 		.ascii	"OSPEEDR\000"
 1810      45445200 
 1811              	.LASF8:
 1812 020f 6C6F6E67 		.ascii	"long unsigned int\000"
 1812      20756E73 
 1812      69676E65 
 1812      6420696E 
 1812      7400
 1813              	.LASF53:
 1814 0221 6D61736B 		.ascii	"mask\000"
 1814      00
 1815              	.LASF37:
 1816 0226 70757064 		.ascii	"pupdr\000"
 1816      7200
 1817              	.LASF39:
 1818 022c 61667268 		.ascii	"afrh\000"
 1818      00
 1819              	.LASF20:
 1820 0231 41484252 		.ascii	"AHBRSTR\000"
 1820      53545200 
 1821              	.LASF38:
 1822 0239 6166726C 		.ascii	"afrl\000"
 1822      00
 1823              	.LASF34:
 1824 023e 6D6F6465 		.ascii	"moder\000"
 1824      7200
 1825              	.LASF56:
 1826 0244 616C7472 		.ascii	"altrmask\000"
 1826      6D61736B 
ARM GAS  C:\Users\Rob\AppData\Local\Temp\ccKxZjrN.s 			page 35


 1826      00
 1827              	.LASF30:
 1828 024d 4C434B52 		.ascii	"LCKR\000"
 1828      00
 1829              	.LASF58:
 1830 0252 2E2E2F2E 		.ascii	"../../os/hal/platforms/STM32/GPIOv2/pal_lld.c\000"
 1830      2E2F6F73 
 1830      2F68616C 
 1830      2F706C61 
 1830      74666F72 
 1831              		.ident	"GCC: (GNU) 4.6.2"
ARM GAS  C:\Users\Rob\AppData\Local\Temp\ccKxZjrN.s 			page 36


DEFINED SYMBOLS
                            *ABS*:00000000 pal_lld.c
C:\Users\Rob\AppData\Local\Temp\ccKxZjrN.s:17     .text._pal_lld_init:00000000 $t
C:\Users\Rob\AppData\Local\Temp\ccKxZjrN.s:23     .text._pal_lld_init:00000000 _pal_lld_init
C:\Users\Rob\AppData\Local\Temp\ccKxZjrN.s:187    .text._pal_lld_init:000000ac $d
C:\Users\Rob\AppData\Local\Temp\ccKxZjrN.s:196    .text._pal_lld_setgroupmode:00000000 $t
C:\Users\Rob\AppData\Local\Temp\ccKxZjrN.s:202    .text._pal_lld_setgroupmode:00000000 _pal_lld_setgroupmode
                     .debug_frame:00000010 $d

NO UNDEFINED SYMBOLS
