ARM GAS  C:\Users\Rob\AppData\Local\Temp\cctJJi0e.s 			page 1


   1              		.cpu cortex-m0
   2              		.fpu softvfp
   3              		.eabi_attribute 20, 1
   4              		.eabi_attribute 21, 1
   5              		.eabi_attribute 23, 3
   6              		.eabi_attribute 24, 1
   7              		.eabi_attribute 25, 1
   8              		.eabi_attribute 26, 1
   9              		.eabi_attribute 30, 2
  10              		.eabi_attribute 18, 4
  11              		.code	16
  12              		.file	"uart_lld.c"
  13              		.text
  14              	.Ltext0:
  15              		.cfi_sections	.debug_frame
  16              	.Letext0:
  17              		.section	.debug_info,"",%progbits
  18              	.Ldebug_info0:
  19 0000 76000000 		.4byte	0x76
  20 0004 0200     		.2byte	0x2
  21 0006 00000000 		.4byte	.Ldebug_abbrev0
  22 000a 04       		.byte	0x4
  23 000b 01       		.uleb128 0x1
  24 000c BD000000 		.4byte	.LASF11
  25 0010 01       		.byte	0x1
  26 0011 1F000000 		.4byte	.LASF12
  27 0015 73000000 		.4byte	.LASF13
  28 0019 00000000 		.4byte	.Ltext0
  29 001d 00000000 		.4byte	.Letext0
  30 0021 00000000 		.4byte	.Ldebug_line0
  31 0025 02       		.uleb128 0x2
  32 0026 04       		.byte	0x4
  33 0027 05       		.byte	0x5
  34 0028 696E7400 		.ascii	"int\000"
  35 002c 03       		.uleb128 0x3
  36 002d 04       		.byte	0x4
  37 002e 07       		.byte	0x7
  38 002f 00000000 		.4byte	.LASF0
  39 0033 03       		.uleb128 0x3
  40 0034 01       		.byte	0x1
  41 0035 06       		.byte	0x6
  42 0036 5D000000 		.4byte	.LASF1
  43 003a 03       		.uleb128 0x3
  44 003b 01       		.byte	0x1
  45 003c 08       		.byte	0x8
  46 003d 4F000000 		.4byte	.LASF2
  47 0041 03       		.uleb128 0x3
  48 0042 02       		.byte	0x2
  49 0043 05       		.byte	0x5
  50 0044 69000000 		.4byte	.LASF3
  51 0048 03       		.uleb128 0x3
  52 0049 02       		.byte	0x2
  53 004a 07       		.byte	0x7
  54 004b DD000000 		.4byte	.LASF4
  55 004f 03       		.uleb128 0x3
  56 0050 04       		.byte	0x4
  57 0051 05       		.byte	0x5
ARM GAS  C:\Users\Rob\AppData\Local\Temp\cctJJi0e.s 			page 2


  58 0052 CF000000 		.4byte	.LASF5
  59 0056 03       		.uleb128 0x3
  60 0057 04       		.byte	0x4
  61 0058 07       		.byte	0x7
  62 0059 0D000000 		.4byte	.LASF6
  63 005d 03       		.uleb128 0x3
  64 005e 08       		.byte	0x8
  65 005f 05       		.byte	0x5
  66 0060 F0000000 		.4byte	.LASF7
  67 0064 03       		.uleb128 0x3
  68 0065 08       		.byte	0x8
  69 0066 07       		.byte	0x7
  70 0067 A6000000 		.4byte	.LASF8
  71 006b 03       		.uleb128 0x3
  72 006c 01       		.byte	0x1
  73 006d 02       		.byte	0x2
  74 006e C9000000 		.4byte	.LASF9
  75 0072 03       		.uleb128 0x3
  76 0073 01       		.byte	0x1
  77 0074 08       		.byte	0x8
  78 0075 D8000000 		.4byte	.LASF10
  79 0079 00       		.byte	0
  80              		.section	.debug_abbrev,"",%progbits
  81              	.Ldebug_abbrev0:
  82 0000 01       		.uleb128 0x1
  83 0001 11       		.uleb128 0x11
  84 0002 01       		.byte	0x1
  85 0003 25       		.uleb128 0x25
  86 0004 0E       		.uleb128 0xe
  87 0005 13       		.uleb128 0x13
  88 0006 0B       		.uleb128 0xb
  89 0007 03       		.uleb128 0x3
  90 0008 0E       		.uleb128 0xe
  91 0009 1B       		.uleb128 0x1b
  92 000a 0E       		.uleb128 0xe
  93 000b 11       		.uleb128 0x11
  94 000c 01       		.uleb128 0x1
  95 000d 12       		.uleb128 0x12
  96 000e 01       		.uleb128 0x1
  97 000f 10       		.uleb128 0x10
  98 0010 06       		.uleb128 0x6
  99 0011 00       		.byte	0
 100 0012 00       		.byte	0
 101 0013 02       		.uleb128 0x2
 102 0014 24       		.uleb128 0x24
 103 0015 00       		.byte	0
 104 0016 0B       		.uleb128 0xb
 105 0017 0B       		.uleb128 0xb
 106 0018 3E       		.uleb128 0x3e
 107 0019 0B       		.uleb128 0xb
 108 001a 03       		.uleb128 0x3
 109 001b 08       		.uleb128 0x8
 110 001c 00       		.byte	0
 111 001d 00       		.byte	0
 112 001e 03       		.uleb128 0x3
 113 001f 24       		.uleb128 0x24
 114 0020 00       		.byte	0
ARM GAS  C:\Users\Rob\AppData\Local\Temp\cctJJi0e.s 			page 3


 115 0021 0B       		.uleb128 0xb
 116 0022 0B       		.uleb128 0xb
 117 0023 3E       		.uleb128 0x3e
 118 0024 0B       		.uleb128 0xb
 119 0025 03       		.uleb128 0x3
 120 0026 0E       		.uleb128 0xe
 121 0027 00       		.byte	0
 122 0028 00       		.byte	0
 123 0029 00       		.byte	0
 124              		.section	.debug_line,"",%progbits
 125              	.Ldebug_line0:
 126 0000 19000000 		.section	.debug_str,"MS",%progbits,1
 126      02001300 
 126      00000201 
 126      FB0E0D00 
 126      01010101 
 127              	.LASF0:
 128 0000 756E7369 		.ascii	"unsigned int\000"
 128      676E6564 
 128      20696E74 
 128      00
 129              	.LASF6:
 130 000d 6C6F6E67 		.ascii	"long unsigned int\000"
 130      20756E73 
 130      69676E65 
 130      6420696E 
 130      7400
 131              	.LASF12:
 132 001f 2E2E2F2E 		.ascii	"../../os/hal/platforms/STM32/USARTv2/uart_lld.c\000"
 132      2E2F6F73 
 132      2F68616C 
 132      2F706C61 
 132      74666F72 
 133              	.LASF2:
 134 004f 756E7369 		.ascii	"unsigned char\000"
 134      676E6564 
 134      20636861 
 134      7200
 135              	.LASF1:
 136 005d 7369676E 		.ascii	"signed char\000"
 136      65642063 
 136      68617200 
 137              	.LASF3:
 138 0069 73686F72 		.ascii	"short int\000"
 138      7420696E 
 138      7400
 139              	.LASF13:
 140 0073 433A5C55 		.ascii	"C:\\Users\\Rob\\Projects\\ECE411Practicum\\src\\vir"
 140      73657273 
 140      5C526F62 
 140      5C50726F 
 140      6A656374 
 141 00a0 756C656E 		.ascii	"ulent\000"
 141      7400
 142              	.LASF8:
 143 00a6 6C6F6E67 		.ascii	"long long unsigned int\000"
 143      206C6F6E 
ARM GAS  C:\Users\Rob\AppData\Local\Temp\cctJJi0e.s 			page 4


 143      6720756E 
 143      7369676E 
 143      65642069 
 144              	.LASF11:
 145 00bd 474E5520 		.ascii	"GNU C 4.6.2\000"
 145      4320342E 
 145      362E3200 
 146              	.LASF9:
 147 00c9 5F426F6F 		.ascii	"_Bool\000"
 147      6C00
 148              	.LASF5:
 149 00cf 6C6F6E67 		.ascii	"long int\000"
 149      20696E74 
 149      00
 150              	.LASF10:
 151 00d8 63686172 		.ascii	"char\000"
 151      00
 152              	.LASF4:
 153 00dd 73686F72 		.ascii	"short unsigned int\000"
 153      7420756E 
 153      7369676E 
 153      65642069 
 153      6E7400
 154              	.LASF7:
 155 00f0 6C6F6E67 		.ascii	"long long int\000"
 155      206C6F6E 
 155      6720696E 
 155      7400
 156              		.ident	"GCC: (GNU) 4.6.2"
ARM GAS  C:\Users\Rob\AppData\Local\Temp\cctJJi0e.s 			page 5


DEFINED SYMBOLS
                            *ABS*:00000000 uart_lld.c

NO UNDEFINED SYMBOLS
